
----------------------application startup--------------------------
2026-03-22 08:37:35 --INFO -- 打开[相机1(DA0014462)]成功. 
2026-03-22 08:37:35 --INFO -- 打开[测距仪]成功:.
2026-03-22 08:37:35 --INFO -- 打开[机器人]成功:.
2026-03-22 09:18:12 --INFO -- 初始化PLC事件触发:触发类型[变化],消息[D500变为1].
2026-03-22 09:18:17 --INFO -- 复位事件触发:触发类型[变化],消息[D500变为0].
2026-03-22 09:23:33 --INFO -- 初始化PLC事件触发:触发类型[变化],消息[D500变为1].
2026-03-22 09:23:38 --INFO -- 复位事件触发:触发类型[变化],消息[D500变为0].
2026-03-22 09:24:13 --INFO -- 方向识别拍照事件触发:触发类型[变化],消息[D500变为2].
2026-03-22 09:24:13 --INFO -- 查找模板计时:257.666
2026-03-22 09:24:14 --INFO -- 复位事件触发:触发类型[变化],消息[D500变为0].
2026-03-22 09:24:16 --INFO -- 方向识别拍照事件触发:触发类型[变化],消息[D500变为2].
2026-03-22 09:24:16 --INFO -- 查找模板计时:295.7631
2026-03-22 09:24:17 --INFO -- 复位事件触发:触发类型[变化],消息[D500变为0].
2026-03-22 09:24:20 --INFO -- Mark点拍照事件触发:触发类型[变化],消息[D500变为3].
2026-03-22 09:24:20 --INFO -- Read D530 is 1
2026-03-22 09:24:20 --INFO -- Reading D5000 is 407.27057
2026-03-22 09:24:20 --INFO -- Reading D5002 is -324.9924
2026-03-22 09:24:20 --INFO -- Reading D5004 is 72.61343
2026-03-22 09:24:20 --INFO -- Reading D5010 is -0.017130196
2026-03-22 09:24:20 --INFO -- Reading D5006 is 179.96002
2026-03-22 09:24:20 --INFO -- Reading D5008 is 0.15364607
2026-03-22 09:24:20 --INFO -- 查找模板计时:41.1174
2026-03-22 09:24:20 --INFO -- 转机械坐标:像素坐标[1985.712,1540.028],拍照机械坐标[407.27056884765625,-324.9924011230469],转换定位机械坐标[696.2168703240307,-336.76994196168266]
2026-03-22 09:24:21 --INFO -- 复位事件触发:触发类型[变化],消息[D500变为0].
2026-03-22 09:24:31 --INFO -- Mark点拍照事件触发:触发类型[变化],消息[D500变为3].
2026-03-22 09:24:31 --INFO -- Read D530 is 2
2026-03-22 09:24:31 --INFO -- Reading D5000 is 433.00873
2026-03-22 09:24:31 --INFO -- Reading D5002 is 615.50635
2026-03-22 09:24:31 --INFO -- Reading D5004 is 76.91799
2026-03-22 09:24:31 --INFO -- Reading D5010 is -0.03686609
2026-03-22 09:24:31 --INFO -- Reading D5006 is 179.94345
2026-03-22 09:24:31 --INFO -- Reading D5008 is 0.16114713
2026-03-22 09:24:31 --INFO -- 查找模板计时:38.8056
2026-03-22 09:24:31 --INFO -- 转机械坐标:像素坐标[2003.015,1523.92],拍照机械坐标[433.00872802734375,615.50634765625],转换定位机械坐标[723.4744957433436,602.1712485515657]
2026-03-22 09:24:32 --INFO -- 复位事件触发:触发类型[变化],消息[D500变为0].
2026-03-22 09:24:40 --INFO -- Mark点拍照事件触发:触发类型[变化],消息[D500变为3].
2026-03-22 09:24:40 --INFO -- Read D530 is 3
2026-03-22 09:24:40 --INFO -- Reading D5000 is -391.6252
2026-03-22 09:24:40 --INFO -- Reading D5002 is 635.46533
2026-03-22 09:24:40 --INFO -- Reading D5004 is 87.38269
2026-03-22 09:24:40 --INFO -- Reading D5010 is -0.044213858
2026-03-22 09:24:40 --INFO -- Reading D5006 is 179.9589
2026-03-22 09:24:40 --INFO -- Reading D5008 is 0.12541263
2026-03-22 09:24:40 --INFO -- 查找模板计时:35.6408
2026-03-22 09:24:40 --INFO -- 转机械坐标:像素坐标[1979.245,1487.962],拍照机械坐标[-391.6252136230469,635.46533203125],转换定位机械坐标[-97.90250322807373,624.3875042524712]
2026-03-22 09:24:41 --INFO -- 复位事件触发:触发类型[变化],消息[D500变为0].
2026-03-22 09:24:47 --INFO -- 写三轴坐标事件触发:触发类型[变化],消息[D500变为5].
2026-03-22 09:24:47 --INFO -- [Mark点间标定]首坐标表[1:724.5438893361182,1425.3150898276115;2:741.4271642968847,2359.989919344573;3:-83.12120497097732,2370.0241975302038],次坐标列表[1:696.2168703240307,-336.76994196168266;2:723.4744957433436,602.1712485515657;3:-97.90250322807373,624.3875042524712].
2026-03-22 09:24:47 --INFO -- [Mark点间标定]标定信息：[平移X:-41.554441311468096;平移Y:-1758.3078901047809;X当量:0.9963983663121648;Y当量:1.004892390471633;旋转角度:-0.8462051703336749;倾斜角度:0.20951691772693198;RMS:1.5760600300622823E-13]误差：1.1368683772161603E-13,列误差：1.1368683772161603E-13.
2026-03-22 09:24:48 --INFO -- 复位事件触发:触发类型[变化],消息[D500变为0].
2026-03-22 09:35:17 --INFO -- 初始化PLC事件触发:触发类型[变化],消息[D500变为1].
2026-03-22 09:35:22 --INFO -- 复位事件触发:触发类型[变化],消息[D500变为0].
2026-03-22 09:35:35 --INFO -- 方向识别拍照事件触发:触发类型[变化],消息[D500变为2].
2026-03-22 09:35:36 --INFO -- 查找模板计时:268.768
2026-03-22 09:35:36 --INFO -- 复位事件触发:触发类型[变化],消息[D500变为0].
2026-03-22 09:35:38 --INFO -- 方向识别拍照事件触发:触发类型[变化],消息[D500变为2].
2026-03-22 09:35:39 --INFO -- 查找模板计时:267.1224
2026-03-22 09:35:39 --INFO -- 复位事件触发:触发类型[变化],消息[D500变为0].
2026-03-22 09:35:42 --INFO -- Mark点拍照事件触发:触发类型[变化],消息[D500变为3].
2026-03-22 09:35:42 --INFO -- Read D530 is 1
2026-03-22 09:35:42 --INFO -- Reading D5000 is 407.2806
2026-03-22 09:35:42 --INFO -- Reading D5002 is -324.99945
2026-03-22 09:35:42 --INFO -- Reading D5004 is 72.25409
2026-03-22 09:35:42 --INFO -- Reading D5010 is -0.01707659
2026-03-22 09:35:42 --INFO -- Reading D5006 is 179.95955
2026-03-22 09:35:42 --INFO -- Reading D5008 is 0.15421127
2026-03-22 09:35:42 --INFO -- 查找模板计时:41.5565
2026-03-22 09:35:42 --INFO -- 转机械坐标:像素坐标[1965.01,1593.348],拍照机械坐标[407.2806091308594,-324.99945068359375],转换定位机械坐标[691.276354654663,-334.9823842550452]
2026-03-22 09:35:43 --INFO -- 复位事件触发:触发类型[变化],消息[D500变为0].
2026-03-22 09:36:08 --INFO -- Mark点拍照事件触发:触发类型[变化],消息[D500变为3].
2026-03-22 09:36:08 --INFO -- Read D530 is 2
2026-03-22 09:36:08 --INFO -- Reading D5000 is 432.9029
2026-03-22 09:36:08 --INFO -- Reading D5002 is 615.53644
2026-03-22 09:36:08 --INFO -- Reading D5004 is 76.57281
2026-03-22 09:36:08 --INFO -- Reading D5010 is -0.036765814
2026-03-22 09:36:08 --INFO -- Reading D5006 is 179.94518
2026-03-22 09:36:08 --INFO -- Reading D5008 is 0.15534183
2026-03-22 09:36:08 --INFO -- 查找模板计时:40.0309
2026-03-22 09:36:08 --INFO -- 转机械坐标:像素坐标[1981.269,1601.539],拍照机械坐标[432.90289306640625,615.5364379882812],转换定位机械坐标[716.1801862705868,604.0427060715888]
2026-03-22 09:36:09 --INFO -- 复位事件触发:触发类型[变化],消息[D500变为0].
2026-03-22 09:36:17 --INFO -- Mark点拍照事件触发:触发类型[变化],消息[D500变为3].
2026-03-22 09:36:17 --INFO -- Read D530 is 3
2026-03-22 09:36:17 --INFO -- Reading D5000 is -391.6123
2026-03-22 09:36:17 --INFO -- Reading D5002 is 635.4571
2026-03-22 09:36:17 --INFO -- Reading D5004 is 87.43279
2026-03-22 09:36:17 --INFO -- Reading D5010 is -0.043963347
2026-03-22 09:36:17 --INFO -- Reading D5006 is 179.95834
2026-03-22 09:36:17 --INFO -- Reading D5008 is 0.12627214
2026-03-22 09:36:17 --INFO -- 查找模板计时:43.0883
2026-03-22 09:36:17 --INFO -- 转机械坐标:像素坐标[1977.817,1569.975],拍照机械坐标[-391.6123046875,635.4570922851562],转换定位机械坐标[-105.4383930305126,624.344492823984]
2026-03-22 09:36:18 --INFO -- 复位事件触发:触发类型[变化],消息[D500变为0].
2026-03-22 09:36:25 --INFO -- 写三轴坐标事件触发:触发类型[变化],消息[D500变为5].
2026-03-22 09:36:25 --INFO -- [Mark点间标定]首坐标表[1:724.5438893361182,1425.3150898276115;2:741.4271642968847,2359.989919344573;3:-83.12120497097732,2370.0241975302038],次坐标列表[1:691.276354654663,-334.9823842550452;2:716.1801862705868,604.0427060715888;3:-105.4383930305126,624.344492823984].
2026-03-22 09:36:25 --INFO -- [Mark点间标定]标定信息：[平移X:-43.08886417971022;平移Y:-1758.271177365309;X当量:0.9966290344377159;Y当量:1.0049153326852645;旋转角度:-0.7124819090894842;倾斜角度:0.2196676785617195;RMS:4.0602611219923696E-13]误差：1.1368683772161603E-13,列误差：1.2789769243681803E-13.
2026-03-22 09:36:26 --INFO -- 复位事件触发:触发类型[变化],消息[D500变为0].
2026-03-22 09:43:36 --INFO -- 初始化PLC事件触发:触发类型[变化],消息[D500变为1].
2026-03-22 09:43:41 --INFO -- 复位事件触发:触发类型[变化],消息[D500变为0].
2026-03-22 09:43:54 --INFO -- 方向识别拍照事件触发:触发类型[变化],消息[D500变为2].
2026-03-22 09:43:55 --INFO -- 查找模板计时:265.4546
2026-03-22 09:43:55 --INFO -- 复位事件触发:触发类型[变化],消息[D500变为0].
2026-03-22 09:43:58 --INFO -- 方向识别拍照事件触发:触发类型[变化],消息[D500变为2].
2026-03-22 09:43:58 --INFO -- 查找模板计时:274.1245
2026-03-22 09:43:59 --INFO -- 复位事件触发:触发类型[变化],消息[D500变为0].
2026-03-22 09:44:01 --INFO -- Mark点拍照事件触发:触发类型[变化],消息[D500变为3].
2026-03-22 09:44:01 --INFO -- Read D530 is 1
2026-03-22 09:44:01 --INFO -- Reading D5000 is 407.27512
2026-03-22 09:44:01 --INFO -- Reading D5002 is -324.99637
2026-03-22 09:44:01 --INFO -- Reading D5004 is 72.250206
2026-03-22 09:44:01 --INFO -- Reading D5010 is -0.017093053
2026-03-22 09:44:01 --INFO -- Reading D5006 is 179.95969
2026-03-22 09:44:01 --INFO -- Reading D5008 is 0.15399492
2026-03-22 09:44:02 --INFO -- 查找模板计时:39.6247
2026-03-22 09:44:02 --INFO -- 转机械坐标:像素坐标[1965.565,1593.53],拍照机械坐标[407.2751159667969,-324.9963684082031],转换定位机械坐标[691.2553169101691,-335.03067543622]
2026-03-22 09:44:02 --INFO -- 复位事件触发:触发类型[变化],消息[D500变为0].
2026-03-22 09:44:12 --INFO -- Mark点拍照事件触发:触发类型[变化],消息[D500变为3].
2026-03-22 09:44:12 --INFO -- Read D530 is 2
2026-03-22 09:44:12 --INFO -- Reading D5000 is 433.01358
2026-03-22 09:44:12 --INFO -- Reading D5002 is 615.50476
2026-03-22 09:44:12 --INFO -- Reading D5004 is 76.54156
2026-03-22 09:44:12 --INFO -- Reading D5010 is -0.03687722
2026-03-22 09:44:12 --INFO -- Reading D5006 is 179.94322
2026-03-22 09:44:12 --INFO -- Reading D5008 is 0.1616917
2026-03-22 09:44:13 --INFO -- 查找模板计时:43.4357
2026-03-22 09:44:13 --INFO -- 转机械坐标:像素坐标[1980.938,1603.026],拍照机械坐标[433.0135803222656,615.5047607421875],转换定位机械坐标[716.1533442024278,604.0384381547419]
2026-03-22 09:44:13 --INFO -- 复位事件触发:触发类型[变化],消息[D500变为0].
2026-03-22 09:44:21 --INFO -- Mark点拍照事件触发:触发类型[变化],消息[D500变为3].
2026-03-22 09:44:21 --INFO -- Read D530 is 3
2026-03-22 09:44:21 --INFO -- Reading D5000 is -391.62488
2026-03-22 09:44:21 --INFO -- Reading D5002 is 635.46497
2026-03-22 09:44:21 --INFO -- Reading D5004 is 86.99923
2026-03-22 09:44:21 --INFO -- Reading D5010 is -0.04402913
2026-03-22 09:44:21 --INFO -- Reading D5006 is 179.95876
2026-03-22 09:44:21 --INFO -- Reading D5008 is 0.12561265
2026-03-22 09:44:22 --INFO -- 查找模板计时:40.1269
2026-03-22 09:44:22 --INFO -- 转机械坐标:像素坐标[1977.872,1569.457],拍照机械坐标[-391.6248779296875,635.4649658203125],转换定位机械坐标[-105.40318805356452,624.3483603113514]
2026-03-22 09:44:22 --INFO -- 复位事件触发:触发类型[变化],消息[D500变为0].
2026-03-22 09:44:29 --INFO -- 写三轴坐标事件触发:触发类型[变化],消息[D500变为5].
2026-03-22 09:44:29 --INFO -- [Mark点间标定]首坐标表[1:724.5438893361182,1425.3150898276115;2:741.4271642968847,2359.989919344573;3:-83.12120497097732,2370.0241975302038],次坐标列表[1:691.2553169101691,-335.03067543622;2:716.1533442024278,604.0384381547419;3:-105.40318805356452,624.3483603113514].
2026-03-22 09:44:29 --INFO -- [Mark点间标定]标定信息：[平移X:-43.04842511955852;平移Y:-1758.3801082848506;X当量:0.9965538470969124;Y当量:1.0049625571540686;旋转角度:-0.7130698997606902;倾斜角度:0.22055533155159504;RMS:4.835172401273606E-13]误差：1.1368683772161603E-13,列误差：1.4210854715202004E-13.
2026-03-22 09:47:32 --INFO -- 初始化PLC事件触发:触发类型[变化],消息[D500变为1].
2026-03-22 09:47:37 --INFO -- 复位事件触发:触发类型[变化],消息[D500变为0].
2026-03-22 09:47:51 --INFO -- 方向识别拍照事件触发:触发类型[变化],消息[D500变为2].
2026-03-22 09:47:51 --INFO -- 查找模板计时:256.2361
2026-03-22 09:47:52 --INFO -- 复位事件触发:触发类型[变化],消息[D500变为0].
2026-03-22 09:47:54 --INFO -- 方向识别拍照事件触发:触发类型[变化],消息[D500变为2].
2026-03-22 09:47:55 --INFO -- 查找模板计时:264.9135
2026-03-22 09:47:55 --INFO -- 复位事件触发:触发类型[变化],消息[D500变为0].
2026-03-22 09:47:58 --INFO -- Mark点拍照事件触发:触发类型[变化],消息[D500变为3].
2026-03-22 09:47:58 --INFO -- Read D530 is 1
2026-03-22 09:47:58 --INFO -- Reading D5000 is 407.27567
2026-03-22 09:47:58 --INFO -- Reading D5002 is -324.99396
2026-03-22 09:47:58 --INFO -- Reading D5004 is 72.22139
2026-03-22 09:47:58 --INFO -- Reading D5010 is -0.017037498
2026-03-22 09:47:58 --INFO -- Reading D5006 is 179.9597
2026-03-22 09:47:58 --INFO -- Reading D5008 is 0.15399073
2026-03-22 09:47:58 --INFO -- 查找模板计时:37.4808
2026-03-22 09:47:58 --INFO -- 转机械坐标:像素坐标[1966.304,1593.532],拍照机械坐标[407.2756652832031,-324.99395751953125],转换定位机械坐标[691.2572807970355,-335.0961834440286]
2026-03-22 09:47:59 --INFO -- 复位事件触发:触发类型[变化],消息[D500变为0].
2026-03-22 09:48:09 --INFO -- Mark点拍照事件触发:触发类型[变化],消息[D500变为3].
2026-03-22 09:48:09 --INFO -- Read D530 is 2
2026-03-22 09:48:09 --INFO -- Reading D5000 is 433.0114
2026-03-22 09:48:09 --INFO -- Reading D5002 is 615.5052
2026-03-22 09:48:09 --INFO -- Reading D5004 is 76.54492
2026-03-22 09:48:09 --INFO -- Reading D5010 is -0.036824137
2026-03-22 09:48:09 --INFO -- Reading D5006 is 179.94328
2026-03-22 09:48:09 --INFO -- Reading D5008 is 0.16169837
2026-03-22 09:48:09 --INFO -- 查找模板计时:40.673
2026-03-22 09:48:09 --INFO -- 转机械坐标:像素坐标[1980.989,1603.377],拍照机械坐标[433.01141357421875,615.5051879882812],转换定位机械坐标[716.1189935774069,604.0334679737748]
2026-03-22 09:48:10 --INFO -- 复位事件触发:触发类型[变化],消息[D500变为0].
2026-03-22 09:48:18 --INFO -- Mark点拍照事件触发:触发类型[变化],消息[D500变为3].
2026-03-22 09:48:18 --INFO -- Read D530 is 3
2026-03-22 09:48:18 --INFO -- Reading D5000 is -391.6216
2026-03-22 09:48:18 --INFO -- Reading D5002 is 635.46185
2026-03-22 09:48:18 --INFO -- Reading D5004 is 87.40005
2026-03-22 09:48:18 --INFO -- Reading D5010 is -0.044030454
2026-03-22 09:48:18 --INFO -- Reading D5006 is 179.95863
2026-03-22 09:48:18 --INFO -- Reading D5008 is 0.12586263
2026-03-22 09:48:18 --INFO -- 查找模板计时:36.8047
2026-03-22 09:48:18 --INFO -- 转机械坐标:像素坐标[1978.276,1569.874],拍照机械坐标[-391.6216125488281,635.4618530273438],转换定位机械坐标[-105.43741536392298,624.3072754402631]
2026-03-22 09:48:19 --INFO -- 复位事件触发:触发类型[变化],消息[D500变为0].
2026-03-22 09:48:31 --INFO -- 写三轴坐标事件触发:触发类型[变化],消息[D500变为5].
2026-03-22 09:48:31 --INFO -- [Mark点间标定]首坐标表[1:724.5438893361182,1425.3150898276115;2:741.4271642968847,2359.989919344573;3:-83.12120497097732,2370.0241975302038],次坐标列表[1:691.2572807970355,-335.0961834440286;2:716.1189935774069,604.0334679737748;3:-105.43741536392298,624.3072754402631].
2026-03-22 09:48:31 --INFO -- [Mark点间标定]标定信息：[平移X:-42.9906492760142;平移Y:-1758.5690831834202;X当量:0.9965526711364249;Y当量:1.0050261853311027;旋转角度:-0.710507590624398;倾斜角度:0.220238600002203;RMS:4.2156207695686947E-13]误差：2.2737367544323206E-13,列误差：1.1368683772161603E-13.
2026-03-22 09:48:32 --INFO -- 复位事件触发:触发类型[变化],消息[D500变为0].
2026-03-22 09:51:15 --INFO -- 初始化PLC事件触发:触发类型[变化],消息[D500变为1].
2026-03-22 09:51:20 --INFO -- 复位事件触发:触发类型[变化],消息[D500变为0].
2026-03-22 09:51:34 --INFO -- 方向识别拍照事件触发:触发类型[变化],消息[D500变为2].
2026-03-22 09:51:34 --INFO -- 查找模板计时:258.9273
2026-03-22 09:51:35 --INFO -- 复位事件触发:触发类型[变化],消息[D500变为0].
2026-03-22 09:51:37 --INFO -- 方向识别拍照事件触发:触发类型[变化],消息[D500变为2].
2026-03-22 09:51:37 --INFO -- 查找模板计时:279.0273
2026-03-22 09:51:38 --INFO -- 复位事件触发:触发类型[变化],消息[D500变为0].
2026-03-22 09:51:41 --INFO -- Mark点拍照事件触发:触发类型[变化],消息[D500变为3].
2026-03-22 09:51:41 --INFO -- Read D530 is 1
2026-03-22 09:51:41 --INFO -- Reading D5000 is 407.2764
2026-03-22 09:51:41 --INFO -- Reading D5002 is -324.99365
2026-03-22 09:51:41 --INFO -- Reading D5004 is 71.82621
2026-03-22 09:51:41 --INFO -- Reading D5010 is -0.017118324
2026-03-22 09:51:41 --INFO -- Reading D5006 is 179.95981
2026-03-22 09:51:41 --INFO -- Reading D5008 is 0.1538134
2026-03-22 09:51:41 --INFO -- 查找模板计时:36.8152
2026-03-22 09:51:41 --INFO -- 转机械坐标:像素坐标[1966.509,1594.061],拍照机械坐标[407.2763977050781,-324.99365234375],转换定位机械坐标[691.2097853551968,-335.11578874930274]
2026-03-22 09:51:42 --INFO -- 复位事件触发:触发类型[变化],消息[D500变为0].
2026-03-22 09:51:52 --INFO -- Mark点拍照事件触发:触发类型[变化],消息[D500变为3].
2026-03-22 09:51:52 --INFO -- Read D530 is 2
2026-03-22 09:51:52 --INFO -- Reading D5000 is 433.00464
2026-03-22 09:51:52 --INFO -- Reading D5002 is 615.5068
2026-03-22 09:51:52 --INFO -- Reading D5004 is 76.53641
2026-03-22 09:51:52 --INFO -- Reading D5010 is -0.03684471
2026-03-22 09:51:52 --INFO -- Reading D5006 is 179.94337
2026-03-22 09:51:52 --INFO -- Reading D5008 is 0.16110729
2026-03-22 09:51:52 --INFO -- 查找模板计时:42.42
2026-03-22 09:51:52 --INFO -- 转机械坐标:像素坐标[1981.396,1603.282],拍照机械坐标[433.004638671875,615.5067749023438],转换定位机械坐标[716.1218396805318,603.9978434696964]
2026-03-22 09:51:53 --INFO -- 复位事件触发:触发类型[变化],消息[D500变为0].
2026-03-22 09:52:01 --INFO -- Mark点拍照事件触发:触发类型[变化],消息[D500变为3].
2026-03-22 09:52:01 --INFO -- Read D530 is 3
2026-03-22 09:52:01 --INFO -- Reading D5000 is -391.6213
2026-03-22 09:52:01 --INFO -- Reading D5002 is 635.46277
2026-03-22 09:52:01 --INFO -- Reading D5004 is 88.18138
2026-03-22 09:52:01 --INFO -- Reading D5010 is -0.044056263
2026-03-22 09:52:01 --INFO -- Reading D5006 is 179.95863
2026-03-22 09:52:01 --INFO -- Reading D5008 is 0.12575407
2026-03-22 09:52:01 --INFO -- 查找模板计时:36.4742
2026-03-22 09:52:01 --INFO -- 转机械坐标:像素坐标[1977.825,1570.06],拍照机械坐标[-391.6213073730469,635.4627685546875],转换定位机械坐标[-105.45519894313674,624.3492618329622]
2026-03-22 09:52:02 --INFO -- 复位事件触发:触发类型[变化],消息[D500变为0].
2026-03-22 09:52:16 --INFO -- 写三轴坐标事件触发:触发类型[变化],消息[D500变为5].
2026-03-22 09:52:16 --INFO -- [Mark点间标定]首坐标表[1:724.5438893361182,1425.3150898276115;2:741.4271642968847,2359.989919344573;3:-83.12120497097732,2370.0241975302038],次坐标列表[1:691.2097853551968,-335.11578874930274;2:716.1218396805318,603.9978434696964;3:-105.45519894313674,624.3492618329622].
2026-03-22 09:52:16 --INFO -- [Mark点间标定]标定信息：[平移X:-43.13284969428055;平移Y:-1758.498354442265;X当量:0.9965795122879056;Y当量:1.0050112090278875;旋转角度:-0.7159111674402918;倾斜角度:0.22259063157273762;RMS:3.078654119173416E-13]误差：2.2737367544323206E-13,列误差：1.1368683772161603E-13.
2026-03-22 09:52:17 --INFO -- 复位事件触发:触发类型[变化],消息[D500变为0].
2026-03-22 10:06:43 --INFO -- 初始化PLC事件触发:触发类型[变化],消息[D500变为1].
2026-03-22 10:06:48 --INFO -- 复位事件触发:触发类型[变化],消息[D500变为0].
2026-03-22 10:07:03 --INFO -- 方向识别拍照事件触发:触发类型[变化],消息[D500变为2].
2026-03-22 10:07:04 --INFO -- 查找模板计时:256.1821
2026-03-22 10:07:04 --INFO -- 复位事件触发:触发类型[变化],消息[D500变为0].
2026-03-22 10:07:07 --INFO -- 方向识别拍照事件触发:触发类型[变化],消息[D500变为2].
2026-03-22 10:07:07 --INFO -- 查找模板计时:284.6951
2026-03-22 10:07:08 --INFO -- 复位事件触发:触发类型[变化],消息[D500变为0].
2026-03-22 10:07:10 --INFO -- Mark点拍照事件触发:触发类型[变化],消息[D500变为3].
2026-03-22 10:07:10 --INFO -- Read D530 is 1
2026-03-22 10:07:10 --INFO -- Reading D5000 is 407.2734
2026-03-22 10:07:10 --INFO -- Reading D5002 is -324.9909
2026-03-22 10:07:10 --INFO -- Reading D5004 is 71.82404
2026-03-22 10:07:10 --INFO -- Reading D5010 is -0.017021826
2026-03-22 10:07:10 --INFO -- Reading D5006 is 179.96
2026-03-22 10:07:10 --INFO -- Reading D5008 is 0.15372837
2026-03-22 10:07:10 --INFO -- 查找模板计时:39.4769
2026-03-22 10:07:10 --INFO -- 转机械坐标:像素坐标[1965.73,1594.078],拍照机械坐标[407.2734069824219,-324.99090576171875],转换定位机械坐标[691.2035454162447,-335.0414856890775]
2026-03-22 10:07:11 --INFO -- 复位事件触发:触发类型[变化],消息[D500变为0].
2026-03-22 10:07:21 --INFO -- Mark点拍照事件触发:触发类型[变化],消息[D500变为3].
2026-03-22 10:07:21 --INFO -- Read D530 is 2
2026-03-22 10:07:21 --INFO -- Reading D5000 is 433.01688
2026-03-22 10:07:21 --INFO -- Reading D5002 is 615.5037
2026-03-22 10:07:21 --INFO -- Reading D5004 is 77.3204
2026-03-22 10:07:21 --INFO -- Reading D5010 is -0.036854293
2026-03-22 10:07:21 --INFO -- Reading D5006 is 179.94324
2026-03-22 10:07:21 --INFO -- Reading D5008 is 0.16182207
2026-03-22 10:07:21 --INFO -- 查找模板计时:42.194
2026-03-22 10:07:21 --INFO -- 转机械坐标:像素坐标[1981.545,1603.536],拍照机械坐标[433.0168762207031,615.5037231445312],转换定位机械坐标[716.1110299507027,603.9805843278168]
2026-03-22 10:07:22 --INFO -- 复位事件触发:触发类型[变化],消息[D500变为0].
2026-03-22 10:07:53 --INFO -- Mark点拍照事件触发:触发类型[变化],消息[D500变为3].
2026-03-22 10:07:53 --INFO -- Read D530 is 0
2026-03-22 10:07:53 --INFO -- Reading D5000 is -391.62277
2026-03-22 10:07:53 --INFO -- Reading D5002 is 635.4693
2026-03-22 10:07:53 --INFO -- Reading D5004 is 87.40049
2026-03-22 10:07:53 --INFO -- Reading D5010 is -0.04848758
2026-03-22 10:07:53 --INFO -- Reading D5006 is 179.9568
2026-03-22 10:07:53 --INFO -- Reading D5008 is 0.12493197
2026-03-22 10:07:53 --INFO -- 查找模板计时:39.6677
2026-03-22 10:07:53 --INFO -- 转机械坐标:像素坐标[1978.46,1568.948],拍照机械坐标[-391.6227722167969,635.4692993164062],转换定位机械坐标[-105.35297920804607,624.299686302711]
2026-03-22 10:07:58 --INFO -- 复位事件触发:触发类型[变化],消息[D500变为0].
2026-03-22 10:20:09 --INFO -- 初始化PLC事件触发:触发类型[变化],消息[D500变为1].
2026-03-22 10:20:14 --INFO -- 复位事件触发:触发类型[变化],消息[D500变为0].
2026-03-22 10:20:58 --INFO -- 方向识别拍照事件触发:触发类型[变化],消息[D500变为2].
2026-03-22 10:20:58 --INFO -- 查找模板计时:272.8146
2026-03-22 10:20:59 --INFO -- 复位事件触发:触发类型[变化],消息[D500变为0].
2026-03-22 10:21:01 --INFO -- 方向识别拍照事件触发:触发类型[变化],消息[D500变为2].
2026-03-22 10:21:02 --INFO -- 查找模板计时:288.7208
2026-03-22 10:21:02 --INFO -- 复位事件触发:触发类型[变化],消息[D500变为0].
2026-03-22 10:21:05 --INFO -- Mark点拍照事件触发:触发类型[变化],消息[D500变为3].
2026-03-22 10:21:05 --INFO -- Read D530 is 1
2026-03-22 10:21:05 --INFO -- Reading D5000 is 407.27866
2026-03-22 10:21:05 --INFO -- Reading D5002 is -324.99896
2026-03-22 10:21:05 --INFO -- Reading D5004 is 72.185684
2026-03-22 10:21:05 --INFO -- Reading D5010 is -0.01707652
2026-03-22 10:21:05 --INFO -- Reading D5006 is 179.9596
2026-03-22 10:21:05 --INFO -- Reading D5008 is 0.15406652
2026-03-22 10:21:05 --INFO -- 查找模板计时:30.1077
2026-03-22 10:21:05 --INFO -- 转机械坐标:像素坐标[1966.01,1594.604],拍照机械坐标[407.2786560058594,-324.99896240234375],转换定位机械坐标[691.161004832547,-335.07633931425016]
2026-03-22 10:21:06 --INFO -- 复位事件触发:触发类型[变化],消息[D500变为0].
2026-03-22 10:21:16 --INFO -- Mark点拍照事件触发:触发类型[变化],消息[D500变为3].
2026-03-22 10:21:16 --INFO -- Read D530 is 2
2026-03-22 10:21:16 --INFO -- Reading D5000 is 433.01917
2026-03-22 10:21:16 --INFO -- Reading D5002 is 615.5028
2026-03-22 10:21:16 --INFO -- Reading D5004 is 76.95035
2026-03-22 10:21:16 --INFO -- Reading D5010 is -0.03690656
2026-03-22 10:21:16 --INFO -- Reading D5006 is 179.94315
2026-03-22 10:21:16 --INFO -- Reading D5008 is 0.16204892
2026-03-22 10:21:16 --INFO -- 查找模板计时:39.9077
2026-03-22 10:21:16 --INFO -- 转机械坐标:像素坐标[1981.464,1603.598],拍照机械坐标[433.0191650390625,615.5028076171875],转换定位机械坐标[716.107439163884,603.986987285396]
2026-03-22 10:21:17 --INFO -- 复位事件触发:触发类型[变化],消息[D500变为0].
2026-03-22 10:21:25 --INFO -- Mark点拍照事件触发:触发类型[变化],消息[D500变为3].
2026-03-22 10:21:25 --INFO -- Read D530 is 3
2026-03-22 10:21:25 --INFO -- Reading D5000 is -391.6264
2026-03-22 10:21:25 --INFO -- Reading D5002 is 635.4658
2026-03-22 10:21:25 --INFO -- Reading D5004 is 87.76766
2026-03-22 10:21:25 --INFO -- Reading D5010 is -0.044057924
2026-03-22 10:21:25 --INFO -- Reading D5006 is 179.95898
2026-03-22 10:21:25 --INFO -- Reading D5008 is 0.12530154
2026-03-22 10:21:25 --INFO -- 查找模板计时:41.5796
2026-03-22 10:21:25 --INFO -- 转机械坐标:像素坐标[1977.983,1569.882],拍照机械坐标[-391.62640380859375,635.4658203125],转换定位机械坐标[-105.44357648275269,624.33815352889]
2026-03-22 10:21:26 --INFO -- 复位事件触发:触发类型[变化],消息[D500变为0].
2026-03-22 10:21:36 --INFO -- 写三轴坐标事件触发:触发类型[变化],消息[D500变为5].
2026-03-22 10:21:36 --INFO -- [Mark点间标定]首坐标表[1:724.5438893361182,1425.3150898276115;2:741.4271642968847,2359.989919344573;3:-83.12120497097732,2370.0241975302038],次坐标列表[1:691.161004832547,-335.07633931425016;2:716.107439163884,603.986987285396;3:-105.44357648275269,624.33815352889;0:-105.35297920804607,624.299686302711].
2026-03-22 10:21:36 --ERROR-- Mark点间标定[坐标系间标定] running failed:;Exception message:Line[45],Message[HALCON error #1403: Wrong number of values of control parameter 3 in operator vector_to_hom_mat2d],Location[   at HalconDotNet.HalconAPI.PostCall(IntPtr proc, Int32 procResult)
   at HalconDotNet.HHomMat2D.VectorToHomMat2d(HTuple px, HTuple py, HTuple qx, HTuple qy)
   at Plugin.CalibCoordsBetween.ToolCalibCoordsBetween.Run()]
2026-03-22 10:21:36 --WARN -- 坐标解析执行失败:全局.Mark点坐标或全局.标准Mark点坐标集合的数量不为3:[4]、[3]返回参数:写三轴坐标.PLC写入结果:2
2026-03-22 10:21:37 --INFO -- 复位事件触发:触发类型[变化],消息[D500变为0].
2026-03-22 10:22:06 --INFO -- 图像采集Stop continuous operation
2026-03-22 10:22:57 --INFO -- 初始化PLC事件触发:触发类型[变化],消息[D500变为1].
2026-03-22 10:23:02 --INFO -- 复位事件触发:触发类型[变化],消息[D500变为0].
2026-03-22 10:23:15 --INFO -- 方向识别拍照事件触发:触发类型[变化],消息[D500变为2].
2026-03-22 10:23:16 --INFO -- 查找模板计时:268.8524
2026-03-22 10:23:16 --INFO -- 复位事件触发:触发类型[变化],消息[D500变为0].
2026-03-22 10:23:19 --INFO -- 方向识别拍照事件触发:触发类型[变化],消息[D500变为2].
2026-03-22 10:23:19 --INFO -- 查找模板计时:291.3403
2026-03-22 10:23:20 --INFO -- 复位事件触发:触发类型[变化],消息[D500变为0].
2026-03-22 10:23:22 --INFO -- Mark点拍照事件触发:触发类型[变化],消息[D500变为3].
2026-03-22 10:23:22 --INFO -- Read D530 is 1
2026-03-22 10:23:22 --INFO -- Reading D5000 is 407.279
2026-03-22 10:23:22 --INFO -- Reading D5002 is -324.99664
2026-03-22 10:23:22 --INFO -- Reading D5004 is 71.426094
2026-03-22 10:23:22 --INFO -- Reading D5010 is -0.017077764
2026-03-22 10:23:22 --INFO -- Reading D5006 is 179.95921
2026-03-22 10:23:22 --INFO -- Reading D5008 is 0.15449151
2026-03-22 10:23:23 --INFO -- 查找模板计时:36.5763
2026-03-22 10:23:23 --INFO -- 转机械坐标:像素坐标[1965.674,1594.591],拍照机械坐标[407.27899169921875,-324.99664306640625],转换定位机械坐标[691.1618097820556,-335.0431149242311]
2026-03-22 10:23:23 --INFO -- 复位事件触发:触发类型[变化],消息[D500变为0].
2026-03-22 10:23:33 --INFO -- Mark点拍照事件触发:触发类型[变化],消息[D500变为3].
2026-03-22 10:23:33 --INFO -- Read D530 is 2
2026-03-22 10:23:33 --INFO -- Reading D5000 is 433.00305
2026-03-22 10:23:33 --INFO -- Reading D5002 is 615.5073
2026-03-22 10:23:33 --INFO -- Reading D5004 is 76.13444
2026-03-22 10:23:33 --INFO -- Reading D5010 is -0.03688838
2026-03-22 10:23:33 --INFO -- Reading D5006 is 179.94353
2026-03-22 10:23:33 --INFO -- Reading D5008 is 0.16080868
2026-03-22 10:23:34 --INFO -- 查找模板计时:30.4223
2026-03-22 10:23:34 --INFO -- 转机械坐标:像素坐标[1981.808,1603.366],拍照机械坐标[433.0030517578125,615.50732421875],转换定位机械坐标[716.1134154665318,603.9603595406734]
2026-03-22 10:23:34 --INFO -- 复位事件触发:触发类型[变化],消息[D500变为0].
2026-03-22 10:23:42 --INFO -- Mark点拍照事件触发:触发类型[变化],消息[D500变为3].
2026-03-22 10:23:42 --INFO -- Read D530 is 3
2026-03-22 10:23:42 --INFO -- Reading D5000 is -391.61865
2026-03-22 10:23:42 --INFO -- Reading D5002 is 635.46155
2026-03-22 10:23:42 --INFO -- Reading D5004 is 88.19883
2026-03-22 10:23:42 --INFO -- Reading D5010 is -0.044123117
2026-03-22 10:23:42 --INFO -- Reading D5006 is 179.95859
2026-03-22 10:23:42 --INFO -- Reading D5008 is 0.1259866
2026-03-22 10:23:43 --INFO -- 查找模板计时:29.6819
2026-03-22 10:23:43 --INFO -- 转机械坐标:像素坐标[1977.92,1569.974],拍照机械坐标[-391.61865234375,635.4615478515625],转换定位机械坐标[-105.44442587393866,624.3394846102562]
2026-03-22 10:23:43 --INFO -- 复位事件触发:触发类型[变化],消息[D500变为0].
2026-03-22 10:23:50 --INFO -- 写三轴坐标事件触发:触发类型[变化],消息[D500变为5].
2026-03-22 10:23:50 --INFO -- [Mark点间标定]首坐标表[1:724.5438893361182,1425.3150898276115;2:741.4271642968847,2359.989919344573;3:-83.12120497097732,2370.0241975302038],次坐标列表[1:691.1618097820556,-335.0431149242311;2:716.1134154665318,603.9603595406734;3:-105.44442587393866,624.3394846102562].
2026-03-22 10:23:50 --INFO -- [Mark点间标定]标定信息：[平移X:-43.22523218648205;平移Y:-1758.2332195096656;X当量:0.9965571901453094;Y当量:1.0048943581680674;旋转角度:-0.717941299567866;倾斜角度:0.22212716566178087;RMS:4.086701848265308E-13]误差：2.2737367544323206E-13,列误差：1.1368683772161603E-13.
2026-03-22 10:23:51 --INFO -- 复位事件触发:触发类型[变化],消息[D500变为0].
2026-03-22 10:33:53 --INFO -- 初始化PLC事件触发:触发类型[变化],消息[D500变为1].
2026-03-22 10:33:59 --INFO -- 复位事件触发:触发类型[变化],消息[D500变为0].
2026-03-22 10:34:22 --INFO -- 方向识别拍照事件触发:触发类型[变化],消息[D500变为2].
2026-03-22 10:34:23 --INFO -- 查找模板计时:219.5649
2026-03-22 10:34:23 --INFO -- 复位事件触发:触发类型[变化],消息[D500变为0].
2026-03-22 10:34:26 --INFO -- 方向识别拍照事件触发:触发类型[变化],消息[D500变为2].
2026-03-22 10:34:26 --INFO -- 查找模板计时:295.0243
2026-03-22 10:34:27 --INFO -- 复位事件触发:触发类型[变化],消息[D500变为0].
2026-03-22 10:34:29 --INFO -- Mark点拍照事件触发:触发类型[变化],消息[D500变为3].
2026-03-22 10:34:29 --INFO -- Read D530 is 1
2026-03-22 10:34:29 --INFO -- Reading D5000 is 407.26227
2026-03-22 10:34:29 --INFO -- Reading D5002 is -324.98355
2026-03-22 10:34:29 --INFO -- Reading D5004 is 71.817116
2026-03-22 10:34:29 --INFO -- Reading D5010 is -0.017043767
2026-03-22 10:34:29 --INFO -- Reading D5006 is 179.96059
2026-03-22 10:34:29 --INFO -- Reading D5008 is 0.15305644
2026-03-22 10:34:30 --INFO -- 查找模板计时:31.6613
2026-03-22 10:34:30 --INFO -- 转机械坐标:像素坐标[1965.795,1595.023],拍照机械坐标[407.26226806640625,-324.9835510253906],转换定位机械坐标[691.1056011868179,-335.04201733701416]
2026-03-22 10:34:30 --INFO -- 复位事件触发:触发类型[变化],消息[D500变为0].
2026-03-22 10:34:40 --INFO -- Mark点拍照事件触发:触发类型[变化],消息[D500变为3].
2026-03-22 10:34:40 --INFO -- Read D530 is 2
2026-03-22 10:34:40 --INFO -- Reading D5000 is 433.01035
2026-03-22 10:34:40 --INFO -- Reading D5002 is 615.5045
2026-03-22 10:34:40 --INFO -- Reading D5004 is 76.93517
2026-03-22 10:34:40 --INFO -- Reading D5010 is -0.036895897
2026-03-22 10:34:40 --INFO -- Reading D5006 is 179.94328
2026-03-22 10:34:40 --INFO -- Reading D5008 is 0.16163889
2026-03-22 10:34:41 --INFO -- 查找模板计时:29.1354
2026-03-22 10:34:41 --INFO -- 转机械坐标:像素坐标[1981.676,1604.013],拍照机械坐标[433.0103454589844,615.5045166015625],转换定位机械坐标[716.060895576383,603.9683732343317]
2026-03-22 10:34:41 --INFO -- 复位事件触发:触发类型[变化],消息[D500变为0].
2026-03-22 10:34:49 --INFO -- Mark点拍照事件触发:触发类型[变化],消息[D500变为3].
2026-03-22 10:34:49 --INFO -- Read D530 is 3
2026-03-22 10:34:49 --INFO -- Reading D5000 is -391.62183
2026-03-22 10:34:49 --INFO -- Reading D5002 is 635.4624
2026-03-22 10:34:49 --INFO -- Reading D5004 is 87.78694
2026-03-22 10:34:49 --INFO -- Reading D5010 is -0.043985967
2026-03-22 10:34:49 --INFO -- Reading D5006 is 179.95863
2026-03-22 10:34:49 --INFO -- Reading D5008 is 0.12580456
2026-03-22 10:34:50 --INFO -- 查找模板计时:28.8919
2026-03-22 10:34:50 --INFO -- 转机械坐标:像素坐标[1977.987,1570.205],拍照机械坐标[-391.621826171875,635.46240234375],转换定位机械坐标[-105.46870821662839,624.3337141567656]
2026-03-22 10:34:50 --INFO -- 复位事件触发:触发类型[变化],消息[D500变为0].
2026-03-22 10:37:44 --INFO -- 初始化PLC事件触发:触发类型[变化],消息[D500变为1].
2026-03-22 10:37:49 --INFO -- 复位事件触发:触发类型[变化],消息[D500变为0].
2026-03-22 10:38:03 --INFO -- 方向识别拍照事件触发:触发类型[变化],消息[D500变为2].
2026-03-22 10:38:03 --INFO -- 查找模板计时:206.6806
2026-03-22 10:38:04 --INFO -- 复位事件触发:触发类型[变化],消息[D500变为0].
2026-03-22 10:38:06 --INFO -- 方向识别拍照事件触发:触发类型[变化],消息[D500变为2].
2026-03-22 10:38:06 --INFO -- 查找模板计时:293.3057
2026-03-22 10:38:07 --INFO -- 复位事件触发:触发类型[变化],消息[D500变为0].
2026-03-22 10:38:09 --INFO -- Mark点拍照事件触发:触发类型[变化],消息[D500变为3].
2026-03-22 10:38:09 --INFO -- Read D530 is 1
2026-03-22 10:38:10 --INFO -- Reading D5000 is 407.2697
2026-03-22 10:38:10 --INFO -- Reading D5002 is -324.98993
2026-03-22 10:38:10 --INFO -- Reading D5004 is 71.82268
2026-03-22 10:38:10 --INFO -- Reading D5010 is -0.017041106
2026-03-22 10:38:10 --INFO -- Reading D5006 is 179.96016
2026-03-22 10:38:10 --INFO -- Reading D5008 is 0.15350357
2026-03-22 10:38:10 --INFO -- 查找模板计时:45.1904
2026-03-22 10:38:10 --INFO -- 转机械坐标:像素坐标[1965.936,1594.188],拍照机械坐标[407.26971435546875,-324.98992919921875],转换定位机械坐标[691.19017771337,-335.05966339125507]
2026-03-22 10:38:10 --INFO -- 复位事件触发:触发类型[变化],消息[D500变为0].
2026-03-22 10:38:20 --INFO -- Mark点拍照事件触发:触发类型[变化],消息[D500变为3].
2026-03-22 10:38:20 --INFO -- Read D530 is 2
2026-03-22 10:38:20 --INFO -- Reading D5000 is 433.01852
2026-03-22 10:38:20 --INFO -- Reading D5002 is 615.5034
2026-03-22 10:38:20 --INFO -- Reading D5004 is 76.947266
2026-03-22 10:38:20 --INFO -- Reading D5010 is -0.036862705
2026-03-22 10:38:20 --INFO -- Reading D5006 is 179.94325
2026-03-22 10:38:21 --INFO -- Reading D5008 is 0.16172193
2026-03-22 10:38:21 --INFO -- 查找模板计时:41.4204
2026-03-22 10:38:21 --INFO -- 转机械坐标:像素坐标[1981.357,1603.965],拍照机械坐标[433.0185241699219,615.50341796875],转换定位机械坐标[716.0728005366086,603.9966881835178]
2026-03-22 10:38:21 --INFO -- 复位事件触发:触发类型[变化],消息[D500变为0].
2026-03-22 10:38:33 --INFO -- Mark点拍照事件触发:触发类型[变化],消息[D500变为3].
2026-03-22 10:38:33 --INFO -- Read D530 is 3
2026-03-22 10:38:33 --INFO -- Reading D5000 is -391.60614
2026-03-22 10:38:33 --INFO -- Reading D5002 is 635.45325
2026-03-22 10:38:33 --INFO -- Reading D5004 is 87.81828
2026-03-22 10:38:33 --INFO -- Reading D5010 is -0.044074047
2026-03-22 10:38:33 --INFO -- Reading D5006 is 179.958
2026-03-22 10:38:33 --INFO -- Reading D5008 is 0.12707135
2026-03-22 10:38:33 --INFO -- 查找模板计时:29.2632
2026-03-22 10:38:33 --INFO -- 转机械坐标:像素坐标[1977.936,1570.082],拍照机械坐标[-391.60614013671875,635.4532470703125],转换定位机械坐标[-105.44181573269321,624.3294948049836]
2026-03-22 10:38:36 --INFO -- 复位事件触发:触发类型[变化],消息[D500变为0].
2026-03-22 10:44:41 --INFO -- 初始化PLC事件触发:触发类型[变化],消息[D500变为1].
2026-03-22 10:45:27 --INFO -- 复位事件触发:触发类型[变化],消息[D500变为0].
2026-03-22 10:45:41 --INFO -- 方向识别拍照事件触发:触发类型[变化],消息[D500变为2].
2026-03-22 10:45:41 --INFO -- 查找模板计时:256.987
2026-03-22 10:45:42 --INFO -- 复位事件触发:触发类型[变化],消息[D500变为0].
2026-03-22 10:45:44 --INFO -- 方向识别拍照事件触发:触发类型[变化],消息[D500变为2].
2026-03-22 10:45:45 --INFO -- 查找模板计时:301.2832
2026-03-22 10:45:45 --INFO -- 复位事件触发:触发类型[变化],消息[D500变为0].
2026-03-22 10:45:48 --INFO -- Mark点拍照事件触发:触发类型[变化],消息[D500变为3].
2026-03-22 10:45:48 --INFO -- Read D530 is 1
2026-03-22 10:45:48 --INFO -- Reading D5000 is 407.27734
2026-03-22 10:45:48 --INFO -- Reading D5002 is -324.99643
2026-03-22 10:45:48 --INFO -- Reading D5004 is 71.44244
2026-03-22 10:45:48 --INFO -- Reading D5010 is -0.017045468
2026-03-22 10:45:48 --INFO -- Reading D5006 is 179.95972
2026-03-22 10:45:48 --INFO -- Reading D5008 is 0.15398197
2026-03-22 10:45:48 --INFO -- 查找模板计时:39.7126
2026-03-22 10:45:48 --INFO -- 转机械坐标:像素坐标[1965.948,1594.371],拍照机械坐标[407.27734375,-324.9964294433594],转换定位机械坐标[691.1809959196326,-335.06763686635736]
2026-03-22 10:45:49 --INFO -- 复位事件触发:触发类型[变化],消息[D500变为0].
2026-03-22 10:45:59 --INFO -- Mark点拍照事件触发:触发类型[变化],消息[D500变为3].
2026-03-22 10:45:59 --INFO -- Read D530 is 2
2026-03-22 10:45:59 --INFO -- Reading D5000 is 433.02185
2026-03-22 10:45:59 --INFO -- Reading D5002 is 615.50226
2026-03-22 10:45:59 --INFO -- Reading D5004 is 76.560524
2026-03-22 10:45:59 --INFO -- Reading D5010 is -0.036863565
2026-03-22 10:45:59 --INFO -- Reading D5006 is 179.94312
2026-03-22 10:45:59 --INFO -- Reading D5008 is 0.1621449
2026-03-22 10:45:59 --INFO -- 查找模板计时:32.4185
2026-03-22 10:45:59 --INFO -- 转机械坐标:像素坐标[1981.483,1603.9],拍照机械坐标[433.0218505859375,615.5022583007812],转换定位机械坐标[716.082379919266,603.9840805575061]
2026-03-22 10:46:00 --INFO -- 复位事件触发:触发类型[变化],消息[D500变为0].
2026-03-22 10:46:08 --INFO -- Mark点拍照事件触发:触发类型[变化],消息[D500变为3].
2026-03-22 10:46:08 --INFO -- Read D530 is 3
2026-03-22 10:46:08 --INFO -- Reading D5000 is -391.6252
2026-03-22 10:46:08 --INFO -- Reading D5002 is 635.46454
2026-03-22 10:46:08 --INFO -- Reading D5004 is 87.37961
2026-03-22 10:46:08 --INFO -- Reading D5010 is -0.044032924
2026-03-22 10:46:08 --INFO -- Reading D5006 is 179.95874
2026-03-22 10:46:08 --INFO -- Reading D5008 is 0.12566863
2026-03-22 10:46:08 --INFO -- 查找模板计时:28.552
2026-03-22 10:46:08 --INFO -- 转机械坐标:像素坐标[1978.506,1569.267],拍照机械坐标[-391.6252136230469,635.4645385742188],转换定位机械坐标[-105.38467110667403,624.2900524112133]
2026-03-22 10:46:11 --INFO -- 复位事件触发:触发类型[变化],消息[D500变为0].
2026-03-22 10:46:36 --INFO -- 初始化PLC事件触发:触发类型[变化],消息[D500变为1].
2026-03-22 10:46:41 --INFO -- 复位事件触发:触发类型[变化],消息[D500变为0].
2026-03-22 10:46:49 --INFO -- 方向识别拍照事件触发:触发类型[变化],消息[D500变为2].
2026-03-22 10:46:49 --INFO -- 查找模板计时:256.7212
2026-03-22 10:46:50 --INFO -- 复位事件触发:触发类型[变化],消息[D500变为0].
2026-03-22 10:46:52 --INFO -- 方向识别拍照事件触发:触发类型[变化],消息[D500变为2].
2026-03-22 10:46:52 --INFO -- 查找模板计时:307.2965
2026-03-22 10:46:53 --INFO -- 复位事件触发:触发类型[变化],消息[D500变为0].
2026-03-22 10:46:55 --INFO -- Mark点拍照事件触发:触发类型[变化],消息[D500变为3].
2026-03-22 10:46:55 --INFO -- Read D530 is 1
2026-03-22 10:46:55 --INFO -- Reading D5000 is 407.286
2026-03-22 10:46:55 --INFO -- Reading D5002 is -325.0054
2026-03-22 10:46:55 --INFO -- Reading D5004 is 71.8562
2026-03-22 10:46:55 --INFO -- Reading D5010 is -0.01701885
2026-03-22 10:46:55 --INFO -- Reading D5006 is 179.9591
2026-03-22 10:46:55 --INFO -- Reading D5008 is 0.1547503
2026-03-22 10:46:55 --INFO -- 查找模板计时:41.0543
2026-03-22 10:46:55 --INFO -- 转机械坐标:像素坐标[1964.77,1594.08],拍照机械坐标[407.2860107421875,-325.0054016113281],转换定位机械坐标[691.2138885198169,-334.9677606150449]
2026-03-22 10:46:56 --INFO -- 复位事件触发:触发类型[变化],消息[D500变为0].
2026-03-22 10:47:02 --INFO -- Mark点拍照事件触发:触发类型[变化],消息[D500变为3].
2026-03-22 10:47:02 --INFO -- Read D530 is 2
2026-03-22 10:47:02 --INFO -- Reading D5000 is 432.98898
2026-03-22 10:47:02 --INFO -- Reading D5002 is 615.51117
2026-03-22 10:47:02 --INFO -- Reading D5004 is 76.49269
2026-03-22 10:47:02 --INFO -- Reading D5010 is -0.03682325
2026-03-22 10:47:02 --INFO -- Reading D5006 is 179.94376
2026-03-22 10:47:02 --INFO -- Reading D5008 is 0.16031308
2026-03-22 10:47:02 --INFO -- 查找模板计时:42.7104
2026-03-22 10:47:02 --INFO -- 转机械坐标:像素坐标[1982.216,1603.152],拍照机械坐标[432.9889831542969,615.5111694335938],转换定位机械坐标[716.1199187770728,603.9271423097991]
2026-03-22 10:47:03 --INFO -- 复位事件触发:触发类型[变化],消息[D500变为0].
2026-03-22 10:47:32 --INFO -- Mark点拍照事件触发:触发类型[变化],消息[D500变为3].
2026-03-22 10:47:32 --INFO -- Read D530 is 0
2026-03-22 10:47:32 --INFO -- Reading D5000 is -391.60995
2026-03-22 10:47:32 --INFO -- Reading D5002 is 635.4555
2026-03-22 10:47:32 --INFO -- Reading D5004 is 87.851616
2026-03-22 10:47:32 --INFO -- Reading D5010 is -0.043924216
2026-03-22 10:47:32 --INFO -- Reading D5006 is 179.95811
2026-03-22 10:47:32 --INFO -- Reading D5008 is 0.12692232
2026-03-22 10:47:32 --INFO -- 查找模板计时:36.9833
2026-03-22 10:47:32 --INFO -- 转机械坐标:像素坐标[1977.763,1569.925],拍照机械坐标[-391.6099548339844,635.4555053710938],转换定位机械坐标[-105.43155967500257,624.3479697719185]
2026-03-22 10:47:39 --INFO -- 复位事件触发:触发类型[变化],消息[D500变为0].
2026-03-22 10:56:24 --INFO -- 初始化PLC事件触发:触发类型[变化],消息[D500变为1].
2026-03-22 10:56:29 --INFO -- 复位事件触发:触发类型[变化],消息[D500变为0].
2026-03-22 10:56:43 --INFO -- 方向识别拍照事件触发:触发类型[变化],消息[D500变为2].
2026-03-22 10:56:43 --INFO -- 查找模板计时:250.7428
2026-03-22 10:56:44 --INFO -- 复位事件触发:触发类型[变化],消息[D500变为0].
2026-03-22 10:56:46 --INFO -- 方向识别拍照事件触发:触发类型[变化],消息[D500变为2].
2026-03-22 10:56:47 --INFO -- 查找模板计时:287.4782
2026-03-22 10:56:47 --INFO -- 复位事件触发:触发类型[变化],消息[D500变为0].
2026-03-22 10:56:50 --INFO -- Mark点拍照事件触发:触发类型[变化],消息[D500变为3].
2026-03-22 10:56:50 --INFO -- Read D530 is 1
2026-03-22 10:56:50 --INFO -- Reading D5000 is 407.27347
2026-03-22 10:56:50 --INFO -- Reading D5002 is -324.99316
2026-03-22 10:56:50 --INFO -- Reading D5004 is 71.829544
2026-03-22 10:56:50 --INFO -- Reading D5010 is -0.01707216
2026-03-22 10:56:50 --INFO -- Reading D5006 is 179.95985
2026-03-22 10:56:50 --INFO -- Reading D5008 is 0.15386237
2026-03-22 10:56:50 --INFO -- 查找模板计时:29.929
2026-03-22 10:56:50 --INFO -- 转机械坐标:像素坐标[1965.797,1594.386],拍照机械坐标[407.2734680175781,-324.9931640625],转换定位机械坐标[691.1754134545073,-335.0505247948181]
2026-03-22 10:56:51 --INFO -- 复位事件触发:触发类型[变化],消息[D500变为0].
2026-03-22 10:57:01 --INFO -- Mark点拍照事件触发:触发类型[变化],消息[D500变为3].
2026-03-22 10:57:01 --INFO -- Read D530 is 2
2026-03-22 10:57:01 --INFO -- Reading D5000 is 433.02206
2026-03-22 10:57:01 --INFO -- Reading D5002 is 615.5029
2026-03-22 10:57:01 --INFO -- Reading D5004 is 76.9615
2026-03-22 10:57:01 --INFO -- Reading D5010 is -0.036834657
2026-03-22 10:57:01 --INFO -- Reading D5006 is 179.94318
2026-03-22 10:57:01 --INFO -- Reading D5008 is 0.16207387
2026-03-22 10:57:01 --INFO -- 查找模板计时:29.6595
2026-03-22 10:57:01 --INFO -- 转机械坐标:像素坐标[1981.48,1603.697],拍照机械坐标[433.0220642089844,615.5029296875],转换定位机械坐标[716.1012643243962,603.9854385490046]
2026-03-22 10:57:02 --INFO -- 复位事件触发:触发类型[变化],消息[D500变为0].
2026-03-22 10:57:10 --INFO -- Mark点拍照事件触发:触发类型[变化],消息[D500变为3].
2026-03-22 10:57:10 --INFO -- Read D530 is 3
2026-03-22 10:57:10 --INFO -- Reading D5000 is -391.57217
2026-03-22 10:57:10 --INFO -- Reading D5002 is 635.4322
2026-03-22 10:57:10 --INFO -- Reading D5004 is 87.956566
2026-03-22 10:57:10 --INFO -- Reading D5010 is -0.044092357
2026-03-22 10:57:10 --INFO -- Reading D5006 is 179.95633
2026-03-22 10:57:10 --INFO -- Reading D5008 is 0.12951317
2026-03-22 10:57:11 --INFO -- 查找模板计时:36.8248
2026-03-22 10:57:11 --INFO -- 转机械坐标:像素坐标[1977.521,1571.23],拍照机械坐标[-391.5721740722656,635.4321899414062],转换定位机械坐标[-105.51437057507866,624.3442528760372]
2026-03-22 11:07:49 --INFO -- 初始化PLC事件触发:触发类型[变化],消息[D500变为1].
2026-03-22 11:07:54 --INFO -- 复位事件触发:触发类型[变化],消息[D500变为0].
2026-03-22 11:09:54 --INFO -- 初始化PLC事件触发:触发类型[变化],消息[D500变为1].
2026-03-22 11:09:55 --INFO -- 复位事件触发:触发类型[变化],消息[D500变为0].
2026-03-22 11:10:09 --INFO -- 方向识别拍照事件触发:触发类型[变化],消息[D500变为2].
2026-03-22 11:10:10 --INFO -- 查找模板计时:246.5261
2026-03-22 11:10:10 --INFO -- 复位事件触发:触发类型[变化],消息[D500变为0].
2026-03-22 11:10:12 --INFO -- 方向识别拍照事件触发:触发类型[变化],消息[D500变为2].
2026-03-22 11:10:13 --INFO -- 查找模板计时:277.0976
2026-03-22 11:10:13 --INFO -- 复位事件触发:触发类型[变化],消息[D500变为0].
2026-03-22 11:10:16 --INFO -- Mark点拍照事件触发:触发类型[变化],消息[D500变为3].
2026-03-22 11:10:16 --INFO -- Read D530 is 1
2026-03-22 11:10:16 --INFO -- Reading D5000 is 407.2678
2026-03-22 11:10:16 --INFO -- Reading D5002 is -324.98676
2026-03-22 11:10:16 --INFO -- Reading D5004 is 71.8284
2026-03-22 11:10:16 --INFO -- Reading D5010 is -0.017043738
2026-03-22 11:10:16 --INFO -- Reading D5006 is 179.96022
2026-03-22 11:10:16 --INFO -- Reading D5008 is 0.15341806
2026-03-22 11:10:16 --INFO -- 查找模板计时:31.6853
2026-03-22 11:10:16 --INFO -- 转机械坐标:像素坐标[1965.565,1594.506],拍照机械坐标[407.2677917480469,-324.98675537109375],转换定位机械坐标[691.158194577742,-335.02303796610954]
2026-03-22 11:10:17 --INFO -- 复位事件触发:触发类型[变化],消息[D500变为0].
2026-03-22 11:10:27 --INFO -- Mark点拍照事件触发:触发类型[变化],消息[D500变为3].
2026-03-22 11:10:27 --INFO -- Read D530 is 2
2026-03-22 11:10:27 --INFO -- Reading D5000 is 433.01883
2026-03-22 11:10:27 --INFO -- Reading D5002 is 615.50244
2026-03-22 11:10:27 --INFO -- Reading D5004 is 76.54838
2026-03-22 11:10:27 --INFO -- Reading D5010 is -0.036852475
2026-03-22 11:10:27 --INFO -- Reading D5006 is 179.94315
2026-03-22 11:10:27 --INFO -- Reading D5008 is 0.16200083
2026-03-22 11:10:27 --INFO -- 查找模板计时:40.0047
2026-03-22 11:10:27 --INFO -- 转机械坐标:像素坐标[1981.702,1604.336],拍照机械坐标[433.0188293457031,615.50244140625],转换定位机械坐标[716.039717682258,603.9632548133716]
2026-03-22 11:10:28 --INFO -- 复位事件触发:触发类型[变化],消息[D500变为0].
2026-03-22 11:10:37 --INFO -- Mark点拍照事件触发:触发类型[变化],消息[D500变为3].
2026-03-22 11:10:37 --INFO -- Read D530 is 3
2026-03-22 11:10:37 --INFO -- Reading D5000 is -391.56583
2026-03-22 11:10:37 --INFO -- Reading D5002 is 635.4269
2026-03-22 11:10:37 --INFO -- Reading D5004 is 87.96955
2026-03-22 11:10:37 --INFO -- Reading D5010 is -0.044063747
2026-03-22 11:10:37 --INFO -- Reading D5006 is 179.95589
2026-03-22 11:10:37 --INFO -- Reading D5008 is 0.13008808
2026-03-22 11:10:37 --INFO -- 查找模板计时:30.8422
2026-03-22 11:10:37 --INFO -- 转机械坐标:像素坐标[1977.327,1571.492],拍照机械坐标[-391.5658264160156,635.4268798828125],转换定位机械坐标[-105.5325482150742,624.3562412874685]
2026-03-22 11:10:38 --INFO -- 复位事件触发:触发类型[变化],消息[D500变为0].
2026-03-22 11:10:44 --INFO -- 写三轴坐标事件触发:触发类型[变化],消息[D500变为5].
2026-03-22 11:10:44 --INFO -- [Mark点间标定]首坐标表[1:724.5438893361182,1425.3150898276115;2:741.4271642968847,2359.989919344573;3:-83.12120497097732,2370.0241975302038],次坐标列表[1:691.158194577742,-335.02303796610954;2:716.039717682258,603.9632548133716;3:-105.5325482150742,624.3562412874685;0:-105.43155967500257,624.3479697719185].
2026-03-22 11:10:44 --ERROR-- Mark点间标定[坐标系间标定] running failed:;Exception message:Line[45],Message[HALCON error #1403: Wrong number of values of control parameter 3 in operator vector_to_hom_mat2d],Location[   at HalconDotNet.HalconAPI.PostCall(IntPtr proc, Int32 procResult)
   at HalconDotNet.HHomMat2D.VectorToHomMat2d(HTuple px, HTuple py, HTuple qx, HTuple qy)
   at Plugin.CalibCoordsBetween.ToolCalibCoordsBetween.Run()]
2026-03-22 11:10:44 --WARN -- 坐标解析执行失败:全局.Mark点坐标或全局.标准Mark点坐标集合的数量不为3:[4]、[3]返回参数:写三轴坐标.PLC写入结果:2
2026-03-22 11:10:45 --INFO -- 复位事件触发:触发类型[变化],消息[D500变为0].
2026-03-22 12:36:08 --INFO -- 初始化PLC事件触发:触发类型[变化],消息[D500变为1].
2026-03-22 12:36:09 --INFO -- 复位事件触发:触发类型[变化],消息[D500变为0].
2026-03-22 12:36:22 --INFO -- 方向识别拍照事件触发:触发类型[变化],消息[D500变为2].
2026-03-22 12:36:23 --INFO -- 查找模板计时:256.7952
2026-03-22 12:36:23 --INFO -- 复位事件触发:触发类型[变化],消息[D500变为0].
2026-03-22 12:36:26 --INFO -- 方向识别拍照事件触发:触发类型[变化],消息[D500变为2].
2026-03-22 12:36:26 --INFO -- 查找模板计时:279.2265
2026-03-22 12:36:27 --INFO -- 复位事件触发:触发类型[变化],消息[D500变为0].
2026-03-22 12:36:29 --INFO -- Mark点拍照事件触发:触发类型[变化],消息[D500变为3].
2026-03-22 12:36:29 --INFO -- Read D530 is 1
2026-03-22 12:36:29 --INFO -- Reading D5000 is 407.26648
2026-03-22 12:36:29 --INFO -- Reading D5002 is -324.9855
2026-03-22 12:36:29 --INFO -- Reading D5004 is 71.4374
2026-03-22 12:36:29 --INFO -- Reading D5010 is -0.017051715
2026-03-22 12:36:29 --INFO -- Reading D5006 is 179.96028
2026-03-22 12:36:29 --INFO -- Reading D5008 is 0.1534394
2026-03-22 12:36:29 --INFO -- 查找模板计时:31.9584
2026-03-22 12:36:29 --INFO -- 转机械坐标:像素坐标[1966.495,1594.974],拍照机械坐标[407.2664794921875,-324.9855041503906],转换定位机械坐标[691.1158351388751,-335.1082019875373]
2026-03-22 12:36:30 --INFO -- 复位事件触发:触发类型[变化],消息[D500变为0].
2026-03-22 12:36:40 --INFO -- Mark点拍照事件触发:触发类型[变化],消息[D500变为3].
2026-03-22 12:36:40 --INFO -- Read D530 is 2
2026-03-22 12:36:40 --INFO -- Reading D5000 is 433.0094
2026-03-22 12:36:40 --INFO -- Reading D5002 is 615.50574
2026-03-22 12:36:40 --INFO -- Reading D5004 is 76.55051
2026-03-22 12:36:40 --INFO -- Reading D5010 is -0.03691036
2026-03-22 12:36:40 --INFO -- Reading D5006 is 179.94336
2026-03-22 12:36:40 --INFO -- Reading D5008 is 0.16129327
2026-03-22 12:36:41 --INFO -- 查找模板计时:33.124
2026-03-22 12:36:41 --INFO -- 转机械坐标:像素坐标[1981.542,1604.067],拍照机械坐标[433.0093994140625,615.5057373046875],转换定位机械坐标[716.0546913283595,603.9817993692106]
2026-03-22 12:36:41 --INFO -- 复位事件触发:触发类型[变化],消息[D500变为0].
2026-03-22 12:36:50 --INFO -- Mark点拍照事件触发:触发类型[变化],消息[D500变为3].
2026-03-22 12:36:50 --INFO -- Read D530 is 3
2026-03-22 12:36:50 --INFO -- Reading D5000 is -391.5759
2026-03-22 12:36:50 --INFO -- Reading D5002 is 635.43396
2026-03-22 12:36:50 --INFO -- Reading D5004 is 87.944145
2026-03-22 12:36:50 --INFO -- Reading D5010 is -0.044087335
2026-03-22 12:36:50 --INFO -- Reading D5006 is 179.95648
2026-03-22 12:36:50 --INFO -- Reading D5008 is 0.12937298
2026-03-22 12:36:50 --INFO -- 查找模板计时:30.7982
2026-03-22 12:36:50 --INFO -- 转机械坐标:像素坐标[1977.758,1571.614],拍照机械坐标[-391.5758972167969,635.4339599609375],转换定位机械坐标[-105.55291145358609,624.3234650833604]
2026-03-22 12:36:51 --INFO -- 复位事件触发:触发类型[变化],消息[D500变为0].
2026-03-22 12:36:57 --INFO -- 写三轴坐标事件触发:触发类型[变化],消息[D500变为5].
2026-03-22 12:36:57 --INFO -- [Mark点间标定]首坐标表[1:724.5438893361182,1425.3150898276115;2:741.4271642968847,2359.989919344573;3:-83.12120497097732,2370.0241975302038],次坐标列表[1:691.1158351388751,-335.1082019875373;2:716.0546913283595,603.9817993692106;3:-105.55291145358609,624.3234650833604;0:-105.43155967500257,624.3479697719185].
2026-03-22 12:36:57 --ERROR-- Mark点间标定[坐标系间标定] running failed:;Exception message:Line[45],Message[HALCON error #1403: Wrong number of values of control parameter 3 in operator vector_to_hom_mat2d],Location[   at HalconDotNet.HalconAPI.PostCall(IntPtr proc, Int32 procResult)
   at HalconDotNet.HHomMat2D.VectorToHomMat2d(HTuple px, HTuple py, HTuple qx, HTuple qy)
   at Plugin.CalibCoordsBetween.ToolCalibCoordsBetween.Run()]
2026-03-22 12:36:57 --WARN -- 坐标解析执行失败:全局.Mark点坐标或全局.标准Mark点坐标集合的数量不为3:[4]、[3]返回参数:写三轴坐标.PLC写入结果:2
2026-03-22 12:36:58 --INFO -- 复位事件触发:触发类型[变化],消息[D500变为0].
2026-03-22 13:12:00 --INFO -- 初始化PLC事件触发:触发类型[变化],消息[D500变为1].
2026-03-22 13:12:01 --INFO -- 复位事件触发:触发类型[变化],消息[D500变为0].
2026-03-22 13:12:14 --INFO -- 方向识别拍照事件触发:触发类型[变化],消息[D500变为2].
2026-03-22 13:12:15 --INFO -- 查找模板计时:258.0264
2026-03-22 13:12:15 --INFO -- 复位事件触发:触发类型[变化],消息[D500变为0].
2026-03-22 13:12:17 --INFO -- 方向识别拍照事件触发:触发类型[变化],消息[D500变为2].
2026-03-22 13:12:18 --INFO -- 查找模板计时:262.1399
2026-03-22 13:12:18 --INFO -- 复位事件触发:触发类型[变化],消息[D500变为0].
2026-03-22 13:12:21 --INFO -- Mark点拍照事件触发:触发类型[变化],消息[D500变为3].
2026-03-22 13:12:21 --INFO -- Read D530 is 1
2026-03-22 13:12:21 --INFO -- Reading D5000 is 407.27087
2026-03-22 13:12:21 --INFO -- Reading D5002 is -324.99213
2026-03-22 13:12:21 --INFO -- Reading D5004 is 71.80689
2026-03-22 13:12:21 --INFO -- Reading D5010 is -0.016994545
2026-03-22 13:12:21 --INFO -- Reading D5006 is 179.96005
2026-03-22 13:12:21 --INFO -- Reading D5008 is 0.15367989
2026-03-22 13:12:21 --INFO -- 查找模板计时:30.842
2026-03-22 13:12:21 --INFO -- 转机械坐标:像素坐标[1966.322,1594.901],拍照机械坐标[407.2708740234375,-324.99212646484375],转换定位机械坐标[691.1265718989043,-335.09877766414434]
2026-03-22 13:12:22 --INFO -- 复位事件触发:触发类型[变化],消息[D500变为0].
2026-03-22 13:12:32 --INFO -- Mark点拍照事件触发:触发类型[变化],消息[D500变为3].
2026-03-22 13:12:32 --INFO -- Read D530 is 2
2026-03-22 13:12:32 --INFO -- Reading D5000 is 433.01736
2026-03-22 13:12:32 --INFO -- Reading D5002 is 615.50323
2026-03-22 13:12:32 --INFO -- Reading D5004 is 76.947716
2026-03-22 13:12:32 --INFO -- Reading D5010 is -0.036862083
2026-03-22 13:12:32 --INFO -- Reading D5006 is 179.94319
2026-03-22 13:12:32 --INFO -- Reading D5008 is 0.16191977
2026-03-22 13:12:32 --INFO -- 查找模板计时:32.1208
2026-03-22 13:12:32 --INFO -- 转机械坐标:像素坐标[1981.559,1604.47],拍照机械坐标[433.0173645019531,615.5032348632812],转换定位机械坐标[716.0256146657509,603.9769188795476]
2026-03-22 13:12:33 --INFO -- 复位事件触发:触发类型[变化],消息[D500变为0].
2026-03-22 13:12:42 --INFO -- Mark点拍照事件触发:触发类型[变化],消息[D500变为3].
2026-03-22 13:12:42 --INFO -- Read D530 is 3
2026-03-22 13:12:42 --INFO -- Reading D5000 is -391.5675
2026-03-22 13:12:42 --INFO -- Reading D5002 is 635.4296
2026-03-22 13:12:42 --INFO -- Reading D5004 is 87.56506
2026-03-22 13:12:42 --INFO -- Reading D5010 is -0.044073604
2026-03-22 13:12:42 --INFO -- Reading D5006 is 179.95612
2026-03-22 13:12:42 --INFO -- Reading D5008 is 0.12991233
2026-03-22 13:12:42 --INFO -- 查找模板计时:42.1938
2026-03-22 13:12:42 --INFO -- 转机械坐标:像素坐标[1976.988,1571.018],拍照机械坐标[-391.5675048828125,635.4296264648438],转换定位机械坐标[-105.49134902752297,624.3911017581627]
2026-03-22 13:12:43 --INFO -- 复位事件触发:触发类型[变化],消息[D500变为0].
2026-03-22 13:12:49 --INFO -- 写三轴坐标事件触发:触发类型[变化],消息[D500变为5].
2026-03-22 13:12:49 --INFO -- [Mark点间标定]首坐标表[1:724.5438893361182,1425.3150898276115;2:741.4271642968847,2359.989919344573;3:-83.12120497097732,2370.0241975302038],次坐标列表[1:691.1265718989043,-335.09877766414434;2:716.0256146657509,603.9769188795476;3:-105.49134902752297,624.3911017581627;0:-105.43155967500257,624.3479697719185].
2026-03-22 13:12:49 --ERROR-- Mark点间标定[坐标系间标定] running failed:;Exception message:Line[45],Message[HALCON error #1403: Wrong number of values of control parameter 3 in operator vector_to_hom_mat2d],Location[   at HalconDotNet.HalconAPI.PostCall(IntPtr proc, Int32 procResult)
   at HalconDotNet.HHomMat2D.VectorToHomMat2d(HTuple px, HTuple py, HTuple qx, HTuple qy)
   at Plugin.CalibCoordsBetween.ToolCalibCoordsBetween.Run()]
2026-03-22 13:12:49 --WARN -- 坐标解析执行失败:全局.Mark点坐标或全局.标准Mark点坐标集合的数量不为3:[4]、[3]返回参数:写三轴坐标.PLC写入结果:2
2026-03-22 13:12:50 --INFO -- 复位事件触发:触发类型[变化],消息[D500变为0].
2026-03-22 13:22:17 --INFO -- 初始化PLC事件触发:触发类型[变化],消息[D500变为1].
2026-03-22 13:22:18 --INFO -- 复位事件触发:触发类型[变化],消息[D500变为0].
2026-03-22 13:22:32 --INFO -- 方向识别拍照事件触发:触发类型[变化],消息[D500变为2].
2026-03-22 13:22:32 --INFO -- 查找模板计时:269.3701
2026-03-22 13:22:33 --INFO -- 复位事件触发:触发类型[变化],消息[D500变为0].
2026-03-22 13:22:35 --INFO -- 方向识别拍照事件触发:触发类型[变化],消息[D500变为2].
2026-03-22 13:22:36 --INFO -- 查找模板计时:240.7952
2026-03-22 13:22:36 --INFO -- 复位事件触发:触发类型[变化],消息[D500变为0].
2026-03-22 13:22:39 --INFO -- Mark点拍照事件触发:触发类型[变化],消息[D500变为3].
2026-03-22 13:22:39 --INFO -- Read D530 is 1
2026-03-22 13:22:39 --INFO -- Reading D5000 is 407.26913
2026-03-22 13:22:39 --INFO -- Reading D5002 is -324.9898
2026-03-22 13:22:39 --INFO -- Reading D5004 is 71.813965
2026-03-22 13:22:39 --INFO -- Reading D5010 is -0.01697891
2026-03-22 13:22:39 --INFO -- Reading D5006 is 179.96008
2026-03-22 13:22:39 --INFO -- Reading D5008 is 0.15364707
2026-03-22 13:22:39 --INFO -- 查找模板计时:31.054
2026-03-22 13:22:39 --INFO -- 转机械坐标:像素坐标[1965.581,1594.369],拍照机械坐标[407.2691345214844,-324.98980712890625],转换定位机械坐标[691.1721768200771,-335.0272828320485]
2026-03-22 13:22:40 --INFO -- 复位事件触发:触发类型[变化],消息[D500变为0].
2026-03-22 13:22:50 --INFO -- Mark点拍照事件触发:触发类型[变化],消息[D500变为3].
2026-03-22 13:22:50 --INFO -- Read D530 is 2
2026-03-22 13:22:50 --INFO -- Reading D5000 is 433.01657
2026-03-22 13:22:50 --INFO -- Reading D5002 is 615.5037
2026-03-22 13:22:50 --INFO -- Reading D5004 is 76.94935
2026-03-22 13:22:50 --INFO -- Reading D5010 is -0.036855474
2026-03-22 13:22:50 --INFO -- Reading D5006 is 179.9432
2026-03-22 13:22:50 --INFO -- Reading D5008 is 0.16180252
2026-03-22 13:22:50 --INFO -- 查找模板计时:29.8673
2026-03-22 13:22:50 --INFO -- 转机械坐标:像素坐标[1981.78,1604.797],拍照机械坐标[433.0165710449219,615.5037231445312],转换定位机械坐标[715.9952132210644,603.9564351411395]
2026-03-22 13:22:51 --INFO -- 复位事件触发:触发类型[变化],消息[D500变为0].
2026-03-22 13:22:59 --INFO -- Mark点拍照事件触发:触发类型[变化],消息[D500变为3].
2026-03-22 13:22:59 --INFO -- Read D530 is 3
2026-03-22 13:22:59 --INFO -- Reading D5000 is -391.5788
2026-03-22 13:22:59 --INFO -- Reading D5002 is 635.4366
2026-03-22 13:23:00 --INFO -- Reading D5004 is 87.92885
2026-03-22 13:23:00 --INFO -- Reading D5010 is -0.044122983
2026-03-22 13:23:00 --INFO -- Reading D5006 is 179.95668
2026-03-22 13:23:00 --INFO -- Reading D5008 is 0.12894864
2026-03-22 13:23:00 --INFO -- 查找模板计时:41.5745
2026-03-22 13:23:00 --INFO -- 转机械坐标:像素坐标[1977.468,1570.846],拍照机械坐标[-391.57879638671875,635.4365844726562],转换定位机械坐标[-105.48577713218623,624.3542954332081]
2026-03-22 13:23:00 --INFO -- 复位事件触发:触发类型[变化],消息[D500变为0].
2026-03-22 13:23:07 --INFO -- 写三轴坐标事件触发:触发类型[变化],消息[D500变为5].
2026-03-22 13:23:07 --INFO -- [Mark点间标定]首坐标表[1:724.5438893361182,1425.3150898276115;2:741.4271642968847,2359.989919344573;3:-83.12120497097732,2370.0241975302038],次坐标列表[1:691.1721768200771,-335.0272828320485;2:715.9952132210644,603.9564351411395;3:-105.48577713218623,624.3542954332081].
2026-03-22 13:23:07 --INFO -- [Mark点间标定]标定信息：[平移X:-42.952520016737004;平移Y:-1758.171205950083;X当量:0.9964626289022532;Y当量:1.0048724702937029;旋转角度:-0.7193305222553863;倾斜角度:0.2312512889400318;RMS:5.569494857771083E-13]误差：3.410605131648481E-13,列误差：2.1316282072803006E-13.
2026-03-22 13:23:08 --INFO -- 复位事件触发:触发类型[变化],消息[D500变为0].
2026-03-22 13:28:23 --INFO -- 初始化PLC事件触发:触发类型[变化],消息[D500变为1].
2026-03-22 13:28:24 --INFO -- 复位事件触发:触发类型[变化],消息[D500变为0].
2026-03-22 13:28:37 --INFO -- 方向识别拍照事件触发:触发类型[变化],消息[D500变为2].
2026-03-22 13:28:38 --INFO -- 查找模板计时:214.316
2026-03-22 13:28:38 --INFO -- 复位事件触发:触发类型[变化],消息[D500变为0].
2026-03-22 13:28:41 --INFO -- 方向识别拍照事件触发:触发类型[变化],消息[D500变为2].
2026-03-22 13:28:41 --INFO -- 查找模板计时:282.7191
2026-03-22 13:28:42 --INFO -- 复位事件触发:触发类型[变化],消息[D500变为0].
2026-03-22 13:28:44 --INFO -- Mark点拍照事件触发:触发类型[变化],消息[D500变为3].
2026-03-22 13:28:44 --INFO -- Read D530 is 1
2026-03-22 13:28:44 --INFO -- Reading D5000 is 407.2755
2026-03-22 13:28:44 --INFO -- Reading D5002 is -324.99396
2026-03-22 13:28:44 --INFO -- Reading D5004 is 72.18676
2026-03-22 13:28:44 --INFO -- Reading D5010 is -0.01706581
2026-03-22 13:28:44 --INFO -- Reading D5006 is 179.95984
2026-03-22 13:28:44 --INFO -- Reading D5008 is 0.15385792
2026-03-22 13:28:44 --INFO -- 查找模板计时:37.1836
2026-03-22 13:28:45 --INFO -- 转机械坐标:像素坐标[1966.668,1596.487],拍照机械坐标[407.2755126953125,-324.99395751953125],转换定位机械坐标[690.9860370930417,-335.13561676550626]
2026-03-22 13:28:45 --INFO -- 复位事件触发:触发类型[变化],消息[D500变为0].
2026-03-22 13:28:51 --INFO -- Mark点拍照事件触发:触发类型[变化],消息[D500变为3].
2026-03-22 13:28:51 --INFO -- Read D530 is 2
2026-03-22 13:28:51 --INFO -- Reading D5000 is 433.01794
2026-03-22 13:28:51 --INFO -- Reading D5002 is 615.5036
2026-03-22 13:28:51 --INFO -- Reading D5004 is 76.93291
2026-03-22 13:28:51 --INFO -- Reading D5010 is -0.036846627
2026-03-22 13:28:51 --INFO -- Reading D5006 is 179.94327
2026-03-22 13:28:51 --INFO -- Reading D5008 is 0.16231352
2026-03-22 13:28:52 --INFO -- 查找模板计时:39.3867
2026-03-22 13:28:52 --INFO -- 转机械坐标:像素坐标[1982.032,1610.821],拍照机械坐标[433.0179443359375,615.5036010742188],转换定位机械坐标[715.4428858966253,603.9209605570868]
2026-03-22 13:28:52 --INFO -- 复位事件触发:触发类型[变化],消息[D500变为0].
2026-03-22 13:29:01 --INFO -- Mark点拍照事件触发:触发类型[变化],消息[D500变为3].
2026-03-22 13:29:01 --INFO -- Read D530 is 3
2026-03-22 13:29:01 --INFO -- Reading D5000 is -391.578
2026-03-22 13:29:01 --INFO -- Reading D5002 is 635.43646
2026-03-22 13:29:01 --INFO -- Reading D5004 is 87.92823
2026-03-22 13:29:01 --INFO -- Reading D5010 is -0.04406117
2026-03-22 13:29:01 --INFO -- Reading D5006 is 179.9566
2026-03-22 13:29:01 --INFO -- Reading D5008 is 0.12910612
2026-03-22 13:29:01 --INFO -- 查找模板计时:29.0766
2026-03-22 13:29:01 --INFO -- 转机械坐标:像素坐标[1977.505,1571.755],拍照机械坐标[-391.5780029296875,635.4364624023438],转换定位机械坐标[-105.56853733183533,624.3489330762534]
2026-03-22 13:29:02 --INFO -- 复位事件触发:触发类型[变化],消息[D500变为0].
2026-03-22 13:29:09 --INFO -- 写三轴坐标事件触发:触发类型[变化],消息[D500变为5].
2026-03-22 13:29:09 --INFO -- [Mark点间标定]首坐标表[1:724.5438893361182,1425.3150898276115;2:741.4271642968847,2359.989919344573;3:-83.12120497097732,2370.0241975302038],次坐标列表[1:690.9860370930417,-335.13561676550626;2:715.4428858966253,603.9209605570868;3:-105.56853733183533,624.3489330762534].
2026-03-22 13:29:09 --INFO -- [Mark点间标定]标定信息：[平移X:-42.17905091365385;平移Y:-1758.3657938928397;X当量:0.9958889959726621;Y当量:1.0049478849677425;旋转角度:-0.7217910745254316;倾斜角度:0.2554948212746843;RMS:3.830785358929864E-13]误差：2.2737367544323206E-13,列误差：2.2737367544323206E-13.
2026-03-22 13:29:10 --INFO -- 复位事件触发:触发类型[变化],消息[D500变为0].
2026-03-22 13:40:30 --INFO -- 初始化PLC事件触发:触发类型[变化],消息[D500变为1].
2026-03-22 13:40:31 --INFO -- 复位事件触发:触发类型[变化],消息[D500变为0].
2026-03-22 13:40:44 --INFO -- 方向识别拍照事件触发:触发类型[变化],消息[D500变为2].
2026-03-22 13:40:44 --INFO -- 查找模板计时:285.4906
2026-03-22 13:40:45 --INFO -- 复位事件触发:触发类型[变化],消息[D500变为0].
2026-03-22 13:40:47 --INFO -- 方向识别拍照事件触发:触发类型[变化],消息[D500变为2].
2026-03-22 13:40:48 --INFO -- 查找模板计时:241.5379
2026-03-22 13:40:48 --INFO -- 复位事件触发:触发类型[变化],消息[D500变为0].
2026-03-22 13:40:51 --INFO -- Mark点拍照事件触发:触发类型[变化],消息[D500变为3].
2026-03-22 13:40:51 --INFO -- Read D530 is 1
2026-03-22 13:40:51 --INFO -- Reading D5000 is 407.29147
2026-03-22 13:40:51 --INFO -- Reading D5002 is -325.01138
2026-03-22 13:40:51 --INFO -- Reading D5004 is 300.26944
2026-03-22 13:40:51 --INFO -- Reading D5010 is -0.017099747
2026-03-22 13:40:51 --INFO -- Reading D5006 is 179.95947
2026-03-22 13:40:51 --INFO -- Reading D5008 is 0.15437151
2026-03-22 13:40:51 --INFO -- 查找模板计时:30.4395
2026-03-22 13:40:51 --INFO -- 转机械坐标:像素坐标[1990.448,1549.628],拍照机械坐标[407.2914733886719,-325.0113830566406],转换定位机械坐标[695.364759505933,-337.24359889670063]
2026-03-22 13:40:52 --INFO -- 复位事件触发:触发类型[变化],消息[D500变为0].
2026-03-22 13:41:02 --INFO -- Mark点拍照事件触发:触发类型[变化],消息[D500变为3].
2026-03-22 13:41:02 --INFO -- Read D530 is 2
2026-03-22 13:41:02 --INFO -- Reading D5000 is 432.93768
2026-03-22 13:41:02 --INFO -- Reading D5002 is 615.5262
2026-03-22 13:41:02 --INFO -- Reading D5004 is 306.07938
2026-03-22 13:41:02 --INFO -- Reading D5010 is -0.036961753
2026-03-22 13:41:02 --INFO -- Reading D5006 is 179.9443
2026-03-22 13:41:02 --INFO -- Reading D5008 is 0.15802285
2026-03-22 13:41:02 --INFO -- 查找模板计时:30.0976
2026-03-22 13:41:02 --INFO -- 转机械坐标:像素坐标[1988.151,1578.647],拍照机械坐标[432.93768310546875,615.5261840820312],转换定位机械坐标[718.3360706447206,603.446326159805]
2026-03-22 13:41:03 --INFO -- 复位事件触发:触发类型[变化],消息[D500变为0].
2026-03-22 13:41:12 --INFO -- Mark点拍照事件触发:触发类型[变化],消息[D500变为3].
2026-03-22 13:41:12 --INFO -- Read D530 is 3
2026-03-22 13:41:12 --INFO -- Reading D5000 is -391.60635
2026-03-22 13:41:12 --INFO -- Reading D5002 is 635.4539
2026-03-22 13:41:12 --INFO -- Reading D5004 is 316.70615
2026-03-22 13:41:12 --INFO -- Reading D5010 is -0.04407854
2026-03-22 13:41:12 --INFO -- Reading D5006 is 179.9582
2026-03-22 13:41:12 --INFO -- Reading D5008 is 0.12662351
2026-03-22 13:41:12 --INFO -- 查找模板计时:34.8735
2026-03-22 13:41:12 --INFO -- 转机械坐标:像素坐标[1979.008,1569.326],拍照机械坐标[-391.6063537597656,635.4539184570312],转换定位机械坐标[-105.3701537013863,624.2331785611404]
2026-03-22 13:41:13 --INFO -- 复位事件触发:触发类型[变化],消息[D500变为0].
2026-03-22 13:41:18 --INFO -- 写三轴坐标事件触发:触发类型[变化],消息[D500变为5].
2026-03-22 13:41:18 --INFO -- [Mark点间标定]首坐标表[1:724.5438893361182,1425.3150898276115;2:741.4271642968847,2359.989919344573;3:-83.12120497097732,2370.0241975302038],次坐标列表[1:695.364759505933,-337.24359889670063;2:718.3360706447206,603.446326159805;3:-105.3701537013863,624.2331785611404].
2026-03-22 13:41:18 --INFO -- [Mark点间标定]标定信息：[平移X:-37.80479255669991;平移Y:-1762.675295941194;X当量:0.9991421807724747;Y当量:1.0066907668578877;旋转角度:-0.7431770919693969;倾斜角度:0.3714885624246085;RMS:8.488532627704943E-13]误差：1.1368683772161603E-13,列误差：1.7053025658242404E-13.
2026-03-22 13:41:19 --INFO -- 复位事件触发:触发类型[变化],消息[D500变为0].
2026-03-22 14:32:11 --WARN -- 链接[[写三轴坐标.电池中心到边, 29.25,88.5]]未在列表中,无法更新！
2026-03-22 14:55:55 --WARN -- 链接[全局.垛位]未在列表中！
2026-03-22 15:12:48 --INFO -- 初始化PLC事件触发:触发类型[变化],消息[D500变为1].
2026-03-22 15:12:49 --INFO -- 复位事件触发:触发类型[变化],消息[D500变为0].
2026-03-22 15:12:57 --INFO -- 方向识别拍照事件触发:触发类型[变化],消息[D500变为2].
2026-03-22 15:12:58 --INFO -- 查找模板计时:239.8668
2026-03-22 15:12:58 --INFO -- 复位事件触发:触发类型[变化],消息[D500变为0].
2026-03-22 15:13:00 --INFO -- 方向识别拍照事件触发:触发类型[变化],消息[D500变为2].
2026-03-22 15:13:00 --INFO -- 查找模板计时:268.9605
2026-03-22 15:13:01 --INFO -- 复位事件触发:触发类型[变化],消息[D500变为0].
2026-03-22 15:13:03 --INFO -- Mark点拍照事件触发:触发类型[变化],消息[D500变为3].
2026-03-22 15:13:03 --INFO -- Read D530 is 1
2026-03-22 15:13:03 --INFO -- Reading D5000 is 407.31177
2026-03-22 15:13:03 --INFO -- Reading D5002 is -325.02646
2026-03-22 15:13:03 --INFO -- Reading D5004 is 300.31546
2026-03-22 15:13:03 --INFO -- Reading D5010 is -0.017042954
2026-03-22 15:13:03 --INFO -- Reading D5006 is 179.95827
2026-03-22 15:13:03 --INFO -- Reading D5008 is 0.15540716
2026-03-22 15:13:03 --INFO -- Read D532 is 1
2026-03-22 15:13:03 --INFO -- 查找模板计时:30.7397
2026-03-22 15:13:03 --INFO -- 转机械坐标:像素坐标[1998.823,1553.855],拍照机械坐标[407.311767578125,-325.0264587402344],转换定位机械坐标[695.0142597702109,-338.03690162673365]
2026-03-22 15:13:04 --INFO -- 复位事件触发:触发类型[变化],消息[D500变为0].
2026-03-22 15:13:10 --INFO -- Mark点拍照事件触发:触发类型[变化],消息[D500变为3].
2026-03-22 15:13:10 --INFO -- Read D530 is 2
2026-03-22 15:13:10 --INFO -- Reading D5000 is 432.93835
2026-03-22 15:13:10 --INFO -- Reading D5002 is 615.5257
2026-03-22 15:13:10 --INFO -- Reading D5004 is 306.44443
2026-03-22 15:13:10 --INFO -- Reading D5010 is -0.036815394
2026-03-22 15:13:10 --INFO -- Reading D5006 is 179.94447
2026-03-22 15:13:10 --INFO -- Reading D5008 is 0.1579228
2026-03-22 15:13:10 --INFO -- Read D532 is 1
2026-03-22 15:13:10 --INFO -- 查找模板计时:31.1529
2026-03-22 15:13:10 --INFO -- 转机械坐标:像素坐标[1991.901,1567.772],拍照机械坐标[432.9383544921875,615.5256958007812],转换定位机械坐标[719.3454220419032,603.1232216752865]
2026-03-22 15:13:11 --INFO -- 复位事件触发:触发类型[变化],消息[D500变为0].
2026-03-22 15:13:16 --INFO -- Mark点拍照事件触发:触发类型[变化],消息[D500变为3].
2026-03-22 15:13:16 --INFO -- Read D530 is 3
2026-03-22 15:13:16 --INFO -- Reading D5000 is -391.5907
2026-03-22 15:13:16 --INFO -- Reading D5002 is 635.4441
2026-03-22 15:13:16 --INFO -- Reading D5004 is 312.85852
2026-03-22 15:13:16 --INFO -- Reading D5010 is -0.04407914
2026-03-22 15:13:16 --INFO -- Reading D5006 is 179.95665
2026-03-22 15:13:16 --INFO -- Reading D5008 is 0.12907194
2026-03-22 15:13:16 --INFO -- Read D532 is 1
2026-03-22 15:13:17 --INFO -- 查找模板计时:28.5978
2026-03-22 15:13:17 --INFO -- 转机械坐标:像素坐标[1981.343,1563.729],拍照机械坐标[-391.5906982421875,635.444091796875],转换定位机械坐标[-104.83448812104308,624.0200921850003]
2026-03-22 15:13:17 --INFO -- 复位事件触发:触发类型[变化],消息[D500变为0].
2026-03-22 15:13:20 --INFO -- 写三轴坐标事件触发:触发类型[变化],消息[D500变为5].
2026-03-22 15:13:21 --INFO -- [Mark点间标定]首坐标表[1:724.5438893361182,1425.3150898276115;2:741.4271642968847,2359.989919344573;3:-83.12120497097732,2370.0241975302038],次坐标列表[1:695.0142597702109,-338.03690162673365;2:719.3454220419032,603.1232216752865;3:-104.83448812104308,624.0200921850003].
2026-03-22 15:13:21 --INFO -- [Mark点间标定]标定信息：[平移X:-40.64269841972403;平移Y:-1764.0966768976257;X当量:0.999735843156852;Y当量:1.0072065154349183;旋转角度:-0.7500308146827356;倾斜角度:0.29637608599404613;RMS:4.049470262764034E-13]误差：3.410605131648481E-13,列误差：1.1368683772161603E-13.
2026-03-22 15:13:21 --ERROR-- 坐标解析[C#脚本] running failed:;Exception message:Line[45],Message[Unable to cast object of type 'System.UInt16' to type 'System.Int16'.],Location[   at Plugin.ScriptCSharp.ScriptToXYRListRobot.Execute(ConcurrentDictionary`2 parameters)
   at Plugin.ScriptCSharp.ToolScriptCSharp.Run()]
2026-03-22 15:13:21 --INFO -- 复位事件触发:触发类型[变化],消息[D500变为0].
2026-03-22 15:15:50 --WARN -- 坐标解析执行失败:垛位异常:0返回参数:写三轴坐标.PLC写入结果:2
2026-03-22 15:16:08 --INFO -- Read D530 is 0
2026-03-22 15:16:08 --INFO -- Reading D5000 is -29.414381
2026-03-22 15:16:08 --INFO -- Reading D5002 is 728.9019
2026-03-22 15:16:08 --INFO -- Reading D5004 is 871.10986
2026-03-22 15:16:08 --INFO -- Reading D5010 is 1.1225654
2026-03-22 15:16:08 --INFO -- Reading D5006 is 179.33128
2026-03-22 15:16:08 --INFO -- Reading D5008 is -0.38054165
2026-03-22 15:16:08 --INFO -- Read D532 is 1
2026-03-22 15:16:12 --ERROR-- 坐标解析[C#脚本] running failed:;Exception message:Line[45],Message[Unable to cast object of type 'System.UInt16' to type 'System.Int16'.],Location[   at Plugin.ScriptCSharp.ScriptToXYRListRobot.Execute(ConcurrentDictionary`2 parameters)
   at Plugin.ScriptCSharp.ToolScriptCSharp.Run()]
2026-03-22 15:17:15 --INFO -- Read D530 is 0
2026-03-22 15:17:15 --INFO -- Reading D5000 is -29.414732
2026-03-22 15:17:15 --INFO -- Reading D5002 is 728.90186
2026-03-22 15:17:15 --INFO -- Reading D5004 is 871.1098
2026-03-22 15:17:15 --INFO -- Reading D5010 is 1.1225547
2026-03-22 15:17:15 --INFO -- Reading D5006 is 179.33124
2026-03-22 15:17:15 --INFO -- Reading D5008 is -0.38050854
2026-03-22 15:17:15 --INFO -- Read D532 is 1
2026-03-22 15:17:20 --WARN -- 坐标解析执行失败:垛位异常:1返回参数:写三轴坐标.PLC写入结果:2
2026-03-22 15:18:12 --WARN -- 坐标解析执行失败:垛位异常:1返回参数:写三轴坐标.PLC写入结果:2
2026-03-22 15:18:35 --WARN -- 坐标解析执行失败:垛位异常:1返回参数:写三轴坐标.PLC写入结果:2
2026-03-22 15:23:24 --ERROR-- 坐标解析[C#脚本] running failed:;Exception message:Line[45],Message[Unable to cast object of type 'System.UInt16' to type 'System.Int16'.],Location[   at Plugin.ScriptCSharp.ScriptToXYRListRobot.Execute(ConcurrentDictionary`2 parameters)
   at Plugin.ScriptCSharp.ToolScriptCSharp.Run()]
2026-03-22 15:46:14 --INFO -- Reading D5000 is 719.804
2026-03-22 15:46:14 --INFO -- Reading D5002 is 575.54297
2026-03-22 15:47:28 --INFO -- 初始化PLC事件触发:触发类型[变化],消息[D500变为1].
2026-03-22 15:47:29 --INFO -- 复位事件触发:触发类型[变化],消息[D500变为0].
2026-03-22 15:47:36 --INFO -- 方向识别拍照事件触发:触发类型[变化],消息[D500变为2].
2026-03-22 15:47:37 --INFO -- 查找模板计时:262.0186
2026-03-22 15:47:37 --INFO -- 复位事件触发:触发类型[变化],消息[D500变为0].
2026-03-22 15:47:39 --INFO -- 方向识别拍照事件触发:触发类型[变化],消息[D500变为2].
2026-03-22 15:47:39 --INFO -- 查找模板计时:307.0388
2026-03-22 15:47:40 --INFO -- 复位事件触发:触发类型[变化],消息[D500变为0].
2026-03-22 15:47:42 --INFO -- Mark点拍照事件触发:触发类型[变化],消息[D500变为3].
2026-03-22 15:47:42 --INFO -- Read D530 is 1
2026-03-22 15:47:42 --INFO -- Reading D5000 is 407.30414
2026-03-22 15:47:42 --INFO -- Reading D5002 is -325.02368
2026-03-22 15:47:42 --INFO -- Reading D5004 is 300.32062
2026-03-22 15:47:42 --INFO -- Reading D5010 is -0.016992662
2026-03-22 15:47:42 --INFO -- Reading D5006 is 179.95827
2026-03-22 15:47:42 --INFO -- Reading D5008 is 0.15552928
2026-03-22 15:47:42 --INFO -- Read D532 is 1
2026-03-22 15:47:42 --INFO -- 查找模板计时:37.8087
2026-03-22 15:47:42 --INFO -- 转机械坐标:像素坐标[1884.766,1526.074],拍照机械坐标[407.30413818359375,-325.023681640625],转换定位机械坐标[697.3159316602616,-327.4959379378049]
2026-03-22 15:47:43 --INFO -- 复位事件触发:触发类型[变化],消息[D500变为0].
2026-03-22 15:47:49 --INFO -- Mark点拍照事件触发:触发类型[变化],消息[D500变为3].
2026-03-22 15:47:49 --INFO -- Read D530 is 2
2026-03-22 15:47:49 --INFO -- Reading D5000 is 432.93893
2026-03-22 15:47:49 --INFO -- Reading D5002 is 615.52594
2026-03-22 15:47:49 --INFO -- Reading D5004 is 306.0617
2026-03-22 15:47:49 --INFO -- Reading D5010 is -0.03686376
2026-03-22 15:47:49 --INFO -- Reading D5006 is 179.94446
2026-03-22 15:47:49 --INFO -- Reading D5008 is 0.15793186
2026-03-22 15:47:49 --INFO -- Read D532 is 1
2026-03-22 15:47:49 --INFO -- 查找模板计时:29.9358
2026-03-22 15:47:49 --INFO -- 转机械坐标:像素坐标[1867.698,1692.136],拍照机械坐标[432.9389343261719,615.5259399414062],转换定位机械坐标[707.635062594408,614.2861163058212]
2026-03-22 15:47:50 --INFO -- 复位事件触发:触发类型[变化],消息[D500变为0].
2026-03-22 15:47:56 --INFO -- Mark点拍照事件触发:触发类型[变化],消息[D500变为3].
2026-03-22 15:47:56 --INFO -- Read D530 is 3
2026-03-22 15:47:56 --INFO -- Reading D5000 is -391.59457
2026-03-22 15:47:56 --INFO -- Reading D5002 is 635.44696
2026-03-22 15:47:56 --INFO -- Reading D5004 is 312.45425
2026-03-22 15:47:56 --INFO -- Reading D5010 is -0.044134125
2026-03-22 15:47:56 --INFO -- Reading D5006 is 179.95699
2026-03-22 15:47:56 --INFO -- Reading D5008 is 0.12849002
2026-03-22 15:47:56 --INFO -- Read D532 is 1
2026-03-22 15:47:56 --INFO -- 查找模板计时:33.152
2026-03-22 15:47:56 --INFO -- 转机械坐标:像素坐标[1976.572,1673.088],拍照机械坐标[-391.5945739746094,635.4469604492188],转换定位机械坐标[-114.91039736609258,624.2400619289083]
2026-03-22 15:47:57 --INFO -- 复位事件触发:触发类型[变化],消息[D500变为0].
2026-03-22 15:47:59 --INFO -- 写三轴坐标事件触发:触发类型[变化],消息[D500变为5].
2026-03-22 15:47:59 --INFO -- [Mark点间标定]首坐标表[1:724.5438893361182,1425.3150898276115;2:741.4271642968847,2359.989919344573;3:-83.12120497097732,2370.0241975302038],次坐标列表[1:697.3159316602616,-327.4959379378049;2:707.635062594408,614.2861163058212;3:-114.91039736609258,624.2400619289083].
2026-03-22 15:47:59 --INFO -- [Mark点间标定]标定信息：[平移X:-15.461301797427168;平移Y:-1763.7817744448146;X当量:0.9974860072332482;Y当量:1.007624682646964;旋转角度:0.010909047145771684;倾斜角度:0.385850630280235;RMS:2.0642458830386018E-13]误差：1.1368683772161603E-13,列误差：1.2789769243681803E-13.
2026-03-22 15:48:00 --INFO -- 复位事件触发:触发类型[变化],消息[D500变为0].
2026-03-22 15:49:37 --INFO -- 打开[测距仪]成功:.
2026-03-22 15:49:37 --INFO -- [Mark点间标定]首坐标表[1:724.5438893361182,1425.3150898276115;2:741.4271642968847,2359.989919344573;3:-83.12120497097732,2370.0241975302038],次坐标列表[1:697.3159316602616,-327.4959379378049;2:707.635062594408,614.2861163058212;3:-114.91039736609258,624.2400619289083].
2026-03-22 15:49:37 --INFO -- [Mark点间标定]标定信息：[平移X:-15.461301797427168;平移Y:-1763.7817744448146;X当量:0.9974860072332482;Y当量:1.007624682646964;旋转角度:0.010909047145771684;倾斜角度:0.385850630280235;RMS:2.0642458830386018E-13]误差：1.1368683772161603E-13,列误差：1.2789769243681803E-13.
2026-03-22 15:50:05 --INFO -- 打开[测距仪]成功:.
2026-03-22 15:50:05 --INFO -- [Mark点间标定]首坐标表[1:724.5438893361182,1425.3150898276115;2:741.4271642968847,2359.989919344573;3:-83.12120497097732,2370.0241975302038],次坐标列表[1:697.3159316602616,-327.4959379378049;2:707.635062594408,614.2861163058212;3:-114.91039736609258,624.2400619289083].
2026-03-22 15:50:05 --INFO -- [Mark点间标定]标定信息：[平移X:-15.461301797427168;平移Y:-1763.7817744448146;X当量:0.9974860072332482;Y当量:1.007624682646964;旋转角度:0.010909047145771684;倾斜角度:0.385850630280235;RMS:2.0642458830386018E-13]误差：1.1368683772161603E-13,列误差：1.2789769243681803E-13.
2026-03-22 15:50:37 --INFO -- 初始化PLC事件触发:触发类型[变化],消息[D500变为1].
2026-03-22 15:50:38 --INFO -- 复位事件触发:触发类型[变化],消息[D500变为0].
2026-03-22 15:50:51 --INFO -- 方向识别拍照事件触发:触发类型[变化],消息[D500变为2].
2026-03-22 15:50:51 --INFO -- 查找模板计时:255.9854
2026-03-22 15:50:52 --INFO -- 复位事件触发:触发类型[变化],消息[D500变为0].
2026-03-22 15:50:54 --INFO -- 方向识别拍照事件触发:触发类型[变化],消息[D500变为2].
2026-03-22 15:50:55 --INFO -- 查找模板计时:274.7346
2026-03-22 15:50:55 --INFO -- 复位事件触发:触发类型[变化],消息[D500变为0].
2026-03-22 15:50:58 --INFO -- Mark点拍照事件触发:触发类型[变化],消息[D500变为3].
2026-03-22 15:50:58 --INFO -- Read D530 is 1
2026-03-22 15:50:58 --INFO -- Reading D5000 is 407.28998
2026-03-22 15:50:58 --INFO -- Reading D5002 is -325.00787
2026-03-22 15:50:58 --INFO -- Reading D5004 is 299.87024
2026-03-22 15:50:58 --INFO -- Reading D5010 is -0.017093414
2026-03-22 15:50:58 --INFO -- Reading D5006 is 179.95975
2026-03-22 15:50:58 --INFO -- Reading D5008 is 0.15395905
2026-03-22 15:50:58 --INFO -- Read D532 is 1
2026-03-22 15:50:58 --INFO -- 查找模板计时:30.3237
2026-03-22 15:50:58 --INFO -- 转机械坐标:像素坐标[1885.503,1526.586],拍照机械坐标[407.28997802734375,-325.00787353515625],转换定位机械坐标[697.256258553484,-327.54889724151417]
2026-03-22 15:50:59 --INFO -- 复位事件触发:触发类型[变化],消息[D500变为0].
2026-03-22 15:51:09 --INFO -- Mark点拍照事件触发:触发类型[变化],消息[D500变为3].
2026-03-22 15:51:09 --INFO -- Read D530 is 2
2026-03-22 15:51:09 --INFO -- Reading D5000 is 432.94128
2026-03-22 15:51:09 --INFO -- Reading D5002 is 615.5238
2026-03-22 15:51:09 --INFO -- Reading D5004 is 306.8791
2026-03-22 15:51:09 --INFO -- Reading D5010 is -0.036926575
2026-03-22 15:51:09 --INFO -- Reading D5006 is 179.94423
2026-03-22 15:51:09 --INFO -- Reading D5008 is 0.15828393
2026-03-22 15:51:09 --INFO -- Read D532 is 1
2026-03-22 15:51:09 --INFO -- 查找模板计时:29.9127
2026-03-22 15:51:09 --INFO -- 转机械坐标:像素坐标[1867.225,1692.059],拍照机械坐标[432.9412841796875,615.5238037109375],转换定位机械坐标[707.6434737506135,614.3276051135144]
2026-03-22 15:51:10 --INFO -- 复位事件触发:触发类型[变化],消息[D500变为0].
2026-03-22 15:51:18 --INFO -- Mark点拍照事件触发:触发类型[变化],消息[D500变为3].
2026-03-22 15:51:19 --INFO -- Read D530 is 3
2026-03-22 15:51:19 --INFO -- Reading D5000 is -391.60355
2026-03-22 15:51:19 --INFO -- Reading D5002 is 635.4519
2026-03-22 15:51:19 --INFO -- Reading D5004 is 312.03867
2026-03-22 15:51:19 --INFO -- Reading D5010 is -0.044085443
2026-03-22 15:51:19 --INFO -- Reading D5006 is 179.95757
2026-03-22 15:51:19 --INFO -- Reading D5008 is 0.12758745
2026-03-22 15:51:19 --INFO -- Read D532 is 1
2026-03-22 15:51:19 --INFO -- 查找模板计时:28.3725
2026-03-22 15:51:19 --INFO -- 转机械坐标:像素坐标[1977.146,1672.633],拍照机械坐标[-391.6035461425781,635.451904296875],转换定位机械坐标[-114.87626502407699,624.1931755820929]
2026-03-22 15:51:19 --INFO -- 复位事件触发:触发类型[变化],消息[D500变为0].
2026-03-22 15:51:25 --INFO -- 写三轴坐标事件触发:触发类型[变化],消息[D500变为5].
2026-03-22 15:51:25 --INFO -- [Mark点间标定]首坐标表[1:724.5438893361182,1425.3150898276115;2:741.4271642968847,2359.989919344573;3:-83.12120497097732,2370.0241975302038],次坐标列表[1:697.256258553484,-327.54889724151417;2:707.6434737506135,614.3276051135144;3:-114.87626502407699,624.1931755820929].
2026-03-22 15:51:25 --INFO -- [Mark点间标定]标定信息：[平移X:-15.603624352099764;平移Y:-1764.0545005448791;X当量:0.9974557326028425;Y当量:1.0077232661504738;旋转角度:0.01713527673840206;倾斜角度:0.37541277294434466;RMS:7.905459861982307E-13]误差：2.2737367544323206E-13,列误差：2.842170943040401E-14.
2026-03-22 15:51:26 --INFO -- 复位事件触发:触发类型[变化],消息[D500变为0].
2026-03-22 15:54:10 --INFO -- Reading D5000 is 715.44336
2026-03-22 15:54:10 --INFO -- Reading D5002 is 570.5816
2026-03-22 15:54:29 --INFO -- 打开[测距仪]成功:.
2026-03-22 15:54:29 --INFO -- [Mark点间标定]首坐标表[1:724.5438893361182,1425.3150898276115;2:741.4271642968847,2359.989919344573;3:-83.12120497097732,2370.0241975302038],次坐标列表[1:697.256258553484,-327.54889724151417;2:707.6434737506135,614.3276051135144;3:-114.87626502407699,624.1931755820929].
2026-03-22 15:54:29 --INFO -- [Mark点间标定]标定信息：[平移X:-15.603624352099764;平移Y:-1764.0545005448791;X当量:0.9974557326028425;Y当量:1.0077232661504738;旋转角度:0.01713527673840206;倾斜角度:0.37541277294434466;RMS:7.905459861982307E-13]误差：2.2737367544323206E-13,列误差：2.842170943040401E-14.
2026-03-22 15:54:36 --INFO -- 打开[测距仪]成功:.
2026-03-22 15:54:36 --INFO -- [Mark点间标定]首坐标表[1:724.5438893361182,1425.3150898276115;2:741.4271642968847,2359.989919344573;3:-83.12120497097732,2370.0241975302038],次坐标列表[1:697.256258553484,-327.54889724151417;2:707.6434737506135,614.3276051135144;3:-114.87626502407699,624.1931755820929].
2026-03-22 15:54:36 --INFO -- [Mark点间标定]标定信息：[平移X:-15.603624352099764;平移Y:-1764.0545005448791;X当量:0.9974557326028425;Y当量:1.0077232661504738;旋转角度:0.01713527673840206;倾斜角度:0.37541277294434466;RMS:7.905459861982307E-13]误差：2.2737367544323206E-13,列误差：2.842170943040401E-14.
2026-03-22 15:55:13 --INFO -- 初始化PLC事件触发:触发类型[变化],消息[D500变为1].
2026-03-22 15:55:14 --INFO -- 复位事件触发:触发类型[变化],消息[D500变为0].
2026-03-22 15:55:27 --INFO -- 方向识别拍照事件触发:触发类型[变化],消息[D500变为2].
2026-03-22 15:55:28 --INFO -- 查找模板计时:270.0661
2026-03-22 15:55:28 --INFO -- 复位事件触发:触发类型[变化],消息[D500变为0].
2026-03-22 15:55:30 --INFO -- 方向识别拍照事件触发:触发类型[变化],消息[D500变为2].
2026-03-22 15:55:31 --INFO -- 查找模板计时:292.2646
2026-03-22 15:55:31 --INFO -- 复位事件触发:触发类型[变化],消息[D500变为0].
2026-03-22 15:55:34 --INFO -- Mark点拍照事件触发:触发类型[变化],消息[D500变为3].
2026-03-22 15:55:34 --INFO -- Read D530 is 1
2026-03-22 15:55:34 --INFO -- Reading D5000 is 407.29376
2026-03-22 15:55:34 --INFO -- Reading D5002 is -325.01306
2026-03-22 15:55:34 --INFO -- Reading D5004 is 299.89166
2026-03-22 15:55:34 --INFO -- Reading D5010 is -0.017018091
2026-03-22 15:55:34 --INFO -- Reading D5006 is 179.95935
2026-03-22 15:55:34 --INFO -- Reading D5008 is 0.15447631
2026-03-22 15:55:34 --INFO -- Read D532 is 1
2026-03-22 15:55:34 --INFO -- 查找模板计时:47.7524
2026-03-22 15:55:34 --INFO -- 转机械坐标:像素坐标[1885.329,1526.68],拍照机械坐标[407.29376220703125,-325.0130615234375],转换定位机械坐标[697.2510177526899,-327.5382847234048]
2026-03-22 15:55:35 --INFO -- 复位事件触发:触发类型[变化],消息[D500变为0].
2026-03-22 15:55:45 --INFO -- Mark点拍照事件触发:触发类型[变化],消息[D500变为3].
2026-03-22 15:55:45 --INFO -- Read D530 is 2
2026-03-22 15:55:45 --INFO -- Reading D5000 is 432.93884
2026-03-22 15:55:45 --INFO -- Reading D5002 is 615.5262
2026-03-22 15:55:45 --INFO -- Reading D5004 is 306.45663
2026-03-22 15:55:45 --INFO -- Reading D5010 is -0.036915734
2026-03-22 15:55:45 --INFO -- Reading D5006 is 179.94441
2026-03-22 15:55:45 --INFO -- Reading D5008 is 0.15771057
2026-03-22 15:55:45 --INFO -- Read D532 is 1
2026-03-22 15:55:46 --INFO -- 查找模板计时:31.2012
2026-03-22 15:55:46 --INFO -- 转机械坐标:像素坐标[1866.74,1692.123],拍照机械坐标[432.9388427734375,615.5261840820312],转换定位机械坐标[707.6340948057815,614.3744279302609]
2026-03-22 15:55:46 --INFO -- 复位事件触发:触发类型[变化],消息[D500变为0].
2026-03-22 15:55:55 --INFO -- Mark点拍照事件触发:触发类型[变化],消息[D500变为3].
2026-03-22 15:55:55 --INFO -- Read D530 is 3
2026-03-22 15:55:55 --INFO -- Reading D5000 is -391.59863
2026-03-22 15:55:55 --INFO -- Reading D5002 is 635.44836
2026-03-22 15:55:55 --INFO -- Reading D5004 is 312.4399
2026-03-22 15:55:55 --INFO -- Reading D5010 is -0.044081885
2026-03-22 15:55:55 --INFO -- Reading D5006 is 179.95723
2026-03-22 15:55:55 --INFO -- Reading D5008 is 0.1280042
2026-03-22 15:55:55 --INFO -- Read D532 is 1
2026-03-22 15:55:55 --INFO -- 查找模板计时:28.9009
2026-03-22 15:55:55 --INFO -- 转机械坐标:像素坐标[1976.966,1672.473],拍照机械坐标[-391.5986328125,635.4483642578125],转换定位机械坐标[-114.85702006244395,624.2065015887106]
2026-03-22 15:55:56 --INFO -- 复位事件触发:触发类型[变化],消息[D500变为0].
2026-03-22 15:56:01 --INFO -- 写三轴坐标事件触发:触发类型[变化],消息[D500变为5].
2026-03-22 15:56:01 --INFO -- [Mark点间标定]首坐标表[1:724.5438893361182,1425.3150898276115;2:741.4271642968847,2359.989919344573;3:-83.12120497097732,2370.0241975302038],次坐标列表[1:697.2510177526899,-327.5382847234048;2:707.6340948057815,614.3744279302609;3:-114.85702006244395,624.2065015887106].
2026-03-22 15:56:01 --INFO -- [Mark点间标定]标定信息：[平移X:-15.578263927707358;平移Y:-1764.1278176680391;X当量:0.9974209848533888;Y当量:1.0077612901984976;旋转角度:0.019496064329919523;倾斜角度:0.3732531957535755;RMS:2.7847474288855413E-13]误差：2.2737367544323206E-13,列误差：1.1368683772161603E-13.
2026-03-22 15:56:02 --INFO -- 复位事件触发:触发类型[变化],消息[D500变为0].
2026-03-22 17:07:36 --INFO -- Reading D5000 is 312.79953
2026-03-22 17:07:36 --INFO -- Reading D5002 is 244.82204
2026-03-22 17:08:10 --INFO -- 打开[测距仪]成功:.
2026-03-22 17:08:11 --INFO -- [Mark点间标定]首坐标表[1:724.5438893361182,1425.3150898276115;2:741.4271642968847,2359.989919344573;3:-83.12120497097732,2370.0241975302038],次坐标列表[1:697.2510177526899,-327.5382847234048;2:707.6340948057815,614.3744279302609;3:-114.85702006244395,624.2065015887106].
2026-03-22 17:08:11 --INFO -- [Mark点间标定]标定信息：[平移X:-15.578263927707358;平移Y:-1764.1278176680391;X当量:0.9974209848533888;Y当量:1.0077612901984976;旋转角度:0.019496064329919523;倾斜角度:0.3732531957535755;RMS:2.7847474288855413E-13]误差：2.2737367544323206E-13,列误差：1.1368683772161603E-13.
2026-03-22 17:09:08 --INFO -- 初始化PLC事件触发:触发类型[变化],消息[D500变为1].
2026-03-22 17:09:09 --INFO -- 复位事件触发:触发类型[变化],消息[D500变为0].
2026-03-22 17:09:18 --INFO -- 方向识别拍照事件触发:触发类型[变化],消息[D500变为2].
2026-03-22 17:09:18 --INFO -- 查找模板计时:246.3314
2026-03-22 17:09:19 --INFO -- 复位事件触发:触发类型[变化],消息[D500变为0].
2026-03-22 17:09:20 --INFO -- 方向识别拍照事件触发:触发类型[变化],消息[D500变为2].
2026-03-22 17:09:21 --INFO -- 查找模板计时:280.5613
2026-03-22 17:09:21 --INFO -- 复位事件触发:触发类型[变化],消息[D500变为0].
2026-03-22 17:09:23 --INFO -- Mark点拍照事件触发:触发类型[变化],消息[D500变为3].
2026-03-22 17:09:23 --INFO -- Read D530 is 1
2026-03-22 17:09:23 --INFO -- Reading D5000 is 407.30075
2026-03-22 17:09:23 --INFO -- Reading D5002 is -325.02036
2026-03-22 17:09:23 --INFO -- Reading D5004 is 301.4511
2026-03-22 17:09:23 --INFO -- Reading D5010 is -0.01702971
2026-03-22 17:09:23 --INFO -- Reading D5006 is 179.95877
2026-03-22 17:09:23 --INFO -- Reading D5008 is 0.15503116
2026-03-22 17:09:23 --INFO -- Read D532 is 1
2026-03-22 17:09:24 --INFO -- 查找模板计时:28.0966
2026-03-22 17:09:24 --INFO -- 转机械坐标:像素坐标[1876.767,1537.78],拍照机械坐标[407.3007507324219,-325.0203552246094],转换定位机械坐标[696.2182156818415,-326.7811899824501]
2026-03-22 17:09:24 --INFO -- 复位事件触发:触发类型[变化],消息[D500变为0].
2026-03-22 17:09:30 --INFO -- Mark点拍照事件触发:触发类型[变化],消息[D500变为3].
2026-03-22 17:09:30 --INFO -- Read D530 is 2
2026-03-22 17:09:30 --INFO -- Reading D5000 is 432.93362
2026-03-22 17:09:30 --INFO -- Reading D5002 is 615.52814
2026-03-22 17:09:30 --INFO -- Reading D5004 is 305.65497
2026-03-22 17:09:30 --INFO -- Reading D5010 is -0.036852363
2026-03-22 17:09:30 --INFO -- Reading D5006 is 179.94461
2026-03-22 17:09:30 --INFO -- Reading D5008 is 0.15759003
2026-03-22 17:09:31 --INFO -- Read D532 is 1
2026-03-22 17:09:31 --INFO -- 查找模板计时:37.4466
2026-03-22 17:09:31 --INFO -- 转机械坐标:像素坐标[1887.506,1651.062],拍照机械坐标[432.9336242675781,615.5281372070312],转换定位机械坐标[711.4516659048634,612.5510781111518]
2026-03-22 17:09:31 --INFO -- 复位事件触发:触发类型[变化],消息[D500变为0].
2026-03-22 17:09:37 --INFO -- Mark点拍照事件触发:触发类型[变化],消息[D500变为3].
2026-03-22 17:09:37 --INFO -- Read D530 is 3
2026-03-22 17:09:37 --INFO -- Reading D5000 is -391.60318
2026-03-22 17:09:37 --INFO -- Reading D5002 is 635.45197
2026-03-22 17:09:37 --INFO -- Reading D5004 is 312.03516
2026-03-22 17:09:37 --INFO -- Reading D5010 is -0.04399556
2026-03-22 17:09:37 --INFO -- Reading D5006 is 179.95781
2026-03-22 17:09:37 --INFO -- Reading D5008 is 0.12733214
2026-03-22 17:09:37 --INFO -- Read D532 is 1
2026-03-22 17:09:37 --INFO -- 查找模板计时:30.8492
2026-03-22 17:09:37 --INFO -- 转机械坐标:像素坐标[1923.308,1695.992],拍照机械坐标[-391.6031799316406,635.4519653320312],转换定位机械坐标[-117.14153390678536,629.0937212861277]
2026-03-22 17:09:38 --INFO -- 复位事件触发:触发类型[变化],消息[D500变为0].
2026-03-22 17:09:41 --INFO -- 写三轴坐标事件触发:触发类型[变化],消息[D500变为5].
2026-03-22 17:09:41 --INFO -- [Mark点间标定]首坐标表[1:724.5438893361182,1425.3150898276115;2:741.4271642968847,2359.989919344573;3:-83.12120497097732,2370.0241975302038],次坐标列表[1:696.2182156818415,-326.7811899824501;2:711.4516659048634,612.5510781111518;3:-117.14153390678536,629.0937212861277].
2026-03-22 17:09:41 --INFO -- [Mark点间标定]标定信息：[平移X:-29.222004304062516;平移Y:-1753.7263458514985;X当量:1.0049134682633538;Y当量:1.005126110702806;旋转角度:-0.44648752817495035;倾斜角度:0.5521342716666244;RMS:4.145576936541267E-13]误差：3.410605131648481E-13,列误差：1.5631940186722204E-13.
2026-03-22 17:09:41 --WARN -- 坐标解析执行失败:当前Mark点对比标准Mark点间距大于设定值[10]:4.628482249247213、4.148895401227151、12.190895973292982返回参数:写三轴坐标.PLC写入结果:2
2026-03-22 17:09:42 --INFO -- 复位事件触发:触发类型[变化],消息[D500变为0].
2026-03-22 17:12:31 --INFO -- 初始化PLC事件触发:触发类型[变化],消息[D500变为1].
2026-03-22 17:12:32 --INFO -- 复位事件触发:触发类型[变化],消息[D500变为0].
2026-03-22 17:12:40 --INFO -- 方向识别拍照事件触发:触发类型[变化],消息[D500变为2].
2026-03-22 17:12:40 --INFO -- 查找模板计时:239.4888
2026-03-22 17:12:41 --INFO -- 复位事件触发:触发类型[变化],消息[D500变为0].
2026-03-22 17:12:42 --INFO -- 方向识别拍照事件触发:触发类型[变化],消息[D500变为2].
2026-03-22 17:12:43 --INFO -- 查找模板计时:291.8844
2026-03-22 17:12:43 --INFO -- 复位事件触发:触发类型[变化],消息[D500变为0].
2026-03-22 17:12:45 --INFO -- Mark点拍照事件触发:触发类型[变化],消息[D500变为3].
2026-03-22 17:12:45 --INFO -- Read D530 is 1
2026-03-22 17:12:45 --INFO -- Reading D5000 is 407.30414
2026-03-22 17:12:45 --INFO -- Reading D5002 is -325.0232
2026-03-22 17:12:45 --INFO -- Reading D5004 is 300.30023
2026-03-22 17:12:45 --INFO -- Reading D5010 is -0.016978215
2026-03-22 17:12:45 --INFO -- Reading D5006 is 179.95848
2026-03-22 17:12:45 --INFO -- Reading D5008 is 0.15533014
2026-03-22 17:12:45 --INFO -- Read D532 is 1
2026-03-22 17:12:45 --INFO -- 查找模板计时:29.6585
2026-03-22 17:12:45 --INFO -- 转机械坐标:像素坐标[1879.985,1539.624],拍照机械坐标[407.30413818359375,-325.023193359375],转换定位机械坐标[696.0589046647923,-327.0834981013966]
2026-03-22 17:12:46 --INFO -- 复位事件触发:触发类型[变化],消息[D500变为0].
2026-03-22 17:12:52 --INFO -- Mark点拍照事件触发:触发类型[变化],消息[D500变为3].
2026-03-22 17:12:52 --INFO -- Read D530 is 2
2026-03-22 17:12:52 --INFO -- Reading D5000 is 432.93823
2026-03-22 17:12:52 --INFO -- Reading D5002 is 615.52637
2026-03-22 17:12:52 --INFO -- Reading D5004 is 306.43088
2026-03-22 17:12:52 --INFO -- Reading D5010 is -0.036798213
2026-03-22 17:12:52 --INFO -- Reading D5006 is 179.94449
2026-03-22 17:12:52 --INFO -- Reading D5008 is 0.15790342
2026-03-22 17:12:52 --INFO -- Read D532 is 1
2026-03-22 17:12:53 --INFO -- 查找模板计时:43.3722
2026-03-22 17:12:53 --INFO -- 转机械坐标:像素坐标[1888.357,1642.477],拍照机械坐标[432.938232421875,615.5263671875],转换定位机械坐标[712.2479886937979,612.4884776278734]
2026-03-22 17:12:53 --INFO -- 复位事件触发:触发类型[变化],消息[D500变为0].
2026-03-22 17:12:59 --INFO -- Mark点拍照事件触发:触发类型[变化],消息[D500变为3].
2026-03-22 17:12:59 --INFO -- Read D530 is 3
2026-03-22 17:12:59 --INFO -- Reading D5000 is -391.59436
2026-03-22 17:12:59 --INFO -- Reading D5002 is 635.4471
2026-03-22 17:12:59 --INFO -- Reading D5004 is 316.35443
2026-03-22 17:12:59 --INFO -- Reading D5010 is -0.044125352
2026-03-22 17:12:59 --INFO -- Reading D5006 is 179.95691
2026-03-22 17:12:59 --INFO -- Reading D5008 is 0.12861505
2026-03-22 17:12:59 --INFO -- Read D532 is 1
2026-03-22 17:12:59 --INFO -- 查找模板计时:44.3493
2026-03-22 17:12:59 --INFO -- 转机械坐标:像素坐标[1967.804,1664.785],拍照机械坐标[-391.5943603515625,635.4470825195312],转换定位机械坐标[-114.16522241175215,625.0627785647416]
2026-03-22 17:13:00 --INFO -- 复位事件触发:触发类型[变化],消息[D500变为0].
2026-03-22 17:13:03 --INFO -- 写三轴坐标事件触发:触发类型[变化],消息[D500变为5].
2026-03-22 17:13:03 --INFO -- [Mark点间标定]首坐标表[1:724.5438893361182,1425.3150898276115;2:741.4271642968847,2359.989919344573;3:-83.12120497097732,2370.0241975302038],次坐标列表[1:696.0589046647923,-327.0834981013966;2:712.2479886937979,612.4884776278734;3:-114.16522241175215,625.0627785647416].
2026-03-22 17:13:03 --INFO -- [Mark点间标定]标定信息：[平移X:-29.000167459278593;平移Y:-1757.7587708739488;X当量:1.002256657187309;Y当量:1.0052941971128604;旋转角度:-0.17241972058068034;倾斜角度:0.21706823644127587;RMS:4.653557693552231E-13]误差：2.2737367544323206E-13,列误差：2.2737367544323206E-13.
2026-03-22 17:13:04 --INFO -- 复位事件触发:触发类型[变化],消息[D500变为0].
2026-03-22 17:24:59 --ERROR-- 机器人异常，重连设备中。。。:Line[0],Message[Unable to read data from the transport connection: 由于连接方在一段时间后没有正确答复或连接的主机没有反应，连接尝试失败。.],Location[   at System.Net.Sockets.NetworkStream.Read(Byte[] buffer, Int32 offset, Int32 count)
   at Modbus.IO.TcpClientAdapter.Read(Byte[] buffer, Int32 offset, Int32 size) in C:\项目\类库\ReferenceLib\NModbus4\IO\TcpClientAdapter.cs:line 48
   at Modbus.IO.ModbusIpTransport.ReadRequestResponse(IStreamResource streamResource) in C:\项目\类库\ReferenceLib\NModbus4\IO\ModbusIpTransport.cs:line 36
   at Modbus.IO.ModbusIpTransport.ReadResponse[T]() in C:\项目\类库\ReferenceLib\NModbus4\IO\ModbusIpTransport.cs:line 140
   at Modbus.IO.ModbusTransport.UnicastMessage[T](IModbusMessage message) in C:\项目\类库\ReferenceLib\NModbus4\IO\ModbusTransport.cs:line 135
   at Modbus.Device.ModbusMaster.WriteMultipleRegisters(Byte slaveAddress, UInt16 startAddress, UInt16[] data) in C:\项目\类库\ReferenceLib\NModbus4\Device\ModbusMaster.cs:line 256
   at Driver.PLC.Modbus.PlcModbus.WriteEntity[T](String name, T[] ts)
   at Device.PlcPortBase.Write[T](String name, T[] ts) in F:\项目\Libraries\Class\Device\007 Plc\PlcPortBase.cs:line 352
   at Driver.PLC.Modbus.PlcModbus.MonitoringIo()]
2026-03-22 17:25:10 --ERROR-- 打开机器人异常:Line[0],Message[TcpClientPort Open failed. Details:连接失败，请检查该IP地址是否能Ping通],Location[   at Device.PortTcpClient.Open() in F:\项目\Libraries\Class\Device\000 Base\Connecor\PortTcpClient.cs:line 124
   at Driver.PLC.Modbus.PlcModbus.Open(String& msg)]

 ----------------------application shutdown--------------------------
