
----------------------application startup--------------------------
2026-03-29 09:25:36 --INFO -- 打开[相机1(DA0014462)]成功. 
2026-03-29 09:25:36 --INFO -- 打开[测距仪]成功:.
2026-03-29 09:25:36 --INFO -- 打开[机器人]成功:.
2026-03-29 09:41:15 --INFO -- 初始化PLC事件触发:触发类型[变化],消息[D500变为1].
2026-03-29 09:41:16 --INFO -- 复位事件触发:触发类型[变化],消息[D500变为0].
2026-03-29 09:41:37 --INFO -- 方向识别拍照事件触发:触发类型[变化],消息[D500变为2].
2026-03-29 09:41:38 --INFO -- 查找模板计时:259.1011
2026-03-29 09:41:38 --INFO -- 复位事件触发:触发类型[变化],消息[D500变为0].
2026-03-29 09:41:41 --INFO -- 方向识别拍照事件触发:触发类型[变化],消息[D500变为2].
2026-03-29 09:41:41 --INFO -- 查找模板计时:218.1411
2026-03-29 09:41:42 --INFO -- 复位事件触发:触发类型[变化],消息[D500变为0].
2026-03-29 09:41:44 --INFO -- Mark点拍照事件触发:触发类型[变化],消息[D500变为3].
2026-03-29 09:41:44 --INFO -- Read D530 is 1
2026-03-29 09:41:44 --INFO -- Reading D5000 is 478.25595
2026-03-29 09:41:44 --INFO -- Reading D5002 is 1438.4573
2026-03-29 09:41:44 --INFO -- Reading D5004 is 56.53394
2026-03-29 09:41:44 --INFO -- Reading D5010 is 0
2026-03-29 09:41:44 --INFO -- Reading D5006 is 179.2602
2026-03-29 09:41:44 --INFO -- Reading D5008 is 0.00823178
2026-03-29 09:41:44 --INFO -- Read D532 is 2
2026-03-29 09:41:44 --INFO -- 查找模板计时:41.1433
2026-03-29 09:41:44 --INFO -- 转机械坐标:像素坐标[2022.04,1807.479],拍照机械坐标[478.2559509277344,1438.457275390625],转换定位机械坐标[742.6736687448208,1422.7997945627287]
2026-03-29 09:41:45 --INFO -- 复位事件触发:触发类型[变化],消息[D500变为0].
2026-03-29 09:41:54 --INFO -- Mark点拍照事件触发:触发类型[变化],消息[D500变为3].
2026-03-29 09:41:55 --INFO -- Read D530 is 2
2026-03-29 09:41:55 --INFO -- Reading D5000 is 486.89346
2026-03-29 09:41:55 --INFO -- Reading D5002 is 2376.2815
2026-03-29 09:41:55 --INFO -- Reading D5004 is 57.351788
2026-03-29 09:41:55 --INFO -- Reading D5010 is 0
2026-03-29 09:41:55 --INFO -- Reading D5006 is 179.25656
2026-03-29 09:41:55 --INFO -- Reading D5008 is 0
2026-03-29 09:41:55 --INFO -- Read D532 is 2
2026-03-29 09:41:55 --INFO -- 查找模板计时:42.436
2026-03-29 09:41:55 --INFO -- 转机械坐标:像素坐标[2013.959,1765.721],拍照机械坐标[486.8934631347656,2376.281494140625],转换定位机械坐标[755.1356979438381,2361.4511897043726]
2026-03-29 09:41:55 --INFO -- 复位事件触发:触发类型[变化],消息[D500变为0].
2026-03-29 09:42:03 --INFO -- Mark点拍照事件触发:触发类型[变化],消息[D500变为3].
2026-03-29 09:42:03 --INFO -- Read D530 is 3
2026-03-29 09:42:03 --INFO -- Reading D5000 is -340.87363
2026-03-29 09:42:03 --INFO -- Reading D5002 is 2386.5598
2026-03-29 09:42:03 --INFO -- Reading D5004 is 64.66449
2026-03-29 09:42:03 --INFO -- Reading D5010 is 0
2026-03-29 09:42:03 --INFO -- Reading D5006 is 179.2598
2026-03-29 09:42:03 --INFO -- Reading D5008 is 0
2026-03-29 09:42:03 --INFO -- Read D532 is 2
2026-03-29 09:42:04 --INFO -- 查找模板计时:51.4354
2026-03-29 09:42:04 --INFO -- 转机械坐标:像素坐标[1940.236,1736.043],拍照机械坐标[-340.8736267089844,2386.559814453125],转换定位机械坐标[-70.06030541416584,2378.5648009766905]
2026-03-29 09:42:04 --INFO -- 复位事件触发:触发类型[变化],消息[D500变为0].
2026-03-29 09:42:12 --INFO -- 写三轴坐标事件触发:触发类型[变化],消息[D500变为5].
2026-03-29 09:42:12 --INFO -- [Mark点间标定]首坐标表[1:714.7334843835995,-317.6336983918343;2:725.8285565276506,619.8178226864809;3:-95.99445350563525,633.2824897865062],次坐标列表[1:742.6736687448208,1422.7997945627287;2:755.1356979438381,2361.4511897043726;3:-70.06030541416584,2378.5648009766905].
2026-03-29 09:42:12 --INFO -- [Mark点间标定]标定信息：[平移X:25.437859022695452;平移Y:1744.0145116082513;X当量:1.0041370922144823;Y当量:1.0013332149839032;旋转角度:-0.2521039910801618;倾斜角度:0.17146373028074727;RMS:2.9030982671058916E-13]误差：2.2737367544323206E-13,列误差：1.5631940186722204E-13.
2026-03-29 09:42:13 --INFO -- 复位事件触发:触发类型[变化],消息[D500变为0].
2026-03-29 10:00:28 --INFO -- 初始化PLC事件触发:触发类型[变化],消息[D500变为1].
2026-03-29 10:00:29 --INFO -- 复位事件触发:触发类型[变化],消息[D500变为0].
2026-03-29 10:00:40 --INFO -- 方向识别拍照事件触发:触发类型[变化],消息[D500变为2].
2026-03-29 10:00:41 --INFO -- 查找模板计时:248.1031
2026-03-29 10:00:41 --INFO -- 复位事件触发:触发类型[变化],消息[D500变为0].
2026-03-29 10:00:43 --INFO -- 方向识别拍照事件触发:触发类型[变化],消息[D500变为2].
2026-03-29 10:00:43 --INFO -- 查找模板计时:249.4506
2026-03-29 10:00:44 --INFO -- 复位事件触发:触发类型[变化],消息[D500变为0].
2026-03-29 10:00:46 --INFO -- Mark点拍照事件触发:触发类型[变化],消息[D500变为3].
2026-03-29 10:00:46 --INFO -- Read D530 is 1
2026-03-29 10:00:46 --INFO -- Reading D5000 is 478.23138
2026-03-29 10:00:46 --INFO -- Reading D5002 is 1438.451
2026-03-29 10:00:46 --INFO -- Reading D5004 is 53.084877
2026-03-29 10:00:46 --INFO -- Reading D5010 is 0
2026-03-29 10:00:46 --INFO -- Reading D5006 is 179.25981
2026-03-29 10:00:46 --INFO -- Reading D5008 is 0.007162268
2026-03-29 10:00:46 --INFO -- Read D532 is 2
2026-03-29 10:00:46 --INFO -- 查找模板计时:40.5597
2026-03-29 10:00:46 --INFO -- 转机械坐标:像素坐标[2005.893,1808.881],拍照机械坐标[478.23138427734375,1438.4510498046875],转换定位机械坐标[742.4851805984667,1424.2746567711201]
2026-03-29 10:00:47 --INFO -- 复位事件触发:触发类型[变化],消息[D500变为0].
2026-03-29 10:00:52 --INFO -- Mark点拍照事件触发:触发类型[变化],消息[D500变为3].
2026-03-29 10:00:52 --INFO -- Read D530 is 2
2026-03-29 10:00:52 --INFO -- Reading D5000 is 486.89017
2026-03-29 10:00:52 --INFO -- Reading D5002 is 2376.2764
2026-03-29 10:00:52 --INFO -- Reading D5004 is 56.17983
2026-03-29 10:00:52 --INFO -- Reading D5010 is 0
2026-03-29 10:00:52 --INFO -- Reading D5006 is 179.2563
2026-03-29 10:00:52 --INFO -- Reading D5008 is 0
2026-03-29 10:00:52 --INFO -- Read D532 is 2
2026-03-29 10:00:53 --INFO -- 查找模板计时:42.14
2026-03-29 10:00:53 --INFO -- 转机械坐标:像素坐标[2021.709,1751.492],拍照机械坐标[486.8901672363281,2376.2763671875],转换定位机械坐标[756.4583237473042,2360.762631485662]
2026-03-29 10:00:53 --INFO -- 复位事件触发:触发类型[变化],消息[D500变为0].
2026-03-29 10:00:58 --INFO -- Mark点拍照事件触发:触发类型[变化],消息[D500变为3].
2026-03-29 10:00:58 --INFO -- Read D530 is 3
2026-03-29 10:00:58 --INFO -- Reading D5000 is -340.86966
2026-03-29 10:00:58 --INFO -- Reading D5002 is 2386.563
2026-03-29 10:00:58 --INFO -- Reading D5004 is 60.36701
2026-03-29 10:00:58 --INFO -- Reading D5010 is 0
2026-03-29 10:00:58 --INFO -- Reading D5006 is 179.26012
2026-03-29 10:00:58 --INFO -- Reading D5008 is 0
2026-03-29 10:00:58 --INFO -- Read D532 is 2
2026-03-29 10:00:59 --INFO -- 查找模板计时:41.8912
2026-03-29 10:00:59 --INFO -- 转机械坐标:像素坐标[1968.273,1731.499],拍照机械坐标[-340.8696594238281,2386.56298828125],转换定位机械坐标[-69.57761285445264,2376.0005438410176]
2026-03-29 10:00:59 --INFO -- 复位事件触发:触发类型[变化],消息[D500变为0].
2026-03-29 10:01:03 --INFO -- 写三轴坐标事件触发:触发类型[变化],消息[D500变为5].
2026-03-29 10:01:03 --INFO -- [Mark点间标定]首坐标表[1:714.7334843835995,-317.6336983918343;2:725.8285565276506,619.8178226864809;3:-95.99445350563525,633.2824897865062],次坐标列表[1:742.4851805984667,1424.2746567711201;2:756.4583237473042,2360.762631485662;3:-69.57761285445264,2376.0005438410176].
2026-03-29 10:01:03 --INFO -- [Mark点间标定]标定信息：[平移X:25.008221572564732;平移Y:1743.143966248759;X当量:1.0051779664354665;Y当量:0.999002426600743;旋转角度:-0.12392606244336676;倾斜角度:-0.048640518212905035;RMS:3.426358587911243E-13]误差：2.2737367544323206E-13,列误差：1.8474111129762605E-13.
2026-03-29 10:01:05 --INFO -- 复位事件触发:触发类型[变化],消息[D500变为0].
2026-03-29 10:25:19 --INFO -- 初始化PLC事件触发:触发类型[变化],消息[D500变为1].
2026-03-29 10:25:20 --INFO -- 复位事件触发:触发类型[变化],消息[D500变为0].
2026-03-29 10:28:28 --INFO -- 初始化PLC事件触发:触发类型[变化],消息[D500变为1].
2026-03-29 10:28:29 --INFO -- 复位事件触发:触发类型[变化],消息[D500变为0].
2026-03-29 10:52:24 --INFO -- 初始化PLC事件触发:触发类型[变化],消息[D500变为1].
2026-03-29 10:52:25 --INFO -- 复位事件触发:触发类型[变化],消息[D500变为0].
2026-03-29 10:53:16 --INFO -- 方向识别拍照事件触发:触发类型[变化],消息[D500变为2].
2026-03-29 10:53:16 --INFO -- 查找模板计时:231.4148
2026-03-29 10:53:17 --INFO -- 复位事件触发:触发类型[变化],消息[D500变为0].
2026-03-29 10:53:18 --INFO -- 方向识别拍照事件触发:触发类型[变化],消息[D500变为2].
2026-03-29 10:53:19 --INFO -- 查找模板计时:328.7425
2026-03-29 10:53:19 --WARN -- 方向判断执行失败:返回参数:方向识别拍照.写入方向:0;方向识别拍照.写入结果:2;全局.电池角度:-90
2026-03-29 10:53:19 --INFO -- 复位事件触发:触发类型[变化],消息[D500变为0].
2026-03-29 10:53:47 --INFO -- 初始化PLC事件触发:触发类型[变化],消息[D500变为1].
2026-03-29 10:53:48 --INFO -- 复位事件触发:触发类型[变化],消息[D500变为0].
2026-03-29 10:53:55 --INFO -- 方向识别拍照事件触发:触发类型[变化],消息[D500变为2].
2026-03-29 10:53:56 --INFO -- 查找模板计时:276.1263
2026-03-29 10:53:56 --INFO -- 复位事件触发:触发类型[变化],消息[D500变为0].
2026-03-29 10:53:58 --INFO -- 方向识别拍照事件触发:触发类型[变化],消息[D500变为2].
2026-03-29 10:53:58 --INFO -- 查找模板计时:228.6713
2026-03-29 10:53:59 --INFO -- 复位事件触发:触发类型[变化],消息[D500变为0].
2026-03-29 10:54:01 --INFO -- Mark点拍照事件触发:触发类型[变化],消息[D500变为3].
2026-03-29 10:54:01 --INFO -- Read D530 is 1
2026-03-29 10:54:01 --INFO -- Reading D5000 is 478.23083
2026-03-29 10:54:01 --INFO -- Reading D5002 is 1438.4514
2026-03-29 10:54:01 --INFO -- Reading D5004 is 48.08698
2026-03-29 10:54:01 --INFO -- Reading D5010 is 0
2026-03-29 10:54:01 --INFO -- Reading D5006 is 179.25989
2026-03-29 10:54:01 --INFO -- Reading D5008 is 0.007127027
2026-03-29 10:54:01 --INFO -- Read D532 is 2
2026-03-29 10:54:01 --INFO -- 查找模板计时:46.6522
2026-03-29 10:54:01 --INFO -- 转机械坐标:像素坐标[2018.312,1777.25],拍照机械坐标[478.2308349609375,1438.451416015625],转换定位机械坐标[745.4217458333189,1423.1977300870826]
2026-03-29 10:54:01 --INFO -- 复位事件触发:触发类型[变化],消息[D500变为0].
2026-03-29 13:11:16 --INFO -- 初始化PLC事件触发:触发类型[变化],消息[D500变为1].
2026-03-29 13:11:17 --INFO -- 复位事件触发:触发类型[变化],消息[D500变为0].
2026-03-29 13:11:24 --INFO -- 方向识别拍照事件触发:触发类型[变化],消息[D500变为2].
2026-03-29 13:11:24 --INFO -- 查找模板计时:241.0877
2026-03-29 13:11:25 --INFO -- 复位事件触发:触发类型[变化],消息[D500变为0].
2026-03-29 13:11:26 --INFO -- 方向识别拍照事件触发:触发类型[变化],消息[D500变为2].
2026-03-29 13:11:27 --INFO -- 查找模板计时:229.6982
2026-03-29 13:11:27 --INFO -- 复位事件触发:触发类型[变化],消息[D500变为0].
2026-03-29 13:11:29 --INFO -- Mark点拍照事件触发:触发类型[变化],消息[D500变为3].
2026-03-29 13:11:29 --INFO -- Read D530 is 1
2026-03-29 13:11:29 --INFO -- Reading D5000 is 478.25626
2026-03-29 13:11:29 --INFO -- Reading D5002 is 1438.4575
2026-03-29 13:11:29 --INFO -- Reading D5004 is 46.96285
2026-03-29 13:11:29 --INFO -- Reading D5010 is 0
2026-03-29 13:11:29 --INFO -- Reading D5006 is 179.2602
2026-03-29 13:11:29 --INFO -- Reading D5008 is 0.008363552
2026-03-29 13:11:29 --INFO -- Read D532 is 2
2026-03-29 13:11:29 --INFO -- 查找模板计时:37.5725
2026-03-29 13:11:29 --INFO -- 转机械坐标:像素坐标[2006.77,1778.173],拍照机械坐标[478.2562561035156,1438.45751953125],转换定位机械坐标[745.3372778804782,1424.2626868009668]
2026-03-29 13:11:30 --INFO -- 复位事件触发:触发类型[变化],消息[D500变为0].
2026-03-29 13:11:39 --INFO -- Mark点拍照事件触发:触发类型[变化],消息[D500变为3].
2026-03-29 13:11:40 --INFO -- Read D530 is 2
2026-03-29 13:11:40 --INFO -- Reading D5000 is 486.88693
2026-03-29 13:11:40 --INFO -- Reading D5002 is 2376.2742
2026-03-29 13:11:40 --INFO -- Reading D5004 is 51.941803
2026-03-29 13:11:40 --INFO -- Reading D5010 is 0
2026-03-29 13:11:40 --INFO -- Reading D5006 is 179.25613
2026-03-29 13:11:40 --INFO -- Reading D5008 is 0
2026-03-29 13:11:40 --INFO -- Read D532 is 2
2026-03-29 13:11:40 --INFO -- 查找模板计时:39.6753
2026-03-29 13:11:40 --INFO -- 转机械坐标:像素坐标[2017.334,1742.878],拍照机械坐标[486.8869323730469,2376.274169921875],转换定位机械坐标[757.2381669713641,2361.1799371475095]
2026-03-29 13:11:41 --INFO -- 复位事件触发:触发类型[变化],消息[D500变为0].
2026-03-29 13:11:48 --INFO -- Mark点拍照事件触发:触发类型[变化],消息[D500变为3].
2026-03-29 13:11:48 --INFO -- Read D530 is 3
2026-03-29 13:11:48 --INFO -- Reading D5000 is -340.8679
2026-03-29 13:11:48 --INFO -- Reading D5002 is 2386.5696
2026-03-29 13:11:48 --INFO -- Reading D5004 is 53.034576
2026-03-29 13:11:48 --INFO -- Reading D5010 is 0
2026-03-29 13:11:48 --INFO -- Reading D5006 is 179.26028
2026-03-29 13:11:48 --INFO -- Reading D5008 is 0
2026-03-29 13:11:48 --INFO -- Read D532 is 2
2026-03-29 13:11:49 --INFO -- 查找模板计时:40.8736
2026-03-29 13:11:49 --INFO -- 转机械坐标:像素坐标[1969.45,1723.136],拍照机械坐标[-340.8678894042969,2386.569580078125],转换定位机械坐标[-68.80384839731653,2375.915896083566]
2026-03-29 13:11:49 --INFO -- 复位事件触发:触发类型[变化],消息[D500变为0].
2026-03-29 13:11:57 --INFO -- 写三轴坐标事件触发:触发类型[变化],消息[D500变为5].
2026-03-29 13:11:57 --INFO -- [Mark点间标定]首坐标表[1:714.7334843835995,-317.6336983918343;2:725.8285565276506,619.8178226864809;3:-95.99445350563525,633.2824897865062],次坐标列表[1:745.3372778804782,1424.2626868009668;2:757.2381669713641,2361.1799371475095;3:-68.80384839731653,2375.915896083566].
2026-03-29 13:11:57 --INFO -- [Mark点间标定]标定信息：[平移X:27.178886759921856;平移Y:1742.8333006710807;X当量:1.0051480048674888;Y当量:0.9994488161122079;旋转角度:-0.0886929602961787;倾斜角度:0.04290739569764798;RMS:3.4459491339993465E-13]误差：2.2737367544323206E-13,列误差：1.4210854715202004E-13.
2026-03-29 13:11:58 --INFO -- 复位事件触发:触发类型[变化],消息[D500变为0].
2026-03-29 13:26:29 --INFO -- 初始化PLC事件触发:触发类型[变化],消息[D500变为1].
2026-03-29 13:26:30 --INFO -- 复位事件触发:触发类型[变化],消息[D500变为0].
2026-03-29 13:26:41 --INFO -- 方向识别拍照事件触发:触发类型[变化],消息[D500变为2].
2026-03-29 13:26:42 --INFO -- 查找模板计时:245.7283
2026-03-29 13:26:42 --INFO -- 复位事件触发:触发类型[变化],消息[D500变为0].
2026-03-29 13:26:45 --INFO -- 方向识别拍照事件触发:触发类型[变化],消息[D500变为2].
2026-03-29 13:26:45 --INFO -- 查找模板计时:237.3383
2026-03-29 13:26:46 --INFO -- 复位事件触发:触发类型[变化],消息[D500变为0].
2026-03-29 13:26:48 --INFO -- Mark点拍照事件触发:触发类型[变化],消息[D500变为3].
2026-03-29 13:26:48 --INFO -- Read D530 is 1
2026-03-29 13:26:48 --INFO -- Reading D5000 is 478.2617
2026-03-29 13:26:48 --INFO -- Reading D5002 is 1438.4597
2026-03-29 13:26:48 --INFO -- Reading D5004 is 47.322445
2026-03-29 13:26:48 --INFO -- Reading D5010 is 0
2026-03-29 13:26:48 --INFO -- Reading D5006 is 179.26035
2026-03-29 13:26:48 --INFO -- Reading D5008 is 0.008834434
2026-03-29 13:26:48 --INFO -- Read D532 is 2
2026-03-29 13:26:48 --INFO -- 查找模板计时:41.8133
2026-03-29 13:26:48 --INFO -- 转机械坐标:像素坐标[2006.218,1778.389],拍照机械坐标[478.2616882324219,1438.459716796875],转换定位机械坐标[745.3216425862499,1424.315176209807]
2026-03-29 13:27:19 --INFO -- 复位事件触发:触发类型[变化],消息[D500变为0].
2026-03-29 13:27:28 --INFO -- Mark点拍照事件触发:触发类型[变化],消息[D500变为3].
2026-03-29 13:27:28 --INFO -- Read D530 is 2
2026-03-29 13:27:28 --INFO -- Reading D5000 is 486.90607
2026-03-29 13:27:28 --INFO -- Reading D5002 is 2376.291
2026-03-29 13:27:28 --INFO -- Reading D5004 is 51.600983
2026-03-29 13:27:28 --INFO -- Reading D5010 is 0
2026-03-29 13:27:28 --INFO -- Reading D5006 is 179.25723
2026-03-29 13:27:28 --INFO -- Reading D5008 is 0
2026-03-29 13:27:28 --INFO -- Read D532 is 2
2026-03-29 13:27:28 --INFO -- 查找模板计时:41.6241
2026-03-29 13:27:28 --INFO -- 转机械坐标:像素坐标[2012.103,1742.187],拍照机械坐标[486.90606689453125,2376.291015625],转换定位机械坐标[757.3095622764762,2361.6789157319095]
2026-03-29 13:27:31 --INFO -- 复位事件触发:触发类型[变化],消息[D500变为0].
2026-03-29 13:27:39 --INFO -- Mark点拍照事件触发:触发类型[变化],消息[D500变为3].
2026-03-29 13:27:39 --INFO -- Read D530 is 3
2026-03-29 13:27:39 --INFO -- Reading D5000 is -340.87308
2026-03-29 13:27:39 --INFO -- Reading D5002 is 2386.5596
2026-03-29 13:27:39 --INFO -- Reading D5004 is 52.60644
2026-03-29 13:27:39 --INFO -- Reading D5010 is 0
2026-03-29 13:27:39 --INFO -- Reading D5006 is 179.25969
2026-03-29 13:27:40 --INFO -- Reading D5008 is 0
2026-03-29 13:27:40 --INFO -- Read D532 is 2
2026-03-29 13:27:40 --INFO -- 查找模板计时:41.6868
2026-03-29 13:27:40 --INFO -- 转机械坐标:像素坐标[1969.721,1722.92],拍照机械坐标[-340.8730773925781,2386.5595703125],转换定位机械坐标[-68.7885768133695,2375.881418359219]
2026-03-29 13:27:40 --INFO -- 复位事件触发:触发类型[变化],消息[D500变为0].
2026-03-29 13:27:48 --INFO -- 写三轴坐标事件触发:触发类型[变化],消息[D500变为5].
2026-03-29 13:27:48 --INFO -- [Mark点间标定]首坐标表[1:714.7334843835995,-317.6336983918343;2:725.8285565276506,619.8178226864809;3:-95.99445350563525,633.2824897865062],次坐标列表[1:745.3216425862499,1424.315176209807;2:757.3095622764762,2361.6789157319095;3:-68.7885768133695,2375.881418359219].
2026-03-29 13:27:48 --INFO -- [Mark点间标定]标定信息：[平移X:27.14258951276031;平移Y:1742.56517417206;X当量:1.0052170019636961;Y当量:0.9999174001027195;旋转角度:-0.051250890197046234;倾斜角度:0.00021448286874462154;RMS:1.3531440247604773E-13]误差：0,列误差：1.1368683772161603E-13.
2026-03-29 13:27:49 --INFO -- 复位事件触发:触发类型[变化],消息[D500变为0].
2026-03-29 14:17:17 --INFO -- 初始化PLC事件触发:触发类型[变化],消息[D500变为1].
2026-03-29 14:17:18 --INFO -- 复位事件触发:触发类型[变化],消息[D500变为0].
2026-03-29 14:17:25 --INFO -- 方向识别拍照事件触发:触发类型[变化],消息[D500变为2].
2026-03-29 14:17:25 --INFO -- 查找模板计时:232.4317
2026-03-29 14:17:26 --INFO -- 复位事件触发:触发类型[变化],消息[D500变为0].
2026-03-29 14:17:27 --INFO -- 方向识别拍照事件触发:触发类型[变化],消息[D500变为2].
2026-03-29 14:17:28 --INFO -- 查找模板计时:237.13
2026-03-29 14:17:28 --INFO -- 复位事件触发:触发类型[变化],消息[D500变为0].
2026-03-29 14:17:30 --INFO -- Mark点拍照事件触发:触发类型[变化],消息[D500变为3].
2026-03-29 14:17:30 --INFO -- Read D530 is 1
2026-03-29 14:17:30 --INFO -- Reading D5000 is 478.24704
2026-03-29 14:17:30 --INFO -- Reading D5002 is 1438.4545
2026-03-29 14:17:30 --INFO -- Reading D5004 is 46.531857
2026-03-29 14:17:30 --INFO -- Reading D5010 is 0
2026-03-29 14:17:30 --INFO -- Reading D5006 is 179.26004
2026-03-29 14:17:30 --INFO -- Reading D5008 is 0.0077725174
2026-03-29 14:17:30 --INFO -- Read D532 is 2
2026-03-29 14:17:31 --INFO -- 查找模板计时:43.9887
2026-03-29 14:17:31 --INFO -- 转机械坐标:像素坐标[2006.797,1782.378],拍照机械坐标[478.2470397949219,1438.4544677734375],转换定位机械坐标[744.941233637311,1424.2486421797223]
2026-03-29 14:17:31 --INFO -- 复位事件触发:触发类型[变化],消息[D500变为0].
2026-03-29 14:17:37 --INFO -- Mark点拍照事件触发:触发类型[变化],消息[D500变为3].
2026-03-29 14:17:37 --INFO -- Read D530 is 2
2026-03-29 14:17:37 --INFO -- Reading D5000 is 486.88275
2026-03-29 14:17:37 --INFO -- Reading D5002 is 2376.2703
2026-03-29 14:17:37 --INFO -- Reading D5004 is 51.55062
2026-03-29 14:17:37 --INFO -- Reading D5010 is 0
2026-03-29 14:17:37 --INFO -- Reading D5006 is 179.25581
2026-03-29 14:17:37 --INFO -- Reading D5008 is 0
2026-03-29 14:17:37 --INFO -- Read D532 is 2
2026-03-29 14:17:37 --INFO -- 查找模板计时:42.9566
2026-03-29 14:17:37 --INFO -- 转机械坐标:像素坐标[2012.211,1749.011],拍照机械坐标[486.88275146484375,2376.270263671875],转换定位机械坐标[756.6586297235733,2361.6344256936222]
2026-03-29 14:17:38 --INFO -- 复位事件触发:触发类型[变化],消息[D500变为0].
2026-03-29 14:17:43 --INFO -- Mark点拍照事件触发:触发类型[变化],消息[D500变为3].
2026-03-29 14:17:43 --INFO -- Read D530 is 3
2026-03-29 14:17:43 --INFO -- Reading D5000 is -340.85837
2026-03-29 14:17:43 --INFO -- Reading D5002 is 2386.5867
2026-03-29 14:17:43 --INFO -- Reading D5004 is 53.4539
2026-03-29 14:17:43 --INFO -- Reading D5010 is 0
2026-03-29 14:17:43 --INFO -- Reading D5006 is 179.26132
2026-03-29 14:17:43 --INFO -- Reading D5008 is 0
2026-03-29 14:17:43 --INFO -- Read D532 is 2
2026-03-29 14:17:43 --INFO -- 查找模板计时:39.1433
2026-03-29 14:17:43 --INFO -- 转机械坐标:像素坐标[1970.517,1722.871],拍照机械坐标[-340.8583679199219,2386.586669921875],转换定位机械坐标[-68.76763715007081,2375.8354639458776]
2026-03-29 14:17:44 --INFO -- 复位事件触发:触发类型[变化],消息[D500变为0].
2026-03-29 14:17:48 --INFO -- 写三轴坐标事件触发:触发类型[变化],消息[D500变为5].
2026-03-29 14:17:48 --INFO -- [Mark点间标定]首坐标表[1:714.7334843835995,-317.6336983918343;2:725.8285565276506,619.8178226864809;3:-95.99445350563525,633.2824897865062],次坐标列表[1:744.941233637311,1424.2486421797223;2:756.6586297235733,2361.6344256936222;3:-68.76763715007081,2375.8354639458776].
2026-03-29 14:17:48 --INFO -- [Mark点间标定]标定信息：[平移X:27.261198134692524;平移Y:1742.5045524745385;X当量:1.0043948929882722;Y当量:0.9999406797610985;旋转角度:-0.05116923971317751;倾斜角度:0.016111528622858477;RMS:2.5474055405062763E-13]误差：4.547473508864641E-13,列误差：2.2737367544323206E-13.
2026-03-29 14:17:49 --INFO -- 复位事件触发:触发类型[变化],消息[D500变为0].
2026-03-29 14:20:50 --INFO -- 打开[测距仪]成功:.
2026-03-29 14:20:50 --INFO -- [Mark点间标定]首坐标表[1:714.7334843835995,-317.6336983918343;2:725.8285565276506,619.8178226864809;3:-95.99445350563525,633.2824897865062],次坐标列表[1:744.941233637311,1424.2486421797223;2:756.6586297235733,2361.6344256936222;3:-68.76763715007081,2375.8354639458776].
2026-03-29 14:20:50 --INFO -- [Mark点间标定]标定信息：[平移X:27.261198134692524;平移Y:1742.5045524745385;X当量:1.0043948929882722;Y当量:0.9999406797610985;旋转角度:-0.05116923971317751;倾斜角度:0.016111528622858477;RMS:2.5474055405062763E-13]误差：4.547473508864641E-13,列误差：2.2737367544323206E-13.
2026-03-29 14:20:54 --INFO -- Reading D5000 is 764.40533
2026-03-29 14:20:54 --INFO -- Reading D5002 is 2310.3184
2026-03-29 14:20:59 --INFO -- 打开[测距仪]成功:.
2026-03-29 14:20:59 --INFO -- [Mark点间标定]首坐标表[1:714.7334843835995,-317.6336983918343;2:725.8285565276506,619.8178226864809;3:-95.99445350563525,633.2824897865062],次坐标列表[1:744.941233637311,1424.2486421797223;2:756.6586297235733,2361.6344256936222;3:-68.76763715007081,2375.8354639458776].
2026-03-29 14:20:59 --INFO -- [Mark点间标定]标定信息：[平移X:27.261198134692524;平移Y:1742.5045524745385;X当量:1.0043948929882722;Y当量:0.9999406797610985;旋转角度:-0.05116923971317751;倾斜角度:0.016111528622858477;RMS:2.5474055405062763E-13]误差：4.547473508864641E-13,列误差：2.2737367544323206E-13.
2026-03-29 14:22:08 --INFO -- 初始化PLC事件触发:触发类型[变化],消息[D500变为1].
2026-03-29 14:22:09 --INFO -- 复位事件触发:触发类型[变化],消息[D500变为0].
2026-03-29 14:22:16 --INFO -- 方向识别拍照事件触发:触发类型[变化],消息[D500变为2].
2026-03-29 14:22:16 --INFO -- 查找模板计时:247.6763
2026-03-29 14:22:17 --INFO -- 复位事件触发:触发类型[变化],消息[D500变为0].
2026-03-29 14:22:18 --INFO -- 方向识别拍照事件触发:触发类型[变化],消息[D500变为2].
2026-03-29 14:22:19 --INFO -- 查找模板计时:241.2104
2026-03-29 14:22:19 --INFO -- 复位事件触发:触发类型[变化],消息[D500变为0].
2026-03-29 14:22:21 --INFO -- Mark点拍照事件触发:触发类型[变化],消息[D500变为3].
2026-03-29 14:22:21 --INFO -- Read D530 is 1
2026-03-29 14:22:21 --INFO -- Reading D5000 is 478.25394
2026-03-29 14:22:21 --INFO -- Reading D5002 is 1438.4557
2026-03-29 14:22:21 --INFO -- Reading D5004 is 46.54789
2026-03-29 14:22:21 --INFO -- Reading D5010 is 0
2026-03-29 14:22:21 --INFO -- Reading D5006 is 179.26006
2026-03-29 14:22:21 --INFO -- Reading D5008 is 0.007989248
2026-03-29 14:22:21 --INFO -- Read D532 is 2
2026-03-29 14:22:21 --INFO -- 查找模板计时:44.542
2026-03-29 14:22:21 --INFO -- 转机械坐标:像素坐标[2004.671,1782.45],拍照机械坐标[478.2539367675781,1438.4556884765625],转换定位机械坐标[744.9369072585077,1424.4450986967292]
2026-03-29 14:22:22 --INFO -- 复位事件触发:触发类型[变化],消息[D500变为0].
2026-03-29 14:22:28 --INFO -- Mark点拍照事件触发:触发类型[变化],消息[D500变为3].
2026-03-29 14:22:28 --INFO -- Read D530 is 2
2026-03-29 14:22:28 --INFO -- Reading D5000 is 486.88156
2026-03-29 14:22:28 --INFO -- Reading D5002 is 2376.2676
2026-03-29 14:22:28 --INFO -- Reading D5004 is 51.528378
2026-03-29 14:22:28 --INFO -- Reading D5010 is 0
2026-03-29 14:22:28 --INFO -- Reading D5006 is 179.25586
2026-03-29 14:22:28 --INFO -- Reading D5008 is 0
2026-03-29 14:22:28 --INFO -- Read D532 is 2
2026-03-29 14:22:28 --INFO -- 查找模板计时:41.2276
2026-03-29 14:22:28 --INFO -- 转机械坐标:像素坐标[2011.402,1746.905],拍照机械坐标[486.8815612792969,2376.267578125],转换定位机械坐标[756.8494547251166,2361.7103509183657]
2026-03-29 14:22:29 --INFO -- 复位事件触发:触发类型[变化],消息[D500变为0].
2026-03-29 14:22:34 --INFO -- Mark点拍照事件触发:触发类型[变化],消息[D500变为3].
2026-03-29 14:22:34 --INFO -- Read D530 is 3
2026-03-29 14:22:34 --INFO -- Reading D5000 is -340.8611
2026-03-29 14:22:34 --INFO -- Reading D5002 is 2386.5813
2026-03-29 14:22:34 --INFO -- Reading D5004 is 53.83825
2026-03-29 14:22:34 --INFO -- Reading D5010 is 0
2026-03-29 14:22:34 --INFO -- Reading D5006 is 179.2611
2026-03-29 14:22:34 --INFO -- Reading D5008 is 0
2026-03-29 14:22:34 --INFO -- Read D532 is 2
2026-03-29 14:22:34 --INFO -- 查找模板计时:41.1828
2026-03-29 14:22:34 --INFO -- 转机械坐标:像素坐标[1970.087,1722.531],拍照机械坐标[-340.8611145019531,2386.581298828125],转换定位机械坐标[-68.74003176564594,2375.8702984972883]
2026-03-29 14:22:35 --INFO -- 复位事件触发:触发类型[变化],消息[D500变为0].
2026-03-29 14:22:39 --INFO -- 写三轴坐标事件触发:触发类型[变化],消息[D500变为5].
2026-03-29 14:22:39 --INFO -- [Mark点间标定]首坐标表[1:714.7334843835995,-317.6336983918343;2:725.8285565276506,619.8178226864809;3:-95.99445350563525,633.2824897865062],次坐标列表[1:744.9369072585077,1424.4450986967292;2:756.8494547251166,2361.7103509183657;3:-68.74003176564594,2375.8702984972883].
2026-03-29 14:22:39 --INFO -- [Mark点间标定]标定信息：[平移X:27.177874333476556;平移Y:1742.6257657373521;X当量:1.0045968295763137;Y当量:0.999811686810936;旋转角度:-0.04842797859440948;倾斜角度:0.0015730947999231804;RMS:2.326417180675108E-13]误差：2.2737367544323206E-13,列误差：8.526512829121202E-14.
2026-03-29 14:22:40 --INFO -- 复位事件触发:触发类型[变化],消息[D500变为0].
2026-03-29 14:59:29 --INFO -- Reading D5000 is 346.46274
2026-03-29 14:59:29 --INFO -- Reading D5002 is 1989.1656
2026-03-29 14:59:34 --INFO -- 打开[测距仪]成功:.
2026-03-29 14:59:34 --INFO -- [Mark点间标定]首坐标表[1:714.7334843835995,-317.6336983918343;2:725.8285565276506,619.8178226864809;3:-95.99445350563525,633.2824897865062],次坐标列表[1:744.9369072585077,1424.4450986967292;2:756.8494547251166,2361.7103509183657;3:-68.74003176564594,2375.8702984972883].
2026-03-29 14:59:34 --INFO -- [Mark点间标定]标定信息：[平移X:27.177874333476556;平移Y:1742.6257657373521;X当量:1.0045968295763137;Y当量:0.999811686810936;旋转角度:-0.04842797859440948;倾斜角度:0.0015730947999231804;RMS:2.326417180675108E-13]误差：2.2737367544323206E-13,列误差：8.526512829121202E-14.
2026-03-29 15:07:16 --INFO -- 初始化PLC事件触发:触发类型[变化],消息[D500变为1].
2026-03-29 15:07:17 --INFO -- 复位事件触发:触发类型[变化],消息[D500变为0].
2026-03-29 15:07:22 --INFO -- 方向识别拍照事件触发:触发类型[变化],消息[D500变为2].
2026-03-29 15:07:23 --INFO -- 查找模板计时:208.1717
2026-03-29 15:07:23 --INFO -- 复位事件触发:触发类型[变化],消息[D500变为0].
2026-03-29 15:07:24 --INFO -- 方向识别拍照事件触发:触发类型[变化],消息[D500变为2].
2026-03-29 15:07:25 --INFO -- 查找模板计时:196.1585
2026-03-29 15:07:26 --INFO -- 复位事件触发:触发类型[变化],消息[D500变为0].
2026-03-29 15:07:27 --INFO -- Mark点拍照事件触发:触发类型[变化],消息[D500变为3].
2026-03-29 15:07:27 --INFO -- Read D530 is 1
2026-03-29 15:07:27 --INFO -- Reading D5000 is 407.28354
2026-03-29 15:07:27 --INFO -- Reading D5002 is -325.0026
2026-03-29 15:07:27 --INFO -- Reading D5004 is 37.534733
2026-03-29 15:07:27 --INFO -- Reading D5010 is 0
2026-03-29 15:07:27 --INFO -- Reading D5006 is 179.95918
2026-03-29 15:07:27 --INFO -- Reading D5008 is 0
2026-03-29 15:07:27 --INFO -- Read D532 is 1
2026-03-29 15:07:27 --INFO -- 查找模板计时:31.7759
2026-03-29 15:07:27 --INFO -- 转机械坐标:像素坐标[1655.389,1387.387],拍照机械坐标[407.2835388183594,-325.0025939941406],转换定位机械坐标[709.5592234759862,-306.1141489549077]
2026-03-29 15:07:28 --INFO -- 复位事件触发:触发类型[变化],消息[D500变为0].
2026-03-29 15:07:34 --INFO -- Mark点拍照事件触发:触发类型[变化],消息[D500变为3].
2026-03-29 15:07:34 --INFO -- Read D530 is 2
2026-03-29 15:07:34 --INFO -- Reading D5000 is 433.0055
2026-03-29 15:07:34 --INFO -- Reading D5002 is 615.506
2026-03-29 15:07:34 --INFO -- Reading D5004 is 41.81452
2026-03-29 15:07:34 --INFO -- Reading D5010 is 0
2026-03-29 15:07:34 --INFO -- Reading D5006 is 179.94322
2026-03-29 15:07:34 --INFO -- Reading D5008 is 0.006178155
2026-03-29 15:07:34 --INFO -- Read D532 is 1
2026-03-29 15:07:34 --INFO -- 查找模板计时:38.3306
2026-03-29 15:07:34 --INFO -- 转机械坐标:像素坐标[1709.324,1615.46],拍照机械坐标[433.0054931640625,615.5059814453125],转换定位机械坐标[714.4137037694467,628.9760922108642]
2026-03-29 15:07:35 --INFO -- 复位事件触发:触发类型[变化],消息[D500变为0].
2026-03-29 15:07:41 --INFO -- Mark点拍照事件触发:触发类型[变化],消息[D500变为3].
2026-03-29 15:07:41 --INFO -- Read D530 is 3
2026-03-29 15:07:41 --INFO -- Reading D5000 is -391.56415
2026-03-29 15:07:41 --INFO -- Reading D5002 is 635.42755
2026-03-29 15:07:41 --INFO -- Reading D5004 is 55.145638
2026-03-29 15:07:41 --INFO -- Reading D5010 is 0
2026-03-29 15:07:41 --INFO -- Reading D5006 is 179.95593
2026-03-29 15:07:41 --INFO -- Reading D5008 is 0
2026-03-29 15:07:41 --INFO -- Read D532 is 1
2026-03-29 15:07:41 --INFO -- 查找模板计时:38.1677
2026-03-29 15:07:41 --INFO -- 转机械坐标:像素坐标[1830.018,1589.804],拍照机械坐标[-391.56414794921875,635.4275512695312],转换定位机械坐标[-107.53434293582399,637.8576927435804]
2026-03-29 15:07:42 --INFO -- 复位事件触发:触发类型[变化],消息[D500变为0].
2026-03-29 15:07:45 --INFO -- 写三轴坐标事件触发:触发类型[变化],消息[D500变为5].
2026-03-29 15:07:45 --INFO -- [Mark点间标定]首坐标表[1:714.7334843835995,-317.6336983918343;2:725.8285565276506,619.8178226864809;3:-95.99445350563525,633.2824897865062],次坐标列表[1:709.5592234759862,-306.1141489549077;2:714.4137037694467,628.9760922108642;3:-107.53434293582399,637.8576927435804].
2026-03-29 15:07:45 --INFO -- [Mark点间标定]标定信息：[平移X:-7.319686095016117;平移Y:6.7430823549305785;X当量:1.0000583837443102;Y当量:0.9974378882121999;旋转角度:0.3170789273093536;倾斜角度:0.06534953892650272;RMS:1.3531440247604773E-13]误差：5.684341886080802E-14,列误差：1.2789769243681803E-13.
2026-03-29 15:07:46 --INFO -- 复位事件触发:触发类型[变化],消息[D500变为0].
