
----------------------application startup--------------------------
2026-02-01 13:03:16 --INFO -- 打开[相机1(DA0014462)]成功. 
2026-02-01 13:03:16 --INFO -- 打开[机器人]成功:.
2026-02-01 13:13:01 --INFO -- 初始化PLC事件触发:触发类型[变化],消息[D450变为1].
2026-02-01 13:13:04 --INFO -- 复位事件触发:触发类型[变化],消息[D450变为0].
2026-02-01 13:13:48 --INFO -- Mark点拍照事件触发:触发类型[变化],消息[D450变为3].
2026-02-01 13:13:48 --INFO -- 查找模板计时:129.9016
2026-02-01 13:13:48 --INFO -- 转机械坐标:像素坐标[1994.011,1569.983],拍照机械坐标[-1363.98876953125,1510.7713623046875],转换定位机械坐标[-1356.2485810457547,1786.2951224868366]
2026-02-01 13:13:53 --INFO -- 复位事件触发:触发类型[变化],消息[D450变为0].
2026-02-01 13:14:32 --INFO -- Mark点拍照事件触发:触发类型[变化],消息[D450变为3].
2026-02-01 13:14:33 --INFO -- 查找模板计时:189.574
2026-02-01 13:14:33 --INFO -- 转机械坐标:像素坐标[2016.011,1625.983],拍照机械坐标[-426.70770263671875,1533.110595703125],转换定位机械坐标[-416.58410221236363,1802.551468957106]
2026-02-01 13:14:37 --INFO -- 复位事件触发:触发类型[变化],消息[D450变为0].
2026-02-01 13:15:13 --INFO -- Mark点拍照事件触发:触发类型[变化],消息[D450变为3].
2026-02-01 13:15:13 --INFO -- 查找模板计时:159.8154
2026-02-01 13:15:13 --INFO -- 转机械坐标:像素坐标[1929.267,1647.271],拍照机械坐标[-412.0780029296875,679.1734008789062],转换定位机械坐标[-411.39270138742836,946.1862626592327]
2026-02-01 13:15:18 --INFO -- 复位事件触发:触发类型[变化],消息[D450变为0].
2026-02-01 13:16:05 --INFO -- 电芯拍照事件触发:触发类型[变化],消息[D450变为4].
2026-02-01 13:16:05 --INFO -- 查找模板计时:176.4796
2026-02-01 13:16:05 --INFO -- 转机械坐标:像素坐标[1987.997,1549.527],拍照机械坐标[-1207.386474609375,1510.716552734375],转换定位机械坐标[-1200.2969583909294,1788.4647636097557]
2026-02-01 13:16:10 --INFO -- 复位事件触发:触发类型[变化],消息[D450变为0].
2026-02-01 13:16:21 --INFO -- 电芯拍照事件触发:触发类型[变化],消息[D450变为4].
2026-02-01 13:16:21 --INFO -- 查找模板计时:150.1502
2026-02-01 13:16:21 --INFO -- 转机械坐标:像素坐标[2016.567,1510.982],拍照机械坐标[-976.0275268554688,1511.0357666015625],转换定位机械坐标[-965.8241086486208,1793.024002672038]
2026-02-01 13:16:26 --INFO -- 复位事件触发:触发类型[变化],消息[D450变为0].
2026-02-01 13:16:30 --INFO -- 电芯拍照事件触发:触发类型[变化],消息[D450变为4].
2026-02-01 13:16:31 --INFO -- 查找模板计时:183.9191
2026-02-01 13:16:31 --INFO -- 转机械坐标:像素坐标[2025.289,1568.943],拍照机械坐标[-898.4234619140625,1518.156494140625],转换定位机械坐标[-887.2811443484915,1793.8317514849914]
2026-02-01 13:16:35 --INFO -- 复位事件触发:触发类型[变化],消息[D450变为0].
2026-02-01 13:16:46 --INFO -- 电芯拍照事件触发:触发类型[变化],消息[D450变为4].
2026-02-01 13:16:46 --INFO -- 查找模板计时:141.7367
2026-02-01 13:16:47 --INFO -- 转机械坐标:像素坐标[2005.879,1599.394],拍照机械坐标[-661.379638671875,1525.3468017578125],转换定位机械坐标[-652.3535734736743,1797.6762328671011]
2026-02-01 13:16:51 --INFO -- 复位事件触发:触发类型[变化],消息[D450变为0].
2026-02-01 13:16:55 --INFO -- 电芯拍照事件触发:触发类型[变化],消息[D450变为4].
2026-02-01 13:16:56 --INFO -- 查找模板计时:181.4406
2026-02-01 13:16:56 --INFO -- 转机械坐标:像素坐标[2026.061,1587.235],拍照机械坐标[-585.019775390625,1525.302978515625],转换定位机械坐标[-573.7965680941682,1798.9835050220308]
2026-02-01 13:17:00 --INFO -- 复位事件触发:触发类型[变化],消息[D450变为0].
2026-02-01 13:17:05 --INFO -- 电芯拍照事件触发:触发类型[变化],消息[D450变为4].
2026-02-01 13:17:05 --INFO -- 查找模板计时:196.3039
2026-02-01 13:17:05 --INFO -- 转机械坐标:像素坐标[2015.198,1623.77],拍照机械坐标[-505.1122741699219,1530.341064453125],转换定位机械坐标[-495.07672750451707,1800.0223889346007]
2026-02-01 13:17:10 --INFO -- 复位事件触发:触发类型[变化],消息[D450变为0].
2026-02-01 13:17:18 --INFO -- 电芯拍照事件触发:触发类型[变化],消息[D450变为4].
2026-02-01 13:17:19 --INFO -- 查找模板计时:146.8177
2026-02-01 13:17:19 --INFO -- 转机械坐标:像素坐标[1990.85,1607.022],拍照机械坐标[-501.85809326171875,1358.5560302734375],转换定位机械坐标[-494.46794154701297,1630.0349669313232]
2026-02-01 13:17:23 --INFO -- 复位事件触发:触发类型[变化],消息[D450变为0].
2026-02-01 13:17:28 --INFO -- 电芯拍照事件触发:触发类型[变化],消息[D450变为4].
2026-02-01 13:17:28 --INFO -- 查找模板计时:174.6684
2026-02-01 13:17:28 --INFO -- 转机械坐标:像素坐标[1977.184,1610.69],拍照机械坐标[-579.25830078125,1358.3017578125],转换定位机械坐标[-573.3551496329957,1629.3638960315761]
2026-02-01 13:17:33 --INFO -- 复位事件触发:触发类型[变化],消息[D450变为0].
2026-02-01 13:17:38 --INFO -- 电芯拍照事件触发:触发类型[变化],消息[D450变为4].
2026-02-01 13:17:38 --INFO -- 查找模板计时:166.9754
2026-02-01 13:17:38 --INFO -- 转机械坐标:像素坐标[2009.578,1628.721],拍照机械坐标[-661.118896484375,1358.3834228515625],转换定位机械坐标[-651.6954423741175,1627.5177562554495]
2026-02-01 13:17:43 --INFO -- 复位事件触发:触发类型[变化],消息[D450变为0].
2026-02-01 13:17:53 --INFO -- 电芯拍照事件触发:触发类型[变化],消息[D450变为4].
2026-02-01 13:17:54 --INFO -- 查找模板计时:177.8147
2026-02-01 13:17:54 --INFO -- 转机械坐标:像素坐标[1979.061,1639.952],拍照机械坐标[-893.2056274414062,1355.3118896484375],转换定位机械坐标[-887.1032464213372,1623.1838062465035]
2026-02-01 13:17:58 --INFO -- 复位事件触发:触发类型[变化],消息[D450变为0].
2026-02-01 13:18:03 --INFO -- 电芯拍照事件触发:触发类型[变化],消息[D450变为4].
2026-02-01 13:18:03 --INFO -- 查找模板计时:175.0696
2026-02-01 13:18:03 --INFO -- 转机械坐标:像素坐标[1993.888,1565.216],拍照机械坐标[-973.3359985351562,1346],转换定位机械坐标[-965.6083862939771,1622.043693539074]
2026-02-01 13:18:08 --INFO -- 复位事件触发:触发类型[变化],消息[D450变为0].
2026-02-01 13:18:18 --INFO -- 电芯拍照事件触发:触发类型[变化],消息[D450变为4].
2026-02-01 13:18:19 --INFO -- 查找模板计时:153.4959
2026-02-01 13:18:19 --INFO -- 转机械坐标:像素坐标[2003.431,1550.953],拍照机械坐标[-1209.10205078125,1340.7569580078125],转换定位机械坐标[-1200.3340942019813,1618.3683582807698]
2026-02-01 13:18:24 --INFO -- 复位事件触发:触发类型[变化],消息[D450变为0].
2026-02-01 13:18:28 --INFO -- 电芯拍照事件触发:触发类型[变化],消息[D450变为4].
2026-02-01 13:18:28 --INFO -- 查找模板计时:177.2993
2026-02-01 13:18:28 --INFO -- 转机械坐标:像素坐标[1998.172,1566.248],拍照机械坐标[-1286.0240478515625,1340.6939697265625],转换定位机械坐标[-1277.8306596053899,1616.6302804953302]
2026-02-01 13:18:33 --INFO -- 复位事件触发:触发类型[变化],消息[D450变为0].
2026-02-01 13:19:07 --INFO -- 电芯拍照事件触发:触发类型[变化],消息[D450变为4].
2026-02-01 13:19:07 --INFO -- 查找模板计时:187.0477
2026-02-01 13:19:07 --INFO -- 转机械坐标:像素坐标[1932.98,1568.48],拍照机械坐标[-494.6973876953125,1184.169677734375],转换定位机械坐标[-493.5949879255612,1459.7832056339073]
2026-02-01 13:19:11 --INFO -- 复位事件触发:触发类型[变化],消息[D450变为0].
2026-02-01 13:19:16 --INFO -- 电芯拍照事件触发:触发类型[变化],消息[D450变为4].
2026-02-01 13:19:17 --INFO -- 查找模板计时:161.5772
2026-02-01 13:19:17 --INFO -- 转机械坐标:像素坐标[1976.98,1573.48],拍照机械坐标[-578.4140014648438,1183.685791015625],转换定位机械坐标[-572.5267792726042,1458.8073173052658]
2026-02-01 13:19:21 --INFO -- 复位事件触发:触发类型[变化],消息[D450变为0].
2026-02-01 13:19:26 --INFO -- 电芯拍照事件触发:触发类型[变化],消息[D450变为4].
2026-02-01 13:19:26 --INFO -- 查找模板计时:178.9349
2026-02-01 13:19:26 --INFO -- 转机械坐标:像素坐标[1955.98,1595.48],拍照机械坐标[-654.7852172851562,1183.908935546875],转换定位机械坐标[-651.1857623872811,1456.6047120482813]
2026-02-01 13:19:31 --INFO -- 复位事件触发:触发类型[变化],消息[D450变为0].
2026-02-01 13:19:41 --INFO -- 电芯拍照事件触发:触发类型[变化],消息[D450变为4].
2026-02-01 13:19:42 --INFO -- 查找模板计时:183.9046
2026-02-01 13:19:42 --INFO -- 转机械坐标:像素坐标[1977.98,1563.48],拍照机械坐标[-892.4583740234375,1176.6715087890625],转换定位机械坐标[-886.4607046452107,1452.885257779937]
2026-02-01 13:19:47 --INFO -- 复位事件触发:触发类型[变化],消息[D450变为0].
2026-02-01 13:19:51 --INFO -- 电芯拍照事件触发:触发类型[变化],消息[D450变为4].
2026-02-01 13:19:52 --INFO -- 查找模板计时:150.3347
2026-02-01 13:19:52 --INFO -- 转机械坐标:像素坐标[1966.772,1589.191],拍照机械坐标[-969.7332153320312,1177.5440673828125],转换定位机械坐标[-964.9589098245079,1450.9391005546418]
2026-02-01 13:19:56 --INFO -- 复位事件触发:触发类型[变化],消息[D450变为0].
2026-02-01 13:20:07 --INFO -- 电芯拍照事件触发:触发类型[变化],消息[D450变为4].
2026-02-01 13:20:07 --INFO -- 查找模板计时:156.9078
2026-02-01 13:20:07 --INFO -- 转机械坐标:像素坐标[1984.98,1552.48],拍照机械坐标[-1206.202880859375,1169.6451416015625],转换定位机械坐标[-1199.4420056104645,1447.0675096642503]
2026-02-01 13:20:12 --INFO -- 复位事件触发:触发类型[变化],消息[D450变为0].
2026-02-01 13:20:13 --INFO -- 电芯拍照事件触发:触发类型[变化],消息[D450变为4].
2026-02-01 13:20:13 --INFO -- 查找模板计时:167.4398
2026-02-01 13:20:13 --INFO -- 转机械坐标:像素坐标[1984.98,1552.48],拍照机械坐标[-1206.2872314453125,1169.6375732421875],转换定位机械坐标[-1199.526356196402,1447.0599413048753]
2026-02-01 13:20:18 --INFO -- 复位事件触发:触发类型[变化],消息[D450变为0].
2026-02-01 13:20:22 --INFO -- 电芯拍照事件触发:触发类型[变化],消息[D450变为4].
2026-02-01 13:20:23 --INFO -- 查找模板计时:148.6143
2026-02-01 13:20:23 --INFO -- 转机械坐标:像素坐标[1970.157,1562.458],拍照机械坐标[-1283.0831298828125,1169.5950927734375],转换定位机械坐标[-1277.9361578062653,1445.9108302835425]
2026-02-01 13:20:28 --INFO -- 复位事件触发:触发类型[变化],消息[D450变为0].
2026-02-01 13:20:35 --INFO -- 电芯拍照事件触发:触发类型[变化],消息[D450变为4].
2026-02-01 13:20:35 --ERROR-- Set Exposure Time Fail!
2026-02-01 13:20:36 --INFO -- 查找模板计时:106.1796
2026-02-01 13:20:36 --INFO -- 转机械坐标:像素坐标[1970.157,1562.458],拍照机械坐标[-1280.1251220703125,1003.8531494140625],转换定位机械坐标[-1274.9781499937653,1280.1688869241675]
2026-02-01 13:20:40 --INFO -- 复位事件触发:触发类型[变化],消息[D450变为0].
2026-02-01 13:20:45 --INFO -- 电芯拍照事件触发:触发类型[变化],消息[D450变为4].
2026-02-01 13:20:45 --ERROR-- Set Exposure Time Fail!
2026-02-01 13:20:45 --INFO -- 查找模板计时:104.4442
2026-02-01 13:20:45 --INFO -- 转机械坐标:像素坐标[1970.157,1562.458],拍照机械坐标[-1201.4578857421875,1003.6425170898438],转换定位机械坐标[-1196.3109136656403,1279.9582545999488]
2026-02-01 13:20:50 --INFO -- 复位事件触发:触发类型[变化],消息[D450变为0].
2026-02-01 13:22:47 --ERROR-- Stop Grabbing Fail!Tip:-2147483130
2026-02-01 13:22:49 --INFO -- 打开[相机1(DA0014462)]成功. 
