
----------------------application startup--------------------------
2026-03-13 14:44:49 --INFO -- 打开[相机1(DA0014462)]成功. 
2026-03-13 14:44:51 --ERROR-- 测距仪打开失败,提示:System.Exception: TcpClientPort Open failed. Details:由于目标计算机积极拒绝，无法连接。 [::ffff:192.168.1.111]:8222
   at Device.PortTcpClient.Open() in F:\项目\Libraries\Class\Device\000 Base\Connecor\PortTcpServer.cs:line 31
   at Device.DevicePort.Open(String& msg) in F:\项目\Libraries\Class\Device\000 Base\Simulator\DeviceSimulateActionManager.cs:line 21
2026-03-13 14:44:51 --INFO -- 打开[机器人]成功:测距仪打开失败,提示:System.Exception: TcpClientPort Open failed. Details:由于目标计算机积极拒绝，无法连接。 [::ffff:192.168.1.111]:8222
   at Device.PortTcpClient.Open() in F:\项目\Libraries\Class\Device\000 Base\Connecor\PortTcpServer.cs:line 31
   at Device.DevicePort.Open(String& msg) in F:\项目\Libraries\Class\Device\000 Base\Simulator\DeviceSimulateActionManager.cs:line 21.
2026-03-13 14:44:51 --INFO -- 初始化PLC事件触发:触发类型[变化],消息[D500变为1].
2026-03-13 14:44:55 --INFO -- [机器人]停止监控！
2026-03-13 14:45:07 --INFO -- 打开[测距仪]成功:.
2026-03-13 14:45:11 --INFO -- 打开[相机1(DA0014462)]成功. 
2026-03-13 14:45:11 --INFO -- 打开[机器人]成功:.
2026-03-13 14:45:11 --INFO -- 初始化PLC事件触发:触发类型[变化],消息[D500变为1].
2026-03-13 14:45:18 --WARN -- [计算赋值]Assignment failed，[测距.写入结果] not exist！
2026-03-13 14:48:55 --INFO -- [机器人]停止监控！

 ----------------------application shutdown--------------------------

----------------------application startup--------------------------
2026-03-13 15:44:49 --INFO -- 打开[相机1(DA0014462)]成功. 
2026-03-13 15:44:49 --INFO -- 打开[测距仪]成功:.
2026-03-13 15:44:49 --INFO -- 打开[机器人]成功:.
2026-03-13 15:44:49 --INFO -- 初始化PLC事件触发:触发类型[变化],消息[D500变为1].
2026-03-13 15:46:54 --INFO -- 复位事件触发:触发类型[变化],消息[D500变为0].
2026-03-13 15:48:03 --INFO -- 初始化PLC事件触发:触发类型[变化],消息[D500变为1].
2026-03-13 15:48:10 --INFO -- 复位事件触发:触发类型[变化],消息[D500变为0].
2026-03-13 15:48:43 --INFO -- 测距事件触发:触发类型[变化],消息[D500变为9].
2026-03-13 15:48:48 --INFO -- 复位事件触发:触发类型[变化],消息[D500变为0].
2026-03-13 16:17:04 --INFO -- [机器人]停止监控！

 ----------------------application shutdown--------------------------
