
----------------------application startup--------------------------
2026-04-18 15:28:25 --INFO -- ด๒ฟช[ฯเป๚1(DA0014462)]ณษนฆ. 
2026-04-18 15:37:35 --INFO -- อผฯ๑ฒษผฏStop continuous operation
2026-04-18 15:44:44 --INFO -- ด๒ฟช[ฯเป๚1(DA0014462)]ณษนฆ. 
2026-04-18 15:44:55 --INFO -- อผฯ๑ฒษผฏStop continuous operation
2026-04-18 15:45:00 --INFO -- ฒ้ีาฤฃฐๅผฦสฑ:18.1793
2026-04-18 15:45:19 --INFO -- ฒ้ีาฤฃฐๅผฦสฑ:13.7441
2026-04-18 15:45:36 --INFO -- ฒ้ีาฤฃฐๅผฦสฑ:17.0963
2026-04-18 15:45:42 --INFO -- ฒ้ีาฤฃฐๅผฦสฑ:18.8633
2026-04-18 15:47:56 --INFO -- ด๒ฟช[PLC]ณษนฆ:.
2026-04-18 15:47:56 --DEBUG-- ถมหซืึD820ึต:79801
2026-04-18 15:47:56 --DEBUG-- ถมหซืึD822ึต:30723
2026-04-18 15:47:56 --DEBUG-- ถมหซืึD824ึต:126196
2026-04-18 15:51:52 --DEBUG-- ถมหซืึD820ึต:79800
2026-04-18 15:51:52 --DEBUG-- ถมหซืึD822ึต:30723
2026-04-18 15:51:52 --DEBUG-- ถมหซืึD824ึต:126196
2026-04-18 15:52:28 --INFO -- ฒ้ีาฤฃฐๅผฦสฑ:21.6554
2026-04-18 15:52:30 --INFO -- ฒ้ีาฤฃฐๅผฦสฑ:11.456
2026-04-18 15:54:09 --INFO -- ฒ้ีาฤฃฐๅผฦสฑ:20.2513
2026-04-18 15:54:13 --INFO -- ฒ้ีาฤฃฐๅผฦสฑ:12.677
2026-04-18 15:54:29 --DEBUG-- ถมหซืึD820ึต:81400
2026-04-18 15:54:29 --DEBUG-- ถมหซืึD822ึต:30723
2026-04-18 15:54:29 --DEBUG-- ถมหซืึD824ึต:126196
2026-04-18 15:56:01 --INFO -- ฒ้ีาฤฃฐๅผฦสฑ:20.1014
2026-04-18 15:56:10 --INFO -- ฒ้ีาฤฃฐๅผฦสฑ:11.4571
2026-04-18 15:57:06 --DEBUG-- ถมหซืึD820ึต:81400
2026-04-18 15:57:06 --DEBUG-- ถมหซืึD822ึต:32723
2026-04-18 15:57:06 --DEBUG-- ถมหซืึD824ึต:126196
2026-04-18 15:58:03 --INFO -- ฒ้ีาฤฃฐๅผฦสฑ:19.3005
2026-04-18 15:58:06 --INFO -- ฒ้ีาฤฃฐๅผฦสฑ:12.2488
2026-04-18 15:58:50 --DEBUG-- ถมหซืึD820ึต:79800
2026-04-18 15:58:50 --DEBUG-- ถมหซืึD822ึต:32723
2026-04-18 15:58:50 --DEBUG-- ถมหซืึD824ึต:126196
2026-04-18 15:59:26 --INFO -- ฒ้ีาฤฃฐๅผฦสฑ:20.035
2026-04-18 15:59:27 --INFO -- ฒ้ีาฤฃฐๅผฦสฑ:12.0771
2026-04-18 15:59:56 --DEBUG-- ถมหซืึD820ึต:78200
2026-04-18 15:59:56 --DEBUG-- ถมหซืึD822ึต:32723
2026-04-18 15:59:56 --DEBUG-- ถมหซืึD824ึต:126196
2026-04-18 16:00:43 --INFO -- ฒ้ีาฤฃฐๅผฦสฑ:20.4713
2026-04-18 16:00:46 --INFO -- ฒ้ีาฤฃฐๅผฦสฑ:12.5874
2026-04-18 16:01:07 --DEBUG-- ถมหซืึD820ึต:78200
2026-04-18 16:01:07 --DEBUG-- ถมหซืึD822ึต:30723
2026-04-18 16:01:07 --DEBUG-- ถมหซืึD824ึต:126196
2026-04-18 16:01:47 --INFO -- ฒ้ีาฤฃฐๅผฦสฑ:21.0709
2026-04-18 16:01:52 --INFO -- ฒ้ีาฤฃฐๅผฦสฑ:13.1306
2026-04-18 16:03:20 --INFO -- ฒ้ีาฤฃฐๅผฦสฑ:17.3921
2026-04-18 16:03:29 --DEBUG-- ถมหซืึD820ึต:78200
2026-04-18 16:03:29 --DEBUG-- ถมหซืึD822ึต:28723
2026-04-18 16:03:29 --DEBUG-- ถมหซืึD824ึต:126196
2026-04-18 16:04:12 --INFO -- ฒ้ีาฤฃฐๅผฦสฑ:18.8409
2026-04-18 16:04:15 --INFO -- ฒ้ีาฤฃฐๅผฦสฑ:10.7166
2026-04-18 16:05:17 --INFO -- ฒ้ีาฤฃฐๅผฦสฑ:20.3156
2026-04-18 16:05:20 --INFO -- ฒ้ีาฤฃฐๅผฦสฑ:12.6628
2026-04-18 16:05:47 --DEBUG-- ถมหซืึD820ึต:81400
2026-04-18 16:05:47 --DEBUG-- ถมหซืึD822ึต:28723
2026-04-18 16:05:47 --DEBUG-- ถมหซืึD824ึต:126196
2026-04-18 16:06:32 --INFO -- ะะฮ๓ฒ๎ฃบ0.020004218707981636,มะฮ๓ฒ๎ฃบ0.033294939158167836.
2026-04-18 16:16:05 --INFO -- ะะฮ๓ฒ๎ฃบ0.020004218707981636,มะฮ๓ฒ๎ฃบ0.033294939158167836.
2026-04-18 16:28:23 --INFO -- อผฯ๑ฒษผฏStop continuous operation
2026-04-18 16:31:38 --DEBUG-- ถมหซืึD820ึต:97503
2026-04-18 16:31:38 --DEBUG-- ถมหซืึD822ึต:27132
2026-04-18 16:31:38 --DEBUG-- ถมหซืึD824ึต:133297
2026-04-18 16:32:40 --INFO -- ะะฮ๓ฒ๎ฃบ0.020004218707981636,มะฮ๓ฒ๎ฃบ0.033294939158167836.
2026-04-18 16:32:46 --INFO -- ะะฮ๓ฒ๎ฃบ0.020004218707981636,มะฮ๓ฒ๎ฃบ0.033294939158167836.
2026-04-18 16:32:48 --INFO -- ืชป๚ะตื๘ฑ๊:ฯ๑หุื๘ฑ๊[766.54,1806.506],ลฤีีป๚ะตื๘ฑ๊[967.75,223.83],ืชปปถจฮปป๚ะตื๘ฑ๊[1218.933523928701,158.06636024348052]
2026-04-18 16:33:27 --INFO -- ืชป๚ะตื๘ฑ๊:ฯ๑หุื๘ฑ๊[2054.475,499.321],ลฤีีป๚ะตื๘ฑ๊[1017.5,287.23],ืชปปถจฮปป๚ะตื๘ฑ๊[1218.7785273684199,271.33923786880126]
2026-04-18 16:33:50 --INFO -- ืชป๚ะตื๘ฑ๊:ฯ๑หุื๘ฑ๊[2054.475,499.321],ลฤีีป๚ะตื๘ฑ๊[1017.5,287.23],ืชปปถจฮปป๚ะตื๘ฑ๊[1218.7785273684199,271.33923786880126]

 ----------------------application shutdown--------------------------
