
----------------------application startup--------------------------
2026-03-20 13:07:41 --ERROR-- Stop Grabbing Fail!Tip:-2147483130
2026-03-20 13:07:44 --INFO -- 打开[测距仪]成功:Device[相机1(DA0014462)] open fail:-2147483130!.
2026-03-20 13:07:44 --INFO -- 打开[机器人]成功:Device[相机1(DA0014462)] open fail:-2147483130!.
2026-03-20 13:07:56 --INFO -- [机器人]停止监控！
2026-03-20 13:07:58 --INFO -- 打开[测距仪]成功:Device[相机1(DA0014462)] open fail:-2147483130!.
2026-03-20 13:07:58 --INFO -- 打开[机器人]成功:Device[相机1(DA0014462)] open fail:-2147483130!.
2026-03-20 13:14:56 --INFO -- [机器人]停止监控！
2026-03-20 13:14:57 --INFO -- 打开[相机1(DA0014462)]成功. 
2026-03-20 13:14:57 --INFO -- 打开[测距仪]成功:.
2026-03-20 13:14:57 --INFO -- 打开[机器人]成功:.
2026-03-20 13:16:17 --INFO -- 初始化PLC事件触发:触发类型[变化],消息[D500变为1].
2026-03-20 13:16:22 --INFO -- 复位事件触发:触发类型[变化],消息[D500变为0].
2026-03-20 13:21:03 --INFO -- 初始化PLC事件触发:触发类型[变化],消息[D500变为1].
2026-03-20 13:21:08 --INFO -- 复位事件触发:触发类型[变化],消息[D500变为0].
2026-03-20 13:21:17 --INFO -- 方向识别拍照事件触发:触发类型[变化],消息[D500变为2].
2026-03-20 13:21:18 --INFO -- 查找模板计时:312.8714
2026-03-20 13:21:18 --WARN -- 方向判断执行失败:返回参数:方向识别拍照.写入方向:0;方向识别拍照.写入结果:2;全局.电池角度:-90
2026-03-20 13:25:33 --INFO -- 初始化PLC事件触发:触发类型[变化],消息[D500变为1].
2026-03-20 13:25:53 --INFO -- 复位事件触发:触发类型[变化],消息[D500变为0].
2026-03-20 13:27:53 --INFO -- 初始化PLC事件触发:触发类型[变化],消息[D500变为1].
2026-03-20 13:27:58 --INFO -- 复位事件触发:触发类型[变化],消息[D500变为0].
2026-03-20 13:34:16 --INFO -- 初始化PLC事件触发:触发类型[变化],消息[D500变为1].
2026-03-20 13:34:21 --INFO -- 复位事件触发:触发类型[变化],消息[D500变为0].
2026-03-20 13:36:07 --INFO -- 初始化PLC事件触发:触发类型[变化],消息[D500变为1].
2026-03-20 13:36:12 --INFO -- 复位事件触发:触发类型[变化],消息[D500变为0].
2026-03-20 13:37:41 --INFO -- 初始化PLC事件触发:触发类型[变化],消息[D500变为1].
2026-03-20 13:37:46 --INFO -- 复位事件触发:触发类型[变化],消息[D500变为0].
2026-03-20 13:38:14 --INFO -- 方向识别拍照事件触发:触发类型[变化],消息[D500变为2].
2026-03-20 13:38:14 --INFO -- 查找模板计时:266.4793
2026-03-20 13:38:15 --INFO -- 复位事件触发:触发类型[变化],消息[D500变为0].
2026-03-20 13:38:17 --INFO -- 方向识别拍照事件触发:触发类型[变化],消息[D500变为2].
2026-03-20 13:38:18 --INFO -- 查找模板计时:459.2786
2026-03-20 13:38:18 --WARN -- 方向判断执行失败:返回参数:方向识别拍照.写入方向:0;方向识别拍照.写入结果:2;全局.电池角度:-90
2026-03-20 13:38:18 --INFO -- 复位事件触发:触发类型[变化],消息[D500变为0].
2026-03-20 13:38:52 --INFO -- 初始化PLC事件触发:触发类型[变化],消息[D500变为1].
2026-03-20 13:38:58 --INFO -- 复位事件触发:触发类型[变化],消息[D500变为0].
2026-03-20 13:39:07 --INFO -- 方向识别拍照事件触发:触发类型[变化],消息[D500变为2].
2026-03-20 13:39:07 --INFO -- 查找模板计时:276.0729
2026-03-20 13:39:08 --INFO -- 复位事件触发:触发类型[变化],消息[D500变为0].
2026-03-20 13:39:10 --INFO -- 方向识别拍照事件触发:触发类型[变化],消息[D500变为2].
2026-03-20 13:39:11 --INFO -- 查找模板计时:252.6671
2026-03-20 13:39:11 --INFO -- 复位事件触发:触发类型[变化],消息[D500变为0].
2026-03-20 13:39:14 --INFO -- Mark点拍照事件触发:触发类型[变化],消息[D500变为3].
2026-03-20 13:39:14 --INFO -- Read D530 is 1
2026-03-20 13:39:14 --INFO -- 查找模板计时:38.842
2026-03-20 13:39:14 --INFO -- 转机械坐标:像素坐标[1986.632,1754.797],拍照机械坐标[478.19879150390625,1438.4434814453125],转换定位机械坐标[738.8175284014347,1427.3737060385372]
2026-03-20 13:39:15 --INFO -- 复位事件触发:触发类型[变化],消息[D500变为0].
2026-03-20 14:31:15 --INFO -- 初始化PLC事件触发:触发类型[变化],消息[D500变为1].
2026-03-20 14:31:20 --INFO -- 复位事件触发:触发类型[变化],消息[D500变为0].
2026-03-20 14:32:20 --INFO -- 初始化PLC事件触发:触发类型[变化],消息[D500变为1].
2026-03-20 14:32:25 --INFO -- 复位事件触发:触发类型[变化],消息[D500变为0].
2026-03-20 14:34:31 --INFO -- 初始化PLC事件触发:触发类型[变化],消息[D500变为1].
2026-03-20 14:34:36 --INFO -- 复位事件触发:触发类型[变化],消息[D500变为0].
2026-03-20 14:37:06 --INFO -- 初始化PLC事件触发:触发类型[变化],消息[D500变为1].
2026-03-20 14:37:11 --INFO -- 复位事件触发:触发类型[变化],消息[D500变为0].
2026-03-20 14:43:57 --INFO -- 初始化PLC事件触发:触发类型[变化],消息[D500变为1].
2026-03-20 14:44:02 --INFO -- 复位事件触发:触发类型[变化],消息[D500变为0].
2026-03-20 14:45:47 --INFO -- 初始化PLC事件触发:触发类型[变化],消息[D500变为1].
2026-03-20 14:45:52 --INFO -- 复位事件触发:触发类型[变化],消息[D500变为0].
2026-03-20 15:04:01 --INFO -- 初始化PLC事件触发:触发类型[变化],消息[D500变为1].
2026-03-20 15:04:06 --INFO -- 复位事件触发:触发类型[变化],消息[D500变为0].
2026-03-20 15:04:35 --INFO -- 方向识别拍照事件触发:触发类型[变化],消息[D500变为2].
2026-03-20 15:04:36 --INFO -- 查找模板计时:238.426
2026-03-20 15:04:36 --INFO -- 复位事件触发:触发类型[变化],消息[D500变为0].
2026-03-20 15:04:39 --INFO -- 方向识别拍照事件触发:触发类型[变化],消息[D500变为2].
2026-03-20 15:04:39 --INFO -- 查找模板计时:276.7023
2026-03-20 15:04:40 --INFO -- 复位事件触发:触发类型[变化],消息[D500变为0].
2026-03-20 15:04:42 --INFO -- Mark点拍照事件触发:触发类型[变化],消息[D500变为3].
2026-03-20 15:04:42 --INFO -- Read D530 is 1
2026-03-20 15:04:43 --INFO -- 查找模板计时:42.9547
2026-03-20 15:04:43 --INFO -- 转机械坐标:像素坐标[1973.12,1754.191],拍照机械坐标[478.2004089355469,1438.4423828125],转换定位机械坐标[738.8518825639474,1428.6140088844763]
2026-03-20 15:04:43 --INFO -- 复位事件触发:触发类型[变化],消息[D500变为0].
2026-03-20 15:04:53 --INFO -- Mark点拍照事件触发:触发类型[变化],消息[D500变为3].
2026-03-20 15:04:53 --INFO -- Read D530 is 2
2026-03-20 15:04:54 --INFO -- 查找模板计时:42.7439
2026-03-20 15:04:54 --INFO -- 转机械坐标:像素坐标[2093.572,1679.53],拍照机械坐标[486.90447998046875,2376.29248046875],转换定位机械坐标[754.6170874221293,2355.509479821495]
2026-03-20 15:04:54 --INFO -- 复位事件触发:触发类型[变化],消息[D500变为0].
2026-03-20 15:05:03 --INFO -- Mark点拍照事件触发:触发类型[变化],消息[D500变为3].
2026-03-20 15:05:03 --INFO -- Read D530 is 3
2026-03-20 15:05:03 --INFO -- 查找模板计时:42.4694
2026-03-20 15:05:03 --INFO -- 转机械坐标:像素坐标[2019.877,1622.791],拍照机械坐标[-340.88897705078125,2386.525634765625],转换定位机械坐标[-68.09048158028315,2372.5878902181485]
2026-03-20 15:05:04 --INFO -- 复位事件触发:触发类型[变化],消息[D500变为0].
2026-03-20 15:05:09 --INFO -- 写三轴坐标事件触发:触发类型[变化],消息[D500变为5].
2026-03-20 15:05:09 --INFO -- [Mark点间标定]首坐标表[1:-59.64700364933924,2381.0691364808463;2:767.2719988491142,2370.606509965287;3:752.9493696259237,1427.4304060677653],次坐标列表[1:738.8518825639474,1428.6140088844763;2:754.6170874221293,2355.509479821495;3:-68.09048158028315,2372.5878902181485].
2026-03-20 15:05:09 --INFO -- [Mark点间标定]标定信息：[平移X:-1335.2084360555054;平移Y:1579.0740918238719;X当量:1.1208621025299563;Y当量:0.8725237108329257;旋转角度:88.46139581726531;倾斜角度:-180.76837185222385;RMS:7.93616120506921E-13]误差：9.094947017729282E-13,列误差：2.1316282072803006E-13.
2026-03-20 15:05:09 --WARN -- 坐标解析执行失败:当前Mark点对比标准Mark点间距大于设定值[3]:100.04434410859449、120.40003254504938、11.02189847807631返回参数:写三轴坐标.PLC写入结果:2
2026-03-20 15:05:10 --INFO -- 复位事件触发:触发类型[变化],消息[D500变为0].
2026-03-20 15:06:04 --INFO -- 初始化PLC事件触发:触发类型[变化],消息[D500变为1].
2026-03-20 15:06:09 --INFO -- 复位事件触发:触发类型[变化],消息[D500变为0].
2026-03-20 15:06:18 --INFO -- 方向识别拍照事件触发:触发类型[变化],消息[D500变为2].
2026-03-20 15:06:18 --INFO -- 查找模板计时:238.007
2026-03-20 15:06:19 --INFO -- 复位事件触发:触发类型[变化],消息[D500变为0].
2026-03-20 15:06:21 --INFO -- 方向识别拍照事件触发:触发类型[变化],消息[D500变为2].
2026-03-20 15:06:22 --INFO -- 查找模板计时:280.8291
2026-03-20 15:06:22 --INFO -- 复位事件触发:触发类型[变化],消息[D500变为0].
2026-03-20 15:06:25 --INFO -- Mark点拍照事件触发:触发类型[变化],消息[D500变为3].
2026-03-20 15:06:25 --INFO -- Read D530 is 1
2026-03-20 15:06:25 --INFO -- 查找模板计时:40.9345
2026-03-20 15:06:25 --INFO -- 转机械坐标:像素坐标[1972.527,1754.416],拍照机械坐标[478.1927490234375,1438.4405517578125],转换定位机械坐标[738.8225529525371,1428.6663078461368]
2026-03-20 15:06:26 --INFO -- 复位事件触发:触发类型[变化],消息[D500变为0].
2026-03-20 15:06:36 --INFO -- Mark点拍照事件触发:触发类型[变化],消息[D500变为3].
2026-03-20 15:06:36 --INFO -- Read D530 is 2
2026-03-20 15:06:36 --INFO -- 查找模板计时:40.9447
2026-03-20 15:06:36 --INFO -- 转机械坐标:像素坐标[2093.533,1679.802],拍照机械坐标[486.90399169921875,2376.292724609375],转换定位机械坐标[754.5915526359117,2355.512924853021]
2026-03-20 15:06:37 --INFO -- 复位事件触发:触发类型[变化],消息[D500变为0].
2026-03-20 15:06:45 --INFO -- Mark点拍照事件触发:触发类型[变化],消息[D500变为3].
2026-03-20 15:06:45 --INFO -- Read D530 is 3
2026-03-20 15:06:45 --INFO -- 查找模板计时:40.2316
2026-03-20 15:06:45 --INFO -- 转机械坐标:像素坐标[2019.522,1622.817],拍照机械坐标[-340.88873291015625,2386.52783203125],转换定位机械坐标[-68.09322739198421,2372.6226442249254]
2026-03-20 15:06:46 --INFO -- 复位事件触发:触发类型[变化],消息[D500变为0].
2026-03-20 15:06:52 --INFO -- 写三轴坐标事件触发:触发类型[变化],消息[D500变为5].
2026-03-20 15:06:52 --INFO -- [Mark点间标定]首坐标表[1:-59.64700364933924,2381.0691364808463;2:767.2719988491142,2370.606509965287;3:752.9493696259237,1427.4304060677653],次坐标列表[1:738.8225529525371,1428.6663078461368;2:754.5915526359117,2355.512924853021;3:-68.09322739198421,2372.6226442249254].
2026-03-20 15:06:52 --INFO -- [Mark点间标定]标定信息：[平移X:-1335.1798241000602;平移Y:1579.1997317531716;X当量:1.1208027509454597;Y当量:0.8725008039785466;旋转角度:88.46109531579778;倾斜角度:-180.77025423250683;RMS:6.071572778798589E-13]误差：4.547473508864641E-13,列误差：5.684341886080802E-14.
2026-03-20 15:06:52 --WARN -- 坐标解析执行失败:当前Mark点对比标准Mark点间距大于设定值[3]:99.99556179038495、120.42216620112515、11.052508377024651返回参数:写三轴坐标.PLC写入结果:2
2026-03-20 15:06:53 --INFO -- 复位事件触发:触发类型[变化],消息[D500变为0].
2026-03-20 15:07:42 --INFO -- 初始化PLC事件触发:触发类型[变化],消息[D500变为1].
2026-03-20 15:07:47 --INFO -- 复位事件触发:触发类型[变化],消息[D500变为0].
2026-03-20 15:09:31 --INFO -- 初始化PLC事件触发:触发类型[变化],消息[D500变为1].
2026-03-20 15:09:36 --INFO -- 复位事件触发:触发类型[变化],消息[D500变为0].
2026-03-20 15:11:32 --INFO -- 初始化PLC事件触发:触发类型[变化],消息[D500变为1].
2026-03-20 15:11:37 --INFO -- 复位事件触发:触发类型[变化],消息[D500变为0].
2026-03-20 15:12:08 --INFO -- 方向识别拍照事件触发:触发类型[变化],消息[D500变为2].
2026-03-20 15:12:08 --INFO -- 查找模板计时:231.6325
2026-03-20 15:12:09 --INFO -- 复位事件触发:触发类型[变化],消息[D500变为0].
2026-03-20 15:12:11 --INFO -- 方向识别拍照事件触发:触发类型[变化],消息[D500变为2].
2026-03-20 15:12:12 --INFO -- 查找模板计时:292.7147
2026-03-20 15:12:12 --INFO -- 复位事件触发:触发类型[变化],消息[D500变为0].
2026-03-20 15:12:15 --INFO -- Mark点拍照事件触发:触发类型[变化],消息[D500变为3].
2026-03-20 15:12:15 --INFO -- Read D530 is 1
2026-03-20 15:12:15 --INFO -- 查找模板计时:43.2554
2026-03-20 15:12:15 --INFO -- 转机械坐标:像素坐标[1971.989,1752.123],拍照机械坐标[478.2030029296875,1438.4447021484375],转换定位机械坐标[739.0424824194843,1428.7230541350275]
2026-03-20 15:12:16 --INFO -- 复位事件触发:触发类型[变化],消息[D500变为0].
2026-03-20 15:12:26 --INFO -- Mark点拍照事件触发:触发类型[变化],消息[D500变为3].
2026-03-20 15:12:26 --INFO -- Read D530 is 2
2026-03-20 15:12:26 --INFO -- 查找模板计时:41.1054
2026-03-20 15:12:26 --INFO -- 转机械坐标:像素坐标[2092.016,1679.862],拍照机械坐标[486.9052734375,2376.293701171875],转换定位机械坐标[754.5847509807803,2355.653095514949]
2026-03-20 15:12:27 --INFO -- 复位事件触发:触发类型[变化],消息[D500变为0].
2026-03-20 15:13:04 --INFO -- Mark点拍照事件触发:触发类型[变化],消息[D500变为3].
2026-03-20 15:13:04 --INFO -- Read D530 is 3
2026-03-20 15:13:04 --INFO -- 查找模板计时:39.9651
2026-03-20 15:13:04 --INFO -- 转机械坐标:像素坐标[2018.459,1623.93],拍照机械坐标[-340.88946533203125,2386.528076171875],转换定位机械坐标[-68.19798020718883,2372.7189299500433]
2026-03-20 15:13:05 --INFO -- 复位事件触发:触发类型[变化],消息[D500变为0].
2026-03-20 15:13:11 --INFO -- 写三轴坐标事件触发:触发类型[变化],消息[D500变为5].
2026-03-20 15:13:11 --INFO -- [Mark点间标定]首坐标表[1:-59.64700364933924,2381.0691364808463;2:767.2719988491142,2370.606509965287;3:752.9493696259237,1427.4304060677653],次坐标列表[1:739.0424824194843,1428.7230541350275;2:754.5847509807803,2355.653095514949;3:-68.19798020718883,2372.7189299500433].
2026-03-20 15:13:11 --INFO -- [Mark点间标定]标定信息：[平移X:-1335.2333121247682;平移Y:1579.1554094152593;X当量:1.1208968763811749;Y当量:0.8726069004303787;旋转角度:88.4751751018686;倾斜角度:-180.78109675987457;RMS:1.1604274540442022E-12]误差：4.547473508864641E-13,列误差：3.410605131648481E-13.
2026-03-20 15:13:11 --WARN -- 坐标解析执行失败:当前Mark点对比标准Mark点间距大于设定值[3]:100.07514520288225、120.32514743308059、10.811463481825285返回参数:写三轴坐标.PLC写入结果:2
2026-03-20 15:13:12 --INFO -- 复位事件触发:触发类型[变化],消息[D500变为0].
2026-03-20 15:15:49 --WARN -- 坐标解析执行失败:当前Mark点对比标准Mark点间距大于设定值[3]:16.22451153071347、4.0254906994848625、10.811463481825285返回参数:写三轴坐标.PLC写入结果:2
2026-03-20 15:15:51 --INFO -- [Mark点间标定]首坐标表[1:752.9493696259237,1427.4304060677653;2:767.2719988491142,2370.606509965287;3:-59.64700364933924,2381.0691364808463],次坐标列表[1:739.0424824194843,1428.7230541350275;2:754.5847509807803,2355.653095514949;3:-68.19798020718883,2372.7189299500433].
2026-03-20 15:15:51 --INFO -- [Mark点间标定]标定信息：[平移X:-12.107542277398865;平移Y:31.877581125666755;X当量:0.9950490934919101;Y当量:0.9829006545885165;旋转角度:-0.47226489542590583;倾斜角度:0.3924731694724513;RMS:1.40200963366972E-13]误差：0,列误差：1.1368683772161603E-13.
2026-03-20 15:15:54 --WARN -- 坐标解析执行失败:当前Mark点对比标准Mark点间距大于设定值[3]:16.22451153071347、4.0254906994848625、10.811463481825285返回参数:写三轴坐标.PLC写入结果:2
2026-03-20 15:31:29 --INFO -- 图像采集Stop continuous operation
2026-03-20 15:33:40 --INFO -- 查找模板计时:52.7712
2026-03-20 15:33:48 --INFO -- 查找模板计时:48.4231
2026-03-20 15:35:05 --INFO -- 查找模板计时:51.0217
2026-03-20 15:41:17 --INFO -- 图像采集Stop continuous operation
2026-03-20 15:41:48 --INFO -- 查找模板计时:53.6715
2026-03-20 15:44:19 --INFO -- 图像采集Stop continuous operation
2026-03-20 15:44:25 --INFO -- 查找模板计时:87.3934
2026-03-20 15:44:28 --INFO -- 查找模板计时:66.308
2026-03-20 15:45:38 --INFO -- 图像采集Stop continuous operation
2026-03-20 15:45:55 --INFO -- 查找模板计时:62.7179
2026-03-20 15:46:39 --INFO -- 图像采集Stop continuous operation
2026-03-20 15:49:34 --INFO -- 图像采集Stop continuous operation
2026-03-20 15:49:39 --INFO -- 查找模板计时:65.6463
2026-03-20 15:50:25 --INFO -- 图像采集Stop continuous operation
2026-03-20 15:50:30 --INFO -- 查找模板计时:58.0332
2026-03-20 15:51:17 --INFO -- 图像采集Stop continuous operation
2026-03-20 15:51:23 --INFO -- 查找模板计时:66.7307
2026-03-20 15:52:30 --INFO -- 图像采集Stop continuous operation
2026-03-20 15:52:35 --INFO -- 查找模板计时:63.4483
2026-03-20 15:53:16 --INFO -- 图像采集Stop continuous operation
2026-03-20 15:53:22 --INFO -- 查找模板计时:59.6096
2026-03-20 15:54:09 --INFO -- 图像采集Stop continuous operation
2026-03-20 15:54:13 --INFO -- 查找模板计时:89.5674
2026-03-20 15:54:18 --INFO -- 查找模板计时:62.5738
2026-03-20 15:55:15 --INFO -- 图像采集Stop continuous operation
2026-03-20 15:55:27 --INFO -- 查找模板计时:61.4452
2026-03-20 15:56:31 --INFO -- 查找模板计时:61.1828
2026-03-20 15:57:08 --INFO -- 图像采集Stop continuous operation
2026-03-20 15:57:14 --INFO -- 查找模板计时:68.426
2026-03-20 15:58:36 --INFO -- 图像采集Stop continuous operation
2026-03-20 15:58:41 --INFO -- 查找模板计时:57.6633
2026-03-20 16:00:01 --INFO -- 图像采集Stop continuous operation
2026-03-20 16:00:09 --INFO -- 查找模板计时:71.9189
2026-03-20 16:01:45 --INFO -- 图像采集Stop continuous operation
2026-03-20 16:01:50 --INFO -- 查找模板计时:68.2923
2026-03-20 16:02:17 --INFO -- 查找模板计时:67.9786
2026-03-20 16:03:46 --INFO -- 行误差：0.24344088347856996,列误差：0.25257353065640586.
2026-03-20 16:03:58 --INFO -- 行误差：0.24344088347856996,列误差：0.25257353065640586.
2026-03-20 16:05:14 --INFO -- 初始化PLC事件触发:触发类型[变化],消息[D500变为1].
2026-03-20 16:05:19 --INFO -- 复位事件触发:触发类型[变化],消息[D500变为0].
2026-03-20 16:05:36 --INFO -- 方向识别拍照事件触发:触发类型[变化],消息[D500变为2].
2026-03-20 16:05:36 --INFO -- 查找模板计时:251.2691
2026-03-20 16:05:37 --INFO -- 复位事件触发:触发类型[变化],消息[D500变为0].
2026-03-20 16:06:36 --INFO -- 初始化PLC事件触发:触发类型[变化],消息[D500变为1].
2026-03-20 16:06:41 --INFO -- 复位事件触发:触发类型[变化],消息[D500变为0].
2026-03-20 16:08:47 --INFO -- 初始化PLC事件触发:触发类型[变化],消息[D500变为1].
2026-03-20 16:08:52 --INFO -- 复位事件触发:触发类型[变化],消息[D500变为0].
2026-03-20 16:09:34 --INFO -- 方向识别拍照事件触发:触发类型[变化],消息[D500变为2].
2026-03-20 16:09:34 --INFO -- 查找模板计时:237.2574
2026-03-20 16:09:35 --INFO -- 复位事件触发:触发类型[变化],消息[D500变为0].
2026-03-20 16:09:37 --INFO -- 方向识别拍照事件触发:触发类型[变化],消息[D500变为2].
2026-03-20 16:09:38 --INFO -- 查找模板计时:241.5498
2026-03-20 16:09:38 --INFO -- 复位事件触发:触发类型[变化],消息[D500变为0].
2026-03-20 16:15:02 --INFO -- 初始化PLC事件触发:触发类型[变化],消息[D500变为1].
2026-03-20 16:21:22 --INFO -- 复位事件触发:触发类型[变化],消息[D500变为0].
2026-03-20 16:21:31 --INFO -- 方向识别拍照事件触发:触发类型[变化],消息[D500变为2].
2026-03-20 16:21:32 --INFO -- 查找模板计时:252.1229
2026-03-20 16:21:32 --INFO -- 复位事件触发:触发类型[变化],消息[D500变为0].
2026-03-20 16:21:35 --INFO -- 方向识别拍照事件触发:触发类型[变化],消息[D500变为2].
2026-03-20 16:21:35 --INFO -- 查找模板计时:234.6272
2026-03-20 16:21:36 --INFO -- 复位事件触发:触发类型[变化],消息[D500变为0].
2026-03-20 16:21:38 --INFO -- Mark点拍照事件触发:触发类型[变化],消息[D500变为3].
2026-03-20 16:21:38 --INFO -- Read D530 is 1
2026-03-20 16:21:38 --INFO -- 查找模板计时:44.7233
2026-03-20 16:21:38 --INFO -- 转机械坐标:像素坐标[2022.367,1746.337],拍照机械坐标[478.19158935546875,1438.4405517578125],转换定位机械坐标[739.6478998058524,1424.1017080051465]
2026-03-20 16:21:39 --INFO -- 复位事件触发:触发类型[变化],消息[D500变为0].
2026-03-20 16:21:49 --INFO -- Mark点拍照事件触发:触发类型[变化],消息[D500变为3].
2026-03-20 16:21:49 --INFO -- Read D530 is 2
2026-03-20 16:21:49 --INFO -- 查找模板计时:40.124
2026-03-20 16:21:49 --INFO -- 转机械坐标:像素坐标[2046.319,1682.191],拍照机械坐标[486.9078674316406,2376.293701171875],转换定位机械坐标[754.2959428782087,2359.845348662634]
2026-03-20 16:21:50 --INFO -- 复位事件触发:触发类型[变化],消息[D500变为0].
2026-03-20 16:21:58 --INFO -- Mark点拍照事件触发:触发类型[变化],消息[D500变为3].
2026-03-20 16:21:58 --INFO -- Read D530 is 3
2026-03-20 16:21:58 --INFO -- 查找模板计时:39.8985
2026-03-20 16:21:58 --INFO -- 转机械坐标:像素坐标[2023.403,1641.466],拍照机械坐标[-340.8881530761719,2386.53173828125],转换定位机械坐标[-69.79878056529083,2372.2441936779114]
2026-03-20 16:21:59 --INFO -- 复位事件触发:触发类型[变化],消息[D500变为0].
2026-03-20 16:22:04 --INFO -- 写三轴坐标事件触发:触发类型[变化],消息[D500变为5].
2026-03-20 16:22:04 --INFO -- [Mark点间标定]首坐标表[1:752.9493696259237,1427.4304060677653;2:767.2719988491142,2370.606509965287;3:-59.64700364933924,2381.0691364808463],次坐标列表[1:739.6478998058524,1424.1017080051465;2:754.2959428782087,2359.845348662634;3:-69.79878056529083,2372.2441936779114].
2026-03-20 16:22:04 --INFO -- [Mark点间标定]标定信息：[平移X:-11.30002446672555;平移Y:9.70464380308367;X当量:0.9965925853199012;Y当量:0.9921568932656822;旋转角度:-0.1403213023708724;倾斜角度:0.11740615398337734;RMS:1.9708223497819898E-13]误差：0,列误差：1.1368683772161603E-13.
2026-03-20 16:22:04 --WARN -- 坐标解析执行失败:当前Mark点对比标准Mark点间距大于设定值[3]:7.426562808215067、2.7971982204205688、6.225734405158164返回参数:写三轴坐标.PLC写入结果:2
2026-03-20 16:22:05 --INFO -- 复位事件触发:触发类型[变化],消息[D500变为0].
2026-03-20 16:28:56 --INFO -- 初始化PLC事件触发:触发类型[变化],消息[D500变为1].
2026-03-20 16:29:01 --INFO -- 复位事件触发:触发类型[变化],消息[D500变为0].
2026-03-20 16:29:06 --INFO -- 方向识别拍照事件触发:触发类型[变化],消息[D500变为2].
2026-03-20 16:29:07 --INFO -- 查找模板计时:241.9335
2026-03-20 16:29:10 --INFO -- 图像采集Stop continuous operation
2026-03-20 16:29:12 --INFO -- 复位事件触发:触发类型[变化],消息[D500变为0].
2026-03-20 16:29:14 --INFO -- 方向识别拍照事件触发:触发类型[变化],消息[D500变为2].
2026-03-20 16:29:14 --INFO -- 查找模板计时:257.2087
2026-03-20 16:29:15 --INFO -- 复位事件触发:触发类型[变化],消息[D500变为0].
2026-03-20 16:29:18 --INFO -- Mark点拍照事件触发:触发类型[变化],消息[D500变为3].
2026-03-20 16:29:18 --INFO -- Read D530 is 1
2026-03-20 16:29:18 --INFO -- 查找模板计时:44.3744
2026-03-20 16:29:18 --INFO -- 转机械坐标:像素坐标[1971.094,1767.093],拍照机械坐标[478.2602844238281,1438.45947265625],转换定位机械坐标[737.723407900487,1428.7990954517302]
2026-03-20 16:29:19 --INFO -- 复位事件触发:触发类型[变化],消息[D500变为0].
2026-03-20 16:29:28 --INFO -- Mark点拍照事件触发:触发类型[变化],消息[D500变为3].
2026-03-20 16:29:28 --INFO -- Read D530 is 2
2026-03-20 16:29:28 --INFO -- 查找模板计时:41.7282
2026-03-20 16:29:28 --INFO -- 转机械坐标:像素坐标[1976.043,1670.478],拍照机械坐标[486.8951110839844,2376.28271484375],转换定位机械坐标[755.2397062762498,2366.302852223721]
2026-03-20 16:29:29 --INFO -- 复位事件触发:触发类型[变化],消息[D500变为0].
2026-03-20 16:29:37 --INFO -- Mark点拍照事件触发:触发类型[变化],消息[D500变为3].
2026-03-20 16:29:37 --INFO -- Read D530 is 3
2026-03-20 16:29:37 --INFO -- 查找模板计时:40.1114
2026-03-20 16:29:37 --INFO -- 转机械坐标:像素坐标[1933.252,1633.746],拍照机械坐标[-340.8852233886719,2386.535888671875],转换定位机械坐标[-69.23975690623149,2380.536010370457]
2026-03-20 16:29:38 --INFO -- 复位事件触发:触发类型[变化],消息[D500变为0].
2026-03-20 16:29:44 --INFO -- 写三轴坐标事件触发:触发类型[变化],消息[D500变为5].
2026-03-20 16:29:44 --INFO -- [Mark点间标定]首坐标表[1:752.9493696259237,1427.4304060677653;2:767.2719988491142,2370.606509965287;3:-59.64700364933924,2381.0691364808463],次坐标列表[1:737.723407900487,1428.7990954517302;2:755.2397062762498,2366.302852223721;3:-69.23975690623149,2380.536010370457].
2026-03-20 16:29:44 --INFO -- [Mark点间标定]标定信息：[平移X:-17.933723349348035;平移Y:13.3427915523616;X当量:0.9971040184754176;Y当量:0.9940622111369843;旋转角度:-0.2663346500906829;倾斜角度:0.06862316347338765;RMS:6.470882175045006E-13]误差：4.547473508864641E-13,列误差：1.1368683772161603E-13.
2026-03-20 16:29:44 --WARN -- 坐标解析执行失败:当前Mark点对比标准Mark点间距大于设定值[3]:5.617466439250052、2.3828802593315004、5.097393645894272返回参数:写三轴坐标.PLC写入结果:2
2026-03-20 16:29:45 --INFO -- 复位事件触发:触发类型[变化],消息[D500变为0].
2026-03-20 16:31:09 --INFO -- 初始化PLC事件触发:触发类型[变化],消息[D500变为1].
2026-03-20 16:31:14 --INFO -- 复位事件触发:触发类型[变化],消息[D500变为0].
2026-03-20 16:31:25 --INFO -- 方向识别拍照事件触发:触发类型[变化],消息[D500变为2].
2026-03-20 16:31:26 --INFO -- 查找模板计时:236.224
2026-03-20 16:31:26 --INFO -- 复位事件触发:触发类型[变化],消息[D500变为0].
2026-03-20 16:31:41 --INFO -- 方向识别拍照事件触发:触发类型[变化],消息[D500变为2].
2026-03-20 16:31:42 --INFO -- 查找模板计时:271.5723
2026-03-20 16:31:42 --INFO -- 复位事件触发:触发类型[变化],消息[D500变为0].
2026-03-20 16:31:45 --INFO -- Mark点拍照事件触发:触发类型[变化],消息[D500变为3].
2026-03-20 16:31:45 --INFO -- Read D530 is 1
2026-03-20 16:31:45 --INFO -- 查找模板计时:64.4437
2026-03-20 16:31:45 --INFO -- 转机械坐标:像素坐标[1988.543,1740.003],拍照机械坐标[478.245361328125,1438.4547119140625],转换定位机械坐标[740.2260137413596,1427.2301396103926]
2026-03-20 16:31:46 --INFO -- 复位事件触发:触发类型[变化],消息[D500变为0].
2026-03-20 16:31:55 --INFO -- Mark点拍照事件触发:触发类型[变化],消息[D500变为3].
2026-03-20 16:31:55 --INFO -- Read D530 is 2
2026-03-20 16:31:55 --INFO -- 查找模板计时:38.4647
2026-03-20 16:31:55 --INFO -- 转机械坐标:像素坐标[1946.67,1657.801],拍照机械坐标[486.90093994140625,2376.288330078125],转换定位机械坐标[756.359964777328,2369.0229422252187]
2026-03-20 16:31:56 --INFO -- 复位事件触发:触发类型[变化],消息[D500变为0].
2026-03-20 16:32:04 --INFO -- Mark点拍照事件触发:触发类型[变化],消息[D500变为3].
2026-03-20 16:32:04 --INFO -- Read D530 is 3
2026-03-20 16:32:04 --INFO -- 查找模板计时:40.4584
2026-03-20 16:32:04 --INFO -- 转机械坐标:像素坐标[1927.228,1655.061],拍照机械坐标[-340.8681945800781,2386.569091796875],转换定位机械坐标[-71.19050544302468,2381.0925263118033]
2026-03-20 16:32:05 --INFO -- 复位事件触发:触发类型[变化],消息[D500变为0].
2026-03-20 16:32:13 --INFO -- 写三轴坐标事件触发:触发类型[变化],消息[D500变为5].
2026-03-20 16:32:13 --INFO -- [Mark点间标定]首坐标表[1:752.9493696259237,1427.4304060677653;2:767.2719988491142,2370.606509965287;3:-59.64700364933924,2381.0691364808463],次坐标列表[1:740.2260137413596,1427.2301396103926;2:756.359964777328,2369.0229422252187;3:-71.19050544302468,2381.0925263118033].
2026-03-20 16:32:13 --INFO -- [Mark点间标定]标定信息：[平移X:-16.04075044465863;平移Y:3.3276449406740407;X当量:1.0007897085472555;Y当量:0.9985649684275233;旋转角度:-0.11229631576948339;倾斜角度:0.0027908971462636796;RMS:4.3915909885647703E-13]误差：4.547473508864641E-13,列误差：8.526512829121202E-14.
2026-03-20 16:32:14 --INFO -- 复位事件触发:触发类型[变化],消息[D500变为0].
2026-03-20 16:41:24 --INFO -- 初始化PLC事件触发:触发类型[变化],消息[D500变为1].
2026-03-20 16:41:29 --INFO -- 复位事件触发:触发类型[变化],消息[D500变为0].
2026-03-20 16:41:40 --INFO -- 方向识别拍照事件触发:触发类型[变化],消息[D500变为2].
2026-03-20 16:41:40 --INFO -- 查找模板计时:222.1918
2026-03-20 16:41:41 --INFO -- 复位事件触发:触发类型[变化],消息[D500变为0].
2026-03-20 16:41:43 --INFO -- 方向识别拍照事件触发:触发类型[变化],消息[D500变为2].
2026-03-20 16:41:44 --INFO -- 查找模板计时:263.0221
2026-03-20 16:41:44 --INFO -- 复位事件触发:触发类型[变化],消息[D500变为0].
2026-03-20 16:41:47 --INFO -- Mark点拍照事件触发:触发类型[变化],消息[D500变为3].
2026-03-20 16:41:47 --INFO -- Read D530 is 1
2026-03-20 16:41:47 --INFO -- 查找模板计时:42.0689
2026-03-20 16:41:47 --INFO -- 转机械坐标:像素坐标[1987.627,1740.047],拍照机械坐标[478.25372314453125,1438.4564208984375],转换定位机械坐标[740.2287809678401,1427.3158863912404]
2026-03-20 16:41:48 --INFO -- 复位事件触发:触发类型[变化],消息[D500变为0].
2026-03-20 16:41:57 --INFO -- Mark点拍照事件触发:触发类型[变化],消息[D500变为3].
2026-03-20 16:41:57 --INFO -- Read D530 is 2
2026-03-20 16:41:57 --INFO -- 查找模板计时:42.8117
2026-03-20 16:41:57 --INFO -- 转机械坐标:像素坐标[1948.925,1679.504],拍照机械坐标[486.90301513671875,2376.291259765625],转换定位机械坐标[754.3726710980183,2368.7885365800794]
2026-03-20 16:41:58 --INFO -- 复位事件触发:触发类型[变化],消息[D500变为0].
2026-03-20 16:42:06 --INFO -- Mark点拍照事件触发:触发类型[变化],消息[D500变为3].
2026-03-20 16:42:06 --INFO -- Read D530 is 3
2026-03-20 16:42:06 --INFO -- 查找模板计时:42.5161
2026-03-20 16:42:06 --INFO -- 转机械坐标:像素坐标[1926.739,1656.432],拍照机械坐标[-340.8732604980469,2386.561767578125],转换定位机械坐标[-71.32231278139955,2381.1281837365905]
2026-03-20 16:42:07 --INFO -- 复位事件触发:触发类型[变化],消息[D500变为0].
2026-03-20 16:42:15 --INFO -- 写三轴坐标事件触发:触发类型[变化],消息[D500变为5].
2026-03-20 16:42:15 --INFO -- [Mark点间标定]首坐标表[1:752.9493696259237,1427.4304060677653;2:767.2719988491142,2370.606509965287;3:-59.64700364933924,2381.0691364808463],次坐标列表[1:740.2287809678401,1427.3158863912404;2:754.3726710980183,2368.7885365800794;3:-71.32231278139955,2381.1281837365905].
2026-03-20 16:42:15 --INFO -- [Mark点间标定]标定信息：[平移X:-11.366092516067832;平移Y:4.139840099700764;X当量:0.998520302432986;Y当量:0.9982287415326527;旋转角度:-0.13153430333982205;倾斜角度:0.14111954515851735;RMS:4.071230066181439E-13]误差：4.547473508864641E-13,列误差：8.526512829121202E-14.
2026-03-20 16:42:16 --INFO -- 复位事件触发:触发类型[变化],消息[D500变为0].
2026-03-20 16:44:36 --INFO -- 打开[测距仪]成功:.
2026-03-20 16:44:36 --INFO -- [Mark点间标定]首坐标表[1:752.9493696259237,1427.4304060677653;2:767.2719988491142,2370.606509965287;3:-59.64700364933924,2381.0691364808463],次坐标列表[1:740.2287809678401,1427.3158863912404;2:754.3726710980183,2368.7885365800794;3:-71.32231278139955,2381.1281837365905].
2026-03-20 16:44:36 --INFO -- [Mark点间标定]标定信息：[平移X:-11.366092516067832;平移Y:4.139840099700764;X当量:0.998520302432986;Y当量:0.9982287415326527;旋转角度:-0.13153430333982205;倾斜角度:0.14111954515851735;RMS:4.071230066181439E-13]误差：4.547473508864641E-13,列误差：8.526512829121202E-14.
2026-03-20 16:44:51 --INFO -- 打开[测距仪]成功:.
2026-03-20 16:44:51 --INFO -- [Mark点间标定]首坐标表[1:752.9493696259237,1427.4304060677653;2:767.2719988491142,2370.606509965287;3:-59.64700364933924,2381.0691364808463],次坐标列表[1:740.2287809678401,1427.3158863912404;2:754.3726710980183,2368.7885365800794;3:-71.32231278139955,2381.1281837365905].
2026-03-20 16:44:51 --INFO -- [Mark点间标定]标定信息：[平移X:-11.366092516067832;平移Y:4.139840099700764;X当量:0.998520302432986;Y当量:0.9982287415326527;旋转角度:-0.13153430333982205;倾斜角度:0.14111954515851735;RMS:4.071230066181439E-13]误差：4.547473508864641E-13,列误差：8.526512829121202E-14.
2026-03-20 16:46:55 --INFO -- 初始化PLC事件触发:触发类型[变化],消息[D500变为1].
2026-03-20 16:47:00 --INFO -- 复位事件触发:触发类型[变化],消息[D500变为0].
2026-03-20 16:47:11 --INFO -- 方向识别拍照事件触发:触发类型[变化],消息[D500变为2].
2026-03-20 16:47:12 --INFO -- 查找模板计时:242.4538
2026-03-20 16:47:12 --INFO -- 复位事件触发:触发类型[变化],消息[D500变为0].
2026-03-20 16:47:14 --INFO -- 方向识别拍照事件触发:触发类型[变化],消息[D500变为2].
2026-03-20 16:47:15 --INFO -- 查找模板计时:283.063
2026-03-20 16:47:15 --INFO -- 复位事件触发:触发类型[变化],消息[D500变为0].
2026-03-20 16:47:18 --INFO -- Mark点拍照事件触发:触发类型[变化],消息[D500变为3].
2026-03-20 16:47:18 --INFO -- Read D530 is 1
2026-03-20 16:47:18 --INFO -- 查找模板计时:39.5346
2026-03-20 16:47:18 --INFO -- 转机械坐标:像素坐标[1987.697,1737.93],拍照机械坐标[478.2501525878906,1438.4554443359375],转换定位机械坐标[740.4197534557029,1427.3114386833922]
2026-03-20 16:47:19 --INFO -- 复位事件触发:触发类型[变化],消息[D500变为0].
2026-03-20 16:47:28 --INFO -- Mark点拍照事件触发:触发类型[变化],消息[D500变为3].
2026-03-20 16:47:28 --INFO -- Read D530 is 2
2026-03-20 16:47:29 --INFO -- 查找模板计时:37.8515
2026-03-20 16:47:29 --INFO -- 转机械坐标:像素坐标[1949.458,1680.343],拍照机械坐标[486.8955383300781,2376.281494140625],转换定位机械坐标[754.2890449478216,2368.7286641171577]
2026-03-20 16:47:29 --INFO -- 复位事件触发:触发类型[变化],消息[D500变为0].
2026-03-20 16:47:37 --INFO -- Mark点拍照事件触发:触发类型[变化],消息[D500变为3].
2026-03-20 16:47:37 --INFO -- Read D530 is 3
2026-03-20 16:47:37 --INFO -- 查找模板计时:38.486
2026-03-20 16:47:37 --INFO -- 转机械坐标:像素坐标[1927.221,1655.886],拍照机械坐标[-340.8686218261719,2386.567626953125],转换定位机械坐标[-71.26671218623596,2381.090552323233]
2026-03-20 16:47:38 --INFO -- 复位事件触发:触发类型[变化],消息[D500变为0].
2026-03-20 16:47:46 --INFO -- 写三轴坐标事件触发:触发类型[变化],消息[D500变为5].
2026-03-20 16:47:46 --INFO -- [Mark点间标定]首坐标表[1:752.9493696259237,1427.4304060677653;2:767.2719988491142,2370.606509965287;3:-59.64700364933924,2381.0691364808463],次坐标列表[1:740.4197534557029,1427.3114386833922;2:754.2890449478216,2368.7286641171577;3:-71.26671218623596,2381.090552323233].
2026-03-20 16:47:46 --INFO -- [Mark点间标定]标定信息：[平移X:-10.633741744136643;平移Y:4.23948220148459;X当量:0.9983483480224988;Y当量:0.9981704871994515;旋转角度:-0.13314292198701624;倾斜角度:0.15929059230005976;RMS:0]误差：0,列误差：1.1368683772161603E-13.
2026-03-20 16:47:47 --INFO -- 复位事件触发:触发类型[变化],消息[D500变为0].
2026-03-20 16:48:55 --INFO -- 初始化PLC事件触发:触发类型[变化],消息[D500变为1].
2026-03-20 16:49:00 --INFO -- 复位事件触发:触发类型[变化],消息[D500变为0].
2026-03-20 16:49:12 --INFO -- 方向识别拍照事件触发:触发类型[变化],消息[D500变为2].
2026-03-20 16:49:12 --INFO -- 查找模板计时:231.1167
2026-03-20 16:49:13 --INFO -- 复位事件触发:触发类型[变化],消息[D500变为0].
2026-03-20 16:49:15 --INFO -- 方向识别拍照事件触发:触发类型[变化],消息[D500变为2].
2026-03-20 16:49:15 --INFO -- 查找模板计时:281.1171
2026-03-20 16:49:16 --INFO -- 复位事件触发:触发类型[变化],消息[D500变为0].
2026-03-20 16:49:18 --INFO -- Mark点拍照事件触发:触发类型[变化],消息[D500变为3].
2026-03-20 16:49:18 --INFO -- Read D530 is 1
2026-03-20 16:49:19 --INFO -- 查找模板计时:37.784
2026-03-20 16:49:19 --INFO -- 转机械坐标:像素坐标[1987.286,1737.966],拍照机械坐标[478.263427734375,1438.459716796875],转换定位机械坐标[740.4290252714484,1427.3533953614376]
2026-03-20 16:49:19 --INFO -- 复位事件触发:触发类型[变化],消息[D500变为0].
2026-03-20 16:49:29 --INFO -- Mark点拍照事件触发:触发类型[变化],消息[D500变为3].
2026-03-20 16:49:29 --INFO -- Read D530 is 2
2026-03-20 16:49:29 --INFO -- 查找模板计时:32.3649
2026-03-20 16:49:29 --INFO -- 转机械坐标:像素坐标[1948.811,1680.602],拍照机械坐标[486.9001159667969,2376.28857421875],转换定位机械坐标[754.2687387500064,2368.794784557199]
2026-03-20 16:49:30 --INFO -- 复位事件触发:触发类型[变化],消息[D500变为0].
2026-03-20 16:49:38 --INFO -- Mark点拍照事件触发:触发类型[变化],消息[D500变为3].
2026-03-20 16:49:38 --INFO -- Read D530 is 3
2026-03-20 16:49:38 --INFO -- 查找模板计时:40.6877
2026-03-20 16:49:38 --INFO -- 转机械坐标:像素坐标[1927.191,1657.006],拍照机械坐标[-340.8705749511719,2386.563720703125],转换定位机械坐标[-71.37157648485493,2381.087836725709]
2026-03-20 16:49:39 --INFO -- 复位事件触发:触发类型[变化],消息[D500变为0].
2026-03-20 16:49:46 --INFO -- 写三轴坐标事件触发:触发类型[变化],消息[D500变为5].
2026-03-20 16:49:46 --INFO -- [Mark点间标定]首坐标表[1:752.9493696259237,1427.4304060677653;2:767.2719988491142,2370.606509965287;3:-59.64700364933924,2381.0691364808463],次坐标列表[1:740.4290252714484,1427.3533953614376;2:754.2687387500064,2368.794784557199;3:-71.37157648485493,2381.087836725709].
2026-03-20 16:49:46 --INFO -- [Mark点间标定]标定信息：[平移X:-10.654178881935255;平移Y:4.183769338526151;X当量:0.9984499975673284;Y当量:0.9981948535390023;旋转角度:-0.1283347407777697;倾斜角度:0.15637058692569838;RMS:2.991038908795813E-13]误差：0,列误差：1.1368683772161603E-13.
2026-03-20 16:49:47 --INFO -- 复位事件触发:触发类型[变化],消息[D500变为0].
2026-03-20 16:53:31 --INFO -- 初始化PLC事件触发:触发类型[变化],消息[D500变为1].
2026-03-20 16:53:36 --INFO -- 复位事件触发:触发类型[变化],消息[D500变为0].
2026-03-20 16:54:53 --INFO -- 初始化PLC事件触发:触发类型[变化],消息[D500变为1].
2026-03-20 16:54:58 --INFO -- 复位事件触发:触发类型[变化],消息[D500变为0].
2026-03-20 16:55:09 --INFO -- 方向识别拍照事件触发:触发类型[变化],消息[D500变为2].
2026-03-20 16:55:09 --INFO -- 查找模板计时:232.2937
2026-03-20 16:55:10 --INFO -- 复位事件触发:触发类型[变化],消息[D500变为0].
2026-03-20 16:55:12 --INFO -- 方向识别拍照事件触发:触发类型[变化],消息[D500变为2].
2026-03-20 16:55:12 --INFO -- 查找模板计时:257.3007
2026-03-20 16:55:13 --INFO -- 复位事件触发:触发类型[变化],消息[D500变为0].
2026-03-20 16:55:16 --INFO -- Mark点拍照事件触发:触发类型[变化],消息[D500变为3].
2026-03-20 16:55:16 --INFO -- Read D530 is 1
2026-03-20 16:55:16 --INFO -- 查找模板计时:42.9513
2026-03-20 16:55:16 --INFO -- 转机械坐标:像素坐标[1982.694,1739.706],拍照机械坐标[478.25811767578125,1438.45703125],转换定位机械坐标[740.2561258020306,1427.7698783841374]
2026-03-20 16:55:17 --INFO -- 复位事件触发:触发类型[变化],消息[D500变为0].
2026-03-20 16:55:26 --INFO -- Mark点拍照事件触发:触发类型[变化],消息[D500变为3].
2026-03-20 16:55:26 --INFO -- Read D530 is 2
2026-03-20 16:55:26 --INFO -- 查找模板计时:32.3596
2026-03-20 16:55:26 --INFO -- 转机械坐标:像素坐标[1952.659,1664.076],拍照机械坐标[486.89630126953125,2376.28369140625],转换定位机械坐标[755.789191052588,2368.459684331712]
2026-03-20 16:55:27 --INFO -- 复位事件触发:触发类型[变化],消息[D500变为0].
2026-03-20 16:55:35 --INFO -- Mark点拍照事件触发:触发类型[变化],消息[D500变为3].
2026-03-20 16:55:35 --INFO -- Read D530 is 3
2026-03-20 16:55:35 --INFO -- 查找模板计时:35.5164
2026-03-20 16:55:35 --INFO -- 转机械坐标:像素坐标[1923.911,1656.297],拍照机械坐标[-340.8694152832031,2386.569580078125],转换定位机械坐标[-71.31086586789343,2381.3958273089675]
2026-03-20 16:55:36 --INFO -- 复位事件触发:触发类型[变化],消息[D500变为0].
2026-03-20 16:55:44 --INFO -- 写三轴坐标事件触发:触发类型[变化],消息[D500变为5].
2026-03-20 16:55:44 --INFO -- [Mark点间标定]首坐标表[1:752.9493696259237,1427.4304060677653;2:767.2719988491142,2370.606509965287;3:-59.64700364933924,2381.0691364808463],次坐标列表[1:740.2561258020306,1427.7698783841374;2:755.789191052588,2368.459684331712;3:-71.31086586789343,2381.3958273089675].
2026-03-20 16:55:44 --INFO -- [Mark点间标定]标定信息：[平移X:-14.697107150787973;平移Y:6.313690256852387;X当量:1.0002397144702357;Y当量:0.9974106514419746;旋转角度:-0.17322210411179945;倾斜角度:0.09970510785914938;RMS:3.282881737997188E-13]误差：2.2737367544323206E-13,列误差：2.842170943040401E-14.
2026-03-20 16:55:45 --INFO -- 复位事件触发:触发类型[变化],消息[D500变为0].
2026-03-20 16:56:32 --INFO -- 行误差：0.24344088347856996,列误差：0.25257353065640586.
2026-03-20 17:16:42 --ERROR-- 机器人异常，重连设备中。。。:Line[0],Message[Unable to read data from the transport connection: 由于连接方在一段时间后没有正确答复或连接的主机没有反应，连接尝试失败。.],Location[   at System.Net.Sockets.NetworkStream.Read(Byte[] buffer, Int32 offset, Int32 count)
   at Modbus.IO.TcpClientAdapter.Read(Byte[] buffer, Int32 offset, Int32 size) in C:\项目\类库\ReferenceLib\NModbus4\IO\TcpClientAdapter.cs:line 48
   at Modbus.IO.ModbusIpTransport.ReadRequestResponse(IStreamResource streamResource) in C:\项目\类库\ReferenceLib\NModbus4\IO\ModbusIpTransport.cs:line 36
   at Modbus.IO.ModbusIpTransport.ReadResponse[T]() in C:\项目\类库\ReferenceLib\NModbus4\IO\ModbusIpTransport.cs:line 140
   at Modbus.IO.ModbusTransport.UnicastMessage[T](IModbusMessage message) in C:\项目\类库\ReferenceLib\NModbus4\IO\ModbusTransport.cs:line 135
   at Modbus.Device.ModbusMaster.WriteMultipleRegisters(Byte slaveAddress, UInt16 startAddress, UInt16[] data) in C:\项目\类库\ReferenceLib\NModbus4\Device\ModbusMaster.cs:line 256
   at Driver.PLC.Modbus.PlcModbus.WriteEntity[T](String name, T[] ts)
   at Device.PlcPortBase.Write[T](String name, T[] ts) in F:\项目\Libraries\Class\Device\007 Plc\PlcPortBase.cs:line 352
   at Driver.PLC.Modbus.PlcModbus.MonitoringIo()]
2026-03-20 17:16:53 --ERROR-- 打开机器人异常:Line[0],Message[TcpClientPort Open failed. Details:连接失败，请检查该IP地址是否能Ping通],Location[   at Device.PortTcpClient.Open() in F:\项目\Libraries\Class\Device\000 Base\Connecor\PortTcpClient.cs:line 124
   at Driver.PLC.Modbus.PlcModbus.Open(String& msg)]

 ----------------------application shutdown--------------------------
