
----------------------application startup--------------------------
2026-04-17 14:27:30 --INFO -- ด๒ฟช[ฯเป๚1(DA0014462)]ณษนฆ. 
2026-04-17 14:34:03 --INFO -- อผฯ๑ฒษผฏStop continuous operation
2026-04-17 14:34:10 --INFO -- ฒ้ีาฤฃฐๅผฦสฑ:19.4621
2026-04-17 14:36:54 --INFO -- ฒ้ีาฤฃฐๅผฦสฑ:12.5723
2026-04-17 14:37:12 --INFO -- ฒ้ีาฤฃฐๅผฦสฑ:11.3979
2026-04-17 14:37:19 --INFO -- ฒ้ีาฤฃฐๅผฦสฑ:18.5249
2026-04-17 14:37:23 --INFO -- ด๒ฟช[PLC]ณษนฆ:.
2026-04-17 14:37:23 --DEBUG-- ถมหซืึD820ึต:79816
2026-04-17 14:37:23 --DEBUG-- ถมหซืึD822ึต:19396
2026-04-17 14:37:23 --DEBUG-- ถมหซืึD824ึต:126196
2026-04-17 14:37:31 --DEBUG-- ถมหซืึD820ึต:79816
2026-04-17 14:37:31 --DEBUG-- ถมหซืึD822ึต:19396
2026-04-17 14:37:31 --DEBUG-- ถมหซืึD824ึต:126196
2026-04-17 14:39:03 --INFO -- ฒ้ีาฤฃฐๅผฦสฑ:13.0761
2026-04-17 14:41:19 --INFO -- ฒ้ีาฤฃฐๅผฦสฑ:23.9075
2026-04-17 14:41:23 --INFO -- ฒ้ีาฤฃฐๅผฦสฑ:20.0829
2026-04-17 14:41:29 --INFO -- ฒ้ีาฤฃฐๅผฦสฑ:14.0298
2026-04-17 14:41:32 --INFO -- ฒ้ีาฤฃฐๅผฦสฑ:11.9006
2026-04-17 14:42:10 --DEBUG-- ถมหซืึD820ึต:79816
2026-04-17 14:42:10 --DEBUG-- ถมหซืึD822ึต:19396
2026-04-17 14:42:10 --DEBUG-- ถมหซืึD824ึต:126196
2026-04-17 14:53:08 --INFO -- อผฯ๑ฒษผฏStop continuous operation
2026-04-17 14:53:15 --INFO -- ฒ้ีาฤฃฐๅผฦสฑ:11.7516
2026-04-17 14:53:16 --INFO -- ฒ้ีาฤฃฐๅผฦสฑ:11.3999
2026-04-17 14:53:21 --INFO -- ฒ้ีาฤฃฐๅผฦสฑ:23.6831
2026-04-17 14:53:26 --INFO -- ฒ้ีาฤฃฐๅผฦสฑ:11.3267
2026-04-17 14:54:28 --INFO -- ฒ้ีาฤฃฐๅผฦสฑ:14.5955
2026-04-17 14:54:31 --INFO -- ฒ้ีาฤฃฐๅผฦสฑ:15.019
2026-04-17 14:54:52 --INFO -- ฒ้ีาฤฃฐๅผฦสฑ:18.3246
2026-04-17 14:54:55 --INFO -- ฒ้ีาฤฃฐๅผฦสฑ:13.2927
2026-04-17 14:55:37 --INFO -- ฒ้ีาฤฃฐๅผฦสฑ:12.8392
2026-04-17 14:55:41 --INFO -- ฒ้ีาฤฃฐๅผฦสฑ:18.4722
2026-04-17 14:56:12 --DEBUG-- ถมหซืึD820ึต:79816
2026-04-17 14:56:12 --DEBUG-- ถมหซืึD822ึต:19393
2026-04-17 14:56:12 --DEBUG-- ถมหซืึD824ึต:126196
2026-04-17 14:59:27 --INFO -- อผฯ๑ฒษผฏStop continuous operation
2026-04-17 14:59:31 --INFO -- ฒ้ีาฤฃฐๅผฦสฑ:19.0321
2026-04-17 14:59:37 --INFO -- ฒ้ีาฤฃฐๅผฦสฑ:9.7773
2026-04-17 14:59:47 --DEBUG-- ถมหซืึD820ึต:79816
2026-04-17 14:59:47 --DEBUG-- ถมหซืึD822ึต:19393
2026-04-17 14:59:47 --DEBUG-- ถมหซืึD824ึต:126196
2026-04-17 15:04:07 --INFO -- ฒ้ีาฤฃฐๅผฦสฑ:21.0333
2026-04-17 15:04:09 --INFO -- ฒ้ีาฤฃฐๅผฦสฑ:12.7556
2026-04-17 15:04:11 --INFO -- ฒ้ีาฤฃฐๅผฦสฑ:12.6756
2026-04-17 15:04:40 --INFO -- ฒ้ีาฤฃฐๅผฦสฑ:21.054
2026-04-17 15:04:43 --DEBUG-- ถมหซืึD820ึต:77384
2026-04-17 15:04:43 --DEBUG-- ถมหซืึD822ึต:19330
2026-04-17 15:04:43 --DEBUG-- ถมหซืึD824ึต:126196
2026-04-17 15:06:09 --INFO -- อผฯ๑ฒษผฏStop continuous operation
2026-04-17 15:06:09 --INFO -- อผฯ๑ฒษผฏStop continuous operation
2026-04-17 15:06:12 --INFO -- ฒ้ีาฤฃฐๅผฦสฑ:20.0772
2026-04-17 15:06:16 --INFO -- ฒ้ีาฤฃฐๅผฦสฑ:9.8686
2026-04-17 15:06:27 --INFO -- ฒ้ีาฤฃฐๅผฦสฑ:12.6999
2026-04-17 15:07:14 --INFO -- ฒ้ีาฤฃฐๅผฦสฑ:16.7752
2026-04-17 15:07:21 --DEBUG-- ถมหซืึD820ึต:77384
2026-04-17 15:07:21 --DEBUG-- ถมหซืึD822ึต:16330
2026-04-17 15:07:21 --DEBUG-- ถมหซืึD824ึต:126196
2026-04-17 15:08:40 --INFO -- อผฯ๑ฒษผฏStop continuous operation
2026-04-17 15:08:46 --INFO -- ฒ้ีาฤฃฐๅผฦสฑ:15.7462
2026-04-17 15:09:29 --DEBUG-- ถมหซืึD820ึต:79784
2026-04-17 15:09:30 --DEBUG-- ถมหซืึD822ึต:16330
2026-04-17 15:09:30 --DEBUG-- ถมหซืึD824ึต:126196
2026-04-17 15:11:38 --INFO -- อผฯ๑ฒษผฏStop continuous operation
2026-04-17 15:11:38 --INFO -- อผฯ๑ฒษผฏStop continuous operation
2026-04-17 15:11:41 --INFO -- ฒ้ีาฤฃฐๅผฦสฑ:24.7403
2026-04-17 15:11:44 --INFO -- ฒ้ีาฤฃฐๅผฦสฑ:17.9404
2026-04-17 15:13:19 --INFO -- ฒ้ีาฤฃฐๅผฦสฑ:19.257
2026-04-17 15:13:21 --DEBUG-- ถมหซืึD820ึต:82184
2026-04-17 15:13:21 --DEBUG-- ถมหซืึD822ึต:16330
2026-04-17 15:13:21 --DEBUG-- ถมหซืึD824ึต:126196
2026-04-17 15:15:09 --INFO -- อผฯ๑ฒษผฏStop continuous operation
2026-04-17 15:15:14 --INFO -- ฒ้ีาฤฃฐๅผฦสฑ:19.9659
2026-04-17 15:15:17 --INFO -- ฒ้ีาฤฃฐๅผฦสฑ:12.4116
2026-04-17 15:16:01 --INFO -- ฒ้ีาฤฃฐๅผฦสฑ:10.9703
2026-04-17 15:16:05 --INFO -- ฒ้ีาฤฃฐๅผฦสฑ:17.8016
2026-04-17 15:16:07 --DEBUG-- ถมหซืึD820ึต:82184
2026-04-17 15:16:07 --DEBUG-- ถมหซืึD822ึต:19330
2026-04-17 15:16:07 --DEBUG-- ถมหซืึD824ึต:126196
2026-04-17 15:18:34 --INFO -- อผฯ๑ฒษผฏStop continuous operation
2026-04-17 15:18:37 --INFO -- ฒ้ีาฤฃฐๅผฦสฑ:17.6842
2026-04-17 15:18:42 --INFO -- ฒ้ีาฤฃฐๅผฦสฑ:9.6118
2026-04-17 15:18:59 --INFO -- ฒ้ีาฤฃฐๅผฦสฑ:17.5025
2026-04-17 15:19:01 --INFO -- ฒ้ีาฤฃฐๅผฦสฑ:17.8187
2026-04-17 15:19:03 --DEBUG-- ถมหซืึD820ึต:82184
2026-04-17 15:19:04 --DEBUG-- ถมหซืึD822ึต:22330
2026-04-17 15:19:04 --DEBUG-- ถมหซืึD824ึต:126196
2026-04-17 15:20:04 --INFO -- อผฯ๑ฒษผฏStop continuous operation
2026-04-17 15:20:07 --INFO -- ฒ้ีาฤฃฐๅผฦสฑ:16.573
2026-04-17 15:20:10 --INFO -- ฒ้ีาฤฃฐๅผฦสฑ:13.3387
2026-04-17 15:20:59 --INFO -- ฒ้ีาฤฃฐๅผฦสฑ:13.0477
2026-04-17 15:21:04 --DEBUG-- ถมหซืึD820ึต:79784
2026-04-17 15:21:04 --DEBUG-- ถมหซืึD822ึต:22330
2026-04-17 15:21:05 --DEBUG-- ถมหซืึD824ึต:126196
2026-04-17 15:22:10 --INFO -- ฒ้ีาฤฃฐๅผฦสฑ:19.0671
2026-04-17 15:22:16 --INFO -- ฒ้ีาฤฃฐๅผฦสฑ:11.4772
2026-04-17 15:23:33 --DEBUG-- ถมหซืึD820ึต:77384
2026-04-17 15:23:33 --DEBUG-- ถมหซืึD822ึต:22330
2026-04-17 15:23:33 --DEBUG-- ถมหซืึD824ึต:126196
2026-04-17 15:24:55 --INFO -- อผฯ๑ฒษผฏStop continuous operation
2026-04-17 15:27:02 --INFO -- ะะฮ๓ฒ๎ฃบ0.04643171497480125,มะฮ๓ฒ๎ฃบ0.33366847143543055.
2026-04-17 15:28:25 --INFO -- ะะฮ๓ฒ๎ฃบ0.04643171497480125,มะฮ๓ฒ๎ฃบ0.33366847143543055.
2026-04-17 15:28:29 --INFO -- ะะฮ๓ฒ๎ฃบ0.04643171497480125,มะฮ๓ฒ๎ฃบ0.33366847143543055.
2026-04-17 15:30:30 --INFO -- ฒ้ีาฤฃฐๅผฦสฑ:18.0129
2026-04-17 15:30:39 --INFO -- ฒ้ีาฤฃฐๅผฦสฑ:12.5674
2026-04-17 15:31:45 --INFO -- ืชป๚ะตื๘ฑ๊:ฯ๑หุื๘ฑ๊[753.374,1795.144],ลฤีีป๚ะตื๘ฑ๊[967.3,223.3],ืชปปถจฮปป๚ะตื๘ฑ๊[0.00305068408954412,0.04643171497477283]
2026-04-17 15:32:27 --INFO -- ะะฮ๓ฒ๎ฃบ0.04643171497480125,มะฮ๓ฒ๎ฃบ0.33366847143543055.
2026-04-17 15:32:30 --INFO -- ืชป๚ะตื๘ฑ๊:ฯ๑หุื๘ฑ๊[753.374,1795.144],ลฤีีป๚ะตื๘ฑ๊[967.3,223.3],ืชปปถจฮปป๚ะตื๘ฑ๊[0.00305068408954412,0.04643171497477283]
2026-04-17 15:37:50 --INFO -- อผฯ๑ฒษผฏStop continuous operation

----------------------application startup--------------------------
2026-04-17 16:10:19 --INFO -- ด๒ฟช[PLC]ณษนฆ:.
2026-04-17 16:10:19 --DEBUG-- ถมหซืึD820ึต:97770
2026-04-17 16:10:19 --DEBUG-- ถมหซืึD822ึต:16061
2026-04-17 16:10:19 --DEBUG-- ถมหซืึD824ึต:142767
2026-04-17 16:11:18 --WARN -- PLCถฯฟชึีึนผเฟุฃก
2026-04-17 16:11:51 --INFO -- ด๒ฟช[PLC]ณษนฆ:.
2026-04-17 16:11:51 --DEBUG-- ถมหซืึD820ึต:97770
2026-04-17 16:11:51 --DEBUG-- ถมหซืึD822ึต:16061
2026-04-17 16:11:51 --DEBUG-- ถมหซืึD824ึต:142767
2026-04-17 16:13:00 --INFO -- ะะฮ๓ฒ๎ฃบ0.012825428656071836,มะฮ๓ฒ๎ฃบ0.012346448177737557.
2026-04-17 16:14:02 --INFO -- ะะฮ๓ฒ๎ฃบ0.012825428656071836,มะฮ๓ฒ๎ฃบ0.012346448177737557.
2026-04-17 16:14:05 --INFO -- ะะฮ๓ฒ๎ฃบ0.012825428656071836,มะฮ๓ฒ๎ฃบ0.012346448177737557.
2026-04-17 16:15:04 --INFO -- ืชป๚ะตื๘ฑ๊:ฯ๑หุื๘ฑ๊[753.374,1795.144],ลฤีีป๚ะตื๘ฑ๊[967.3,223.3],ืชปปถจฮปป๚ะตื๘ฑ๊[1997.0627719321328,56.12163636914471]
2026-04-17 16:16:05 --INFO -- ะะฮ๓ฒ๎ฃบ0.04643171497480125,มะฮ๓ฒ๎ฃบ0.33366847143543055.
2026-04-17 16:16:18 --INFO -- ืชป๚ะตื๘ฑ๊:ฯ๑หุื๘ฑ๊[753.374,1795.144],ลฤีีป๚ะตื๘ฑ๊[967.3,223.3],ืชปปถจฮปป๚ะตื๘ฑ๊[2021.95711397809,-34.64888943868519]
2026-04-17 16:16:45 --INFO -- ะะฮ๓ฒ๎ฃบ0.04643171497480125,มะฮ๓ฒ๎ฃบ0.33366847143543055.
2026-04-17 16:16:56 --INFO -- ืชป๚ะตื๘ฑ๊:ฯ๑หุื๘ฑ๊[753.374,1795.144],ลฤีีป๚ะตื๘ฑ๊[967.3,223.3],ืชปปถจฮปป๚ะตื๘ฑ๊[1222.1280506840894,160.6564317149748]
2026-04-17 16:26:11 --INFO -- ืชป๚ะตื๘ฑ๊:ฯ๑หุื๘ฑ๊[753.374,1795.144],ลฤีีป๚ะตื๘ฑ๊[967.3,223.3],ืชปปถจฮปป๚ะตื๘ฑ๊[1222.1280506840894,160.6564317149748]
2026-04-17 16:28:43 --INFO -- ะะฮ๓ฒ๎ฃบ0.04643171497480125,มะฮ๓ฒ๎ฃบ0.33366847143543055.
2026-04-17 16:28:55 --INFO -- ะะฮ๓ฒ๎ฃบ0.04643171497480125,มะฮ๓ฒ๎ฃบ0.33366847143543055.
2026-04-17 16:29:27 --INFO -- ืชป๚ะตื๘ฑ๊:ฯ๑หุื๘ฑ๊[753.374,1795.144],ลฤีีป๚ะตื๘ฑ๊[967.3,223.3],ืชปปถจฮปป๚ะตื๘ฑ๊[1222.1280506840894,160.6564317149748]
2026-04-17 16:29:33 --INFO -- ืชป๚ะตื๘ฑ๊:ฯ๑หุื๘ฑ๊[753.374,1795.144],ลฤีีป๚ะตื๘ฑ๊[967.3,223.3],ืชปปถจฮปป๚ะตื๘ฑ๊[1222.1280506840894,160.6564317149748]
2026-04-17 16:29:43 --INFO -- ืชป๚ะตื๘ฑ๊:ฯ๑หุื๘ฑ๊[753.374,1795.144],ลฤีีป๚ะตื๘ฑ๊[967.3,223.3],ืชปปถจฮปป๚ะตื๘ฑ๊[1222.1280506840894,160.6564317149748]
2026-04-17 16:31:52 --DEBUG-- ถมหซืึD820ึต:97770
2026-04-17 16:31:52 --DEBUG-- ถมหซืึD822ึต:16061
2026-04-17 16:31:52 --DEBUG-- ถมหซืึD824ึต:142767
2026-04-17 16:50:27 --INFO -- ด๒ฟช[ฯเป๚1(DA0014462)]ณษนฆ. 
2026-04-17 16:51:21 --INFO -- อผฯ๑ฒษผฏStop continuous operation
2026-04-17 16:51:24 --INFO -- ฒ้ีาฤฃฐๅผฦสฑ:27.0948
2026-04-17 16:51:34 --INFO -- ฒ้ีาฤฃฐๅผฦสฑ:19.019
2026-04-17 16:51:50 --DEBUG-- ถมหซืึD820ึต:82043
2026-04-17 16:51:50 --DEBUG-- ถมหซืึD822ึต:19330
2026-04-17 16:51:50 --DEBUG-- ถมหซืึD824ึต:126196
2026-04-17 16:52:47 --INFO -- ืชป๚ะตื๘ฑ๊:ฯ๑หุื๘ฑ๊[2258.095,1007.33],ลฤีีป๚ะตื๘ฑ๊[1025.5375,193.3],ืชปปถจฮปป๚ะตื๘ฑ๊[1222.2550839300386,160.52314806372576]
2026-04-17 16:52:48 --INFO -- ืชป๚ะตื๘ฑ๊:ฯ๑หุื๘ฑ๊[2258.095,1007.33],ลฤีีป๚ะตื๘ฑ๊[1025.5375,193.3],ืชปปถจฮปป๚ะตื๘ฑ๊[1222.2550839300386,160.52314806372576]
2026-04-17 16:56:56 --INFO -- อผฯ๑ฒษผฏStop continuous operation
2026-04-17 16:58:48 --INFO -- ฒ้ีาฤฃฐๅผฦสฑ:11.4308
2026-04-17 16:59:00 --INFO -- ฒ้ีาฤฃฐๅผฦสฑ:11.2401
2026-04-17 17:00:21 --INFO -- ฒ้ีาฤฃฐๅผฦสฑ:18.6185
2026-04-17 17:00:23 --DEBUG-- ถมหซืึD820ึต:79821
2026-04-17 17:00:23 --DEBUG-- ถมหซืึD822ึต:19383
2026-04-17 17:00:23 --DEBUG-- ถมหซืึD824ึต:126196
2026-04-17 17:04:20 --INFO -- อผฯ๑ฒษผฏStop continuous operation
2026-04-17 17:04:24 --INFO -- ฒ้ีาฤฃฐๅผฦสฑ:19.2565
2026-04-17 17:04:28 --INFO -- ฒ้ีาฤฃฐๅผฦสฑ:12.9505
2026-04-17 17:04:53 --INFO -- ฒ้ีาฤฃฐๅผฦสฑ:20.2411
2026-04-17 17:04:55 --DEBUG-- ถมหซืึD820ึต:78220
2026-04-17 17:04:55 --DEBUG-- ถมหซืึD822ึต:19383
2026-04-17 17:04:55 --DEBUG-- ถมหซืึD824ึต:126196
2026-04-17 17:08:28 --INFO -- ฒ้ีาฤฃฐๅผฦสฑ:24.295
2026-04-17 17:10:55 --INFO -- ฒ้ีาฤฃฐๅผฦสฑ:13.9909
2026-04-17 17:11:03 --DEBUG-- ถมหซืึD820ึต:78220
2026-04-17 17:11:03 --DEBUG-- ถมหซืึD822ึต:17383
2026-04-17 17:11:03 --DEBUG-- ถมหซืึD824ึต:126196
2026-04-17 17:11:48 --INFO -- อผฯ๑ฒษผฏStop continuous operation
2026-04-17 17:13:00 --INFO -- ฒ้ีาฤฃฐๅผฦสฑ:19.6092
2026-04-17 17:13:04 --INFO -- ฒ้ีาฤฃฐๅผฦสฑ:12.5746
2026-04-17 17:13:22 --INFO -- ฒ้ีาฤฃฐๅผฦสฑ:21.6412
2026-04-17 17:13:25 --DEBUG-- ถมหซืึD820ึต:79820
2026-04-17 17:13:25 --DEBUG-- ถมหซืึD822ึต:17383
2026-04-17 17:13:25 --DEBUG-- ถมหซืึD824ึต:126196
2026-04-17 17:14:45 --INFO -- ฒ้ีาฤฃฐๅผฦสฑ:12.7557
2026-04-17 17:15:12 --DEBUG-- ถมหซืึD820ึต:82220
2026-04-17 17:15:12 --DEBUG-- ถมหซืึD822ึต:17383
2026-04-17 17:15:12 --DEBUG-- ถมหซืึD824ึต:126196
2026-04-17 17:16:23 --INFO -- ฒ้ีาฤฃฐๅผฦสฑ:21.1462
2026-04-17 17:16:25 --INFO -- ฒ้ีาฤฃฐๅผฦสฑ:12.4405
2026-04-17 17:16:49 --DEBUG-- ถมหซืึD820ึต:82220
2026-04-17 17:16:49 --DEBUG-- ถมหซืึD822ึต:19383
2026-04-17 17:16:49 --DEBUG-- ถมหซืึD824ึต:126196
2026-04-17 17:20:25 --INFO -- อผฯ๑ฒษผฏStop continuous operation
2026-04-17 17:20:28 --INFO -- ฒ้ีาฤฃฐๅผฦสฑ:20.1037
2026-04-17 17:20:33 --INFO -- ฒ้ีาฤฃฐๅผฦสฑ:13.6079
2026-04-17 17:21:47 --INFO -- ฒ้ีาฤฃฐๅผฦสฑ:19.6869
2026-04-17 17:21:49 --DEBUG-- ถมหซืึD820ึต:81420
2026-04-17 17:21:49 --DEBUG-- ถมหซืึD822ึต:17383
2026-04-17 17:21:49 --DEBUG-- ถมหซืึD824ึต:126196
2026-04-17 17:22:38 --INFO -- อผฯ๑ฒษผฏStop continuous operation
2026-04-17 17:22:40 --INFO -- ฒ้ีาฤฃฐๅผฦสฑ:21.0379
2026-04-17 17:22:43 --INFO -- ฒ้ีาฤฃฐๅผฦสฑ:18.7862
2026-04-17 17:22:46 --INFO -- ฒ้ีาฤฃฐๅผฦสฑ:12.0746
2026-04-17 17:24:38 --INFO -- ฒ้ีาฤฃฐๅผฦสฑ:19.5436
2026-04-17 17:24:40 --INFO -- ฒ้ีาฤฃฐๅผฦสฑ:12.2571
2026-04-17 17:24:57 --DEBUG-- ถมหซืึD820ึต:81420
2026-04-17 17:24:57 --DEBUG-- ถมหซืึD822ึต:21383
2026-04-17 17:24:57 --DEBUG-- ถมหซืึD824ึต:126196
2026-04-17 17:25:36 --INFO -- ฒ้ีาฤฃฐๅผฦสฑ:19.9969
2026-04-17 17:25:38 --INFO -- ฒ้ีาฤฃฐๅผฦสฑ:11.9823
2026-04-17 17:26:23 --DEBUG-- ถมหซืึD820ึต:79820
2026-04-17 17:26:23 --DEBUG-- ถมหซืึD822ึต:21383
2026-04-17 17:26:23 --DEBUG-- ถมหซืึD824ึต:126196
2026-04-17 17:27:08 --INFO -- ฒ้ีาฤฃฐๅผฦสฑ:20.2172
2026-04-17 17:28:21 --INFO -- ะะฮ๓ฒ๎ฃบ0.029016040930400777,มะฮ๓ฒ๎ฃบ14.448503646691393.
2026-04-17 17:29:35 --INFO -- ฒ้ีาฤฃฐๅผฦสฑ:13.6781
2026-04-17 17:30:30 --DEBUG-- ถมหซืึD820ึต:79820
2026-04-17 17:30:30 --DEBUG-- ถมหซืึD822ึต:19383
2026-04-17 17:30:30 --DEBUG-- ถมหซืึD824ึต:126196
2026-04-17 17:31:11 --INFO -- ะะฮ๓ฒ๎ฃบ0.0286057993211557,มะฮ๓ฒ๎ฃบ14.444220476420583.
2026-04-17 17:31:36 --INFO -- ะะฮ๓ฒ๎ฃบ0.0286057993211557,มะฮ๓ฒ๎ฃบ14.444220476420583.
2026-04-17 17:31:36 --INFO -- ะะฮ๓ฒ๎ฃบ0.0286057993211557,มะฮ๓ฒ๎ฃบ14.444220476420583.
2026-04-17 17:31:36 --INFO -- ะะฮ๓ฒ๎ฃบ0.0286057993211557,มะฮ๓ฒ๎ฃบ14.444220476420583.
2026-04-17 17:31:37 --INFO -- ะะฮ๓ฒ๎ฃบ0.0286057993211557,มะฮ๓ฒ๎ฃบ14.444220476420583.
2026-04-17 17:35:30 --WARN -- PLCถฯฟชึีึนผเฟุฃก

 ----------------------application shutdown--------------------------

----------------------application startup--------------------------
2026-04-17 18:05:33 --INFO -- ด๒ฟช[ฯเป๚1(DA0014462)]ณษนฆ. 
2026-04-17 18:08:17 --INFO -- อผฯ๑ฒษผฏStop continuous operation
2026-04-17 18:09:42 --INFO -- ฒ้ีาฤฃฐๅผฦสฑ:20.5512
2026-04-17 18:09:56 --INFO -- ฒ้ีาฤฃฐๅผฦสฑ:17.9592
2026-04-17 18:10:03 --INFO -- ฒ้ีาฤฃฐๅผฦสฑ:15.6568
2026-04-17 18:10:40 --INFO -- ด๒ฟช[PLC]ณษนฆ:.
2026-04-17 18:10:41 --DEBUG-- ถมหซืึD820ึต:0
2026-04-17 18:10:41 --DEBUG-- ถมหซืึD822ึต:0
2026-04-17 18:10:41 --DEBUG-- ถมหซืึD824ึต:0
2026-04-17 18:20:58 --INFO -- ฒ้ีาฤฃฐๅผฦสฑ:12.1776
2026-04-17 18:21:01 --INFO -- ฒ้ีาฤฃฐๅผฦสฑ:11.5255
2026-04-17 18:21:54 --DEBUG-- ถมหซืึD820ึต:79820
2026-04-17 18:21:54 --DEBUG-- ถมหซืึD822ึต:19383
2026-04-17 18:21:54 --DEBUG-- ถมหซืึD824ึต:126196
2026-04-17 18:23:02 --INFO -- ฒ้ีาฤฃฐๅผฦสฑ:21.5195
2026-04-17 18:23:08 --INFO -- ฒ้ีาฤฃฐๅผฦสฑ:12.9991
2026-04-17 18:23:22 --DEBUG-- ถมหซืึD820ึต:77420
2026-04-17 18:23:22 --DEBUG-- ถมหซืึD822ึต:19383
2026-04-17 18:23:22 --DEBUG-- ถมหซืึD824ึต:126196
2026-04-17 18:24:13 --INFO -- อผฯ๑ฒษผฏStop continuous operation
2026-04-17 18:24:16 --INFO -- ฒ้ีาฤฃฐๅผฦสฑ:20.0564
2026-04-17 18:24:18 --INFO -- ฒ้ีาฤฃฐๅผฦสฑ:11.5625
2026-04-17 18:24:43 --DEBUG-- ถมหซืึD820ึต:77420
2026-04-17 18:24:43 --DEBUG-- ถมหซืึD822ึต:16383
2026-04-17 18:24:43 --DEBUG-- ถมหซืึD824ึต:126196
2026-04-17 18:25:28 --INFO -- อผฯ๑ฒษผฏStop continuous operation
2026-04-17 18:25:31 --INFO -- ฒ้ีาฤฃฐๅผฦสฑ:21.6851
2026-04-17 18:25:35 --INFO -- ฒ้ีาฤฃฐๅผฦสฑ:12.9659
2026-04-17 18:26:20 --INFO -- ฒ้ีาฤฃฐๅผฦสฑ:12.9012
2026-04-17 18:26:40 --DEBUG-- ถมหซืึD820ึต:79820
2026-04-17 18:26:40 --DEBUG-- ถมหซืึD822ึต:16383
2026-04-17 18:26:40 --DEBUG-- ถมหซืึD824ึต:126196
2026-04-17 18:29:05 --INFO -- อผฯ๑ฒษผฏStop continuous operation
2026-04-17 18:29:09 --INFO -- ฒ้ีาฤฃฐๅผฦสฑ:17.6522
2026-04-17 18:29:11 --INFO -- ฒ้ีาฤฃฐๅผฦสฑ:14.0211
2026-04-17 18:29:48 --INFO -- ฒ้ีาฤฃฐๅผฦสฑ:20.3017
2026-04-17 18:29:52 --INFO -- ะะฮ๓ฒ๎ฃบ0.04643171497480125,มะฮ๓ฒ๎ฃบ0.33366847143543055.
2026-04-17 18:30:08 --DEBUG-- ถมหซืึD820ึต:82220
2026-04-17 18:30:08 --DEBUG-- ถมหซืึD822ึต:16383
2026-04-17 18:30:08 --DEBUG-- ถมหซืึD824ึต:126196
2026-04-17 18:30:41 --INFO -- อผฯ๑ฒษผฏStop continuous operation
2026-04-17 18:30:44 --INFO -- ฒ้ีาฤฃฐๅผฦสฑ:22.8022
2026-04-17 18:30:46 --INFO -- ฒ้ีาฤฃฐๅผฦสฑ:14.3234
2026-04-17 18:31:54 --INFO -- ฒ้ีาฤฃฐๅผฦสฑ:19.9858
2026-04-17 18:31:57 --INFO -- ฒ้ีาฤฃฐๅผฦสฑ:12.2096
2026-04-17 18:32:16 --DEBUG-- ถมหซืึD820ึต:82220
2026-04-17 18:32:16 --DEBUG-- ถมหซืึD822ึต:22383
2026-04-17 18:32:16 --DEBUG-- ถมหซืึD824ึต:126196
2026-04-17 18:33:12 --INFO -- ฒ้ีาฤฃฐๅผฦสฑ:21.2183
2026-04-17 18:33:14 --INFO -- ฒ้ีาฤฃฐๅผฦสฑ:13.5525
2026-04-17 18:34:00 --INFO -- ฒ้ีาฤฃฐๅผฦสฑ:16.7844
2026-04-17 18:34:03 --INFO -- ฒ้ีาฤฃฐๅผฦสฑ:12.2064
2026-04-17 18:34:39 --INFO -- ะะฮ๓ฒ๎ฃบ0.11848481317221626,มะฮ๓ฒ๎ฃบ0.08122863783785306.
2026-04-17 18:35:07 --INFO -- ะะฮ๓ฒ๎ฃบ0.11848481317221626,มะฮ๓ฒ๎ฃบ0.08122863783785306.
2026-04-17 18:35:10 --INFO -- ืชป๚ะตื๘ฑ๊:ฯ๑หุื๘ฑ๊[2258.095,1007.33],ลฤีีป๚ะตื๘ฑ๊[1025.5375,193.3],ืชปปถจฮปป๚ะตื๘ฑ๊[1222.2749234538755,160.4686374229427]
2026-04-17 18:35:15 --INFO -- ืชป๚ะตื๘ฑ๊:ฯ๑หุื๘ฑ๊[2258.095,1007.33],ลฤีีป๚ะตื๘ฑ๊[1025.5375,193.3],ืชปปถจฮปป๚ะตื๘ฑ๊[1222.2749234538755,160.4686374229427]
2026-04-17 18:36:09 --INFO -- ืชป๚ะตื๘ฑ๊:ฯ๑หุื๘ฑ๊[766.54,1806.506],ลฤีีป๚ะตื๘ฑ๊[967.75,223.83],ืชปปถจฮปป๚ะตื๘ฑ๊[1222.08140691479,160.66800557547094]
2026-04-17 18:36:22 --INFO -- ืชป๚ะตื๘ฑ๊:ฯ๑หุื๘ฑ๊[766.54,1806.506],ลฤีีป๚ะตื๘ฑ๊[967.75,223.83],ืชปปถจฮปป๚ะตื๘ฑ๊[1222.08140691479,160.66800557547094]
2026-04-17 18:42:49 --INFO -- อผฯ๑ฒษผฏStop continuous operation
2026-04-17 18:42:55 --WARN -- ล๚มฟป๑ศกDึตณคถศา์ณฃ[0],ะ่าชณคถศ[1]
2026-04-17 18:42:55 --WARN -- PLCถฯฟชึีึนผเฟุฃก

 ----------------------application shutdown--------------------------
