
----------------------application startup--------------------------
2026-01-31 09:47:40 --INFO -- 打开[相机1(DA0014462)]成功. 
2026-01-31 10:21:48 --ERROR-- Set Gain Fail!!
2026-01-31 10:21:49 --ERROR-- Set Gain Fail!!
2026-01-31 10:21:49 --ERROR-- Set Gain Fail!!
2026-01-31 10:21:50 --ERROR-- Set Gain Fail!!
2026-01-31 10:21:50 --ERROR-- Set Gain Fail!!
2026-01-31 10:21:52 --ERROR-- Set Gain Fail!!
2026-01-31 10:21:52 --ERROR-- Set Gain Fail!!
2026-01-31 10:22:00 --ERROR-- Stop Grabbing Fail!Tip:-2147483130
2026-01-31 10:22:01 --INFO -- 打开[相机1(DA0014462)]成功. 
2026-01-31 10:49:06 --ERROR-- Stop Grabbing Fail!Tip:-2147483130
2026-01-31 10:49:08 --INFO -- 打开[相机1(DA0014462)]成功. 

 ----------------------application shutdown--------------------------

----------------------application startup--------------------------
2026-01-31 13:36:14 --INFO -- 行误差：0.47760418426400975,列误差：0.38823214101978465.
2026-01-31 13:37:17 --INFO -- 行误差：0.47760418426400975,列误差：0.38823214101978465.
2026-01-31 13:38:58 --INFO -- 打开[机器人]成功:.
2026-01-31 13:39:04 --INFO -- [机器人]停止监控！
2026-01-31 13:39:04 --INFO -- [机器人]停止监控！
2026-01-31 13:39:30 --INFO -- 打开[机器人]成功:No device, please select.
2026-01-31 13:39:33 --INFO -- [机器人]停止监控！
2026-01-31 13:39:33 --INFO -- [机器人]停止监控！
2026-01-31 13:39:41 --INFO -- 打开[相机1(DA0014462)]成功. 
2026-01-31 13:48:15 --INFO -- 查找模板计时:26.4909
2026-01-31 13:51:10 --INFO -- 查找模板计时:115.2798
2026-01-31 13:51:30 --INFO -- 打开[机器人]成功:.
2026-01-31 14:13:54 --INFO -- [机器人]停止监控！
2026-01-31 14:13:54 --INFO -- [机器人]停止监控！
2026-01-31 14:22:35 --INFO -- 打开[相机1(DA0014462)]成功. 
2026-01-31 14:22:35 --INFO -- 打开[机器人]成功:.
2026-01-31 14:22:42 --INFO -- 初始化PLC事件触发:触发类型[变化],消息[D450变为1].
2026-01-31 14:24:00 --INFO -- 复位事件触发:触发类型[变化],消息[D450变为0].
2026-01-31 14:24:46 --INFO -- 方向识别拍照事件触发:触发类型[变化],消息[D450变为2].
2026-01-31 14:24:47 --ERROR-- 模板匹配[模板匹配] running failed:;Exception message:Line[45],Message[Index out of range],Location[   at HalconDotNet.HTuple.op_Implicit(HTuple t)
   at Plugin.Matching.ToolMatching.Run()]
2026-01-31 14:24:47 --WARN -- 方向判断执行失败:返回参数:方向识别拍照.写入方向:1;方向识别拍照.写入结果:2
2026-01-31 14:24:51 --INFO -- 复位事件触发:触发类型[变化],消息[D450变为0].
2026-01-31 14:26:00 --INFO -- Mark点拍照事件触发:触发类型[变化],消息[D450变为3].
2026-01-31 14:26:00 --INFO -- 查找模板计时:22.4361
2026-01-31 14:26:00 --INFO -- 转机械坐标:像素坐标[1997.511,1569.985],拍照机械坐标[-1364.1412353515625,1510.9522705078125],转换定位机械坐标[-2520.5112356162217,3166.9033737511522]
2026-01-31 14:26:05 --INFO -- 复位事件触发:触发类型[变化],消息[D450变为0].
2026-01-31 14:27:00 --INFO -- 电芯拍照事件触发:触发类型[变化],消息[D450变为4].
2026-01-31 14:27:01 --INFO -- 查找模板计时:126.3708
2026-01-31 14:27:01 --INFO -- 转机械坐标:像素坐标[1996.444,1573.58],拍照机械坐标[-1364.1407470703125,1510.9527587890625],转换定位机械坐标[-2520.6274043917265,3166.5103476872287]
2026-01-31 14:27:05 --INFO -- 复位事件触发:触发类型[变化],消息[D450变为0].
2026-01-31 14:29:35 --INFO -- 查找模板计时:24.0872
2026-01-31 14:42:17 --INFO -- 初始化PLC事件触发:触发类型[变化],消息[D450变为1].
2026-01-31 14:42:32 --INFO -- 方向识别拍照事件触发:触发类型[变化],消息[D450变为2].
2026-01-31 14:42:32 --INFO -- 查找模板计时:34.3411
2026-01-31 14:42:37 --INFO -- 复位事件触发:触发类型[变化],消息[D450变为0].
2026-01-31 14:42:38 --INFO -- 方向识别拍照事件触发:触发类型[变化],消息[D450变为2].
2026-01-31 14:42:38 --INFO -- 查找模板计时:17.2414
2026-01-31 14:42:38 --WARN -- 方向判断执行失败:返回参数:方向识别拍照.写入方向:1;方向识别拍照.写入结果:2
2026-01-31 14:42:48 --INFO -- 复位事件触发:触发类型[变化],消息[D450变为0].
2026-01-31 14:43:13 --INFO -- Mark点拍照事件触发:触发类型[变化],消息[D450变为3].
2026-01-31 14:43:13 --INFO -- 查找模板计时:13.0323
2026-01-31 14:43:18 --INFO -- 复位事件触发:触发类型[变化],消息[D450变为0].
2026-01-31 14:43:40 --INFO -- 转机械坐标:像素坐标[1997.5050980299438,1569.9999468031658],拍照机械坐标[-1364.0179443359375,1510.813232421875],转换定位机械坐标[-2520.3885890430483,3166.762697782401]
2026-01-31 14:45:28 --INFO -- 初始化PLC事件触发:触发类型[变化],消息[D450变为1].
2026-01-31 14:47:07 --INFO -- 复位事件触发:触发类型[变化],消息[D450变为0].
2026-01-31 14:48:16 --INFO -- Mark点拍照事件触发:触发类型[变化],消息[D450变为3].
2026-01-31 14:48:16 --INFO -- 查找模板计时:19.1934
2026-01-31 14:48:16 --INFO -- 转机械坐标:像素坐标[1993.331,1566.909],拍照机械坐标[-1364.0247802734375,1510.7889404296875],转换定位机械坐标[-2520.848901152206,3167.070554682163]
2026-01-31 14:48:21 --INFO -- 复位事件触发:触发类型[变化],消息[D450变为0].
2026-01-31 14:49:25 --INFO -- Mark点拍照事件触发:触发类型[变化],消息[D450变为3].
2026-01-31 14:49:25 --INFO -- 查找模板计时:20.4227
2026-01-31 14:49:25 --INFO -- 转机械坐标:像素坐标[1993.17,1566.639],拍照机械坐标[-426.7043762207031,1533.105224609375],转换定位机械坐标[-1583.5459628603016,3189.416100276329]
2026-01-31 14:49:30 --INFO -- 复位事件触发:触发类型[变化],消息[D450变为0].
2026-01-31 14:50:29 --INFO -- Mark点拍照事件触发:触发类型[变化],消息[D450变为3].
2026-01-31 14:50:29 --INFO -- 查找模板计时:12.1783
2026-01-31 14:50:34 --INFO -- 复位事件触发:触发类型[变化],消息[D450变为0].
2026-01-31 14:50:42 --INFO -- 转机械坐标:像素坐标[2015,1576],拍照机械坐标[-412.0912780761719,679.1663208007812],转换定位机械坐标[-1566.5600976615606,2334.48244921887]
2026-01-31 14:50:57 --INFO -- 查找模板计时:126.878
2026-01-31 14:51:02 --INFO -- 查找模板计时:129.8209
2026-01-31 14:51:21 --INFO -- 查找模板计时:210.9399
2026-01-31 14:51:21 --INFO -- 转机械坐标:像素坐标[1772.476,1659.839],拍照机械坐标[-412.0973205566406,679.1669921875],转换定位机械坐标[-1592.9583847781003,2325.041332226458]
2026-01-31 14:51:51 --INFO -- 查找模板计时:332.0239
2026-01-31 14:51:51 --INFO -- 转机械坐标:像素坐标[1763.547,1657.179],拍照机械坐标[-412.0926208496094,679.1591796875],转换定位机械坐标[-1593.9244010209977,2325.312870311818]
2026-01-31 14:52:22 --INFO -- 查找模板计时:248.0699
2026-01-31 14:52:29 --INFO -- 查找模板计时:121.1953
2026-01-31 14:52:59 --INFO -- 查找模板计时:123.6752
2026-01-31 14:53:13 --INFO -- 查找模板计时:163.5669
2026-01-31 14:53:31 --INFO -- 查找模板计时:16.9278
2026-01-31 14:53:35 --ERROR-- 模板匹配[模板匹配] running failed:;Exception message:Line[45],Message[Index out of range],Location[   at HalconDotNet.HTuple.op_Implicit(HTuple t)
   at Plugin.Matching.ToolMatching.Run()]
2026-01-31 14:53:42 --ERROR-- 模板匹配[模板匹配] running failed:;Exception message:Line[45],Message[Index out of range],Location[   at HalconDotNet.HTuple.op_Implicit(HTuple t)
   at Plugin.Matching.ToolMatching.Run()]
2026-01-31 14:54:08 --INFO -- 查找模板计时:121.2731
2026-01-31 14:54:12 --INFO -- 查找模板计时:155.1039
2026-01-31 14:56:05 --INFO -- 查找模板计时:118.5644
2026-01-31 14:56:08 --INFO -- 查找模板计时:124.1399
2026-01-31 14:56:19 --INFO -- 查找模板计时:131.0843
2026-01-31 14:56:25 --INFO -- 查找模板计时:170.7087
2026-01-31 14:56:25 --INFO -- 转机械坐标:像素坐标[1929.937,1647.95],拍照机械坐标[-412.09503173828125,679.162841796875],转换定位机械坐标[-1575.8278379983885,2326.5257443449614]
2026-01-31 14:57:34 --INFO -- 初始化PLC事件触发:触发类型[变化],消息[D450变为1].
2026-01-31 14:57:35 --INFO -- 复位事件触发:触发类型[变化],消息[D450变为0].
2026-01-31 14:58:44 --INFO -- Mark点拍照事件触发:触发类型[变化],消息[D450变为3].
2026-01-31 14:58:44 --INFO -- 查找模板计时:146.8433
2026-01-31 14:58:44 --INFO -- 转机械坐标:像素坐标[1929.953,1647.954],拍照机械坐标[-1364.005615234375,1510.77392578125],转换定位机械坐标[-2527.736681926061,3158.1364113818236]
2026-01-31 14:58:49 --INFO -- 复位事件触发:触发类型[变化],消息[D450变为0].
2026-01-31 14:59:53 --INFO -- Mark点拍照事件触发:触发类型[变化],消息[D450变为3].
2026-01-31 14:59:53 --INFO -- 查找模板计时:137.0898
2026-01-31 14:59:53 --INFO -- 转机械坐标:像素坐标[1994.13,1570.194],拍照机械坐标[-426.9158020019531,1533.09521484375],转换定位机械坐标[-1583.6535721547461,3189.019404921627]
2026-01-31 14:59:58 --INFO -- 复位事件触发:触发类型[变化],消息[D450变为0].
2026-01-31 15:00:57 --INFO -- Mark点拍照事件触发:触发类型[变化],消息[D450变为3].
2026-01-31 15:00:57 --INFO -- 查找模板计时:181.7686
2026-01-31 15:00:57 --INFO -- 转机械坐标:像素坐标[2019.011,1625.983],拍照机械坐标[-412.0841979980469,679.1493530273438],转换定位机械坐标[-1566.1251685269247,2329.0171795692513]
2026-01-31 15:01:02 --INFO -- 复位事件触发:触发类型[变化],消息[D450变为0].
2026-01-31 15:03:50 --INFO -- 电芯拍照事件触发:触发类型[变化],消息[D450变为4].
2026-01-31 15:03:50 --INFO -- 查找模板计时:173.8075
2026-01-31 15:03:50 --INFO -- 转机械坐标:像素坐标[1927.231,1638.503],拍照机械坐标[-1286.02880859375,1510.53515625],转换定位机械坐标[-2450.054344071159,3158.925442518089]
2026-01-31 15:03:55 --INFO -- 复位事件触发:触发类型[变化],消息[D450变为0].
2026-01-31 15:04:02 --INFO -- 电芯拍照事件触发:触发类型[变化],消息[D450变为4].
2026-01-31 15:04:02 --INFO -- 查找模板计时:169.4826
2026-01-31 15:04:02 --INFO -- 转机械坐标:像素坐标[1989.258,1557.485],拍照机械坐标[-1207.719970703125,1511.0628662109375],转换定位机械坐标[-2364.9855065310335,3168.367692665289]
2026-01-31 15:04:07 --INFO -- 复位事件触发:触发类型[变化],消息[D450变为0].
2026-01-31 15:04:24 --INFO -- 电芯拍照事件触发:触发类型[变化],消息[D450变为4].
2026-01-31 15:04:24 --INFO -- 查找模板计时:183.2114
2026-01-31 15:04:24 --INFO -- 转机械坐标:像素坐标[1993.286,1553.544],拍照机械坐标[-975.9478149414062,1510.915283203125],转换定位机械坐标[-2132.7745821127405,3168.6549732619387]
2026-01-31 15:04:29 --INFO -- 复位事件触发:触发类型[变化],消息[D450变为0].
2026-01-31 15:05:58 --INFO -- 行误差：0.47760418426400975,列误差：0.38823214101978465.
2026-01-31 15:07:03 --INFO -- 行误差：0.47760418426400975,列误差：0.38823214101978465.
2026-01-31 15:29:15 --ERROR-- 机器人异常，终止监控:Line[397],Message[Unable to read data from the transport connection: 由于连接方在一段时间后没有正确答复或连接的主机没有反应，连接尝试失败。.],Location[   at System.Net.Sockets.NetworkStream.Read(Byte[] buffer, Int32 offset, Int32 count)
   at Modbus.IO.TcpClientAdapter.Read(Byte[] buffer, Int32 offset, Int32 size) in C:\项目\类库\ReferenceLib\NModbus4\IO\TcpClientAdapter.cs:line 48
   at Modbus.IO.ModbusIpTransport.ReadRequestResponse(IStreamResource streamResource) in C:\项目\类库\ReferenceLib\NModbus4\IO\ModbusIpTransport.cs:line 36
   at Modbus.IO.ModbusIpTransport.ReadResponse[T]() in C:\项目\类库\ReferenceLib\NModbus4\IO\ModbusIpTransport.cs:line 140
   at Modbus.IO.ModbusTransport.UnicastMessage[T](IModbusMessage message) in C:\项目\类库\ReferenceLib\NModbus4\IO\ModbusTransport.cs:line 135
   at Modbus.Device.ModbusMaster.WriteMultipleRegisters(Byte slaveAddress, UInt16 startAddress, UInt16[] data) in C:\项目\类库\ReferenceLib\NModbus4\Device\ModbusMaster.cs:line 256
   at Driver.PLC.Modbus.PlcModbus.WriteEntity[T](String name, T[] ts)
   at Device.PlcPortBase.Write[T](String name, T[] ts) in F:\项目\Libraries\Class\Device\007 Plc\PlcPortBase.cs:line 352
   at Driver.PLC.Modbus.PlcModbus.MonitoringIo()]
2026-01-31 15:29:20 --ERROR-- 机器人异常，终止监控:Line[397],Message[Unable to read data from the transport connection: 由于连接方在一段时间后没有正确答复或连接的主机没有反应，连接尝试失败。.],Location[   at System.Net.Sockets.NetworkStream.Read(Byte[] buffer, Int32 offset, Int32 count)
   at Modbus.IO.TcpClientAdapter.Read(Byte[] buffer, Int32 offset, Int32 size) in C:\项目\类库\ReferenceLib\NModbus4\IO\TcpClientAdapter.cs:line 48
   at Modbus.IO.ModbusIpTransport.ReadRequestResponse(IStreamResource streamResource) in C:\项目\类库\ReferenceLib\NModbus4\IO\ModbusIpTransport.cs:line 36
   at Modbus.IO.ModbusIpTransport.ReadResponse[T]() in C:\项目\类库\ReferenceLib\NModbus4\IO\ModbusIpTransport.cs:line 140
   at Modbus.IO.ModbusTransport.UnicastMessage[T](IModbusMessage message) in C:\项目\类库\ReferenceLib\NModbus4\IO\ModbusTransport.cs:line 135
   at Modbus.Device.ModbusMaster.WriteMultipleRegisters(Byte slaveAddress, UInt16 startAddress, UInt16[] data) in C:\项目\类库\ReferenceLib\NModbus4\Device\ModbusMaster.cs:line 256
   at Driver.PLC.Modbus.PlcModbus.WriteEntity[T](String name, T[] ts)
   at Device.PlcPortBase.Write[T](String name, T[] ts) in F:\项目\Libraries\Class\Device\007 Plc\PlcPortBase.cs:line 352
   at Driver.PLC.Modbus.PlcModbus.MonitoringIo()]

 ----------------------application shutdown--------------------------

----------------------application startup--------------------------
2026-01-31 15:47:53 --INFO -- 行误差：0.47760418426400975,列误差：0.38823214101978465.
2026-01-31 15:48:11 --INFO -- 行误差：0.47760418426400975,列误差：0.38823214101978465.
2026-01-31 15:48:29 --INFO -- 转机械坐标:像素坐标[2019.011,1625.983],拍照机械坐标[-412.0841979980469,679.1493530273438],转换定位机械坐标[-401.63430233669294,948.5938741290142]

 ----------------------application shutdown--------------------------
