
----------------------application startup--------------------------
2026-03-24 08:47:18 --INFO -- 打开[相机1(DA0014462)]成功. 
2026-03-24 08:47:18 --INFO -- 打开[测距仪]成功:.
2026-03-24 08:47:18 --INFO -- 打开[机器人]成功:.
2026-03-24 08:47:25 --INFO -- 初始化PLC事件触发:触发类型[变化],消息[D500变为1].
2026-03-24 08:47:26 --INFO -- 复位事件触发:触发类型[变化],消息[D500变为0].
2026-03-24 08:47:39 --INFO -- 方向识别拍照事件触发:触发类型[变化],消息[D500变为2].
2026-03-24 08:47:40 --INFO -- 查找模板计时:250.8687
2026-03-24 08:47:40 --INFO -- 复位事件触发:触发类型[变化],消息[D500变为0].
2026-03-24 08:47:43 --INFO -- 方向识别拍照事件触发:触发类型[变化],消息[D500变为2].
2026-03-24 08:47:43 --INFO -- 查找模板计时:280.2826
2026-03-24 08:47:44 --INFO -- 复位事件触发:触发类型[变化],消息[D500变为0].
2026-03-24 08:47:46 --INFO -- Mark点拍照事件触发:触发类型[变化],消息[D500变为3].
2026-03-24 08:47:46 --INFO -- Read D530 is 1
2026-03-24 08:47:46 --INFO -- Reading D5000 is 407.31458
2026-03-24 08:47:46 --INFO -- Reading D5002 is -325.03214
2026-03-24 08:47:46 --INFO -- Reading D5004 is 753.546
2026-03-24 08:47:46 --INFO -- Reading D5010 is 0
2026-03-24 08:47:46 --INFO -- Reading D5006 is 179.96033
2026-03-24 08:47:46 --INFO -- Reading D5008 is 0
2026-03-24 08:47:46 --INFO -- Read D532 is 1
2026-03-24 08:47:47 --INFO -- 查找模板计时:28.3867
2026-03-24 08:47:47 --INFO -- 转机械坐标:像素坐标[1846.67,1440.976],拍照机械坐标[407.3145751953125,-325.0321350097656],转换定位机械坐标[705.0735095842099,-323.8310795171815]
2026-03-24 08:47:47 --INFO -- 复位事件触发:触发类型[变化],消息[D500变为0].
2026-03-24 08:47:58 --INFO -- Mark点拍照事件触发:触发类型[变化],消息[D500变为3].
2026-03-24 08:47:58 --INFO -- Read D530 is 2
2026-03-24 08:47:58 --INFO -- Reading D5000 is 432.95526
2026-03-24 08:47:58 --INFO -- Reading D5002 is 615.52094
2026-03-24 08:47:58 --INFO -- Reading D5004 is 760.93274
2026-03-24 08:47:58 --INFO -- Reading D5010 is 0
2026-03-24 08:47:58 --INFO -- Reading D5006 is 179.9419
2026-03-24 08:47:58 --INFO -- Reading D5008 is 0.010028816
2026-03-24 08:47:58 --INFO -- Read D532 is 1
2026-03-24 08:47:58 --INFO -- 查找模板计时:29.1518
2026-03-24 08:47:58 --INFO -- 转机械坐标:像素坐标[1926.082,1515.899],拍照机械坐标[432.95526123046875,615.5209350585938],转换定位机械坐标[723.9925919952198,609.2722922225557]
2026-03-24 08:47:59 --INFO -- 复位事件触发:触发类型[变化],消息[D500变为0].
2026-03-24 08:48:08 --INFO -- Mark点拍照事件触发:触发类型[变化],消息[D500变为3].
2026-03-24 08:48:08 --INFO -- Read D530 is 3
2026-03-24 08:48:08 --INFO -- Reading D5000 is -391.60632
2026-03-24 08:48:08 --INFO -- Reading D5002 is 635.453
2026-03-24 08:48:08 --INFO -- Reading D5004 is 766.50653
2026-03-24 08:48:08 --INFO -- Reading D5010 is 0
2026-03-24 08:48:08 --INFO -- Reading D5006 is 179.95901
2026-03-24 08:48:08 --INFO -- Reading D5008 is 0
2026-03-24 08:48:08 --INFO -- Read D532 is 1
2026-03-24 08:48:08 --INFO -- 查找模板计时:34.1429
2026-03-24 08:48:08 --INFO -- 转机械坐标:像素坐标[1932.307,1486.767],拍照机械坐标[-391.6063232421875,635.4530029296875],转换定位机械坐标[-97.87520025792975,628.6912437275382]
2026-03-24 08:48:09 --INFO -- 复位事件触发:触发类型[变化],消息[D500变为0].
2026-03-24 08:48:12 --INFO -- 写三轴坐标事件触发:触发类型[变化],消息[D500变为5].
2026-03-24 08:48:12 --INFO -- [Mark点间标定]首坐标表[1:714.7334843835995,-317.6336983918343;2:725.8285565276506,619.8178226864809;3:-95.99445350563525,633.2824897865062],次坐标列表[1:705.0735095842099,-323.8310795171815;2:723.9925919952198,609.2722922225557;3:-97.87520025792975,628.6912437275382].
2026-03-24 08:48:12 --INFO -- [Mark点间标定]标定信息：[平移X:-7.146362659264723;平移Y:-2.4114353563088846;X当量:1.0002179791541645;Y当量:0.9954833343697114;旋转角度:-0.4193053329338266;倾斜角度:-0.06093269971022257;RMS:1.7539518714759214E-13]误差：5.684341886080802E-14,列误差：2.842170943040401E-14.
2026-03-24 08:48:13 --INFO -- 复位事件触发:触发类型[变化],消息[D500变为0].
2026-03-24 09:08:29 --INFO -- 方向识别拍照事件触发:触发类型[变化],消息[D500变为2].
2026-03-24 09:08:30 --INFO -- 查找模板计时:245.4778
2026-03-24 09:08:30 --INFO -- 复位事件触发:触发类型[变化],消息[D500变为0].
2026-03-24 09:08:32 --INFO -- 方向识别拍照事件触发:触发类型[变化],消息[D500变为2].
2026-03-24 09:08:32 --INFO -- 查找模板计时:249.508
2026-03-24 09:08:33 --INFO -- 复位事件触发:触发类型[变化],消息[D500变为0].
2026-03-24 09:08:34 --INFO -- Mark点拍照事件触发:触发类型[变化],消息[D500变为3].
2026-03-24 09:08:34 --INFO -- Read D530 is 1
2026-03-24 09:08:34 --INFO -- Reading D5000 is 407.30374
2026-03-24 09:08:34 --INFO -- Reading D5002 is -325.0212
2026-03-24 09:08:34 --INFO -- Reading D5004 is 527.3728
2026-03-24 09:08:34 --INFO -- Reading D5010 is 0
2026-03-24 09:08:34 --INFO -- Reading D5006 is 179.9596
2026-03-24 09:08:34 --INFO -- Reading D5008 is 0
2026-03-24 09:08:34 --INFO -- Read D532 is 1
2026-03-24 09:08:34 --INFO -- 查找模板计时:36.952
2026-03-24 09:08:34 --INFO -- 转机械坐标:像素坐标[1850.183,1421.822],拍照机械坐标[407.3037414550781,-325.0212097167969],转换定位机械坐标[706.8325630428017,-324.10423197853584]
2026-03-24 09:08:35 --INFO -- 复位事件触发:触发类型[变化],消息[D500变为0].
2026-03-24 09:08:39 --INFO -- Mark点拍照事件触发:触发类型[变化],消息[D500变为3].
2026-03-24 09:08:39 --INFO -- Read D530 is 2
2026-03-24 09:08:39 --INFO -- Reading D5000 is 432.96722
2026-03-24 09:08:39 --INFO -- Reading D5002 is 615.517
2026-03-24 09:08:39 --INFO -- Reading D5004 is 533.66174
2026-03-24 09:08:39 --INFO -- Reading D5010 is 0
2026-03-24 09:08:39 --INFO -- Reading D5006 is 179.94276
2026-03-24 09:08:39 --INFO -- Reading D5008 is 0.0073379977
2026-03-24 09:08:39 --INFO -- Read D532 is 1
2026-03-24 09:08:40 --INFO -- 查找模板计时:30.0381
2026-03-24 09:08:40 --INFO -- 转机械坐标:像素坐标[1885.992,1523.17],拍照机械坐标[432.96722412109375,615.5170288085938],转换定位机械坐标[723.248855835471,612.9379799916519]
2026-03-24 09:08:40 --INFO -- 复位事件触发:触发类型[变化],消息[D500变为0].
2026-03-24 09:08:45 --INFO -- Mark点拍照事件触发:触发类型[变化],消息[D500变为3].
2026-03-24 09:08:45 --INFO -- Read D530 is 3
2026-03-24 09:08:45 --INFO -- Reading D5000 is -391.60168
2026-03-24 09:08:45 --INFO -- Reading D5002 is 635.45154
2026-03-24 09:08:45 --INFO -- Reading D5004 is 540.5079
2026-03-24 09:08:45 --INFO -- Reading D5010 is 0
2026-03-24 09:08:45 --INFO -- Reading D5006 is 179.95705
2026-03-24 09:08:45 --INFO -- Reading D5008 is 0
2026-03-24 09:08:45 --INFO -- Read D532 is 1
2026-03-24 09:08:45 --INFO -- 查找模板计时:38.6951
2026-03-24 09:08:45 --INFO -- 转机械坐标:像素坐标[1899.845,1523.455],拍照机械坐标[-391.6016845703125,635.4515380859375],转换定位机械坐标[-101.31630824045436,631.5988076620154]
2026-03-24 09:08:46 --INFO -- 复位事件触发:触发类型[变化],消息[D500变为0].
2026-03-24 09:08:47 --INFO -- 写三轴坐标事件触发:触发类型[变化],消息[D500变为5].
2026-03-24 09:08:47 --INFO -- [Mark点间标定]首坐标表[1:714.7334843835995,-317.6336983918343;2:725.8285565276506,619.8178226864809;3:-95.99445350563525,633.2824897865062],次坐标列表[1:706.8325630428017,-324.10423197853584;2:723.248855835471,612.9379799916519;3:-101.31630824045436,631.5988076620154].
2026-03-24 09:08:47 --INFO -- [Mark点间标定]标定信息：[平移X:-8.561665754341279;平移Y:-2.062128391916784;X当量:1.003448963945324;Y当量:0.9996541689320184;旋转角度:-0.3613610719183056;倾斜角度:0.0383470487953731;RMS:1.2086190605650958E-13]误差：5.684341886080802E-14,列误差：7.105427357601002E-14.
2026-03-24 09:08:48 --INFO -- 复位事件触发:触发类型[变化],消息[D500变为0].
2026-03-24 09:20:37 --INFO -- 方向识别拍照事件触发:触发类型[变化],消息[D500变为2].
2026-03-24 09:20:37 --INFO -- 查找模板计时:252.1746
2026-03-24 09:20:38 --INFO -- 复位事件触发:触发类型[变化],消息[D500变为0].
2026-03-24 09:20:39 --INFO -- 方向识别拍照事件触发:触发类型[变化],消息[D500变为2].
2026-03-24 09:20:40 --INFO -- 查找模板计时:469.4693
2026-03-24 09:20:40 --WARN -- 方向判断执行失败:返回参数:方向识别拍照.写入方向:0;方向识别拍照.写入结果:2;全局.电池角度:-90
2026-03-24 09:20:40 --INFO -- 复位事件触发:触发类型[变化],消息[D500变为0].
2026-03-24 09:21:41 --INFO -- 方向识别拍照事件触发:触发类型[变化],消息[D500变为2].
2026-03-24 09:21:41 --INFO -- 查找模板计时:265.5706
2026-03-24 09:21:42 --INFO -- 复位事件触发:触发类型[变化],消息[D500变为0].
2026-03-24 09:22:14 --INFO -- 方向识别拍照事件触发:触发类型[变化],消息[D500变为2].
2026-03-24 09:22:14 --INFO -- 查找模板计时:271.4711
2026-03-24 09:22:15 --INFO -- 复位事件触发:触发类型[变化],消息[D500变为0].
2026-03-24 09:22:16 --INFO -- 方向识别拍照事件触发:触发类型[变化],消息[D500变为2].
2026-03-24 09:22:17 --INFO -- 查找模板计时:274.9197
2026-03-24 09:22:17 --INFO -- 复位事件触发:触发类型[变化],消息[D500变为0].
2026-03-24 09:22:19 --INFO -- Mark点拍照事件触发:触发类型[变化],消息[D500变为3].
2026-03-24 09:22:19 --INFO -- Read D530 is 1
2026-03-24 09:22:19 --INFO -- Reading D5000 is 407.30362
2026-03-24 09:22:19 --INFO -- Reading D5002 is -325.0211
2026-03-24 09:22:19 --INFO -- Reading D5004 is 298.68115
2026-03-24 09:22:19 --INFO -- Reading D5010 is 0
2026-03-24 09:22:19 --INFO -- Reading D5006 is 179.95859
2026-03-24 09:22:19 --INFO -- Reading D5008 is 0
2026-03-24 09:22:19 --INFO -- Read D532 is 1
2026-03-24 09:22:19 --INFO -- 查找模板计时:39.2151
2026-03-24 09:22:19 --INFO -- 转机械坐标:像素坐标[1842.98,1479.484],拍照机械坐标[407.3036193847656,-325.0210876464844],转换定位机械坐标[701.5115944599452,-323.5588632520305]
2026-03-24 09:22:20 --INFO -- 复位事件触发:触发类型[变化],消息[D500变为0].
2026-03-24 09:22:24 --INFO -- Mark点拍照事件触发:触发类型[变化],消息[D500变为3].
2026-03-24 09:22:24 --INFO -- Read D530 is 2
2026-03-24 09:22:24 --INFO -- Reading D5000 is 432.95175
2026-03-24 09:22:24 --INFO -- Reading D5002 is 615.522
2026-03-24 09:22:24 --INFO -- Reading D5004 is 304.87323
2026-03-24 09:22:24 --INFO -- Reading D5010 is 0
2026-03-24 09:22:24 --INFO -- Reading D5006 is 179.94391
2026-03-24 09:22:24 --INFO -- Reading D5008 is 0
2026-03-24 09:22:24 --INFO -- Read D532 is 1
2026-03-24 09:22:24 --INFO -- 查找模板计时:39.8748
2026-03-24 09:22:24 --INFO -- 转机械坐标:像素坐标[1871.971,1547.778],拍照机械坐标[432.9517517089844,615.52197265625],转换定位机械坐标[720.9389634651529,614.1816577371758]
2026-03-24 09:22:25 --INFO -- 复位事件触发:触发类型[变化],消息[D500变为0].
2026-03-24 09:22:29 --INFO -- Mark点拍照事件触发:触发类型[变化],消息[D500变为3].
2026-03-24 09:22:29 --INFO -- Read D530 is 3
2026-03-24 09:22:29 --INFO -- Reading D5000 is -391.59027
2026-03-24 09:22:29 --INFO -- Reading D5002 is 635.4445
2026-03-24 09:22:29 --INFO -- Reading D5004 is 314.0294
2026-03-24 09:22:29 --INFO -- Reading D5010 is 0
2026-03-24 09:22:29 --INFO -- Reading D5006 is 179.95653
2026-03-24 09:22:29 --INFO -- Reading D5008 is 0
2026-03-24 09:22:29 --INFO -- Read D532 is 1
2026-03-24 09:22:29 --INFO -- 查找模板计时:43.0109
2026-03-24 09:22:29 --INFO -- 转机械坐标:像素坐标[1881.756,1556.091],拍照机械坐标[-391.59027099609375,635.4445190429688],转换定位机械坐标[-104.34674068947601,633.1881259872646]
2026-03-24 09:22:30 --INFO -- 复位事件触发:触发类型[变化],消息[D500变为0].
2026-03-24 09:22:32 --INFO -- 写三轴坐标事件触发:触发类型[变化],消息[D500变为5].
2026-03-24 09:22:32 --INFO -- [Mark点间标定]首坐标表[1:714.7334843835995,-317.6336983918343;2:725.8285565276506,619.8178226864809;3:-95.99445350563525,633.2824897865062],次坐标列表[1:701.5115944599452,-323.5588632520305;2:720.9389634651529,614.1816577371758;3:-104.34674068947601,633.1881259872646].
2026-03-24 09:22:32 --INFO -- [Mark点间标定]标定信息：[平移X:-13.530026545399506;平移Y:-0.9867973322773158;X当量:1.0043808039689022;Y当量:1.000427044048877;旋转角度:-0.3843178039462932;倾斜角度:-0.12177609185095263;RMS:1.4881870500862733E-13]误差：5.684341886080802E-14,列误差：1.1368683772161603E-13.
2026-03-24 09:22:33 --INFO -- 复位事件触发:触发类型[变化],消息[D500变为0].
2026-03-24 09:31:32 --INFO -- 方向识别拍照事件触发:触发类型[变化],消息[D500变为2].
2026-03-24 09:31:33 --INFO -- 查找模板计时:247.6022
2026-03-24 09:31:33 --INFO -- 复位事件触发:触发类型[变化],消息[D500变为0].
2026-03-24 09:31:34 --INFO -- 方向识别拍照事件触发:触发类型[变化],消息[D500变为2].
2026-03-24 09:31:35 --INFO -- 查找模板计时:273.9251
2026-03-24 09:31:35 --INFO -- 复位事件触发:触发类型[变化],消息[D500变为0].
2026-03-24 09:31:36 --INFO -- Mark点拍照事件触发:触发类型[变化],消息[D500变为3].
2026-03-24 09:31:36 --INFO -- Read D530 is 1
2026-03-24 09:31:37 --INFO -- Reading D5000 is 407.29175
2026-03-24 09:31:37 --INFO -- Reading D5002 is -325.0117
2026-03-24 09:31:37 --INFO -- Reading D5004 is 71.13722
2026-03-24 09:31:37 --INFO -- Reading D5010 is 0
2026-03-24 09:31:37 --INFO -- Reading D5006 is 179.95872
2026-03-24 09:31:37 --INFO -- Reading D5008 is 0
2026-03-24 09:31:37 --INFO -- Read D532 is 1
2026-03-24 09:31:37 --INFO -- 查找模板计时:34.2641
2026-03-24 09:31:37 --INFO -- 转机械坐标:像素坐标[1818.071,1512.083],拍照机械坐标[407.291748046875,-325.0116882324219],转换定位机械坐标[698.446528507877,-321.3262866715411]
2026-03-24 09:31:37 --INFO -- 复位事件触发:触发类型[变化],消息[D500变为0].
2026-03-24 09:31:41 --INFO -- Mark点拍照事件触发:触发类型[变化],消息[D500变为3].
2026-03-24 09:31:41 --INFO -- Read D530 is 2
2026-03-24 09:31:41 --INFO -- Reading D5000 is 433.00717
2026-03-24 09:31:41 --INFO -- Reading D5002 is 615.50714
2026-03-24 09:31:41 --INFO -- Reading D5004 is 77.2537
2026-03-24 09:31:41 --INFO -- Reading D5010 is 0
2026-03-24 09:31:41 --INFO -- Reading D5006 is 179.94318
2026-03-24 09:31:41 --INFO -- Reading D5008 is 0.0061281994
2026-03-24 09:31:41 --INFO -- Read D532 is 1
2026-03-24 09:31:42 --INFO -- 查找模板计时:41.5224
2026-03-24 09:31:42 --INFO -- 转机械坐标:像素坐标[1846.707,1565.084],拍照机械坐标[433.0071716308594,615.5071411132812],转换定位机械坐标[719.3474726428856,616.4535834927037]
2026-03-24 09:31:42 --INFO -- 复位事件触发:触发类型[变化],消息[D500变为0].
2026-03-24 09:31:46 --INFO -- Mark点拍照事件触发:触发类型[变化],消息[D500变为3].
2026-03-24 09:31:46 --INFO -- Read D530 is 3
2026-03-24 09:31:46 --INFO -- Reading D5000 is -391.55475
2026-03-24 09:31:46 --INFO -- Reading D5002 is 635.4224
2026-03-24 09:31:46 --INFO -- Reading D5004 is 86.02933
2026-03-24 09:31:46 --INFO -- Reading D5010 is 0
2026-03-24 09:31:46 --INFO -- Reading D5006 is 179.95561
2026-03-24 09:31:46 --INFO -- Reading D5008 is 0
2026-03-24 09:31:46 --INFO -- Read D532 is 1
2026-03-24 09:31:46 --INFO -- 查找模板计时:44.1358
2026-03-24 09:31:46 --INFO -- 转机械坐标:像素坐标[1838.681,1552.41],拍照机械坐标[-391.55474853515625,635.4224243164062],转换定位机械坐标[-104.06572173933404,637.1321182545425]
2026-03-24 09:31:47 --INFO -- 复位事件触发:触发类型[变化],消息[D500变为0].
2026-03-24 09:31:49 --INFO -- 写三轴坐标事件触发:触发类型[变化],消息[D500变为5].
2026-03-24 09:31:49 --INFO -- [Mark点间标定]首坐标表[1:714.7334843835995,-317.6336983918343;2:725.8285565276506,619.8178226864809;3:-95.99445350563525,633.2824897865062],次坐标列表[1:698.446528507877,-321.3262866715411;2:719.3474726428856,616.4535834927037;3:-104.06572173933404,637.1321182545425].
2026-03-24 09:31:49 --INFO -- [Mark点间标定]标定信息：[平移X:-14.477549818937648;平移Y:2.72016706195984;X当量:1.002144295768716;Y当量:1.0005084791271694;旋转角度:-0.5014406890452382;倾斜角度:-0.09615997123087322;RMS:6.614792882340217E-14]误差：5.684341886080802E-14,列误差：9.947598300641403E-14.
2026-03-24 09:31:50 --INFO -- 复位事件触发:触发类型[变化],消息[D500变为0].
2026-03-24 10:18:07 --INFO -- 初始化PLC事件触发:触发类型[变化],消息[D500变为1].
2026-03-24 10:18:08 --INFO -- 复位事件触发:触发类型[变化],消息[D500变为0].
2026-03-24 10:28:40 --INFO -- 初始化PLC事件触发:触发类型[变化],消息[D500变为1].
2026-03-24 10:28:41 --INFO -- 复位事件触发:触发类型[变化],消息[D500变为0].
2026-03-24 10:28:50 --INFO -- 方向识别拍照事件触发:触发类型[变化],消息[D500变为2].
2026-03-24 10:28:51 --INFO -- 查找模板计时:265.3136
2026-03-24 10:28:51 --INFO -- 复位事件触发:触发类型[变化],消息[D500变为0].
2026-03-24 10:28:53 --INFO -- 方向识别拍照事件触发:触发类型[变化],消息[D500变为2].
2026-03-24 10:28:54 --INFO -- 查找模板计时:289.3339
2026-03-24 10:28:55 --INFO -- 复位事件触发:触发类型[变化],消息[D500变为0].
2026-03-24 10:28:57 --INFO -- Mark点拍照事件触发:触发类型[变化],消息[D500变为3].
2026-03-24 10:28:57 --INFO -- Read D530 is 1
2026-03-24 10:28:57 --INFO -- Reading D5000 is 478.19382
2026-03-24 10:28:57 --INFO -- Reading D5002 is 1438.4415
2026-03-24 10:28:57 --INFO -- Reading D5004 is 731.80927
2026-03-24 10:28:57 --INFO -- Reading D5010 is 0
2026-03-24 10:28:57 --INFO -- Reading D5006 is 179.26149
2026-03-24 10:28:57 --INFO -- Reading D5008 is -0.23935239
2026-03-24 10:28:57 --INFO -- Read D532 is 2
2026-03-24 10:28:57 --INFO -- 查找模板计时:34.7932
2026-03-24 10:28:57 --INFO -- 转机械坐标:像素坐标[1902.263,1851.982],拍照机械坐标[478.1938171386719,1438.4415283203125],转换定位机械坐标[738.257882117221,1433.7015944661473]
2026-03-24 10:28:58 --INFO -- 复位事件触发:触发类型[变化],消息[D500变为0].
2026-03-24 10:29:24 --INFO -- Mark点拍照事件触发:触发类型[变化],消息[D500变为3].
2026-03-24 10:29:24 --INFO -- Read D530 is 2
2026-03-24 10:29:24 --INFO -- Reading D5000 is 486.92422
2026-03-24 10:29:24 --INFO -- Reading D5002 is 2376.3113
2026-03-24 10:29:24 --INFO -- Reading D5004 is 739.91516
2026-03-24 10:29:24 --INFO -- Reading D5010 is 0
2026-03-24 10:29:24 --INFO -- Reading D5006 is 179.26225
2026-03-24 10:29:24 --INFO -- Reading D5008 is -0.24721184
2026-03-24 10:29:24 --INFO -- Read D532 is 2
2026-03-24 10:29:24 --INFO -- 查找模板计时:41.2977
2026-03-24 10:29:24 --INFO -- 转机械坐标:像素坐标[1911.243,1869.257],拍照机械坐标[486.9242248535156,2376.311279296875],转换定位机械坐标[745.4183068921855,2370.711107220019]
2026-03-24 10:29:25 --INFO -- 复位事件触发:触发类型[变化],消息[D500变为0].
2026-03-24 10:29:34 --INFO -- Mark点拍照事件触发:触发类型[变化],消息[D500变为3].
2026-03-24 10:29:34 --INFO -- Read D530 is 3
2026-03-24 10:29:34 --INFO -- Reading D5000 is -340.88992
2026-03-24 10:29:34 --INFO -- Reading D5002 is 2386.5278
2026-03-24 10:29:34 --INFO -- Reading D5004 is 740.51056
2026-03-24 10:29:34 --INFO -- Reading D5010 is 0
2026-03-24 10:29:34 --INFO -- Reading D5006 is 179.25781
2026-03-24 10:29:34 --INFO -- Reading D5008 is -0.2532581
2026-03-24 10:29:34 --INFO -- Read D532 is 2
2026-03-24 10:29:34 --INFO -- 查找模板计时:31.5831
2026-03-24 10:29:34 --INFO -- 转机械坐标:像素坐标[1939.671,1808.929],拍照机械坐标[-340.8899230957031,2386.52783203125],转换定位机械坐标[-76.7837925510915,2378.437210683936]
2026-03-24 10:29:35 --INFO -- 复位事件触发:触发类型[变化],消息[D500变为0].
2026-03-24 10:30:40 --INFO -- 写三轴坐标事件触发:触发类型[变化],消息[D500变为5].
2026-03-24 10:30:40 --INFO -- [Mark点间标定]首坐标表[1:714.7334843835995,-317.6336983918343;2:725.8285565276506,619.8178226864809;3:-95.99445350563525,633.2824897865062],次坐标列表[1:738.257882117221,1433.7015944661473;2:745.4183068921855,2370.711107220019;3:-76.7837925510915,2378.437210683936].
2026-03-24 10:30:40 --INFO -- [Mark点间标定]标定信息：[平移X:21.909270986849933;平移Y:1746.1750133443375;X当量:1.0004167425098005;Y当量:0.9994547969729458;旋转角度:0.3993973424104482;倾斜角度:-0.1585188186656539;RMS:5.178681919428697E-13]误差：2.2737367544323206E-13,列误差：1.5631940186722204E-13.
2026-03-24 10:30:41 --INFO -- 复位事件触发:触发类型[变化],消息[D500变为0].
2026-03-24 10:43:07 --INFO -- 初始化PLC事件触发:触发类型[变化],消息[D500变为1].
2026-03-24 10:43:08 --INFO -- 复位事件触发:触发类型[变化],消息[D500变为0].
2026-03-24 10:44:43 --INFO -- 方向识别拍照事件触发:触发类型[变化],消息[D500变为2].
2026-03-24 10:44:44 --INFO -- 查找模板计时:237.9246
2026-03-24 10:44:44 --INFO -- 复位事件触发:触发类型[变化],消息[D500变为0].
2026-03-24 10:44:46 --INFO -- 方向识别拍照事件触发:触发类型[变化],消息[D500变为2].
2026-03-24 10:44:47 --INFO -- 查找模板计时:272.5007
2026-03-24 10:44:47 --INFO -- 复位事件触发:触发类型[变化],消息[D500变为0].
2026-03-24 10:44:50 --INFO -- Mark点拍照事件触发:触发类型[变化],消息[D500变为3].
2026-03-24 10:44:50 --INFO -- Read D530 is 1
2026-03-24 10:44:50 --INFO -- Reading D5000 is 478.19016
2026-03-24 10:44:50 --INFO -- Reading D5002 is 1438.442
2026-03-24 10:44:50 --INFO -- Reading D5004 is 731.00055
2026-03-24 10:44:50 --INFO -- Reading D5010 is 0
2026-03-24 10:44:50 --INFO -- Reading D5006 is 179.2613
2026-03-24 10:44:50 --INFO -- Reading D5008 is 0.012836995
2026-03-24 10:44:50 --INFO -- Read D532 is 2
2026-03-24 10:44:50 --INFO -- 查找模板计时:40.6057
2026-03-24 10:44:50 --INFO -- 转机械坐标:像素坐标[1901.427,1887.931],拍照机械坐标[478.1901550292969,1438.4420166015625],转换定位机械坐标[734.9448784123019,1433.7061459507177]
2026-03-24 10:44:51 --INFO -- 复位事件触发:触发类型[变化],消息[D500变为0].
2026-03-24 10:45:17 --INFO -- Mark点拍照事件触发:触发类型[变化],消息[D500变为3].
2026-03-24 10:45:17 --INFO -- Read D530 is 2
2026-03-24 10:45:17 --INFO -- Reading D5000 is 486.89954
2026-03-24 10:45:17 --INFO -- Reading D5002 is 2376.2874
2026-03-24 10:45:18 --INFO -- Reading D5004 is 739.54724
2026-03-24 10:45:18 --INFO -- Reading D5010 is 0
2026-03-24 10:45:18 --INFO -- Reading D5006 is 179.25687
2026-03-24 10:45:18 --INFO -- Reading D5008 is 0
2026-03-24 10:45:18 --INFO -- Read D532 is 2
2026-03-24 10:45:18 --INFO -- 查找模板计时:39.8228
2026-03-24 10:45:18 --INFO -- 转机械坐标:像素坐标[1912.066,1902.449],拍照机械坐标[486.8995361328125,2376.287353515625],转换定位机械坐标[742.3415265456574,2370.5443614344063]
2026-03-24 10:45:18 --INFO -- 复位事件触发:触发类型[变化],消息[D500变为0].
2026-03-24 10:45:26 --INFO -- Mark点拍照事件触发:触发类型[变化],消息[D500变为3].
2026-03-24 10:45:26 --INFO -- Read D530 is 3
2026-03-24 10:45:26 --INFO -- Reading D5000 is -340.88843
2026-03-24 10:45:26 --INFO -- Reading D5002 is 2386.527
2026-03-24 10:45:26 --INFO -- Reading D5004 is 741.71484
2026-03-24 10:45:26 --INFO -- Reading D5010 is 0
2026-03-24 10:45:26 --INFO -- Reading D5006 is 179.25749
2026-03-24 10:45:27 --INFO -- Reading D5008 is 0
2026-03-24 10:45:27 --INFO -- Read D532 is 2
2026-03-24 10:45:27 --INFO -- 查找模板计时:39.9694
2026-03-24 10:45:27 --INFO -- 转机械坐标:像素坐标[1940.277,1845.159],拍照机械坐标[-340.888427734375,2386.527099609375],转换定位机械坐标[-80.11437325365631,2378.3074514202835]
2026-03-24 10:45:27 --INFO -- 复位事件触发:触发类型[变化],消息[D500变为0].
2026-03-24 10:45:32 --INFO -- 写三轴坐标事件触发:触发类型[变化],消息[D500变为5].
2026-03-24 10:45:32 --INFO -- [Mark点间标定]首坐标表[1:714.7334843835995,-317.6336983918343;2:725.8285565276506,619.8178226864809;3:-95.99445350563525,633.2824897865062],次坐标列表[1:734.9448784123019,1433.7061459507177;2:742.3415265456574,2370.5443614344063;3:-80.11437325365631,2378.3074514202835].
2026-03-24 10:45:32 --INFO -- [Mark点间标定]标定信息：[平移X:18.451494095715915;平移Y:1746.1560051398221;X当量:1.0007292955104272;Y当量:0.9992716268746569;旋转角度:0.39652491581279276;倾斜角度:-0.16983820196378602;RMS:3.3629020112468966E-13]误差：2.2737367544323206E-13,列误差：1.7053025658242404E-13.
2026-03-24 10:45:33 --INFO -- 复位事件触发:触发类型[变化],消息[D500变为0].
2026-03-24 10:47:47 --INFO -- 打开[测距仪]成功:.
2026-03-24 10:47:47 --INFO -- [Mark点间标定]首坐标表[1:714.7334843835995,-317.6336983918343;2:725.8285565276506,619.8178226864809;3:-95.99445350563525,633.2824897865062],次坐标列表[1:734.9448784123019,1433.7061459507177;2:742.3415265456574,2370.5443614344063;3:-80.11437325365631,2378.3074514202835].
2026-03-24 10:47:47 --INFO -- [Mark点间标定]标定信息：[平移X:18.451494095715915;平移Y:1746.1560051398221;X当量:1.0007292955104272;Y当量:0.9992716268746569;旋转角度:0.39652491581279276;倾斜角度:-0.16983820196378602;RMS:3.3629020112468966E-13]误差：2.2737367544323206E-13,列误差：1.7053025658242404E-13.
2026-03-24 10:47:49 --INFO -- Reading D5000 is 751.33484
2026-03-24 10:47:49 --INFO -- Reading D5002 is 2319.358
2026-03-24 10:48:31 --INFO -- 打开[测距仪]成功:.
2026-03-24 10:48:31 --INFO -- [Mark点间标定]首坐标表[1:714.7334843835995,-317.6336983918343;2:725.8285565276506,619.8178226864809;3:-95.99445350563525,633.2824897865062],次坐标列表[1:734.9448784123019,1433.7061459507177;2:742.3415265456574,2370.5443614344063;3:-80.11437325365631,2378.3074514202835].
2026-03-24 10:48:31 --INFO -- [Mark点间标定]标定信息：[平移X:18.451494095715915;平移Y:1746.1560051398221;X当量:1.0007292955104272;Y当量:0.9992716268746569;旋转角度:0.39652491581279276;倾斜角度:-0.16983820196378602;RMS:3.3629020112468966E-13]误差：2.2737367544323206E-13,列误差：1.7053025658242404E-13.
2026-03-24 10:49:41 --INFO -- 初始化PLC事件触发:触发类型[变化],消息[D500变为1].
2026-03-24 10:49:42 --INFO -- 复位事件触发:触发类型[变化],消息[D500变为0].
2026-03-24 10:49:50 --INFO -- 方向识别拍照事件触发:触发类型[变化],消息[D500变为2].
2026-03-24 10:49:51 --INFO -- 查找模板计时:239.5433
2026-03-24 10:49:51 --INFO -- 复位事件触发:触发类型[变化],消息[D500变为0].
2026-03-24 10:49:54 --INFO -- 方向识别拍照事件触发:触发类型[变化],消息[D500变为2].
2026-03-24 10:49:54 --INFO -- 查找模板计时:253.6165
2026-03-24 10:49:55 --INFO -- 复位事件触发:触发类型[变化],消息[D500变为0].
2026-03-24 10:49:57 --INFO -- Mark点拍照事件触发:触发类型[变化],消息[D500变为3].
2026-03-24 10:49:57 --INFO -- Read D530 is 1
2026-03-24 10:49:57 --INFO -- Reading D5000 is 478.1971
2026-03-24 10:49:57 --INFO -- Reading D5002 is 1438.4427
2026-03-24 10:49:57 --INFO -- Reading D5004 is 731.80304
2026-03-24 10:49:57 --INFO -- Reading D5010 is 0
2026-03-24 10:49:57 --INFO -- Reading D5006 is 179.26155
2026-03-24 10:49:57 --INFO -- Reading D5008 is 0.013932515
2026-03-24 10:49:57 --INFO -- Read D532 is 2
2026-03-24 10:49:58 --INFO -- 查找模板计时:43.8405
2026-03-24 10:49:58 --INFO -- 转机械坐标:像素坐标[1901.148,1887.999],拍照机械坐标[478.1971130371094,1438.4427490234375],转换定位机械坐标[734.9449764695962,1433.732381113098]
2026-03-24 10:49:58 --INFO -- 复位事件触发:触发类型[变化],消息[D500变为0].
2026-03-24 10:50:08 --INFO -- Mark点拍照事件触发:触发类型[变化],消息[D500变为3].
2026-03-24 10:50:08 --INFO -- Read D530 is 2
2026-03-24 10:50:08 --INFO -- Reading D5000 is 486.90283
2026-03-24 10:50:08 --INFO -- Reading D5002 is 2376.2866
2026-03-24 10:50:08 --INFO -- Reading D5004 is 739.1385
2026-03-24 10:50:08 --INFO -- Reading D5010 is 0
2026-03-24 10:50:08 --INFO -- Reading D5006 is 179.257
2026-03-24 10:50:08 --INFO -- Reading D5008 is 0
2026-03-24 10:50:08 --INFO -- Read D532 is 2
2026-03-24 10:50:08 --INFO -- 查找模板计时:42.2281
2026-03-24 10:50:08 --INFO -- 转机械坐标:像素坐标[1911.646,1903.341],拍照机械坐标[486.90283203125,2376.28662109375],转换定位机械坐标[742.2618443249912,2370.580421899061]
2026-03-24 10:50:09 --INFO -- 复位事件触发:触发类型[变化],消息[D500变为0].
2026-03-24 10:50:17 --INFO -- Mark点拍照事件触发:触发类型[变化],消息[D500变为3].
2026-03-24 10:50:17 --INFO -- Read D530 is 3
2026-03-24 10:50:17 --INFO -- Reading D5000 is -340.89023
2026-03-24 10:50:17 --INFO -- Reading D5002 is 2386.5237
2026-03-24 10:50:17 --INFO -- Reading D5004 is 741.31274
2026-03-24 10:50:17 --INFO -- Reading D5010 is 0
2026-03-24 10:50:17 --INFO -- Reading D5006 is 179.25714
2026-03-24 10:50:17 --INFO -- Reading D5008 is 0
2026-03-24 10:50:17 --INFO -- Read D532 is 2
2026-03-24 10:50:17 --INFO -- 查找模板计时:42.0924
2026-03-24 10:50:17 --INFO -- 转机械坐标:像素坐标[1940.396,1845.222],拍照机械坐标[-340.8902282714844,2386.523681640625],转换定位机械坐标[-80.12171276811085,2378.292969709824]
2026-03-24 10:50:18 --INFO -- 复位事件触发:触发类型[变化],消息[D500变为0].
2026-03-24 10:50:23 --INFO -- 写三轴坐标事件触发:触发类型[变化],消息[D500变为5].
2026-03-24 10:50:23 --INFO -- [Mark点间标定]首坐标表[1:714.7334843835995,-317.6336983918343;2:725.8285565276506,619.8178226864809;3:-95.99445350563525,633.2824897865062],次坐标列表[1:734.9449764695962,1433.732381113098;2:742.2618443249912,2370.580421899061;3:-80.12171276811085,2378.292969709824].
2026-03-24 10:50:23 --INFO -- [Mark点间标定]标定信息：[平移X:18.488796658873042;平移Y:1746.1412672316017;X当量:1.0006403222121905;Y当量:0.9992817139458949;旋转角度:0.40009084679312673;倾斜角度:-0.16858748410370045;RMS:2.726114600655319E-13]误差：2.2737367544323206E-13,列误差：5.684341886080802E-14.
2026-03-24 10:50:24 --INFO -- 复位事件触发:触发类型[变化],消息[D500变为0].
2026-03-24 11:05:05 --INFO -- Reading D5000 is 330.65903
2026-03-24 11:05:05 --INFO -- Reading D5002 is 1994.6685
2026-03-24 11:05:17 --INFO -- 打开[测距仪]成功:.
2026-03-24 11:05:17 --INFO -- [Mark点间标定]首坐标表[1:714.7334843835995,-317.6336983918343;2:725.8285565276506,619.8178226864809;3:-95.99445350563525,633.2824897865062],次坐标列表[1:734.9449764695962,1433.732381113098;2:742.2618443249912,2370.580421899061;3:-80.12171276811085,2378.292969709824].
2026-03-24 11:05:17 --INFO -- [Mark点间标定]标定信息：[平移X:18.488796658873042;平移Y:1746.1412672316017;X当量:1.0006403222121905;Y当量:0.9992817139458949;旋转角度:0.40009084679312673;倾斜角度:-0.16858748410370045;RMS:2.726114600655319E-13]误差：2.2737367544323206E-13,列误差：5.684341886080802E-14.
2026-03-24 11:05:40 --INFO -- 打开[测距仪]成功:.
2026-03-24 11:06:55 --INFO -- 方向识别拍照事件触发:触发类型[变化],消息[D500变为2].
2026-03-24 11:06:56 --INFO -- 查找模板计时:262.032
2026-03-24 11:06:56 --INFO -- 复位事件触发:触发类型[变化],消息[D500变为0].
2026-03-24 11:06:58 --INFO -- 方向识别拍照事件触发:触发类型[变化],消息[D500变为2].
2026-03-24 11:06:58 --INFO -- 查找模板计时:318.7817
2026-03-24 11:06:58 --WARN -- 方向判断执行失败:返回参数:方向识别拍照.写入方向:0;方向识别拍照.写入结果:2;全局.电池角度:-90
2026-03-24 11:06:59 --INFO -- 复位事件触发:触发类型[变化],消息[D500变为0].
2026-03-24 11:07:39 --INFO -- 方向识别拍照事件触发:触发类型[变化],消息[D500变为2].
2026-03-24 11:07:40 --INFO -- 查找模板计时:252.4886
2026-03-24 11:07:40 --INFO -- 复位事件触发:触发类型[变化],消息[D500变为0].
2026-03-24 11:07:42 --INFO -- 方向识别拍照事件触发:触发类型[变化],消息[D500变为2].
2026-03-24 11:07:42 --INFO -- 查找模板计时:239.6764
2026-03-24 11:07:43 --INFO -- 复位事件触发:触发类型[变化],消息[D500变为0].
2026-03-24 11:07:44 --INFO -- Mark点拍照事件触发:触发类型[变化],消息[D500变为3].
2026-03-24 11:07:44 --INFO -- Read D530 is 1
2026-03-24 11:07:44 --INFO -- Reading D5000 is 478.20297
2026-03-24 11:07:44 --INFO -- Reading D5002 is 1438.446
2026-03-24 11:07:44 --INFO -- Reading D5004 is 496.25314
2026-03-24 11:07:44 --INFO -- Reading D5010 is 0
2026-03-24 11:07:44 --INFO -- Reading D5006 is 179.26039
2026-03-24 11:07:44 --INFO -- Reading D5008 is 0.009244122
2026-03-24 11:07:44 --INFO -- Read D532 is 2
2026-03-24 11:07:44 --INFO -- 查找模板计时:30.2241
2026-03-24 11:07:44 --INFO -- 转机械坐标:像素坐标[1867.631,1862.486],拍照机械坐标[478.2029724121094,1438.446044921875],转换定位机械坐标[737.2256886732348,1436.8675652952675]
2026-03-24 11:07:45 --INFO -- 复位事件触发:触发类型[变化],消息[D500变为0].
2026-03-24 11:07:50 --INFO -- Mark点拍照事件触发:触发类型[变化],消息[D500变为3].
2026-03-24 11:07:50 --INFO -- Read D530 is 2
2026-03-24 11:07:50 --INFO -- Reading D5000 is 486.9003
2026-03-24 11:07:50 --INFO -- Reading D5002 is 2376.2834
2026-03-24 11:07:50 --INFO -- Reading D5004 is 511.49747
2026-03-24 11:07:50 --INFO -- Reading D5010 is 0
2026-03-24 11:07:50 --INFO -- Reading D5006 is 179.25656
2026-03-24 11:07:50 --INFO -- Reading D5008 is 0
2026-03-24 11:07:50 --INFO -- Read D532 is 2
2026-03-24 11:07:50 --INFO -- 查找模板计时:33.9615
2026-03-24 11:07:50 --INFO -- 转机械坐标:像素坐标[1878.952,1853.659],拍照机械坐标[486.9002990722656,2376.283447265625],转换定位机械坐标[746.7596438788951,2373.682423418561]
2026-03-24 11:07:51 --INFO -- 复位事件触发:触发类型[变化],消息[D500变为0].
2026-03-24 11:07:55 --INFO -- Mark点拍照事件触发:触发类型[变化],消息[D500变为3].
2026-03-24 11:07:55 --INFO -- Read D530 is 3
2026-03-24 11:07:55 --INFO -- Reading D5000 is -340.88065
2026-03-24 11:07:55 --INFO -- Reading D5002 is 2386.5422
2026-03-24 11:07:55 --INFO -- Reading D5004 is 511.7799
2026-03-24 11:07:55 --INFO -- Reading D5010 is 0
2026-03-24 11:07:55 --INFO -- Reading D5006 is 179.25955
2026-03-24 11:07:55 --INFO -- Reading D5008 is 0
2026-03-24 11:07:55 --INFO -- Read D532 is 2
2026-03-24 11:07:55 --INFO -- 查找模板计时:31.6779
2026-03-24 11:07:55 --INFO -- 转机械坐标:像素坐标[1890.287,1853.731],拍照机械坐标[-340.8806457519531,2386.542236328125],转换定位机械坐标[-81.00340585888847,2382.899368766593]
2026-03-24 11:07:56 --INFO -- 复位事件触发:触发类型[变化],消息[D500变为0].
2026-03-24 11:07:58 --INFO -- 写三轴坐标事件触发:触发类型[变化],消息[D500变为5].
2026-03-24 11:07:58 --INFO -- [Mark点间标定]首坐标表[1:714.7334843835995,-317.6336983918343;2:725.8285565276506,619.8178226864809;3:-95.99445350563525,633.2824897865062],次坐标列表[1:737.2256886732348,1436.8675652952675;2:746.7596438788951,2373.682423418561;3:-81.00340585888847,2382.899368766593].
2026-03-24 11:07:58 --INFO -- [Mark点间标定]标定信息：[平移X:16.79068112937011;平移Y:1750.5806150700507;X当量:1.0072124020097732;Y当量:0.9992613615825814;旋转角度:0.293333100856761;倾斜角度:-0.19296364587496678;RMS:1.7673337146275144E-13]误差：4.547473508864641E-13,列误差：1.7053025658242404E-13.
2026-03-24 11:07:59 --INFO -- 复位事件触发:触发类型[变化],消息[D500变为0].
2026-03-24 11:14:50 --INFO -- 方向识别拍照事件触发:触发类型[变化],消息[D500变为2].
2026-03-24 11:14:50 --INFO -- 查找模板计时:235.3124
2026-03-24 11:14:51 --INFO -- 复位事件触发:触发类型[变化],消息[D500变为0].
2026-03-24 11:14:52 --INFO -- 方向识别拍照事件触发:触发类型[变化],消息[D500变为2].
2026-03-24 11:14:52 --INFO -- 查找模板计时:347.2126
2026-03-24 11:14:52 --WARN -- 方向判断执行失败:返回参数:方向识别拍照.写入方向:0;方向识别拍照.写入结果:2;全局.电池角度:-90
2026-03-24 13:07:49 --INFO -- 复位事件触发:触发类型[变化],消息[D500变为0].
2026-03-24 13:08:53 --INFO -- 方向识别拍照事件触发:触发类型[变化],消息[D500变为2].
2026-03-24 13:08:54 --INFO -- 查找模板计时:230.2348
2026-03-24 13:08:54 --INFO -- 复位事件触发:触发类型[变化],消息[D500变为0].
2026-03-24 13:08:55 --INFO -- 方向识别拍照事件触发:触发类型[变化],消息[D500变为2].
2026-03-24 13:08:56 --INFO -- 查找模板计时:275.8232
2026-03-24 13:08:56 --INFO -- 复位事件触发:触发类型[变化],消息[D500变为0].
2026-03-24 13:08:58 --INFO -- Mark点拍照事件触发:触发类型[变化],消息[D500变为3].
2026-03-24 13:08:58 --INFO -- Read D530 is 1
2026-03-24 13:08:58 --INFO -- Reading D5000 is 478.23743
2026-03-24 13:08:58 --INFO -- Reading D5002 is 1438.4546
2026-03-24 13:08:58 --INFO -- Reading D5004 is 274.88004
2026-03-24 13:08:58 --INFO -- Reading D5010 is 0
2026-03-24 13:08:58 --INFO -- Reading D5006 is 179.26045
2026-03-24 13:08:58 --INFO -- Reading D5008 is 0.009397757
2026-03-24 13:08:58 --INFO -- Read D532 is 2
2026-03-24 13:08:58 --INFO -- 查找模板计时:41.7124
2026-03-24 13:08:58 --INFO -- 转机械坐标:像素坐标[1847.668,1854.053],拍照机械坐标[478.2374267578125,1438.45458984375],转换定位机械坐标[737.9928484709769,1438.7277997558892]
2026-03-24 13:08:59 --INFO -- 复位事件触发:触发类型[变化],消息[D500变为0].
2026-03-24 13:09:03 --INFO -- Mark点拍照事件触发:触发类型[变化],消息[D500变为3].
2026-03-24 13:09:03 --INFO -- Read D530 is 2
2026-03-24 13:09:03 --INFO -- Reading D5000 is 486.8937
2026-03-24 13:09:03 --INFO -- Reading D5002 is 2376.28
2026-03-24 13:09:03 --INFO -- Reading D5004 is 281.87823
2026-03-24 13:09:03 --INFO -- Reading D5010 is 0
2026-03-24 13:09:03 --INFO -- Reading D5006 is 179.25623
2026-03-24 13:09:03 --INFO -- Reading D5008 is 0
2026-03-24 13:09:03 --INFO -- Read D532 is 2
2026-03-24 13:09:03 --INFO -- 查找模板计时:36.018
2026-03-24 13:09:03 --INFO -- 转机械坐标:像素坐标[1890.882,1821.73],拍照机械坐标[486.8937072753906,2376.280029296875],转换定位机械坐标[749.7165267095876,2372.6472553455765]
2026-03-24 13:09:04 --INFO -- 复位事件触发:触发类型[变化],消息[D500变为0].
2026-03-24 13:09:08 --INFO -- Mark点拍照事件触发:触发类型[变化],消息[D500变为3].
2026-03-24 13:09:08 --INFO -- Read D530 is 3
2026-03-24 13:09:08 --INFO -- Reading D5000 is -340.88098
2026-03-24 13:09:08 --INFO -- Reading D5002 is 2386.5408
2026-03-24 13:09:08 --INFO -- Reading D5004 is 282.54456
2026-03-24 13:09:08 --INFO -- Reading D5010 is 0
2026-03-24 13:09:08 --INFO -- Reading D5006 is 179.25908
2026-03-24 13:09:08 --INFO -- Reading D5008 is 0
2026-03-24 13:09:08 --INFO -- Read D532 is 2
2026-03-24 13:09:09 --INFO -- 查找模板计时:30.3788
2026-03-24 13:09:09 --INFO -- 转机械坐标:像素坐标[1892.075,1869.046],拍照机械坐标[-340.8809814453125,2386.540771484375],转换定位机械坐标[-82.40894973678684,2382.702585108734]
2026-03-24 13:09:09 --INFO -- 复位事件触发:触发类型[变化],消息[D500变为0].
2026-03-24 13:09:12 --INFO -- 写三轴坐标事件触发:触发类型[变化],消息[D500变为5].
2026-03-24 13:09:12 --INFO -- [Mark点间标定]首坐标表[1:714.7334843835995,-317.6336983918343;2:725.8285565276506,619.8178226864809;3:-95.99445350563525,633.2824897865062],次坐标列表[1:737.9928484709769,1438.7277997558892;2:749.7165267095876,2372.6472553455765;3:-82.40894973678684,2382.702585108734].
2026-03-24 13:09:12 --INFO -- [Mark点间标定]标定信息：[平移X:14.459099845148833;平移Y:1752.2289902798816;X当量:1.0125529111936293;Y当量:0.9961840463871854;旋转角度:0.23120789140256784;倾斜角度:-0.26123529877643986;RMS:2.711258279694407E-13]误差：2.2737367544323206E-13,列误差：1.1368683772161603E-13.
2026-03-24 13:09:12 --WARN -- 坐标解析执行失败:当前Mark点对比标准Mark点间距大于设定值[10]:3.5241383084173776、10.252923560361864、1.050335557209337返回参数:写三轴坐标.PLC写入结果:2
2026-03-24 13:09:59 --INFO -- 复位事件触发:触发类型[变化],消息[D500变为0].
2026-03-24 13:10:21 --INFO -- 方向识别拍照事件触发:触发类型[变化],消息[D500变为2].
2026-03-24 13:10:21 --INFO -- 查找模板计时:254.3313
2026-03-24 13:10:22 --INFO -- 复位事件触发:触发类型[变化],消息[D500变为0].
2026-03-24 13:10:23 --INFO -- 方向识别拍照事件触发:触发类型[变化],消息[D500变为2].
2026-03-24 13:10:23 --INFO -- 查找模板计时:262.4026
2026-03-24 13:10:24 --INFO -- 复位事件触发:触发类型[变化],消息[D500变为0].
2026-03-24 13:10:25 --INFO -- Mark点拍照事件触发:触发类型[变化],消息[D500变为3].
2026-03-24 13:10:25 --INFO -- Read D530 is 1
2026-03-24 13:10:25 --INFO -- Reading D5000 is 478.24115
2026-03-24 13:10:25 --INFO -- Reading D5002 is 1438.4558
2026-03-24 13:10:25 --INFO -- Reading D5004 is 274.90775
2026-03-24 13:10:25 --INFO -- Reading D5010 is 0
2026-03-24 13:10:25 --INFO -- Reading D5006 is 179.2605
2026-03-24 13:10:25 --INFO -- Reading D5008 is 0.009520045
2026-03-24 13:10:25 --INFO -- Read D532 is 2
2026-03-24 13:10:26 --INFO -- 查找模板计时:30.3802
2026-03-24 13:10:26 --INFO -- 转机械坐标:像素坐标[1848.911,1854.017],拍照机械坐标[478.24114990234375,1438.455810546875],转换定位机械坐标[738.0025726619251,1438.6148603698355]
2026-03-24 13:10:26 --INFO -- 复位事件触发:触发类型[变化],消息[D500变为0].
2026-03-24 13:10:31 --INFO -- Mark点拍照事件触发:触发类型[变化],消息[D500变为3].
2026-03-24 13:10:31 --INFO -- Read D530 is 2
2026-03-24 13:10:31 --INFO -- Reading D5000 is 486.89447
2026-03-24 13:10:31 --INFO -- Reading D5002 is 2376.2805
2026-03-24 13:10:31 --INFO -- Reading D5004 is 282.673
2026-03-24 13:10:31 --INFO -- Reading D5010 is 0
2026-03-24 13:10:31 --INFO -- Reading D5006 is 179.25633
2026-03-24 13:10:31 --INFO -- Reading D5008 is 0
2026-03-24 13:10:31 --INFO -- Read D532 is 2
2026-03-24 13:10:31 --INFO -- 查找模板计时:43.3653
2026-03-24 13:10:31 --INFO -- 转机械坐标:像素坐标[1890.537,1821.813],拍照机械坐标[486.89447021484375,2376.280517578125],转换定位机械坐标[749.7089068353104,2372.679281471955]
2026-03-24 13:10:32 --INFO -- 复位事件触发:触发类型[变化],消息[D500变为0].
2026-03-24 13:10:36 --INFO -- Mark点拍照事件触发:触发类型[变化],消息[D500变为3].
2026-03-24 13:10:36 --INFO -- Read D530 is 3
2026-03-24 13:10:36 --INFO -- Reading D5000 is -340.88245
2026-03-24 13:10:36 --INFO -- Reading D5002 is 2386.537
2026-03-24 13:10:36 --INFO -- Reading D5004 is 282.51913
2026-03-24 13:10:36 --INFO -- Reading D5010 is 0
2026-03-24 13:10:36 --INFO -- Reading D5006 is 179.25818
2026-03-24 13:10:36 --INFO -- Reading D5008 is 0
2026-03-24 13:10:36 --INFO -- Read D532 is 2
2026-03-24 13:10:36 --INFO -- 查找模板计时:29.3587
2026-03-24 13:10:36 --INFO -- 转机械坐标:像素坐标[1891.576,1868.509],拍照机械坐标[-340.8824462890625,2386.537109375],转换定位机械坐标[-82.36208663883355,2382.7458685712418]
2026-03-24 13:10:37 --INFO -- 复位事件触发:触发类型[变化],消息[D500变为0].
2026-03-24 13:10:40 --INFO -- 写三轴坐标事件触发:触发类型[变化],消息[D500变为5].
2026-03-24 13:10:40 --INFO -- [Mark点间标定]首坐标表[1:714.7334843835995,-317.6336983918343;2:725.8285565276506,619.8178226864809;3:-95.99445350563525,633.2824897865062],次坐标列表[1:738.0025726619251,1438.6148603698355;2:749.7089068353104,2372.679281471955;3:-82.36208663883355,2382.7458685712418].
2026-03-24 13:10:40 --INFO -- [Mark点间标定]标定信息：[平移X:14.510788585393604;平移Y:1752.1731891044844;X当量:1.0124862812765718;Y当量:0.9963388072275449;旋转角度:0.23059143794306322;倾斜角度:-0.2595955583327911;RMS:2.616495839834268E-13]误差：4.547473508864641E-13,列误差：1.7053025658242404E-13.
2026-03-24 13:10:40 --WARN -- 坐标解析执行失败:当前Mark点对比标准Mark点间距大于设定值[10]:3.3794017265084904、10.198580673534138、1.1438943415673748返回参数:写三轴坐标.PLC写入结果:2
2026-03-24 13:10:41 --INFO -- 复位事件触发:触发类型[变化],消息[D500变为0].
2026-03-24 13:11:55 --INFO -- 方向识别拍照事件触发:触发类型[变化],消息[D500变为2].
2026-03-24 13:11:55 --INFO -- 查找模板计时:242.386
2026-03-24 13:11:56 --INFO -- 复位事件触发:触发类型[变化],消息[D500变为0].
2026-03-24 13:11:57 --INFO -- 方向识别拍照事件触发:触发类型[变化],消息[D500变为2].
2026-03-24 13:11:58 --INFO -- 查找模板计时:268.6843
2026-03-24 13:11:58 --INFO -- 复位事件触发:触发类型[变化],消息[D500变为0].
2026-03-24 13:12:00 --INFO -- Mark点拍照事件触发:触发类型[变化],消息[D500变为3].
2026-03-24 13:12:00 --INFO -- Read D530 is 1
2026-03-24 13:12:00 --INFO -- Reading D5000 is 478.24615
2026-03-24 13:12:00 --INFO -- Reading D5002 is 1438.4545
2026-03-24 13:12:00 --INFO -- Reading D5004 is 273.7345
2026-03-24 13:12:00 --INFO -- Reading D5010 is 0
2026-03-24 13:12:00 --INFO -- Reading D5006 is 179.26047
2026-03-24 13:12:00 --INFO -- Reading D5008 is 0.0097843455
2026-03-24 13:12:00 --INFO -- Read D532 is 2
2026-03-24 13:12:00 --INFO -- 查找模板计时:29.7314
2026-03-24 13:12:00 --INFO -- 转机械坐标:像素坐标[1847.504,1855.995],拍照机械坐标[478.24615478515625,1438.4544677734375],转换定位机械坐标[737.822545573647,1438.7388185590833]
2026-03-24 13:12:01 --INFO -- 复位事件触发:触发类型[变化],消息[D500变为0].
2026-03-24 13:12:05 --INFO -- Mark点拍照事件触发:触发类型[变化],消息[D500变为3].
2026-03-24 13:12:05 --INFO -- Read D530 is 2
2026-03-24 13:12:05 --INFO -- Reading D5000 is 486.89722
2026-03-24 13:12:05 --INFO -- Reading D5002 is 2376.2837
2026-03-24 13:12:05 --INFO -- Reading D5004 is 282.6685
2026-03-24 13:12:05 --INFO -- Reading D5010 is 0
2026-03-24 13:12:05 --INFO -- Reading D5006 is 179.2566
2026-03-24 13:12:05 --INFO -- Reading D5008 is 0
2026-03-24 13:12:05 --INFO -- Read D532 is 2
2026-03-24 13:12:06 --INFO -- 查找模板计时:37.4655
2026-03-24 13:12:06 --INFO -- 转机械坐标:像素坐标[1888.739,1825.279],拍照机械坐标[486.897216796875,2376.28369140625],转换定位机械坐标[749.3888703257396,2372.8406776286115]
2026-03-24 13:12:06 --INFO -- 复位事件触发:触发类型[变化],消息[D500变为0].
2026-03-24 13:12:10 --INFO -- Mark点拍照事件触发:触发类型[变化],消息[D500变为3].
2026-03-24 13:12:10 --INFO -- Read D530 is 3
2026-03-24 13:12:10 --INFO -- Reading D5000 is -340.88223
2026-03-24 13:12:10 --INFO -- Reading D5002 is 2386.5383
2026-03-24 13:12:10 --INFO -- Reading D5004 is 282.13278
2026-03-24 13:12:10 --INFO -- Reading D5010 is 0
2026-03-24 13:12:10 --INFO -- Reading D5006 is 179.2588
2026-03-24 13:12:10 --INFO -- Reading D5008 is 0
2026-03-24 13:12:10 --INFO -- Read D532 is 2
2026-03-24 13:12:11 --INFO -- 查找模板计时:29.5846
2026-03-24 13:12:11 --INFO -- 转机械坐标:像素坐标[1890.885,1869.201],拍照机械坐标[-340.8822326660156,2386.538330078125],转换定位机械坐标[-82.42703610128888,2382.8091921645687]
2026-03-24 13:12:11 --INFO -- 复位事件触发:触发类型[变化],消息[D500变为0].
2026-03-24 13:12:14 --INFO -- 写三轴坐标事件触发:触发类型[变化],消息[D500变为5].
2026-03-24 13:12:14 --INFO -- [Mark点间标定]首坐标表[1:714.7334843835995,-317.6336983918343;2:725.8285565276506,619.8178226864809;3:-95.99445350563525,633.2824897865062],次坐标列表[1:737.822545573647,1438.7388185590833;2:749.3888703257396,2372.8406776286115;3:-82.42703610128888,2382.8091921645687].
2026-03-24 13:12:14 --INFO -- [Mark点间标定]标定信息：[平移X:14.508051299070344;平移Y:1752.2236372681716;X当量:1.0121739958716438;Y当量:0.9963772601923963;旋转角度:0.23745353674816308;倾斜角度:-0.25808110671399714;RMS:1.9844378647020649E-13]误差：4.547473508864641E-13,列误差：1.1368683772161603E-13.
2026-03-24 13:12:15 --INFO -- 复位事件触发:触发类型[变化],消息[D500变为0].
2026-03-24 13:28:22 --INFO -- 方向识别拍照事件触发:触发类型[变化],消息[D500变为2].
2026-03-24 13:28:23 --INFO -- 查找模板计时:245.512
2026-03-24 13:28:23 --INFO -- 复位事件触发:触发类型[变化],消息[D500变为0].
2026-03-24 13:28:24 --INFO -- 方向识别拍照事件触发:触发类型[变化],消息[D500变为2].
2026-03-24 13:28:25 --INFO -- 查找模板计时:267.5145
2026-03-24 13:28:25 --INFO -- 复位事件触发:触发类型[变化],消息[D500变为0].
2026-03-24 13:28:27 --INFO -- Mark点拍照事件触发:触发类型[变化],消息[D500变为3].
2026-03-24 13:28:27 --INFO -- Read D530 is 1
2026-03-24 13:28:27 --INFO -- Reading D5000 is 478.25174
2026-03-24 13:28:27 --INFO -- Reading D5002 is 1438.4585
2026-03-24 13:28:27 --INFO -- Reading D5004 is 45.95783
2026-03-24 13:28:27 --INFO -- Reading D5010 is 0
2026-03-24 13:28:27 --INFO -- Reading D5006 is 179.2602
2026-03-24 13:28:27 --INFO -- Reading D5008 is 0.008398327
2026-03-24 13:28:27 --INFO -- Read D532 is 2
2026-03-24 13:28:27 --INFO -- 查找模板计时:48.2212
2026-03-24 13:28:27 --INFO -- 转机械坐标:像素坐标[1818.768,1866.694],拍照机械坐标[478.2517395019531,1438.45849609375],转换定位机械坐标[736.7815944047154,1441.3620580290826]
2026-03-24 13:28:28 --INFO -- 复位事件触发:触发类型[变化],消息[D500变为0].
2026-03-24 13:28:32 --INFO -- Mark点拍照事件触发:触发类型[变化],消息[D500变为3].
2026-03-24 13:28:32 --INFO -- Read D530 is 2
2026-03-24 13:28:32 --INFO -- Reading D5000 is 486.88943
2026-03-24 13:28:32 --INFO -- Reading D5002 is 2376.2737
2026-03-24 13:28:32 --INFO -- Reading D5004 is 54.62514
2026-03-24 13:28:32 --INFO -- Reading D5010 is 0
2026-03-24 13:28:32 --INFO -- Reading D5006 is 179.25612
2026-03-24 13:28:32 --INFO -- Reading D5008 is 0
2026-03-24 13:28:33 --INFO -- Read D532 is 2
2026-03-24 13:28:33 --INFO -- 查找模板计时:41.336
2026-03-24 13:28:33 --INFO -- 转机械坐标:像素坐标[1861.679,1837.767],拍照机械坐标[486.8894348144531,2376.273681640625],转换定位机械坐标[748.1735787250016,2375.2922317177213]
2026-03-24 13:28:33 --INFO -- 复位事件触发:触发类型[变化],消息[D500变为0].
2026-03-24 13:28:38 --INFO -- Mark点拍照事件触发:触发类型[变化],消息[D500变为3].
2026-03-24 13:28:38 --INFO -- Read D530 is 3
2026-03-24 13:28:38 --INFO -- Reading D5000 is -340.86548
2026-03-24 13:28:38 --INFO -- Reading D5002 is 2386.568
2026-03-24 13:28:38 --INFO -- Reading D5004 is 55.680134
2026-03-24 13:28:38 --INFO -- Reading D5010 is 0
2026-03-24 13:28:38 --INFO -- Reading D5006 is 179.25992
2026-03-24 13:28:38 --INFO -- Reading D5008 is 0
2026-03-24 13:28:38 --INFO -- Read D532 is 2
2026-03-24 13:28:38 --INFO -- 查找模板计时:43.8666
2026-03-24 13:28:38 --INFO -- 转机械坐标:像素坐标[1845.939,1854.489],拍照机械坐标[-340.865478515625,2386.568115234375],转换定位机械坐标[-81.15391165533856,2386.9993394691287]
2026-03-24 13:28:39 --INFO -- 复位事件触发:触发类型[变化],消息[D500变为0].
2026-03-24 13:28:42 --INFO -- 写三轴坐标事件触发:触发类型[变化],消息[D500变为5].
2026-03-24 13:28:42 --INFO -- [Mark点间标定]首坐标表[1:714.7334843835995,-317.6336983918343;2:725.8285565276506,619.8178226864809;3:-95.99445350563525,633.2824897865062],次坐标列表[1:736.7815944047154,1441.3620580290826;2:748.1735787250016,2375.2922317177213;3:-81.15391165533856,2386.9993394691287].
2026-03-24 13:28:42 --INFO -- [Mark点间标定]标定信息：[平移X:15.585336135043303;平移Y:1756.310560696726;X当量:1.0091370588511062;Y当量:0.9962191456482448;旋转角度:0.11790690359084538;倾斜角度:-0.12990460300865408;RMS:2.435272285391828E-13]误差：0,列误差：1.1368683772161603E-13.
2026-03-24 13:28:43 --INFO -- 复位事件触发:触发类型[变化],消息[D500变为0].
2026-03-24 15:46:02 --ERROR-- Stop Grabbing Fail!Tip:-2147483130
