
----------------------application startup--------------------------
2026-04-15 13:48:47 --ERROR-- PLC打开失败,提示:System.Exception: TcpClientPort Open failed. Details:由于目标计算机积极拒绝，无法连接。 [::ffff:192.168.10.41]:4440
   at Device.PortTcpClient.Open() in F:\项目\Libraries\Class\Device\000 Base\Connecor\PortTcpServer.cs:line 31
   at Device.DevicePort.Open(String& msg) in F:\项目\Libraries\Class\Device\000 Base\Simulator\DeviceSimulateActionManager.cs:line 21
2026-04-15 13:48:49 --ERROR-- PLC打开失败,提示:System.Exception: TcpClientPort Open failed. Details:由于目标计算机积极拒绝，无法连接。 [::ffff:192.168.10.41]:4440
   at Device.PortTcpClient.Open() in F:\项目\Libraries\Class\Device\000 Base\Connecor\PortTcpServer.cs:line 31
   at Device.DevicePort.Open(String& msg) in F:\项目\Libraries\Class\Device\000 Base\Simulator\DeviceSimulateActionManager.cs:line 21
2026-04-15 13:49:05 --INFO -- 打开[PLC]成功:.
2026-04-15 13:49:38 --INFO -- 打开[扫码器]成功:.
2026-04-15 13:50:40 --DEBUG-- Read D812 vaue is 0
2026-04-15 13:50:40 --DEBUG-- 读双字D820值:-11006
2026-04-15 13:50:40 --DEBUG-- 读双字D822值:8635
2026-04-15 13:50:40 --DEBUG-- 读双字D824值:126196
2026-04-15 13:54:03 --DEBUG-- Read D824 vaue is -4876
2026-04-15 13:54:11 --DEBUG-- Read D824 vaue is -4876
2026-04-15 13:54:12 --DEBUG-- Read D824 vaue is -4876

----------------------application startup--------------------------
2026-04-15 14:28:11 --ERROR-- PLC打开失败,提示:System.Exception: TcpClientPort Open failed. Details:由于目标计算机积极拒绝，无法连接。 [::ffff:192.168.10.41]:4440
   at Device.PortTcpClient.Open() in F:\项目\Libraries\Class\Device\000 Base\Connecor\PortTcpServer.cs:line 31
   at Device.DevicePort.Open(String& msg) in F:\项目\Libraries\Class\Device\000 Base\Simulator\DeviceSimulateActionManager.cs:line 21
2026-04-15 14:28:16 --ERROR-- PLC打开失败,提示:System.Exception: TcpClientPort Open failed. Details:由于目标计算机积极拒绝，无法连接。 [::ffff:192.168.10.41]:4440
   at Device.PortTcpClient.Open() in F:\项目\Libraries\Class\Device\000 Base\Connecor\PortTcpServer.cs:line 31
   at Device.DevicePort.Open(String& msg) in F:\项目\Libraries\Class\Device\000 Base\Simulator\DeviceSimulateActionManager.cs:line 21
2026-04-15 14:28:39 --INFO -- 打开[PLC]成功:.
2026-04-15 14:28:56 --DEBUG-- Read D824 vaue is -4876
2026-04-15 14:28:58 --DEBUG-- Read D824 vaue is -4876
2026-04-15 14:29:44 --DEBUG-- Read D822 vaue is 0
2026-04-15 14:30:37 --DEBUG-- Read D820 vaue is 0
2026-04-15 14:33:15 --DEBUG-- Read D820 vaue is 0
2026-04-15 14:33:23 --DEBUG-- Read D822 vaue is 0
2026-04-15 14:33:27 --DEBUG-- Read D824 vaue is -4876
2026-04-15 14:41:52 --INFO -- 打开[扫码器]成功:.
2026-04-15 14:58:07 --DEBUG-- Read D812 vaue is 0
2026-04-15 14:58:07 --DEBUG-- 读双字D820值:0
2026-04-15 14:58:08 --DEBUG-- 读双字D822值:0
2026-04-15 14:58:08 --DEBUG-- 读双字D824值:126196
2026-04-15 15:06:12 --WARN -- PLC断开终止监控！
2026-04-15 15:11:00 --INFO -- 打开[相机1(DA0014462)]成功. 
2026-04-15 15:11:24 --INFO -- 打开[相机1(DA0014462)]成功. 
2026-04-15 15:11:59 --INFO -- 打开[相机1(DA0014462)]成功. 
2026-04-15 15:12:12 --INFO -- 打开[相机1(DA0014462)]成功. 
2026-04-15 15:12:14 --INFO -- 打开[相机1(DA0014462)]成功. 

 ----------------------application shutdown--------------------------

----------------------application startup--------------------------
2026-04-15 15:13:37 --INFO -- 打开[相机1(DA0014462)]成功. 
2026-04-15 15:48:42 --INFO -- 打开[PLC]成功:.
2026-04-15 15:48:54 --INFO -- 打开[扫码器]成功:.
2026-04-15 15:49:02 --WARN -- 批量获取D值长度异常[0],需要长度[1]
2026-04-15 15:49:02 --WARN -- PLC断开终止监控！
2026-04-15 15:54:24 --INFO -- 打开[PLC]成功:.
2026-04-15 15:54:35 --WARN -- PLC断开终止监控！
2026-04-15 15:54:59 --INFO -- 打开[相机1(DA0014462)]成功. 
2026-04-15 15:54:59 --INFO -- 打开[扫码器]成功:.
2026-04-15 15:54:59 --INFO -- 打开[PLC]成功:.
2026-04-15 15:54:59 --ERROR-- 保存定位数据[设备控制] running failed:;Exception message:Line[45],Message[Object reference not set to an instance of an object.],Location[   at System.Windows.Core.FunctionInfo.Invoke(Object obj) in F:\项目\Libraries\ViewClass\System.Windows.Core\Core\Extensions\Method\MethodLinkParameter.cs:line 135
   at Plugin.ControlDevice.ToolControlDevice.<Run>b__37_0(FunctionInfo s)
   at System.CollectionHelper.ForEach[T](IEnumerable`1 source, Action`1 action) in F:\项目\Libraries\Class\UtilBase\类型\CollectionHelper.cs:line 850
   at Plugin.ControlDevice.ToolControlDevice.Run()]
2026-04-15 15:54:59 --WARN -- 写三轴坐标初始化任务失败！
2026-04-15 15:54:59 --DEBUG-- Read D812 vaue is 0
2026-04-15 15:54:59 --DEBUG-- Read D811 vaue is 0
2026-04-15 15:54:59 --DEBUG-- 读双字D820值:0
2026-04-15 15:54:59 --DEBUG-- 读双字D820值:0
2026-04-15 15:54:59 --DEBUG-- 读双字D822值:0
2026-04-15 15:54:59 --DEBUG-- 读双字D822值:0
2026-04-15 15:54:59 --DEBUG-- 读双字D824值:126196
2026-04-15 15:54:59 --DEBUG-- 读双字D824值:126196
2026-04-15 15:54:59 --INFO -- 查找模板计时:119.271
2026-04-15 15:54:59 --INFO -- 查找模板计时:123.8045
2026-04-15 15:55:07 --INFO -- 转机械坐标:像素坐标[1526.5,997.5],拍照机械坐标[0,0],转换定位机械坐标[126.08880801340447,3.240181422104854]
2026-04-15 15:55:08 --INFO -- 转机械坐标:像素坐标[1523,1018],拍照机械坐标[0,0],转换定位机械坐标[125.48342656904012,3.131252494049818]
2026-04-15 15:55:08 --WARN -- 验证坐标执行失败:转换值错误:全局.极柱最大差值:5;电芯拍照.位置编号:0;全局.定位坐标:1001:344.43625218593456,142.39541819965478;1002:358.46319864165315,278.5548463406065;1003:173.47750145099945,276.5828340814038;1:173.25744183168123,185.84950420708947;2:189.2807758873145,185.91604966522146;3:208.47877072546422,186.04174698629504;4:227.0418532514805,186.15899448429406;5:246.40789193356352,186.28046689383035;6:264.8992960246127,186.5160181177127;7:283.7736614335789,186.63009693205868;8:302.410669972611,186.98078319817142;9:321.5000302197269,187.22055933359104;10:340.21667334979287,187.45716678535769;11:356.46508597987423,188.0434042753527;12:350.0144253280033,249.43330355381386;13:331.1227383540041,249.20092101358455;14:312.01646063290445,249.0783923761639;15:293.309304119904,249.19458364627855;16:274.3226223077552,248.8365037849756;17:255.3911743727727,248.60517747263054;18:235.88478398260585,248.59461519378726;19:217.18929736554034,248.24181647190596;20:198.1139758005074,248.12351274602264;21:178.4849809623577,247.997815424949;1000:126.08880801340447,3.240181422104854;0:125.48342656904012,3.131252494049818;全局.极柱中心间距:18返回参数:电芯拍照.写入结果:2
2026-04-15 15:56:33 --WARN -- PLC断开终止监控！
2026-04-15 15:56:43 --INFO -- 打开[PLC]成功:.
2026-04-15 16:01:37 --INFO -- 打开[相机1(DA0014462)]成功. 

 ----------------------application shutdown--------------------------

----------------------application startup--------------------------
2026-04-15 16:23:36 --INFO -- 打开[PLC]成功:.
2026-04-15 16:25:30 --INFO -- 打开[相机1(DA0014462)]成功. 
2026-04-15 16:25:30 --INFO -- 打开[扫码器]成功.
2026-04-15 16:25:31 --DEBUG-- Read D812 vaue is 0
2026-04-15 16:25:31 --DEBUG-- 读双字D820值:0
2026-04-15 16:25:31 --DEBUG-- 读双字D822值:0
2026-04-15 16:25:31 --DEBUG-- 读双字D824值:126196
2026-04-15 16:25:31 --INFO -- 查找模板计时:84.3649
2026-04-15 16:25:39 --INFO -- 转机械坐标:像素坐标[1960,1194],拍照机械坐标[0,0],转换定位机械坐标[120.20678983215589,16.009460519893082]
2026-04-15 16:25:39 --WARN -- 验证坐标执行失败:转换值错误:全局.极柱最大差值:5;电芯拍照.位置编号:0;全局.定位坐标:1001:344.43625218593456,142.39541819965478;1002:358.46319864165315,278.5548463406065;1003:173.47750145099945,276.5828340814038;1:173.25744183168123,185.84950420708947;2:189.2807758873145,185.91604966522146;3:208.47877072546422,186.04174698629504;4:227.0418532514805,186.15899448429406;5:246.40789193356352,186.28046689383035;6:264.8992960246127,186.5160181177127;7:283.7736614335789,186.63009693205868;8:302.410669972611,186.98078319817142;9:321.5000302197269,187.22055933359104;10:340.21667334979287,187.45716678535769;11:356.46508597987423,188.0434042753527;12:350.0144253280033,249.43330355381386;13:331.1227383540041,249.20092101358455;14:312.01646063290445,249.0783923761639;15:293.309304119904,249.19458364627855;16:274.3226223077552,248.8365037849756;17:255.3911743727727,248.60517747263054;18:235.88478398260585,248.59461519378726;19:217.18929736554034,248.24181647190596;20:198.1139758005074,248.12351274602264;21:178.4849809623577,247.997815424949;0:120.20678983215589,16.009460519893082;全局.极柱中心间距:18返回参数:电芯拍照.写入结果:2
2026-04-15 16:26:19 --WARN -- PLC断开终止监控！
2026-04-15 16:26:31 --INFO -- 打开[相机1(DA0014462)]成功. 
2026-04-15 16:26:31 --INFO -- 打开[扫码器]成功.
2026-04-15 16:26:31 --INFO -- 打开[PLC]成功:.
2026-04-15 16:26:32 --DEBUG-- Read D812 vaue is 0
2026-04-15 16:26:32 --DEBUG-- 读双字D820值:0
2026-04-15 16:26:32 --DEBUG-- 读双字D822值:0
2026-04-15 16:26:32 --DEBUG-- 读双字D824值:126196
2026-04-15 16:26:32 --INFO -- 查找模板计时:90.012
2026-04-15 16:26:36 --INFO -- 转机械坐标:像素坐标[1523,1018],拍照机械坐标[0,0],转换定位机械坐标[125.48342656904012,3.131252494049818]
2026-04-15 16:26:36 --WARN -- 验证坐标执行失败:转换值错误:全局.极柱最大差值:5;电芯拍照.位置编号:0;全局.定位坐标:1001:344.43625218593456,142.39541819965478;1002:358.46319864165315,278.5548463406065;1003:173.47750145099945,276.5828340814038;1:173.25744183168123,185.84950420708947;2:189.2807758873145,185.91604966522146;3:208.47877072546422,186.04174698629504;4:227.0418532514805,186.15899448429406;5:246.40789193356352,186.28046689383035;6:264.8992960246127,186.5160181177127;7:283.7736614335789,186.63009693205868;8:302.410669972611,186.98078319817142;9:321.5000302197269,187.22055933359104;10:340.21667334979287,187.45716678535769;11:356.46508597987423,188.0434042753527;12:350.0144253280033,249.43330355381386;13:331.1227383540041,249.20092101358455;14:312.01646063290445,249.0783923761639;15:293.309304119904,249.19458364627855;16:274.3226223077552,248.8365037849756;17:255.3911743727727,248.60517747263054;18:235.88478398260585,248.59461519378726;19:217.18929736554034,248.24181647190596;20:198.1139758005074,248.12351274602264;21:178.4849809623577,247.997815424949;0:125.48342656904012,3.131252494049818;全局.极柱中心间距:18返回参数:电芯拍照.写入结果:2
2026-04-15 16:27:48 --WARN -- PLC断开终止监控！
2026-04-15 16:28:05 --INFO -- 打开[PLC]成功:.
2026-04-15 16:28:31 --WARN -- PLC断开终止监控！

 ----------------------application shutdown--------------------------

----------------------application startup--------------------------
2026-04-15 16:42:20 --INFO -- 打开[PLC]成功:.
2026-04-15 16:42:41 --DEBUG-- Read D120 vaue is 3
2026-04-15 16:43:15 --DEBUG-- Read D120 vaue is 4
2026-04-15 16:44:24 --WARN -- PLC断开终止监控！

 ----------------------application shutdown--------------------------

----------------------application startup--------------------------
2026-04-15 16:48:41 --INFO -- 打开[相机1(DA0014462)]成功. 
2026-04-15 16:48:41 --INFO -- 打开[扫码器]成功.
2026-04-15 16:48:41 --INFO -- 打开[PLC]成功:.
2026-04-15 16:49:40 --WARN -- PLC断开终止监控！
2026-04-15 16:49:42 --INFO -- 打开[相机1(DA0014462)]成功. 
2026-04-15 16:49:42 --INFO -- 打开[扫码器]成功.
2026-04-15 16:49:42 --INFO -- 打开[PLC]成功:.
2026-04-15 16:52:37 --WARN -- PLC断开终止监控！
2026-04-15 16:52:39 --INFO -- 打开[相机1(DA0014462)]成功. 
2026-04-15 16:52:39 --INFO -- 打开[扫码器]成功.
2026-04-15 16:52:39 --INFO -- 打开[PLC]成功:.
2026-04-15 16:57:07 --INFO -- 电芯拍照事件触发:触发类型[变化],消息[D120变为4].
2026-04-15 16:57:07 --DEBUG-- Read D812 vaue is 0
2026-04-15 16:57:07 --DEBUG-- 读双字D820值:0
2026-04-15 16:57:07 --DEBUG-- 读双字D822值:0
2026-04-15 16:57:07 --DEBUG-- 读双字D824值:126196
2026-04-15 16:57:07 --INFO -- 查找模板计时:44.2426
2026-04-15 16:57:14 --INFO -- 转机械坐标:像素坐标[1523,1018],拍照机械坐标[0,0],转换定位机械坐标[125.48342656904012,3.131252494049818]
2026-04-15 16:57:14 --WARN -- 验证坐标执行失败:转换值错误:全局.极柱最大差值:5;电芯拍照.位置编号:0;全局.定位坐标:1001:344.43625218593456,142.39541819965478;1002:358.46319864165315,278.5548463406065;1003:173.47750145099945,276.5828340814038;1:173.25744183168123,185.84950420708947;2:189.2807758873145,185.91604966522146;3:208.47877072546422,186.04174698629504;4:227.0418532514805,186.15899448429406;5:246.40789193356352,186.28046689383035;6:264.8992960246127,186.5160181177127;7:283.7736614335789,186.63009693205868;8:302.410669972611,186.98078319817142;9:321.5000302197269,187.22055933359104;10:340.21667334979287,187.45716678535769;11:356.46508597987423,188.0434042753527;12:350.0144253280033,249.43330355381386;13:331.1227383540041,249.20092101358455;14:312.01646063290445,249.0783923761639;15:293.309304119904,249.19458364627855;16:274.3226223077552,248.8365037849756;17:255.3911743727727,248.60517747263054;18:235.88478398260585,248.59461519378726;19:217.18929736554034,248.24181647190596;20:198.1139758005074,248.12351274602264;21:178.4849809623577,247.997815424949;0:125.48342656904012,3.131252494049818;全局.极柱中心间距:18返回参数:电芯拍照.写入结果:2
2026-04-15 16:59:04 --INFO -- 初始化PLC事件触发:触发类型[变化],消息[D120变为1].
2026-04-15 16:59:38 --INFO -- 电芯拍照事件触发:触发类型[变化],消息[D120变为4].
2026-04-15 16:59:38 --DEBUG-- Read D812 vaue is 0
2026-04-15 16:59:39 --DEBUG-- 读双字D820值:0
2026-04-15 16:59:39 --DEBUG-- 读双字D822值:0
2026-04-15 16:59:39 --DEBUG-- 读双字D824值:126196
2026-04-15 16:59:39 --INFO -- 查找模板计时:89.1475
2026-04-15 17:00:01 --INFO -- 转机械坐标:像素坐标[1952,1162],拍照机械坐标[0,0],转换定位机械坐标[121.15405901422346,15.781302891201051]
2026-04-15 17:00:01 --WARN -- 验证坐标执行失败:转换值错误:全局.极柱最大差值:5;电芯拍照.位置编号:0;全局.定位坐标:1001:344.43625218593456,142.39541819965478;1002:358.46319864165315,278.5548463406065;1003:173.47750145099945,276.5828340814038;1:173.25744183168123,185.84950420708947;2:189.2807758873145,185.91604966522146;3:208.47877072546422,186.04174698629504;4:227.0418532514805,186.15899448429406;5:246.40789193356352,186.28046689383035;6:264.8992960246127,186.5160181177127;7:283.7736614335789,186.63009693205868;8:302.410669972611,186.98078319817142;9:321.5000302197269,187.22055933359104;10:340.21667334979287,187.45716678535769;11:356.46508597987423,188.0434042753527;12:350.0144253280033,249.43330355381386;13:331.1227383540041,249.20092101358455;14:312.01646063290445,249.0783923761639;15:293.309304119904,249.19458364627855;16:274.3226223077552,248.8365037849756;17:255.3911743727727,248.60517747263054;18:235.88478398260585,248.59461519378726;19:217.18929736554034,248.24181647190596;20:198.1139758005074,248.12351274602264;21:178.4849809623577,247.997815424949;0:121.15405901422346,15.781302891201051;全局.极柱中心间距:18返回参数:电芯拍照.写入结果:2
2026-04-15 17:00:18 --INFO -- MARK拍照事件触发:触发类型[变化],消息[D120变为3].
2026-04-15 17:00:18 --DEBUG-- Read D811 vaue is 0
2026-04-15 17:00:18 --DEBUG-- 读双字D820值:0
2026-04-15 17:00:18 --DEBUG-- 读双字D822值:0
2026-04-15 17:00:18 --DEBUG-- 读双字D824值:126196
2026-04-15 17:00:18 --INFO -- 查找模板计时:34.1258
2026-04-15 17:01:15 --INFO -- 转机械坐标:像素坐标[1952,1207],拍照机械坐标[0,0],转换定位机械坐标[119.82386982528578,15.76942032750236]
2026-04-15 17:01:52 --WARN -- 批量获取D值长度异常[0],需要长度[1]
2026-04-15 17:01:52 --WARN -- PLC断开终止监控！
2026-04-15 17:01:58 --INFO -- 打开[相机1(DA0014462)]成功. 
2026-04-15 17:01:58 --INFO -- 打开[扫码器]成功.
2026-04-15 17:01:58 --INFO -- 打开[PLC]成功:.
2026-04-15 17:01:58 --INFO -- MARK拍照事件触发:触发类型[变化],消息[D120变为3].
2026-04-15 17:01:58 --DEBUG-- Read D811 vaue is 0
2026-04-15 17:01:58 --DEBUG-- 读双字D820值:0
2026-04-15 17:01:58 --DEBUG-- 读双字D822值:0
2026-04-15 17:01:58 --DEBUG-- 读双字D824值:126196
2026-04-15 17:01:58 --INFO -- 查找模板计时:41.3769
2026-04-15 17:02:03 --INFO -- 转机械坐标:像素坐标[1526.5,997.5],拍照机械坐标[0,0],转换定位机械坐标[126.08880801340447,3.240181422104854]
2026-04-15 17:02:30 --INFO -- 复位PLC事件触发:触发类型[变化],消息[D120变为0].
