
----------------------application startup--------------------------
2026-03-18 10:03:54 --INFO -- 打开[测距仪]成功:No device, please select.
2026-03-18 10:03:54 --INFO -- 打开[机器人]成功:No device, please select.
2026-03-18 10:05:21 --INFO -- 打开[相机1(DA0014462)]成功. 
2026-03-18 10:21:25 --INFO -- 图像采集Stop continuous operation
2026-03-18 10:33:41 --INFO -- 图像采集Stop continuous operation
2026-03-18 10:34:02 --INFO -- 查找模板计时:64.3342
2026-03-18 10:35:39 --INFO -- 查找模板计时:40.7104
2026-03-18 10:35:43 --INFO -- 查找模板计时:42.9915
2026-03-18 10:43:24 --INFO -- 图像采集Stop continuous operation
2026-03-18 10:43:30 --INFO -- 查找模板计时:40.61
2026-03-18 10:44:09 --INFO -- 查找模板计时:42.0068
2026-03-18 10:44:14 --INFO -- 查找模板计时:42.1433
2026-03-18 10:45:19 --INFO -- 图像采集Stop continuous operation
2026-03-18 10:45:27 --INFO -- 查找模板计时:53.5432
2026-03-18 10:46:31 --INFO -- 图像采集Stop continuous operation
2026-03-18 10:50:46 --INFO -- 图像采集Stop continuous operation
2026-03-18 10:50:52 --INFO -- 查找模板计时:45.8185
2026-03-18 10:52:07 --INFO -- 图像采集Stop continuous operation
2026-03-18 10:52:13 --INFO -- 查找模板计时:51.3138
2026-03-18 10:53:31 --INFO -- 图像采集Stop continuous operation
2026-03-18 10:53:37 --INFO -- 查找模板计时:40.3671
2026-03-18 10:54:50 --INFO -- 图像采集Stop continuous operation
2026-03-18 10:54:59 --INFO -- 查找模板计时:54.7102
2026-03-18 10:56:48 --INFO -- 图像采集Stop continuous operation
2026-03-18 10:57:00 --INFO -- 查找模板计时:51.7518
2026-03-18 10:58:06 --INFO -- 图像采集Stop continuous operation
2026-03-18 10:58:11 --INFO -- 查找模板计时:48.1926
2026-03-18 11:06:43 --INFO -- 图像采集Stop continuous operation
2026-03-18 11:06:57 --INFO -- 查找模板计时:41.2932
2026-03-18 11:08:54 --INFO -- 图像采集Stop continuous operation
2026-03-18 11:08:59 --INFO -- 查找模板计时:49.2754
2026-03-18 11:10:03 --INFO -- 图像采集Stop continuous operation
2026-03-18 11:10:06 --INFO -- 查找模板计时:59.8808
2026-03-18 11:11:16 --INFO -- 图像采集Stop continuous operation
2026-03-18 11:11:21 --INFO -- 查找模板计时:49.6809
2026-03-18 11:12:31 --INFO -- 查找模板计时:53.116
2026-03-18 11:13:01 --INFO -- 图像采集Stop continuous operation
2026-03-18 11:13:08 --INFO -- 查找模板计时:57.7889
2026-03-18 11:14:45 --INFO -- 行误差：0.21129357302083918,列误差：0.3410953247407491.
2026-03-18 13:12:10 --ERROR-- 机器人异常，重连设备中。。。:Line[0],Message[Unable to read data from the transport connection: 由于连接方在一段时间后没有正确答复或连接的主机没有反应，连接尝试失败。.],Location[   at System.Net.Sockets.NetworkStream.Read(Byte[] buffer, Int32 offset, Int32 count)
   at Modbus.IO.TcpClientAdapter.Read(Byte[] buffer, Int32 offset, Int32 size) in C:\项目\类库\ReferenceLib\NModbus4\IO\TcpClientAdapter.cs:line 48
   at Modbus.IO.ModbusIpTransport.ReadRequestResponse(IStreamResource streamResource) in C:\项目\类库\ReferenceLib\NModbus4\IO\ModbusIpTransport.cs:line 36
   at Modbus.IO.ModbusIpTransport.ReadResponse[T]() in C:\项目\类库\ReferenceLib\NModbus4\IO\ModbusIpTransport.cs:line 140
   at Modbus.IO.ModbusTransport.UnicastMessage[T](IModbusMessage message) in C:\项目\类库\ReferenceLib\NModbus4\IO\ModbusTransport.cs:line 135
   at Modbus.Device.ModbusMaster.WriteMultipleRegisters(Byte slaveAddress, UInt16 startAddress, UInt16[] data) in C:\项目\类库\ReferenceLib\NModbus4\Device\ModbusMaster.cs:line 256
   at Driver.PLC.Modbus.PlcModbus.WriteEntity[T](String name, T[] ts)
   at Device.PlcPortBase.Write[T](String name, T[] ts) in F:\项目\Libraries\Class\Device\007 Plc\PlcPortBase.cs:line 352
   at Driver.PLC.Modbus.PlcModbus.MonitoringIo()]
2026-03-18 13:12:21 --ERROR-- 打开机器人异常:Line[0],Message[TcpClientPort Open failed. Details:连接失败，请检查该IP地址是否能Ping通],Location[   at Device.PortTcpClient.Open() in F:\项目\Libraries\Class\Device\000 Base\Connecor\PortTcpClient.cs:line 124
   at Driver.PLC.Modbus.PlcModbus.Open(String& msg)]
2026-03-18 13:13:13 --INFO -- 图像采集Stop continuous operation
2026-03-18 13:13:25 --INFO -- 图像采集Stop continuous operation
2026-03-18 13:13:37 --ERROR-- Stop Grabbing Fail!Tip:-2147483130
2026-03-18 13:14:12 --INFO -- 打开[相机1(DA0014462)]成功. 
2026-03-18 14:30:20 --INFO -- 打开[相机1(DA0014462)]成功. 
2026-03-18 14:30:20 --INFO -- 打开[测距仪]成功:.
2026-03-18 14:30:20 --INFO -- 打开[机器人]成功:.
2026-03-18 14:32:10 --INFO -- 初始化PLC事件触发:触发类型[变化],消息[D500变为1].
2026-03-18 14:32:15 --INFO -- 复位事件触发:触发类型[变化],消息[D500变为0].
2026-03-18 14:32:36 --INFO -- 测距事件触发:触发类型[变化],消息[D500变为9].
2026-03-18 14:32:37 --INFO -- 复位事件触发:触发类型[变化],消息[D500变为0].
2026-03-18 14:32:55 --INFO -- 测距事件触发:触发类型[变化],消息[D500变为9].
2026-03-18 14:32:56 --INFO -- 复位事件触发:触发类型[变化],消息[D500变为0].
2026-03-18 14:33:17 --INFO -- 测距事件触发:触发类型[变化],消息[D500变为9].
2026-03-18 14:33:18 --INFO -- 复位事件触发:触发类型[变化],消息[D500变为0].
2026-03-18 14:33:36 --INFO -- 测距事件触发:触发类型[变化],消息[D500变为9].
2026-03-18 14:33:37 --INFO -- 复位事件触发:触发类型[变化],消息[D500变为0].
2026-03-18 14:39:32 --INFO -- 初始化PLC事件触发:触发类型[变化],消息[D500变为1].
2026-03-18 14:39:37 --INFO -- 复位事件触发:触发类型[变化],消息[D500变为0].
2026-03-18 14:40:53 --INFO -- 初始化PLC事件触发:触发类型[变化],消息[D500变为1].
2026-03-18 14:41:41 --INFO -- 复位事件触发:触发类型[变化],消息[D500变为0].
2026-03-18 14:42:32 --INFO -- 初始化PLC事件触发:触发类型[变化],消息[D500变为1].
2026-03-18 14:42:37 --INFO -- 复位事件触发:触发类型[变化],消息[D500变为0].
2026-03-18 14:42:56 --INFO -- 测距事件触发:触发类型[变化],消息[D500变为9].
2026-03-18 14:42:57 --INFO -- 复位事件触发:触发类型[变化],消息[D500变为0].
2026-03-18 14:43:13 --INFO -- 测距事件触发:触发类型[变化],消息[D500变为9].
2026-03-18 14:43:14 --INFO -- 复位事件触发:触发类型[变化],消息[D500变为0].
2026-03-18 14:43:31 --INFO -- 测距事件触发:触发类型[变化],消息[D500变为9].
2026-03-18 14:43:32 --INFO -- 复位事件触发:触发类型[变化],消息[D500变为0].
2026-03-18 14:43:47 --INFO -- 测距事件触发:触发类型[变化],消息[D500变为9].
2026-03-18 14:43:48 --INFO -- 复位事件触发:触发类型[变化],消息[D500变为0].
2026-03-18 14:44:07 --INFO -- 方向识别拍照事件触发:触发类型[变化],消息[D500变为2].
2026-03-18 14:44:07 --INFO -- 查找模板计时:260.862
2026-03-18 14:44:07 --WARN -- 方向判断执行失败:返回参数:方向识别拍照.写入方向:0;方向识别拍照.写入结果:2;全局.电池角度:-90
2026-03-18 14:44:08 --INFO -- 复位事件触发:触发类型[变化],消息[D500变为0].
2026-03-18 14:45:33 --INFO -- 查找模板计时:168.6186
2026-03-18 14:45:54 --INFO -- 方向识别拍照事件触发:触发类型[变化],消息[D500变为2].
2026-03-18 14:45:54 --INFO -- 查找模板计时:238.5832
2026-03-18 14:45:55 --INFO -- 复位事件触发:触发类型[变化],消息[D500变为0].
2026-03-18 14:45:59 --INFO -- 方向识别拍照事件触发:触发类型[变化],消息[D500变为2].
2026-03-18 14:46:00 --INFO -- 查找模板计时:255.0665
2026-03-18 14:46:00 --INFO -- 复位事件触发:触发类型[变化],消息[D500变为0].
2026-03-18 14:46:51 --INFO -- Mark点拍照事件触发:触发类型[变化],消息[D500变为3].
2026-03-18 14:46:51 --INFO -- 查找模板计时:68.4229
2026-03-18 14:46:51 --INFO -- 转机械坐标:像素坐标[1935.778,1507.542],拍照机械坐标[-342.97265625,2387.409423828125],转换定位机械坐标[-352.7999539512455,2674.0746926216752]
2026-03-18 14:48:10 --INFO -- 复位事件触发:触发类型[变化],消息[D500变为0].
2026-03-18 14:50:29 --INFO -- 初始化PLC事件触发:触发类型[变化],消息[D500变为1].
2026-03-18 14:50:34 --INFO -- 复位事件触发:触发类型[变化],消息[D500变为0].
2026-03-18 14:50:54 --INFO -- 测距事件触发:触发类型[变化],消息[D500变为9].
2026-03-18 14:50:55 --INFO -- 复位事件触发:触发类型[变化],消息[D500变为0].
2026-03-18 14:51:11 --INFO -- 测距事件触发:触发类型[变化],消息[D500变为9].
2026-03-18 14:51:12 --INFO -- 复位事件触发:触发类型[变化],消息[D500变为0].
2026-03-18 14:51:29 --INFO -- 测距事件触发:触发类型[变化],消息[D500变为9].
2026-03-18 14:51:30 --INFO -- 复位事件触发:触发类型[变化],消息[D500变为0].
2026-03-18 14:51:45 --INFO -- 测距事件触发:触发类型[变化],消息[D500变为9].
2026-03-18 14:51:46 --INFO -- 复位事件触发:触发类型[变化],消息[D500变为0].
2026-03-18 14:52:05 --INFO -- 方向识别拍照事件触发:触发类型[变化],消息[D500变为2].
2026-03-18 14:52:05 --INFO -- 查找模板计时:165.2624
2026-03-18 14:52:06 --INFO -- 复位事件触发:触发类型[变化],消息[D500变为0].
2026-03-18 14:52:10 --INFO -- 方向识别拍照事件触发:触发类型[变化],消息[D500变为2].
2026-03-18 14:52:10 --INFO -- 查找模板计时:252.6397
2026-03-18 14:52:11 --INFO -- 复位事件触发:触发类型[变化],消息[D500变为0].
2026-03-18 14:52:47 --INFO -- Mark点拍照事件触发:触发类型[变化],消息[D500变为3].
2026-03-18 14:52:47 --INFO -- 查找模板计时:66.0465
2026-03-18 14:52:47 --INFO -- 转机械坐标:像素坐标[1935.57,1507.3],拍照机械坐标[-342.9879150390625,2387.38232421875],转换定位机械坐标[-352.83490938349854,2674.0697469494926]
2026-03-18 14:52:48 --INFO -- 复位事件触发:触发类型[变化],消息[D500变为0].
2026-03-18 14:53:17 --INFO -- Mark点拍照事件触发:触发类型[变化],消息[D500变为3].
2026-03-18 14:53:17 --INFO -- 查找模板计时:70.007
2026-03-18 14:53:17 --INFO -- 转机械坐标:像素坐标[2028.962,1632.165],拍照机械坐标[497.0262451171875,2384.22412109375],转换定位机械坐标[496.04629454209015,2659.4569854316205]
2026-03-18 14:53:18 --INFO -- 复位事件触发:触发类型[变化],消息[D500变为0].
2026-03-18 14:53:50 --INFO -- Mark点拍照事件触发:触发类型[变化],消息[D500变为3].
2026-03-18 14:53:50 --INFO -- 查找模板计时:65.4625
2026-03-18 14:53:50 --INFO -- 转机械坐标:像素坐标[1957.566,1551.556],拍照机械坐标[475.6232604980469,1436.7021484375],转换定位机械坐标[467.88596274019704,1719.3107754680677]
2026-03-18 14:53:51 --INFO -- 复位事件触发:触发类型[变化],消息[D500变为0].
2026-03-18 14:54:22 --INFO -- 电芯拍照事件触发:触发类型[变化],消息[D500变为4].
2026-03-18 14:54:22 --INFO -- 查找模板计时:25.0529
2026-03-18 14:54:22 --INFO -- 转机械坐标:像素坐标[1491.936,1485.237],拍照机械坐标[484.4068908691406,2331.08251953125],转换定位机械坐标[433.258628884517,2619.0651221013422]
2026-03-18 14:54:27 --INFO -- 复位事件触发:触发类型[变化],消息[D500变为0].
2026-03-18 14:54:34 --INFO -- 电芯拍照事件触发:触发类型[变化],消息[D500变为4].
2026-03-18 14:54:35 --INFO -- 查找模板计时:34.986
2026-03-18 14:54:35 --INFO -- 转机械坐标:像素坐标[1487.557,1529.933],拍照机械坐标[484.63836669921875,2121.44970703125],转换定位机械坐标[433.1468647109205,2405.267587198116]
2026-03-18 14:54:39 --INFO -- 复位事件触发:触发类型[变化],消息[D500变为0].
2026-03-18 14:54:47 --INFO -- 电芯拍照事件触发:触发类型[变化],消息[D500变为4].
2026-03-18 14:54:47 --INFO -- 查找模板计时:29.4257
2026-03-18 14:54:47 --INFO -- 转机械坐标:像素坐标[1498.764,1553.901],拍照机械坐标[484.5526123046875,1914.6812744140625],转换定位机械坐标[434.13804081082293,2196.2889718060546]
2026-03-18 14:54:52 --INFO -- 复位事件触发:触发类型[变化],消息[D500变为0].
2026-03-18 14:55:00 --INFO -- 电芯拍照事件触发:触发类型[变化],消息[D500变为4].
2026-03-18 14:55:00 --INFO -- 查找模板计时:32.0583
2026-03-18 14:55:00 --INFO -- 转机械坐标:像素坐标[1399.687,1584.218],拍照机械坐标[484.54119873046875,1698.0958251953125],转换定位机械坐标[424.9533571994103,1976.7146397598417]
2026-03-18 14:55:05 --INFO -- 复位事件触发:触发类型[变化],消息[D500变为0].
2026-03-18 14:55:12 --INFO -- 电芯拍照事件触发:触发类型[变化],消息[D500变为4].
2026-03-18 14:55:12 --INFO -- 查找模板计时:23.8051
2026-03-18 14:55:12 --INFO -- 转机械坐标:像素坐标[1489.936,1619.611],拍照机械坐标[484.54681396484375,1496.1060791015625],转换定位机械坐标[433.40527582179215,1771.5869152898158]
2026-03-18 14:55:17 --INFO -- 复位事件触发:触发类型[变化],消息[D500变为0].
2026-03-18 14:56:41 --INFO -- 电芯拍照事件触发:触发类型[变化],消息[D500变为4].
2026-03-18 14:56:41 --INFO -- 查找模板计时:29.4057
2026-03-18 14:56:41 --INFO -- 转机械坐标:像素坐标[1514.948,1474.124],拍照机械坐标[277.8990783691406,2335.057861328125],转换定位机械坐标[228.87559387575067,2624.1133664384824]
2026-03-18 14:56:46 --INFO -- 复位事件触发:触发类型[变化],消息[D500变为0].
2026-03-18 14:56:54 --INFO -- 电芯拍照事件触发:触发类型[变化],消息[D500变为4].
2026-03-18 14:56:54 --INFO -- 查找模板计时:35.6434
2026-03-18 14:56:54 --INFO -- 转机械坐标:像素坐标[1476.435,1529.895],拍照机械坐标[278.0422668457031,2123.8193359375],转换定位机械坐标[225.51607218597752,2407.6217739686604]
2026-03-18 14:56:59 --INFO -- 复位事件触发:触发类型[变化],消息[D500变为0].
2026-03-18 14:57:06 --INFO -- 电芯拍照事件触发:触发类型[变化],消息[D500变为4].
2026-03-18 14:57:06 --INFO -- 查找模板计时:29.7203
2026-03-18 14:57:06 --INFO -- 转机械坐标:像素坐标[1476.682,1562.342],拍照机械坐标[277.8232421875,1915.946044921875],转换定位机械坐标[225.36657431233112,2196.730953816061]
2026-03-18 14:57:11 --INFO -- 复位事件触发:触发类型[变化],消息[D500变为0].
2026-03-18 14:57:19 --INFO -- 电芯拍照事件触发:触发类型[变化],消息[D500变为4].
2026-03-18 14:57:19 --INFO -- 查找模板计时:32.1398
2026-03-18 14:57:19 --INFO -- 转机械坐标:像素坐标[1441.355,1577.878],拍照机械坐标[277.8602294921875,1704.2828369140625],转换定位机械坐标[222.13951098104252,1983.5624404257435]
2026-03-18 14:57:24 --INFO -- 复位事件触发:触发类型[变化],消息[D500变为0].
2026-03-18 14:57:31 --INFO -- 电芯拍照事件触发:触发类型[变化],消息[D500变为4].
2026-03-18 14:57:31 --INFO -- 查找模板计时:24.3877
2026-03-18 14:57:31 --INFO -- 转机械坐标:像素坐标[1522.511,1621.327],拍照机械坐标[277.84661865234375,1501.845703125],转换定位机械坐标[229.73787301555973,1777.2225113596426]
2026-03-18 14:57:36 --INFO -- 复位事件触发:触发类型[变化],消息[D500变为0].
2026-03-18 14:58:37 --INFO -- 电芯拍照事件触发:触发类型[变化],消息[D500变为4].
2026-03-18 14:58:37 --INFO -- 查找模板计时:29.6219
2026-03-18 14:58:37 --INFO -- 转机械坐标:像素坐标[1481.202,1463.729],拍照机械坐标[67.9583511352539,2334.29833984375],转换定位机械坐标[15.780689260021006,2624.2631234531236]
2026-03-18 14:58:42 --INFO -- 复位事件触发:触发类型[变化],消息[D500变为0].
2026-03-18 14:58:49 --INFO -- 电芯拍照事件触发:触发类型[变化],消息[D500变为4].
2026-03-18 14:58:50 --INFO -- 查找模板计时:25.4886
2026-03-18 14:58:50 --INFO -- 转机械坐标:像素坐标[1477.451,1493.144],拍照机械坐标[68.06326293945312,2126.692138671875],转换定位机械坐标[15.578859043481145,2413.9145831453266]
2026-03-18 14:58:54 --INFO -- 复位事件触发:触发类型[变化],消息[D500变为0].
2026-03-18 14:59:02 --INFO -- 电芯拍照事件触发:触发类型[变化],消息[D500变为4].
2026-03-18 14:59:02 --INFO -- 查找模板计时:29.6215
2026-03-18 14:59:02 --INFO -- 转机械坐标:像素坐标[1492.306,1525.934],拍照机械坐标[67.98568725585938,1919.6641845703125],转换定位机械坐标[16.930229947849853,2203.862121357886]
2026-03-18 14:59:07 --INFO -- 复位事件触发:触发类型[变化],消息[D500变为0].
2026-03-18 14:59:15 --INFO -- 电芯拍照事件触发:触发类型[变化],消息[D500变为4].
2026-03-18 14:59:15 --INFO -- 查找模板计时:30.8303
2026-03-18 14:59:15 --INFO -- 转机械坐标:像素坐标[1448.43,1567.74],拍照机械坐标[67.9902572631836,1707.3485107421875],转换定位机械坐标[12.913155365859382,1987.583138358188]
2026-03-18 14:59:20 --INFO -- 复位事件触发:触发类型[变化],消息[D500变为0].
2026-03-18 14:59:27 --INFO -- 电芯拍照事件触发:触发类型[变化],消息[D500变为4].
2026-03-18 14:59:27 --INFO -- 查找模板计时:30.9373
2026-03-18 14:59:27 --INFO -- 转机械坐标:像素坐标[1501.851,1590.521],拍照机械坐标[67.5580825805664,1501.8671875],转换定位机械坐标[17.483219165692446,1780.0740636033488]
2026-03-18 14:59:32 --INFO -- 复位事件触发:触发类型[变化],消息[D500变为0].
2026-03-18 15:00:40 --INFO -- 电芯拍照事件触发:触发类型[变化],消息[D500变为4].
2026-03-18 15:00:41 --INFO -- 查找模板计时:22.8429
2026-03-18 15:00:41 --INFO -- 转机械坐标:像素坐标[1526.592,1504.881],拍照机械坐标[-135.78280639648438,2342.39013671875],转换定位机械坐标[-183.6789682431247,2628.6047482529616]
2026-03-18 15:00:45 --INFO -- 复位事件触发:触发类型[变化],消息[D500变为0].
2026-03-18 15:00:53 --INFO -- 电芯拍照事件触发:触发类型[变化],消息[D500变为4].
2026-03-18 15:00:53 --INFO -- 查找模板计时:29.9405
2026-03-18 15:00:53 --INFO -- 转机械坐标:像素坐标[1485.687,1515.111],拍照机械坐标[-135.73455810546875,2128.462890625],转换定位机械坐标[-187.42128323581733,2413.656199551796]
2026-03-18 15:00:58 --INFO -- 复位事件触发:触发类型[变化],消息[D500变为0].
2026-03-18 15:01:06 --INFO -- 电芯拍照事件触发:触发类型[变化],消息[D500变为4].
2026-03-18 15:01:06 --INFO -- 查找模板计时:31.5691
2026-03-18 15:01:06 --INFO -- 转机械坐标:像素坐标[1469.484,1543.176],拍照机械坐标[-135.7707977294922,1919.90380859375],转换定位机械坐标[-188.92456471756594,2202.4590983242647]
2026-03-18 15:01:11 --INFO -- 复位事件触发:触发类型[变化],消息[D500变为0].
2026-03-18 15:01:18 --INFO -- 电芯拍照事件触发:触发类型[变化],消息[D500变为4].
2026-03-18 15:01:19 --INFO -- 查找模板计时:29.0873
2026-03-18 15:01:19 --INFO -- 转机械坐标:像素坐标[1496.847,1575.976],拍照机械坐标[-135.90194702148438,1715.00732421875],转换定位机械坐标[-186.46318051186796,1994.5585175477374]
2026-03-18 15:01:23 --INFO -- 复位事件触发:触发类型[变化],消息[D500变为0].
2026-03-18 15:01:31 --INFO -- 电芯拍照事件触发:触发类型[变化],消息[D500变为4].
2026-03-18 15:01:31 --INFO -- 查找模板计时:21.7064
2026-03-18 15:01:31 --INFO -- 转机械坐标:像素坐标[1532.923,1609.36],拍照机械坐标[-136.0398406982422,1508.4307861328125],转换定位机械坐标[-183.19716499419286,1784.9384305244466]
2026-03-18 15:01:36 --INFO -- 复位事件触发:触发类型[变化],消息[D500变为0].
2026-03-18 15:02:35 --INFO -- 电芯拍照事件触发:触发类型[变化],消息[D500变为4].
2026-03-18 15:02:35 --INFO -- 查找模板计时:21.6418
2026-03-18 15:02:35 --INFO -- 转机械坐标:像素坐标[1487.001,1475.666],拍照机械坐标[-342.73651123046875,2341.651611328125],转换定位机械坐标[-394.35758865044124,2630.5160086659143]
2026-03-18 15:02:40 --INFO -- 复位事件触发:触发类型[变化],消息[D500变为0].
2026-03-18 15:02:48 --INFO -- 电芯拍照事件触发:触发类型[变化],消息[D500变为4].
2026-03-18 15:02:48 --INFO -- 查找模板计时:27.0365
2026-03-18 15:02:48 --INFO -- 转机械坐标:像素坐标[1482.315,1503.751],拍照机械坐标[-342.7039794921875,2131.748291015625],转换定位机械坐标[-394.72068654575327,2417.9924594603563]
2026-03-18 15:02:53 --INFO -- 复位事件触发:触发类型[变化],消息[D500变为0].
2026-03-18 15:03:00 --INFO -- 电芯拍照事件触发:触发类型[变化],消息[D500变为4].
2026-03-18 15:03:00 --INFO -- 查找模板计时:33.9831
2026-03-18 15:03:00 --INFO -- 转机械坐标:像素坐标[1480.5,1505.347],拍照机械坐标[-342.83648681640625,1924.4615478515625],转换定位机械坐标[-395.0197468844443,2210.554172836348]
2026-03-18 15:03:05 --INFO -- 复位事件触发:触发类型[变化],消息[D500变为0].
2026-03-18 15:03:13 --INFO -- 电芯拍照事件触发:触发类型[变化],消息[D500变为4].
2026-03-18 15:03:13 --INFO -- 查找模板计时:31.5433
2026-03-18 15:03:13 --INFO -- 转机械坐标:像素坐标[1483.175,1535.605],拍照机械坐标[-342.7522277832031,1715.6707763671875],转换定位机械坐标[-394.64323368273585,1998.9536175249486]
2026-03-18 15:03:18 --INFO -- 复位事件触发:触发类型[变化],消息[D500变为0].
2026-03-18 15:03:25 --INFO -- 电芯拍照事件触发:触发类型[变化],消息[D500变为4].
2026-03-18 15:03:26 --INFO -- 查找模板计时:27.6074
2026-03-18 15:03:26 --INFO -- 转机械坐标:像素坐标[1480.738,1582.171],拍照机械坐标[-342.8140563964844,1505.72412109375],转换定位机械坐标[-394.86496253687864,1784.6716214520284]
2026-03-18 15:03:30 --INFO -- 复位事件触发:触发类型[变化],消息[D500变为0].
2026-03-18 15:04:16 --INFO -- 电芯拍照事件触发:触发类型[变化],消息[D500变为4].
2026-03-18 15:04:16 --INFO -- 查找模板计时:30.3056
2026-03-18 15:04:16 --INFO -- 转机械坐标:像素坐标[1541.857,1281.997],拍照机械坐标[250.10093688964844,1924.0106201171875],转换定位机械坐标[203.30506593962497,2230.982096455936]
2026-03-18 15:04:21 --INFO -- 复位事件触发:触发类型[变化],消息[D500变为0].
2026-03-18 15:06:05 --INFO -- 行误差：0.21129357302083918,列误差：0.3410953247407491.
2026-03-18 15:06:27 --INFO -- [机器人]停止监控！

 ----------------------application shutdown--------------------------

----------------------application startup--------------------------
2026-03-18 15:07:20 --INFO -- 打开[相机1(DA0014462)]成功. 
2026-03-18 15:07:20 --INFO -- 打开[测距仪]成功:.
2026-03-18 15:07:20 --INFO -- 打开[机器人]成功:.
2026-03-18 15:10:41 --INFO -- 行误差：0.21129357302083918,列误差：0.3410953247407491.
2026-03-18 15:20:40 --INFO -- 初始化PLC事件触发:触发类型[变化],消息[D500变为1].
2026-03-18 15:26:11 --INFO -- 复位事件触发:触发类型[变化],消息[D500变为0].
2026-03-18 15:26:31 --INFO -- 测距事件触发:触发类型[变化],消息[D500变为9].
2026-03-18 15:26:32 --INFO -- 复位事件触发:触发类型[变化],消息[D500变为0].
2026-03-18 15:26:48 --INFO -- 测距事件触发:触发类型[变化],消息[D500变为9].
2026-03-18 15:26:49 --INFO -- 复位事件触发:触发类型[变化],消息[D500变为0].
2026-03-18 15:27:06 --INFO -- 测距事件触发:触发类型[变化],消息[D500变为9].
2026-03-18 15:27:07 --INFO -- 复位事件触发:触发类型[变化],消息[D500变为0].
2026-03-18 15:27:22 --INFO -- 测距事件触发:触发类型[变化],消息[D500变为9].
2026-03-18 15:27:23 --INFO -- 复位事件触发:触发类型[变化],消息[D500变为0].
2026-03-18 15:27:39 --INFO -- 方向识别拍照事件触发:触发类型[变化],消息[D500变为2].
2026-03-18 15:27:39 --INFO -- 查找模板计时:190.4287
2026-03-18 15:27:40 --INFO -- 复位事件触发:触发类型[变化],消息[D500变为0].
2026-03-18 15:27:42 --INFO -- 方向识别拍照事件触发:触发类型[变化],消息[D500变为2].
2026-03-18 15:27:43 --INFO -- 查找模板计时:291.2878
2026-03-18 15:27:43 --INFO -- 复位事件触发:触发类型[变化],消息[D500变为0].
2026-03-18 15:27:58 --INFO -- Mark点拍照事件触发:触发类型[变化],消息[D500变为3].
2026-03-18 15:27:58 --INFO -- Read D530 is 1
2026-03-18 15:27:58 --INFO -- 查找模板计时:83.716
2026-03-18 15:27:58 --INFO -- 转机械坐标:像素坐标[1947.359,1506.983],拍照机械坐标[-343.0033874511719,2387.348876953125],转换定位机械坐标[-59.692137556881505,2380.2307957455723]
2026-03-18 15:27:59 --INFO -- 复位事件触发:触发类型[变化],消息[D500变为0].
2026-03-18 15:28:11 --INFO -- Mark点拍照事件触发:触发类型[变化],消息[D500变为3].
2026-03-18 15:28:11 --INFO -- Read D530 is 2
2026-03-18 15:28:11 --INFO -- 查找模板计时:76.0196
2026-03-18 15:28:11 --INFO -- 转机械坐标:像素坐标[2005.626,1649.178],拍照机械坐标[497.03448486328125,2384.231201171875],转换定位机械坐标[767.3854388029013,2371.565020413812]
2026-03-18 15:28:12 --INFO -- 复位事件触发:触发类型[变化],消息[D500变为0].
2026-03-18 15:28:25 --INFO -- Mark点拍照事件触发:触发类型[变化],消息[D500变为3].
2026-03-18 15:28:26 --INFO -- Read D530 is 3
2026-03-18 15:28:26 --INFO -- 查找模板计时:67.2772
2026-03-18 15:28:26 --INFO -- 转机械坐标:像素坐标[1966.775,1560.871],拍照机械坐标[475.58697509765625,1436.6925048828125],转换定位机械坐标[753.9821075673763,1427.716578076473]
2026-03-18 15:28:26 --INFO -- 复位事件触发:触发类型[变化],消息[D500变为0].
2026-03-18 15:28:39 --INFO -- 电芯拍照事件触发:触发类型[变化],消息[D500变为4].
2026-03-18 15:28:39 --INFO -- Read D531 is 1
2026-03-18 15:28:39 --INFO -- 查找模板计时:28.2296
2026-03-18 15:28:39 --INFO -- 转机械坐标:像素坐标[1471.254,1503.423],拍照机械坐标[484.42767333984375,2331.09716796875],转换定位机械坐标[767.2583386972335,2367.695915709728]
2026-03-18 15:28:40 --INFO -- 复位事件触发:触发类型[变化],消息[D500变为0].
2026-03-18 15:28:44 --INFO -- 电芯拍照事件触发:触发类型[变化],消息[D500变为4].
2026-03-18 15:28:44 --INFO -- Read D531 is 2
2026-03-18 15:28:44 --INFO -- 查找模板计时:34.6449
2026-03-18 15:28:44 --INFO -- 转机械坐标:像素坐标[1482.079,1532.065],拍照机械坐标[484.6529846191406,2121.459228515625],转换定位机械坐标[764.8715422885874,2157.0241294778]
2026-03-18 15:28:45 --INFO -- 复位事件触发:触发类型[变化],消息[D500变为0].
2026-03-18 15:28:48 --INFO -- 电芯拍照事件触发:触发类型[变化],消息[D500变为4].
2026-03-18 15:28:48 --INFO -- Read D531 is 3
2026-03-18 15:28:48 --INFO -- 查找模板计时:36.1106
2026-03-18 15:28:48 --INFO -- 转机械坐标:像素坐标[1497.58,1560.415],拍照机械坐标[484.5469055175781,1914.6773681640625],转换定位机械坐标[762.1881037238612,1948.7795199951395]
2026-03-18 15:28:49 --INFO -- 复位事件触发:触发类型[变化],消息[D500变为0].
2026-03-18 15:28:53 --INFO -- 电芯拍照事件触发:触发类型[变化],消息[D500变为4].
2026-03-18 15:28:53 --INFO -- Read D531 is 4
2026-03-18 15:28:53 --INFO -- 查找模板计时:29.9984
2026-03-18 15:28:53 --INFO -- 转机械坐标:像素坐标[1403.623,1584.816],拍照机械坐标[484.562744140625,1698.1060791015625],转换定位机械坐标[759.8036028587226,1740.8004855959528]
2026-03-18 15:28:54 --INFO -- 复位事件触发:触发类型[变化],消息[D500变为0].
2026-03-18 15:28:57 --INFO -- 电芯拍照事件触发:触发类型[变化],消息[D500变为4].
2026-03-18 15:28:57 --INFO -- Read D531 is 5
2026-03-18 15:28:57 --INFO -- 查找模板计时:29.8859
2026-03-18 15:28:57 --INFO -- 转机械坐标:像素坐标[1498.408,1611.366],拍照机械坐标[484.54498291015625,1496.10595703125],转换定位机械坐标[757.5082688735274,1530.0609537517576]
2026-03-18 15:28:58 --INFO -- 复位事件触发:触发类型[变化],消息[D500变为0].
2026-03-18 15:31:08 --INFO -- 电芯拍照事件触发:触发类型[变化],消息[D500变为4].
2026-03-18 15:31:08 --INFO -- Read D531 is 6
2026-03-18 15:31:08 --INFO -- 查找模板计时:32.0695
2026-03-18 15:31:08 --INFO -- 转机械坐标:像素坐标[1523.378,1501.881],拍照机械坐标[277.8745422363281,2335.0322265625],转换定位机械坐标[560.9352329605028,2366.847550624484]
2026-03-18 15:31:09 --INFO -- 复位事件触发:触发类型[变化],消息[D500变为0].
2026-03-18 15:31:13 --INFO -- 电芯拍照事件触发:触发类型[变化],消息[D500变为4].
2026-03-18 15:31:13 --INFO -- Read D531 is 7
2026-03-18 15:31:13 --INFO -- 查找模板计时:23.7375
2026-03-18 15:31:13 --INFO -- 转机械坐标:像素坐标[1485.541,1529.571],拍照机械坐标[278.0445251464844,2123.82275390625],转换定位机械坐标[558.4980026227486,2159.0732858597803]
2026-03-18 15:31:14 --INFO -- 复位事件触发:触发类型[变化],消息[D500变为0].
2026-03-18 15:31:17 --INFO -- 电芯拍照事件触发:触发类型[变化],消息[D500变为4].
2026-03-18 15:31:17 --INFO -- Read D531 is 8
2026-03-18 15:31:17 --INFO -- 查找模板计时:31.8846
2026-03-18 15:31:17 --INFO -- 转机械坐标:像素坐标[1483.728,1563.793],拍照机械坐标[277.8074951171875,1915.9345703125],转换定位机械坐标[555.1149646265881,1951.3037772274156]
2026-03-18 15:31:18 --INFO -- 复位事件触发:触发类型[变化],消息[D500变为0].
2026-03-18 15:31:22 --INFO -- 电芯拍照事件触发:触发类型[变化],消息[D500变为4].
2026-03-18 15:31:22 --INFO -- Read D531 is 9
2026-03-18 15:31:22 --INFO -- 查找模板计时:30.7353
2026-03-18 15:31:22 --INFO -- 转机械坐标:像素坐标[1447.884,1589.356],拍照机械坐标[277.857666015625,1704.2811279296875],转换定位机械坐标[552.7566453643173,1742.9055322622032]
2026-03-18 15:31:23 --INFO -- 复位事件触发:触发类型[变化],消息[D500变为0].
2026-03-18 15:31:26 --INFO -- 电芯拍照事件触发:触发类型[变化],消息[D500变为4].
2026-03-18 15:31:26 --INFO -- Read D531 is 10
2026-03-18 15:31:26 --INFO -- 查找模板计时:31.8025
2026-03-18 15:31:26 --INFO -- 转机械坐标:像素坐标[1526.251,1635.737],拍照机械坐标[277.8224792480469,1501.8380126953125],转换定位机械坐标[548.5947688635368,1533.202679476382]
2026-03-18 15:31:27 --INFO -- 复位事件触发:触发类型[变化],消息[D500变为0].
2026-03-18 15:31:39 --INFO -- 电芯拍照事件触发:触发类型[变化],消息[D500变为4].
2026-03-18 15:31:39 --INFO -- Read D531 is 11
2026-03-18 15:31:39 --INFO -- 查找模板计时:24.5834
2026-03-18 15:31:39 --INFO -- 转机械坐标:像素坐标[1485.291,1452.883],拍照机械坐标[67.8758773803711,2334.195068359375],转换定位机械坐标[355.37192181732223,2369.575621179979]
2026-03-18 15:31:40 --INFO -- 复位事件触发:触发类型[变化],消息[D500变为0].
2026-03-18 15:31:44 --INFO -- 电芯拍照事件触发:触发类型[变化],消息[D500变为4].
2026-03-18 15:31:44 --INFO -- Read D531 is 12
2026-03-18 15:31:44 --INFO -- 查找模板计时:32.8974
2026-03-18 15:31:44 --INFO -- 转机械坐标:像素坐标[1509.09,1509.111],拍照机械坐标[68.0718994140625,2126.703125],转换定位机械坐标[350.4443560055353,2159.8201559356276]
2026-03-18 15:31:45 --INFO -- 复位事件触发:触发类型[变化],消息[D500变为0].
2026-03-18 15:31:48 --INFO -- 电芯拍照事件触发:触发类型[变化],消息[D500变为4].
2026-03-18 15:31:48 --INFO -- Read D531 is 13
2026-03-18 15:31:48 --INFO -- 查找模板计时:22.3368
2026-03-18 15:31:48 --INFO -- 转机械坐标:像素坐标[1504.098,1528.061],拍照机械坐标[67.96160125732422,1919.6444091796875],转换定位机械坐标[348.58523142664876,1953.1933054809954]
2026-03-18 15:31:49 --INFO -- 复位事件触发:触发类型[变化],消息[D500变为0].
2026-03-18 15:31:52 --INFO -- 电芯拍照事件触发:触发类型[变化],消息[D500变为4].
2026-03-18 15:31:52 --INFO -- Read D531 is 14
2026-03-18 15:31:53 --INFO -- 查找模板计时:28.7523
2026-03-18 15:31:53 --INFO -- 转机械坐标:像素坐标[1454.402,1555.994],拍照机械坐标[68.0102767944336,1707.362060546875],转换定位机械坐标[345.984262367065,1745.4346166697421]
2026-03-18 15:31:53 --INFO -- 复位事件触发:触发类型[变化],消息[D500变为0].
2026-03-18 15:31:57 --INFO -- 电芯拍照事件触发:触发类型[变化],消息[D500变为4].
2026-03-18 15:31:57 --INFO -- Read D531 is 15
2026-03-18 15:31:57 --INFO -- 查找模板计时:36.0882
2026-03-18 15:31:57 --INFO -- 转机械坐标:像素坐标[1506.733,1597.854],拍照机械坐标[67.52570343017578,1501.8551025390625],转换定位机械坐标[341.7440455551604,1535.0646342846476]
2026-03-18 15:31:58 --INFO -- 复位事件触发:触发类型[变化],消息[D500变为0].
2026-03-18 15:32:10 --INFO -- 电芯拍照事件触发:触发类型[变化],消息[D500变为4].
2026-03-18 15:32:10 --INFO -- Read D531 is 16
2026-03-18 15:32:10 --INFO -- 查找模板计时:31.1037
2026-03-18 15:32:10 --INFO -- 转机械坐标:像素坐标[1519.411,1498.719],拍照机械坐标[-135.84133911132812,2342.302978515625],转换定位机械坐标[147.50301972712498,2374.4869329643925]
2026-03-18 15:32:11 --INFO -- 复位事件触发:触发类型[变化],消息[D500变为0].
2026-03-18 15:32:15 --INFO -- 电芯拍照事件触发:触发类型[变化],消息[D500变为4].
2026-03-18 15:32:15 --INFO -- Read D531 is 17
2026-03-18 15:32:15 --INFO -- 查找模板计时:24.0299
2026-03-18 15:32:15 --INFO -- 转机械坐标:像素坐标[1487.578,1505.403],拍照机械坐标[-135.7197265625,2128.480224609375],转换定位机械坐标[146.95678403167784,2163.5774789503757]
2026-03-18 15:32:16 --INFO -- 复位事件触发:触发类型[变化],消息[D500变为0].
2026-03-18 15:32:19 --INFO -- 电芯拍照事件触发:触发类型[变化],消息[D500变为4].
2026-03-18 15:32:19 --INFO -- Read D531 is 18
2026-03-18 15:32:19 --INFO -- 查找模板计时:28.6915
2026-03-18 15:32:19 --INFO -- 转机械坐标:像素坐标[1479.818,1533.559],拍照机械坐标[-135.7786102294922,1919.895751953125],转换定位机械坐标[144.29890422310342,1955.6661526035016]
2026-03-18 15:32:20 --INFO -- 复位事件触发:触发类型[变化],消息[D500变为0].
2026-03-18 15:32:24 --INFO -- 电芯拍照事件触发:触发类型[变化],消息[D500变为4].
2026-03-18 15:32:24 --INFO -- Read D531 is 19
2026-03-18 15:32:24 --INFO -- 查找模板计时:34.7314
2026-03-18 15:32:24 --INFO -- 转机械坐标:像素坐标[1504.161,1576.089],拍照机械坐标[-135.91427612304688,1714.9981689453125],转换定位机械坐标[140.29859125688137,1748.4742267934034]
2026-03-18 15:32:25 --INFO -- 复位事件触发:触发类型[变化],消息[D500变为0].
2026-03-18 15:32:28 --INFO -- 电芯拍照事件触发:触发类型[变化],消息[D500变为4].
2026-03-18 15:32:28 --INFO -- Read D531 is 20
2026-03-18 15:32:28 --INFO -- 查找模板计时:27.6045
2026-03-18 15:32:28 --INFO -- 转机械坐标:像素坐标[1534.99,1602.349],拍照机械坐标[-136.029541015625,1508.4381103515625],转换定位机械坐标[137.82390974429194,1539.0470521405737]
2026-03-18 15:32:29 --INFO -- 复位事件触发:触发类型[变化],消息[D500变为0].
2026-03-18 15:33:16 --INFO -- 电芯拍照事件触发:触发类型[变化],消息[D500变为4].
2026-03-18 15:33:16 --INFO -- Read D531 is 21
2026-03-18 15:33:16 --INFO -- 查找模板计时:25.5867
2026-03-18 15:33:16 --INFO -- 转机械坐标:像素坐标[1475.196,1481.776],拍照机械坐标[-342.7458801269531,2341.634033203125],转换定位机械坐标[-57.920478026424576,2377.901082949913]
2026-03-18 15:33:17 --INFO -- 复位事件触发:触发类型[变化],消息[D500变为0].
2026-03-18 15:33:20 --INFO -- 电芯拍照事件触发:触发类型[变化],消息[D500变为4].
2026-03-18 15:33:20 --INFO -- Read D531 is 22
2026-03-18 15:33:20 --INFO -- 查找模板计时:30.8643
2026-03-18 15:33:21 --INFO -- 转机械坐标:像素坐标[1486.794,1503.257],拍照机械坐标[-342.7054748535156,2131.747314453125],转换定位机械坐标[-59.83320635829472,2166.919545058502]
2026-03-18 15:33:21 --INFO -- 复位事件触发:触发类型[变化],消息[D500变为0].
2026-03-18 15:33:25 --INFO -- 电芯拍照事件触发:触发类型[变化],消息[D500变为4].
2026-03-18 15:33:25 --INFO -- Read D531 is 23
2026-03-18 15:33:25 --INFO -- 查找模板计时:31.374
2026-03-18 15:33:25 --INFO -- 转机械坐标:像素坐标[1479.336,1518.783],拍照机械坐标[-342.8550109863281,1924.437255859375],转换定位机械坐标[-61.42129295555765,1960.272539122404]
2026-03-18 15:33:26 --INFO -- 复位事件触发:触发类型[变化],消息[D500变为0].
2026-03-18 15:33:29 --INFO -- 电芯拍照事件触发:触发类型[变化],消息[D500变为4].
2026-03-18 15:33:29 --INFO -- Read D531 is 24
2026-03-18 15:33:29 --INFO -- 查找模板计时:30.4758
2026-03-18 15:33:29 --INFO -- 转机械坐标:像素坐标[1488.102,1531.391],拍照机械坐标[-342.74560546875,1715.6810302734375],转换定位机械坐标[-62.45493218891971,1750.6938922796462]
2026-03-18 15:33:30 --INFO -- 复位事件触发:触发类型[变化],消息[D500变为0].
2026-03-18 15:33:34 --INFO -- 电芯拍照事件触发:触发类型[变化],消息[D500变为4].
2026-03-18 15:33:34 --INFO -- Read D531 is 25
2026-03-18 15:33:34 --INFO -- 查找模板计时:30.9668
2026-03-18 15:33:34 --INFO -- 转机械坐标:像素坐标[1482.181,1564.535],拍照机械坐标[-342.8312072753906,1505.7127685546875],转换定位机械坐标[-65.59450661251265,1541.2229717356074]
2026-03-18 15:33:35 --INFO -- 复位事件触发:触发类型[变化],消息[D500变为0].
2026-03-18 15:33:45 --INFO -- 电芯拍照事件触发:触发类型[变化],消息[D500变为4].
2026-03-18 15:33:45 --INFO -- Read D531 is 26
2026-03-18 15:33:45 --INFO -- 查找模板计时:32.4647
2026-03-18 15:33:45 --INFO -- 转机械坐标:像素坐标[1561.53,1281.977],拍照机械坐标[250.05355834960938,1923.980712890625],转换定位机械坐标[553.3748428153673,1952.600268226986]
2026-03-18 15:33:46 --INFO -- 复位事件触发:触发类型[变化],消息[D500变为0].
2026-03-18 15:33:54 --INFO -- 初始化PLC事件触发:触发类型[变化],消息[D500变为1].
2026-03-18 15:33:59 --INFO -- 复位事件触发:触发类型[变化],消息[D500变为0].
2026-03-18 15:34:07 --INFO -- 测距事件触发:触发类型[变化],消息[D500变为9].
2026-03-18 15:34:08 --INFO -- 复位事件触发:触发类型[变化],消息[D500变为0].
2026-03-18 15:34:15 --INFO -- 测距事件触发:触发类型[变化],消息[D500变为9].
2026-03-18 15:34:16 --INFO -- 复位事件触发:触发类型[变化],消息[D500变为0].
2026-03-18 15:34:24 --INFO -- 测距事件触发:触发类型[变化],消息[D500变为9].
2026-03-18 15:34:25 --INFO -- 复位事件触发:触发类型[变化],消息[D500变为0].
2026-03-18 15:40:24 --INFO -- 初始化PLC事件触发:触发类型[变化],消息[D500变为1].
2026-03-18 15:40:29 --INFO -- 复位事件触发:触发类型[变化],消息[D500变为0].
2026-03-18 15:40:37 --INFO -- 测距事件触发:触发类型[变化],消息[D500变为9].
2026-03-18 15:40:38 --INFO -- 复位事件触发:触发类型[变化],消息[D500变为0].
2026-03-18 15:40:45 --INFO -- 测距事件触发:触发类型[变化],消息[D500变为9].
2026-03-18 15:40:46 --INFO -- 复位事件触发:触发类型[变化],消息[D500变为0].
2026-03-18 15:40:54 --INFO -- 测距事件触发:触发类型[变化],消息[D500变为9].
2026-03-18 15:40:55 --INFO -- 复位事件触发:触发类型[变化],消息[D500变为0].
2026-03-18 15:41:02 --INFO -- 测距事件触发:触发类型[变化],消息[D500变为9].
2026-03-18 15:41:03 --INFO -- 复位事件触发:触发类型[变化],消息[D500变为0].
2026-03-18 15:41:11 --INFO -- 方向识别拍照事件触发:触发类型[变化],消息[D500变为2].
2026-03-18 15:41:11 --INFO -- 查找模板计时:215.8837
2026-03-18 15:41:12 --INFO -- 复位事件触发:触发类型[变化],消息[D500变为0].
2026-03-18 15:41:14 --INFO -- 方向识别拍照事件触发:触发类型[变化],消息[D500变为2].
2026-03-18 15:41:14 --INFO -- 查找模板计时:319.135
2026-03-18 15:41:14 --WARN -- 方向判断执行失败:返回参数:方向识别拍照.写入方向:0;方向识别拍照.写入结果:2;全局.电池角度:-90
2026-03-18 15:41:15 --INFO -- 复位事件触发:触发类型[变化],消息[D500变为0].
2026-03-18 15:42:27 --INFO -- 方向识别拍照事件触发:触发类型[变化],消息[D500变为2].
2026-03-18 15:42:27 --INFO -- 查找模板计时:267.085
2026-03-18 15:42:28 --INFO -- 复位事件触发:触发类型[变化],消息[D500变为0].
2026-03-18 15:42:43 --INFO -- Mark点拍照事件触发:触发类型[变化],消息[D500变为3].
2026-03-18 15:42:43 --INFO -- Read D530 is 1
2026-03-18 15:42:43 --INFO -- 查找模板计时:68.2774
2026-03-18 15:42:43 --INFO -- 转机械坐标:像素坐标[1935.326,1511.578],拍照机械坐标[-342.9944763183594,2387.3662109375],转换定位机械坐标[-60.12563859634429,2381.3464807918817]
2026-03-18 15:42:44 --INFO -- 复位事件触发:触发类型[变化],消息[D500变为0].
2026-03-18 15:42:56 --INFO -- Mark点拍照事件触发:触发类型[变化],消息[D500变为3].
2026-03-18 15:42:56 --INFO -- Read D530 is 2
2026-03-18 15:42:56 --INFO -- 查找模板计时:63.7261
2026-03-18 15:42:56 --INFO -- 转机械坐标:像素坐标[2014.734,1650.854],拍照机械坐标[497.0321044921875,2384.233154296875],转换定位机械坐标[767.2445836563445,2370.7284155106845]
2026-03-18 15:42:57 --INFO -- 复位事件触发:触发类型[变化],消息[D500变为0].
2026-03-18 15:43:17 --INFO -- Mark点拍照事件触发:触发类型[变化],消息[D500变为3].
2026-03-18 15:43:17 --INFO -- Read D530 is 3
2026-03-18 15:43:17 --INFO -- 查找模板计时:63.8017
2026-03-18 15:43:17 --INFO -- 转机械坐标:像素坐标[1967.577,1565.94],拍照机械坐标[475.5158386230469,1436.6724853515625],转换定位机械坐标[753.4467967332688,1427.6158487268276]
2026-03-18 15:43:18 --INFO -- 复位事件触发:触发类型[变化],消息[D500变为0].
2026-03-18 15:43:34 --INFO -- 写三轴坐标事件触发:触发类型[变化],消息[D500变为5].
2026-03-18 15:43:34 --INFO -- [Mark点间标定]首坐标表[1:-352.83490938349854,2674.0697469494926;2:496.04629454209015,2659.4569854316205;3:467.88596274019704,1719.3107754680677],次坐标列表[1:-60.12563859634429,2381.3464807918817;2:767.2445836563445,2370.7284155106845;3:753.4467967332688,1427.6158487268276].
2026-03-18 15:43:34 --INFO -- [Mark点间标定]标定信息：[平移X:322.48204059747536;平移Y:-299.1007542370732;X当量:0.9744214395021182;Y当量:1.0031176544393832;旋转角度:0.27975275091991175;倾斜角度:0.5490781038526501;RMS:1.539327059586708E-13]误差：2.2737367544323206E-13,列误差：1.1368683772161603E-13.
2026-03-18 15:43:34 --WARN -- 坐标解析执行失败:当前Mark点对比标准Mark点间距大于设定值[3]:21.568614705689356、2.645631960002902、5.4306684098226015返回参数:写三轴坐标.PLC写入结果:2
2026-03-18 15:43:35 --INFO -- 复位事件触发:触发类型[变化],消息[D500变为0].
2026-03-18 15:46:30 --INFO -- Read D507 is 0
2026-03-18 15:47:00 --INFO -- Read D506 is 2
2026-03-18 15:52:56 --INFO -- 初始化PLC事件触发:触发类型[变化],消息[D500变为1].
2026-03-18 15:53:01 --INFO -- 复位事件触发:触发类型[变化],消息[D500变为0].
2026-03-18 15:53:10 --INFO -- 测距事件触发:触发类型[变化],消息[D500变为9].
2026-03-18 15:53:11 --INFO -- 复位事件触发:触发类型[变化],消息[D500变为0].
2026-03-18 15:53:18 --INFO -- 测距事件触发:触发类型[变化],消息[D500变为9].
2026-03-18 15:53:19 --INFO -- 复位事件触发:触发类型[变化],消息[D500变为0].
2026-03-18 15:53:26 --INFO -- 测距事件触发:触发类型[变化],消息[D500变为9].
2026-03-18 15:53:28 --INFO -- 复位事件触发:触发类型[变化],消息[D500变为0].
2026-03-18 15:54:07 --INFO -- 测距事件触发:触发类型[变化],消息[D500变为9].
2026-03-18 15:54:08 --INFO -- 复位事件触发:触发类型[变化],消息[D500变为0].
2026-03-18 15:54:15 --INFO -- 方向识别拍照事件触发:触发类型[变化],消息[D500变为2].
2026-03-18 15:54:16 --INFO -- 查找模板计时:248.4149
2026-03-18 15:54:16 --INFO -- 复位事件触发:触发类型[变化],消息[D500变为0].
2026-03-18 15:54:19 --INFO -- 方向识别拍照事件触发:触发类型[变化],消息[D500变为2].
2026-03-18 15:54:19 --INFO -- 查找模板计时:268.5938
2026-03-18 15:54:20 --INFO -- 复位事件触发:触发类型[变化],消息[D500变为0].
2026-03-18 15:54:35 --INFO -- Mark点拍照事件触发:触发类型[变化],消息[D500变为3].
2026-03-18 15:54:35 --INFO -- Read D530 is 1
2026-03-18 15:54:35 --INFO -- 查找模板计时:43.2289
2026-03-18 15:54:35 --INFO -- 转机械坐标:像素坐标[1933.192,1510.972],拍照机械坐标[-343.0051574707031,2387.347900390625],转换定位机械坐标[-60.084284514201386,2381.524941804446]
2026-03-18 15:54:36 --INFO -- 复位事件触发:触发类型[变化],消息[D500变为0].
2026-03-18 15:54:48 --INFO -- Mark点拍照事件触发:触发类型[变化],消息[D500变为3].
2026-03-18 15:54:48 --INFO -- Read D530 is 2
2026-03-18 15:54:48 --INFO -- 查找模板计时:63.2395
2026-03-18 15:54:48 --INFO -- 转机械坐标:像素坐标[2015.864,1650.948],拍照机械坐标[497.0414123535156,2384.237060546875],转换定位机械坐标[767.2471752210768,2370.628443659357]
2026-03-18 15:54:49 --INFO -- 复位事件触发:触发类型[变化],消息[D500变为0].
2026-03-18 15:55:02 --INFO -- Mark点拍照事件触发:触发类型[变化],消息[D500变为3].
2026-03-18 15:55:02 --INFO -- Read D530 is 3
2026-03-18 15:55:02 --INFO -- 查找模板计时:42.1538
2026-03-18 15:55:02 --INFO -- 转机械坐标:像素坐标[1975.228,1573.493],拍照机械坐标[475.60052490234375,1436.6956787109375],转换定位机械坐标[752.8507959805576,1426.9260480646417]
2026-03-18 15:55:03 --INFO -- 复位事件触发:触发类型[变化],消息[D500变为0].
2026-03-18 15:55:19 --INFO -- 写三轴坐标事件触发:触发类型[变化],消息[D500变为5].
2026-03-18 15:55:19 --INFO -- [Mark点间标定]首坐标表[1:-352.83490938349854,2674.0697469494926;2:496.04629454209015,2659.4569854316205;3:467.88596274019704,1719.3107754680677],次坐标列表[1:-60.084284514201386,2381.524941804446;2:767.2471752210768,2370.628443659357;3:752.8507959805576,1426.9260480646417].
2026-03-18 15:55:19 --INFO -- [Mark点间标定]标定信息：[平移X:320.80579478716714;平移Y:-300.73720592554696;X当量:0.9743852585639601;Y当量:1.003745447249722;旋转角度:0.2611205567430986;倾斜角度:0.53078475371811;RMS:3.910783152709559E-13]误差：4.547473508864641E-13,列误差：2.2737367544323206E-13.
2026-03-18 15:55:19 --WARN -- 坐标解析执行失败:当前Mark点对比标准Mark点间距大于设定值[3]:21.60375404616775、3.2443385074648177、5.1832976828168285返回参数:写三轴坐标.PLC写入结果:2
2026-03-18 15:55:20 --INFO -- 复位事件触发:触发类型[变化],消息[D500变为0].
2026-03-18 15:56:00 --INFO -- 初始化PLC事件触发:触发类型[变化],消息[D500变为1].
2026-03-18 15:56:05 --INFO -- 复位事件触发:触发类型[变化],消息[D500变为0].
2026-03-18 15:56:15 --INFO -- 测距事件触发:触发类型[变化],消息[D500变为9].
2026-03-18 15:56:16 --INFO -- 复位事件触发:触发类型[变化],消息[D500变为0].
2026-03-18 15:56:23 --INFO -- 测距事件触发:触发类型[变化],消息[D500变为9].
2026-03-18 15:56:24 --INFO -- 复位事件触发:触发类型[变化],消息[D500变为0].
2026-03-18 15:56:31 --INFO -- 测距事件触发:触发类型[变化],消息[D500变为9].
2026-03-18 15:56:32 --INFO -- 复位事件触发:触发类型[变化],消息[D500变为0].
2026-03-18 15:56:39 --INFO -- 测距事件触发:触发类型[变化],消息[D500变为9].
2026-03-18 15:56:40 --INFO -- 复位事件触发:触发类型[变化],消息[D500变为0].
2026-03-18 15:56:48 --INFO -- 方向识别拍照事件触发:触发类型[变化],消息[D500变为2].
2026-03-18 15:56:48 --INFO -- 查找模板计时:251.9222
2026-03-18 15:56:49 --INFO -- 复位事件触发:触发类型[变化],消息[D500变为0].
2026-03-18 15:56:51 --INFO -- 方向识别拍照事件触发:触发类型[变化],消息[D500变为2].
2026-03-18 15:56:51 --INFO -- 查找模板计时:258.3328
2026-03-18 15:56:52 --INFO -- 复位事件触发:触发类型[变化],消息[D500变为0].
2026-03-18 15:57:11 --INFO -- Mark点拍照事件触发:触发类型[变化],消息[D500变为3].
2026-03-18 15:57:11 --INFO -- Read D530 is 1
2026-03-18 15:57:11 --INFO -- 查找模板计时:43.772
2026-03-18 15:57:11 --INFO -- 转机械坐标:像素坐标[1932.715,1510.965],拍照机械坐标[-343.01312255859375,2387.32958984375],转换定位机械坐标[-60.092415776627035,2381.550435060467]
2026-03-18 15:57:12 --INFO -- 复位事件触发:触发类型[变化],消息[D500变为0].
2026-03-18 15:57:25 --INFO -- Mark点拍照事件触发:触发类型[变化],消息[D500变为3].
2026-03-18 15:57:25 --INFO -- Read D530 is 2
2026-03-18 15:57:25 --INFO -- 查找模板计时:67.0483
2026-03-18 15:57:25 --INFO -- 转机械坐标:像素坐标[2015.605,1651.232],拍照机械坐标[497.042236328125,2384.2392578125],转换定位机械坐标[767.2214774688124,2370.6540235664006]
2026-03-18 15:57:26 --INFO -- 复位事件触发:触发类型[变化],消息[D500变为0].
2026-03-18 15:57:39 --INFO -- Mark点拍照事件触发:触发类型[变化],消息[D500变为3].
2026-03-18 15:57:39 --INFO -- Read D530 is 3
2026-03-18 15:57:39 --INFO -- 查找模板计时:71.3237
2026-03-18 15:57:39 --INFO -- 转机械坐标:像素坐标[1975.646,1573.266],拍照机械坐标[475.59014892578125,1436.6923828125],转换定位机械坐标[752.8619765606121,1426.8846919342375]
2026-03-18 15:57:40 --INFO -- 复位事件触发:触发类型[变化],消息[D500变为0].
2026-03-18 15:57:53 --INFO -- 电芯拍照事件触发:触发类型[变化],消息[D500变为4].
2026-03-18 15:57:53 --INFO -- Read D531 is 1
2026-03-18 15:57:53 --INFO -- 查找模板计时:33.6724
2026-03-18 15:57:53 --INFO -- 转机械坐标:像素坐标[1481.859,1505.001],拍照机械坐标[484.4269104003906,2331.096435546875],转换定位机械坐标[767.1306403559342,2366.719320441699]
2026-03-18 15:57:54 --INFO -- 复位事件触发:触发类型[变化],消息[D500变为0].
2026-03-18 15:57:57 --INFO -- 电芯拍照事件触发:触发类型[变化],消息[D500变为4].
2026-03-18 15:57:57 --INFO -- Read D531 is 2
2026-03-18 15:57:57 --INFO -- 查找模板计时:23.049
2026-03-18 15:57:57 --INFO -- 转机械坐标:像素坐标[1488.233,1553.643],拍照机械坐标[484.6487121582031,2121.457763671875],转换定位机械坐标[762.8959940851967,2156.4275312367454]
2026-03-18 15:57:58 --INFO -- 复位事件触发:触发类型[变化],消息[D500变为0].
2026-03-18 15:58:02 --INFO -- 电芯拍照事件触发:触发类型[变化],消息[D500变为4].
2026-03-18 15:58:02 --INFO -- Read D531 is 3
2026-03-18 15:58:02 --INFO -- 查找模板计时:28.7752
2026-03-18 15:58:02 --INFO -- 转机械坐标:像素坐标[1503.636,1573.078],拍照机械坐标[484.54058837890625,1914.673828125],转换定位机械坐标[761.0290941621297,1948.2022907597295]
2026-03-18 15:58:03 --INFO -- 复位事件触发:触发类型[变化],消息[D500变为0].
2026-03-18 15:58:06 --INFO -- 电芯拍照事件触发:触发类型[变化],消息[D500变为4].
2026-03-18 15:58:06 --INFO -- Read D531 is 4
2026-03-18 15:58:06 --INFO -- 查找模板计时:32.576
2026-03-18 15:58:06 --INFO -- 转机械坐标:像素坐标[1405.361,1601.279],拍照机械坐标[484.5722351074219,1698.110595703125],转换定位机械坐标[758.3040872679707,1740.6224491808337]
2026-03-18 15:58:07 --INFO -- 复位事件触发:触发类型[变化],消息[D500变为0].
2026-03-18 15:58:10 --INFO -- 电芯拍照事件触发:触发类型[变化],消息[D500变为4].
2026-03-18 15:58:10 --INFO -- Read D531 is 5
2026-03-18 15:58:11 --INFO -- 查找模板计时:44.0047
2026-03-18 15:58:11 --INFO -- 转机械坐标:像素坐标[1495.067,1634.055],拍照机械坐标[484.5382995605469,1496.10595703125],转换定位机械坐标[755.4121713461415,1530.3360183153259]
2026-03-18 15:58:11 --INFO -- 复位事件触发:触发类型[变化],消息[D500变为0].
2026-03-18 15:58:24 --INFO -- 电芯拍照事件触发:触发类型[变化],消息[D500变为4].
2026-03-18 15:58:24 --INFO -- Read D531 is 6
2026-03-18 15:58:24 --INFO -- 查找模板计时:24.5827
2026-03-18 15:58:24 --INFO -- 转机械坐标:像素坐标[1523.8,1500.322],拍照机械坐标[277.79296875,2334.950439453125],转换定位机械坐标[560.9975530886186,2366.7291957106263]
2026-03-18 15:58:25 --INFO -- 复位事件触发:触发类型[变化],消息[D500变为0].
2026-03-18 15:58:28 --INFO -- 电芯拍照事件触发:触发类型[变化],消息[D500变为4].
2026-03-18 15:58:28 --INFO -- Read D531 is 7
2026-03-18 15:58:28 --INFO -- 查找模板计时:29.1036
2026-03-18 15:58:28 --INFO -- 转机械坐标:像素坐标[1481.248,1526.329],拍照机械坐标[278.0624694824219,2123.8359375],转换定位机械坐标[558.8064092999679,2159.485142043346]
2026-03-18 15:58:29 --INFO -- 复位事件触发:触发类型[变化],消息[D500变为0].
2026-03-18 15:58:33 --INFO -- 电芯拍照事件触发:触发类型[变化],消息[D500变为4].
2026-03-18 15:58:33 --INFO -- Read D531 is 8
2026-03-18 15:58:33 --INFO -- 查找模板计时:33.2492
2026-03-18 15:58:33 --INFO -- 转机械坐标:像素坐标[1479.492,1555.833],拍照机械坐标[277.8273010253906,1915.947265625],转换定位机械坐标[555.8586285263111,1951.7164989208914]
2026-03-18 15:58:34 --INFO -- 复位事件触发:触发类型[变化],消息[D500变为0].
2026-03-18 15:58:37 --INFO -- 电芯拍照事件触发:触发类型[变化],消息[D500变为4].
2026-03-18 15:58:37 --INFO -- Read D531 is 9
2026-03-18 15:58:37 --INFO -- 查找模板计时:33.3463
2026-03-18 15:58:37 --INFO -- 转机械坐标:像素坐标[1436.617,1583.283],拍照机械坐标[277.8692932128906,1704.28759765625],转换定位机械坐标[553.3069038817786,1743.9549196690277]
2026-03-18 15:58:38 --INFO -- 复位事件触发:触发类型[变化],消息[D500变为0].
2026-03-18 15:58:41 --INFO -- 电芯拍照事件触发:触发类型[变化],消息[D500变为4].
2026-03-18 15:58:41 --INFO -- Read D531 is 10
2026-03-18 15:58:42 --INFO -- 查找模板计时:25.1675
2026-03-18 15:58:42 --INFO -- 转机械坐标:像素坐标[1523.594,1631.633],拍照机械坐标[277.80828857421875,1501.8319091796875],转换定位机械坐标[548.9529810779312,1533.4462486095629]
2026-03-18 15:58:42 --INFO -- 复位事件触发:触发类型[变化],消息[D500变为0].
2026-03-18 15:59:05 --INFO -- 电芯拍照事件触发:触发类型[变化],消息[D500变为4].
2026-03-18 15:59:05 --INFO -- Read D531 is 11
2026-03-18 15:59:05 --INFO -- 查找模板计时:30.6644
2026-03-18 15:59:05 --INFO -- 转机械坐标:像素坐标[1487.095,1449.802],拍照机械坐标[67.9620132446289,2334.300048828125],转换定位机械坐标[355.74407512676004,2369.5192754542004]
2026-03-18 15:59:06 --INFO -- 复位事件触发:触发类型[变化],消息[D500变为0].
2026-03-18 15:59:09 --INFO -- 电芯拍照事件触发:触发类型[变化],消息[D500变为4].
2026-03-18 15:59:09 --INFO -- Read D531 is 12
2026-03-18 15:59:09 --INFO -- 查找模板计时:24.7136
2026-03-18 15:59:09 --INFO -- 转机械坐标:像素坐标[1506.465,1501.064],拍照机械坐标[68.06220245361328,2126.692138671875],转换定位机械坐标[351.16923953341666,2160.0614093150944]
2026-03-18 15:59:10 --INFO -- 复位事件触发:触发类型[变化],消息[D500变为0].
2026-03-18 15:59:13 --INFO -- 电芯拍照事件触发:触发类型[变化],消息[D500变为4].
2026-03-18 15:59:13 --INFO -- Read D531 is 13
2026-03-18 15:59:14 --INFO -- 查找模板计时:28.965
2026-03-18 15:59:14 --INFO -- 转机械坐标:像素坐标[1502.157,1520.009],拍照机械坐标[67.9642333984375,1919.6458740234375],转换定位机械坐标[349.32406340291635,1953.3842180269066]
2026-03-18 15:59:14 --INFO -- 复位事件触发:触发类型[变化],消息[D500变为0].
2026-03-18 15:59:18 --INFO -- 电芯拍照事件触发:触发类型[变化],消息[D500变为4].
2026-03-18 15:59:18 --INFO -- Read D531 is 14
2026-03-18 15:59:18 --INFO -- 查找模板计时:30.1739
2026-03-18 15:59:18 --INFO -- 转机械坐标:像素坐标[1454.805,1550.991],拍照机械坐标[68.00713348388672,1707.3603515625],转换定位机械坐标[346.44127583599874,1745.4028926409123]
2026-03-18 15:59:19 --INFO -- 复位事件触发:触发类型[变化],消息[D500变为0].
2026-03-18 15:59:22 --INFO -- 电芯拍照事件触发:触发类型[变化],消息[D500变为4].
2026-03-18 15:59:22 --INFO -- Read D531 is 15
2026-03-18 15:59:22 --INFO -- 查找模板计时:30.4142
2026-03-18 15:59:23 --INFO -- 转机械坐标:像素坐标[1506.703,1595.565],拍照机械坐标[67.5299072265625,1501.8541259765625],转换定位机械坐标[341.95841918526986,1535.069607853088]
2026-03-18 15:59:23 --INFO -- 复位事件触发:触发类型[变化],消息[D500变为0].
2026-03-18 16:00:46 --INFO -- 电芯拍照事件触发:触发类型[变化],消息[D500变为4].
2026-03-18 16:00:46 --INFO -- Read D531 is 16
2026-03-18 16:00:47 --INFO -- 查找模板计时:21.1874
2026-03-18 16:00:47 --INFO -- 转机械坐标:像素坐标[1525.35,1487.108],拍照机械坐标[-135.7810516357422,2342.392822265625],转换定位机械坐标[148.6397294372926,2374.047719617164]
2026-03-18 16:00:47 --INFO -- 复位事件触发:触发类型[变化],消息[D500变为0].
2026-03-18 16:00:51 --INFO -- 电芯拍照事件触发:触发类型[变化],消息[D500变为4].
2026-03-18 16:00:51 --INFO -- Read D531 is 17
2026-03-18 16:00:51 --INFO -- 查找模板计时:31.2377
2026-03-18 16:00:51 --INFO -- 转机械坐标:像素坐标[1488.109,1515.026],拍照机械坐标[-135.75120544433594,2128.4423828125],转换定位机械坐标[146.04243385478532,2163.477450148723]
2026-03-18 16:00:52 --INFO -- 复位事件触发:触发类型[变化],消息[D500变为0].
2026-03-18 16:00:55 --INFO -- 电芯拍照事件触发:触发类型[变化],消息[D500变为4].
2026-03-18 16:00:55 --INFO -- Read D531 is 18
2026-03-18 16:00:55 --INFO -- 查找模板计时:28.9425
2026-03-18 16:00:55 --INFO -- 转机械坐标:像素坐标[1468.862,1536.983],拍照机械坐标[-135.77647399902344,1919.896728515625],转换定位机械坐标[143.96799911395175,1956.6682342608294]
2026-03-18 16:00:56 --INFO -- 复位事件触发:触发类型[变化],消息[D500变为0].
2026-03-18 16:01:00 --INFO -- 电芯拍照事件触发:触发类型[变化],消息[D500变为4].
2026-03-18 16:01:00 --INFO -- Read D531 is 19
2026-03-18 16:01:00 --INFO -- 查找模板计时:33.7915
2026-03-18 16:01:00 --INFO -- 转机械坐标:像素坐标[1487.443,1574.392],拍照机械坐标[-135.91342163085938,1714.998291015625],转换定位机械坐标[140.42694164815526,1750.011620838009]
2026-03-18 16:01:01 --INFO -- 复位事件触发:触发类型[变化],消息[D500变为0].
2026-03-18 16:01:04 --INFO -- 电芯拍照事件触发:触发类型[变化],消息[D500变为4].
2026-03-18 16:01:04 --INFO -- Read D531 is 20
2026-03-18 16:01:04 --INFO -- 查找模板计时:23.5671
2026-03-18 16:01:04 --INFO -- 转机械坐标:像素坐标[1531.826,1604.285],拍照机械坐标[-136.0291748046875,1508.437744140625],转换定位机械坐标[137.64110805934246,1539.3344741982635]
2026-03-18 16:01:05 --INFO -- 复位事件触发:触发类型[变化],消息[D500变为0].
2026-03-18 16:01:17 --INFO -- 电芯拍照事件触发:触发类型[变化],消息[D500变为4].
2026-03-18 16:01:17 --INFO -- Read D531 is 21
2026-03-18 16:01:17 --INFO -- 查找模板计时:30.1123
2026-03-18 16:01:17 --INFO -- 转机械坐标:像素坐标[1471.019,1478.908],拍照机械坐标[-342.8051452636719,2341.51904296875],转换定位机械坐标[-57.72343206108758,2378.1735930244477]
2026-03-18 16:01:18 --INFO -- 复位事件触发:触发类型[变化],消息[D500变为0].
2026-03-18 16:01:22 --INFO -- 电芯拍照事件触发:触发类型[变化],消息[D500变为4].
2026-03-18 16:01:22 --INFO -- Read D531 is 22
2026-03-18 16:01:22 --INFO -- 查找模板计时:25.1043
2026-03-18 16:01:22 --INFO -- 转机械坐标:像素坐标[1487.69,1490.568],拍照机械坐标[-342.68939208984375,2131.77294921875],转换定位机械坐标[-58.6502518864595,2166.8806325836204]
2026-03-18 16:01:23 --INFO -- 复位事件触发:触发类型[变化],消息[D500变为0].
2026-03-18 16:01:26 --INFO -- 电芯拍照事件触发:触发类型[变化],消息[D500变为4].
2026-03-18 16:01:26 --INFO -- Read D531 is 23
2026-03-18 16:01:26 --INFO -- 查找模板计时:31.8075
2026-03-18 16:01:26 --INFO -- 转机械坐标:像素坐标[1477.609,1496.428],拍照机械坐标[-342.8559265136719,1924.435791015625],转换定位机械坐标[-59.37206467154613,1960.4608434913007]
2026-03-18 16:01:27 --INFO -- 复位事件触发:触发类型[变化],消息[D500变为0].
2026-03-18 16:01:30 --INFO -- 电芯拍照事件触发:触发类型[变化],消息[D500变为4].
2026-03-18 16:01:30 --INFO -- Read D531 is 24
2026-03-18 16:01:31 --INFO -- 查找模板计时:22.8012
2026-03-18 16:01:31 --INFO -- 转机械坐标:像素坐标[1487.595,1541.357],拍照机械坐标[-342.7400207519531,1715.6875],转换定位机械坐标[-63.36548030810184,1750.7329963375448]
2026-03-18 16:01:31 --INFO -- 复位事件触发:触发类型[变化],消息[D500变为0].
2026-03-18 16:01:35 --INFO -- 电芯拍照事件触发:触发类型[变化],消息[D500变为4].
2026-03-18 16:01:35 --INFO -- Read D531 is 25
2026-03-18 16:01:35 --INFO -- 查找模板计时:33.5283
2026-03-18 16:01:35 --INFO -- 转机械坐标:像素坐标[1484.11,1568.431],拍照机械坐标[-342.8336486816406,1505.7108154296875],转换定位机械坐标[-65.95148306029591,1541.038475048242]
2026-03-18 16:01:36 --INFO -- 复位事件触发:触发类型[变化],消息[D500变为0].
2026-03-18 16:05:56 --INFO -- 图像采集Stop continuous operation
2026-03-18 16:06:55 --INFO -- 初始化PLC事件触发:触发类型[变化],消息[D500变为1].
2026-03-18 16:07:00 --INFO -- 复位事件触发:触发类型[变化],消息[D500变为0].
2026-03-18 16:07:09 --INFO -- 测距事件触发:触发类型[变化],消息[D500变为9].
2026-03-18 16:07:10 --INFO -- 复位事件触发:触发类型[变化],消息[D500变为0].
2026-03-18 16:07:17 --INFO -- 测距事件触发:触发类型[变化],消息[D500变为9].
2026-03-18 16:07:18 --INFO -- 复位事件触发:触发类型[变化],消息[D500变为0].
2026-03-18 16:07:26 --INFO -- 测距事件触发:触发类型[变化],消息[D500变为9].
2026-03-18 16:07:27 --INFO -- 复位事件触发:触发类型[变化],消息[D500变为0].
2026-03-18 16:07:33 --INFO -- 测距事件触发:触发类型[变化],消息[D500变为9].
2026-03-18 16:07:34 --INFO -- 复位事件触发:触发类型[变化],消息[D500变为0].
2026-03-18 16:07:41 --INFO -- 方向识别拍照事件触发:触发类型[变化],消息[D500变为2].
2026-03-18 16:07:42 --INFO -- 查找模板计时:245.4761
2026-03-18 16:07:42 --INFO -- 复位事件触发:触发类型[变化],消息[D500变为0].
2026-03-18 16:07:44 --INFO -- 方向识别拍照事件触发:触发类型[变化],消息[D500变为2].
2026-03-18 16:07:44 --INFO -- 查找模板计时:261.1422
2026-03-18 16:07:45 --INFO -- 复位事件触发:触发类型[变化],消息[D500变为0].
2026-03-18 16:07:54 --INFO -- Mark点拍照事件触发:触发类型[变化],消息[D500变为3].
2026-03-18 16:07:54 --INFO -- Read D530 is 1
2026-03-18 16:07:54 --INFO -- 查找模板计时:76.5563
2026-03-18 16:07:54 --INFO -- 转机械坐标:像素坐标[1763.199,437.583],拍照机械坐标[-342.9950256347656,2387.36279296875],转换定位机械坐标[38.21707491950144,2398.645739898526]
2026-03-18 16:07:55 --INFO -- 复位事件触发:触发类型[变化],消息[D500变为0].
2026-03-18 16:08:02 --INFO -- Mark点拍照事件触发:触发类型[变化],消息[D500变为3].
2026-03-18 16:08:02 --INFO -- Read D530 is 2
2026-03-18 16:08:03 --INFO -- 查找模板计时:67.1353
2026-03-18 16:08:03 --INFO -- 转机械坐标:像素坐标[2016.068,1650.62],拍照机械坐标[497.0357666015625,2384.2333984375],转换定位机械坐标[767.2719988491142,2370.606509965287]
2026-03-18 16:08:03 --INFO -- 复位事件触发:触发类型[变化],消息[D500变为0].
2026-03-18 16:08:12 --INFO -- Mark点拍照事件触发:触发类型[变化],消息[D500变为3].
2026-03-18 16:08:12 --INFO -- Read D530 is 3
2026-03-18 16:08:12 --INFO -- 查找模板计时:68.3584
2026-03-18 16:08:12 --INFO -- 转机械坐标:像素坐标[1969.71,1572.137],拍照机械坐标[475.58392333984375,1436.6915283203125],转换定位机械坐标[752.9493696259237,1427.4304060677653]
2026-03-18 16:08:13 --INFO -- 复位事件触发:触发类型[变化],消息[D500变为0].
2026-03-18 16:08:21 --INFO -- 电芯拍照事件触发:触发类型[变化],消息[D500变为4].
2026-03-18 16:08:21 --INFO -- Read D531 is 1
2026-03-18 16:08:21 --INFO -- 查找模板计时:31.7951
2026-03-18 16:08:21 --INFO -- 转机械坐标:像素坐标[1481.502,1504.821],拍照机械坐标[484.44219970703125,2331.105712890625],转换定位机械坐标[767.1618552641755,2366.761625756455]
2026-03-18 16:08:22 --INFO -- 复位事件触发:触发类型[变化],消息[D500变为0].
2026-03-18 16:08:24 --INFO -- 电芯拍照事件触发:触发类型[变化],消息[D500变为4].
2026-03-18 16:08:24 --INFO -- Read D531 is 2
2026-03-18 16:08:24 --INFO -- 查找模板计时:27.0841
2026-03-18 16:08:24 --INFO -- 转机械坐标:像素坐标[1489.131,1550.053],拍照机械坐标[484.6392517089844,2121.448486328125],转换定位机械坐标[763.2177607206078,2156.340819452561]
2026-03-18 16:08:25 --INFO -- 复位事件触发:触发类型[变化],消息[D500变为0].
2026-03-18 16:08:27 --INFO -- 电芯拍照事件触发:触发类型[变化],消息[D500变为4].
2026-03-18 16:08:27 --INFO -- Read D531 is 3
2026-03-18 16:08:28 --INFO -- 查找模板计时:28.7079
2026-03-18 16:08:28 --INFO -- 转机械坐标:像素坐标[1500.285,1572.183],拍照机械坐标[484.5389709472656,1914.6710205078125],转换定位机械坐标[761.1039894099329,1948.5083926430846]
2026-03-18 16:08:28 --INFO -- 复位事件触发:触发类型[变化],消息[D500变为0].
2026-03-18 16:08:31 --INFO -- 电芯拍照事件触发:触发类型[变化],消息[D500变为4].
2026-03-18 16:08:31 --INFO -- Read D531 is 4
2026-03-18 16:08:31 --INFO -- 查找模板计时:23.9234
2026-03-18 16:08:31 --INFO -- 转机械坐标:像素坐标[1406.07,1607.642],拍照机械坐标[484.56512451171875,1698.109619140625],转换定位机械坐标[757.7138042025622,1740.5474946393042]
2026-03-18 16:08:32 --INFO -- 复位事件触发:触发类型[变化],消息[D500变为0].
2026-03-18 16:08:34 --INFO -- 电芯拍照事件触发:触发类型[变化],消息[D500变为4].
2026-03-18 16:08:34 --INFO -- Read D531 is 5
2026-03-18 16:08:34 --INFO -- 查找模板计时:30.5299
2026-03-18 16:08:34 --INFO -- 转机械坐标:像素坐标[1492.892,1633.177],拍照机械坐标[484.52069091796875,1496.099853515625],转换定位机械坐标[755.4715087530642,1530.530830378904]
2026-03-18 16:08:35 --INFO -- 复位事件触发:触发类型[变化],消息[D500变为0].
2026-03-18 16:08:43 --INFO -- 电芯拍照事件触发:触发类型[变化],消息[D500变为4].
2026-03-18 16:08:43 --INFO -- Read D531 is 6
2026-03-18 16:08:43 --INFO -- 查找模板计时:31.5174
2026-03-18 16:08:43 --INFO -- 转机械坐标:像素坐标[1519.669,1472.158],拍照机械坐标[277.81787109375,2334.97119140625],转换定位机械坐标[563.6020176748668,2367.168541682534]
2026-03-18 16:08:44 --INFO -- 复位事件触发:触发类型[变化],消息[D500变为0].
2026-03-18 16:08:46 --INFO -- 电芯拍照事件触发:触发类型[变化],消息[D500变为4].
2026-03-18 16:08:46 --INFO -- Read D531 is 7
2026-03-18 16:08:46 --INFO -- 查找模板计时:31.9524
2026-03-18 16:08:46 --INFO -- 转机械坐标:像素坐标[1492.551,1526.576],拍照机械坐标[278.0530700683594,2123.830078125],转换定位机械坐标[558.7934968126868,2158.441193753506]
2026-03-18 16:08:47 --INFO -- 复位事件触发:触发类型[变化],消息[D500变为0].
2026-03-18 16:08:49 --INFO -- 电芯拍照事件触发:触发类型[变化],消息[D500变为4].
2026-03-18 16:08:49 --INFO -- Read D531 is 8
2026-03-18 16:08:50 --INFO -- 查找模板计时:23.9853
2026-03-18 16:08:50 --INFO -- 转机械坐标:像素坐标[1478.641,1555.837],拍照机械坐标[277.8106384277344,1915.9365234375],转换定位机械坐标[555.8401551685979,1951.7838826359855]
2026-03-18 16:08:50 --INFO -- 复位事件触发:触发类型[变化],消息[D500变为0].
2026-03-18 16:08:53 --INFO -- 电芯拍照事件触发:触发类型[变化],消息[D500变为4].
2026-03-18 16:08:53 --INFO -- Read D531 is 9
2026-03-18 16:08:53 --INFO -- 查找模板计时:33.3837
2026-03-18 16:08:53 --INFO -- 转机械坐标:像素坐标[1434.871,1583.489],拍照机械坐标[277.87457275390625,1704.2901611328125],转换定位机械坐标[553.290303043387,1744.117498213763]
2026-03-18 16:08:54 --INFO -- 复位事件触发:触发类型[变化],消息[D500变为0].
2026-03-18 16:08:56 --INFO -- 电芯拍照事件触发:触发类型[变化],消息[D500变为4].
2026-03-18 16:08:56 --INFO -- Read D531 is 10
2026-03-18 16:08:56 --INFO -- 查找模板计时:24.5203
2026-03-18 16:08:56 --INFO -- 转机械坐标:像素坐标[1523.194,1629.875],拍照机械坐标[277.8267517089844,1501.839599609375],转换定位机械坐标[549.1322196822339,1533.4931180258807]
2026-03-18 16:08:57 --INFO -- 复位事件触发:触发类型[变化],消息[D500变为0].
2026-03-18 16:09:05 --INFO -- 电芯拍照事件触发:触发类型[变化],消息[D500变为4].
2026-03-18 16:09:05 --INFO -- Read D531 is 11
2026-03-18 16:09:05 --INFO -- 查找模板计时:29.907
2026-03-18 16:09:05 --INFO -- 转机械坐标:像素坐标[1482.566,1463.516],拍照机械坐标[67.87738800048828,2334.195068359375],转换定位机械坐标[354.39228062129484,2369.81096192684]
2026-03-18 16:09:06 --INFO -- 复位事件触发:触发类型[变化],消息[D500变为0].
2026-03-18 16:09:08 --INFO -- 电芯拍照事件触发:触发类型[变化],消息[D500变为4].
2026-03-18 16:09:08 --INFO -- Read D531 is 12
2026-03-18 16:09:08 --INFO -- 查找模板计时:31.8651
2026-03-18 16:09:08 --INFO -- 转机械坐标:像素坐标[1479.086,1485.664],拍照机械坐标[68.0789794921875,2126.706787109375],转换定位机械坐标[352.55390736752054,2162.6112623403324]
2026-03-18 16:09:09 --INFO -- 复位事件触发:触发类型[变化],消息[D500变为0].
2026-03-18 16:09:11 --INFO -- 电芯拍照事件触发:触发类型[变化],消息[D500变为4].
2026-03-18 16:09:11 --INFO -- Read D531 is 13
2026-03-18 16:09:11 --INFO -- 查找模板计时:29.5041
2026-03-18 16:09:11 --INFO -- 转机械坐标:像素坐标[1494.478,1505.27],拍照机械坐标[67.94285583496094,1919.629638671875],转换定位机械坐标[350.6432843470388,1954.0935801561016]
2026-03-18 16:09:12 --INFO -- 复位事件触发:触发类型[变化],消息[D500变为0].
2026-03-18 16:09:15 --INFO -- 电芯拍照事件触发:触发类型[变化],消息[D500变为4].
2026-03-18 16:09:15 --INFO -- Read D531 is 14
2026-03-18 16:09:15 --INFO -- 查找模板计时:23.6334
2026-03-18 16:09:15 --INFO -- 转机械坐标:像素坐标[1453.57,1551.907],拍照机械坐标[68.02134704589844,1707.3685302734375],转换定位机械坐标[346.36926966155573,1745.5231795360023]
2026-03-18 16:09:16 --INFO -- 复位事件触发:触发类型[变化],消息[D500变为0].
2026-03-18 16:09:18 --INFO -- 电芯拍照事件触发:触发类型[变化],消息[D500变为4].
2026-03-18 16:09:18 --INFO -- Read D531 is 15
2026-03-18 16:09:18 --INFO -- 查找模板计时:31.724
2026-03-18 16:09:18 --INFO -- 转机械坐标:像素坐标[1497.649,1577.136],拍照机械坐标[67.52918243408203,1501.856689453125],转换定位机械坐标[343.6348486486731,1535.929161259331]
2026-03-18 16:09:19 --INFO -- 复位事件触发:触发类型[变化],消息[D500变为0].
2026-03-18 16:10:12 --INFO -- 电芯拍照事件触发:触发类型[变化],消息[D500变为4].
2026-03-18 16:10:12 --INFO -- Read D531 is 16
2026-03-18 16:10:12 --INFO -- 查找模板计时:28.5223
2026-03-18 16:10:12 --INFO -- 转机械坐标:像素坐标[1519.064,1482.811],拍照机械坐标[-136.03123474121094,2342.019287109375],转换定位机械坐标[148.77351901663417,2374.2573100768814]
2026-03-18 16:10:13 --INFO -- 复位事件触发:触发类型[变化],消息[D500变为0].
2026-03-18 16:10:15 --INFO -- 电芯拍照事件触发:触发类型[变化],消息[D500变为4].
2026-03-18 16:10:15 --INFO -- Read D531 is 17
2026-03-18 16:10:15 --INFO -- 查找模板计时:32.1876
2026-03-18 16:10:15 --INFO -- 转机械坐标:像素坐标[1486.555,1518.008],拍照机械坐标[-135.72021484375,2128.479736328125],转换定位机械坐标[145.79692315620503,2163.65331523199]
2026-03-18 16:10:16 --INFO -- 复位事件触发:触发类型[变化],消息[D500变为0].
2026-03-18 16:10:18 --INFO -- 电芯拍照事件触发:触发类型[变化],消息[D500变为4].
2026-03-18 16:10:18 --INFO -- Read D531 is 18
2026-03-18 16:10:19 --INFO -- 查找模板计时:24.1327
2026-03-18 16:10:19 --INFO -- 转机械坐标:像素坐标[1467.177,1534.169],拍照机械坐标[-135.7958984375,1919.8785400390625],转换定位机械坐标[144.20415318417236,1956.8086767338164]
2026-03-18 16:10:19 --INFO -- 复位事件触发:触发类型[变化],消息[D500变为0].
2026-03-18 16:10:22 --INFO -- 电芯拍照事件触发:触发类型[变化],消息[D500变为4].
2026-03-18 16:10:22 --INFO -- Read D531 is 19
2026-03-18 16:10:22 --INFO -- 查找模板计时:29.7784
2026-03-18 16:10:22 --INFO -- 转机械坐标:像素坐标[1492.594,1585.72],拍照机械坐标[-135.8914031982422,1715.0174560546875],转换定位机械坐标[139.41733845707847,1749.54204984409]
2026-03-18 16:10:23 --INFO -- 复位事件触发:触发类型[变化],消息[D500变为0].
2026-03-18 16:10:25 --INFO -- 电芯拍照事件触发:触发类型[变化],消息[D500变为4].
2026-03-18 16:10:25 --INFO -- Read D531 is 20
2026-03-18 16:10:25 --INFO -- 查找模板计时:23.8984
2026-03-18 16:10:25 --INFO -- 转机械坐标:像素坐标[1529.83,1596.46],拍照机械坐标[-136.0536651611328,1508.4249267578125],转换定位机械坐标[138.33187667459765,1539.5158372174371]
2026-03-18 16:10:26 --INFO -- 复位事件触发:触发类型[变化],消息[D500变为0].
2026-03-18 16:10:34 --INFO -- 电芯拍照事件触发:触发类型[变化],消息[D500变为4].
2026-03-18 16:10:34 --INFO -- Read D531 is 21
2026-03-18 16:10:34 --INFO -- 查找模板计时:29.4961
2026-03-18 16:10:34 --INFO -- 转机械坐标:像素坐标[1470.003,1475.992],拍照机械坐标[-342.7874450683594,2341.552734375],转换定位机械坐标[-57.43965101629982,2378.304635972205]
2026-03-18 16:10:35 --INFO -- 复位事件触发:触发类型[变化],消息[D500变为0].
2026-03-18 16:10:37 --INFO -- 电芯拍照事件触发:触发类型[变化],消息[D500变为4].
2026-03-18 16:10:37 --INFO -- Read D531 is 22
2026-03-18 16:10:37 --INFO -- 查找模板计时:28.8178
2026-03-18 16:10:37 --INFO -- 转机械坐标:像素坐标[1478.331,1488.745],拍照机械坐标[-342.6938171386719,2131.76611328125],转换定位机械坐标[-58.50312747400562,2167.735604565643]
2026-03-18 16:10:38 --INFO -- 复位事件触发:触发类型[变化],消息[D500变为0].
2026-03-18 16:10:40 --INFO -- 电芯拍照事件触发:触发类型[变化],消息[D500变为4].
2026-03-18 16:10:40 --INFO -- Read D531 is 23
2026-03-18 16:10:41 --INFO -- 查找模板计时:29.5889
2026-03-18 16:10:41 --INFO -- 转机械坐标:像素坐标[1478.127,1495.255],拍照机械坐标[-342.8595275878906,1924.4322509765625],转换定位机械坐标[-59.26705936756997,1960.4113828407046]
2026-03-18 16:10:41 --INFO -- 复位事件触发:触发类型[变化],消息[D500变为0].
2026-03-18 16:10:44 --INFO -- 电芯拍照事件触发:触发类型[变化],消息[D500变为4].
2026-03-18 16:10:44 --INFO -- Read D531 is 24
2026-03-18 16:10:44 --INFO -- 查找模板计时:31.7965
2026-03-18 16:10:44 --INFO -- 转机械坐标:像素坐标[1485.414,1544.156],拍照机械坐标[-342.7445373535156,1715.6820068359375],转换定位机械坐标[-63.63075504218875,1750.9238359740768]
2026-03-18 16:10:45 --INFO -- 复位事件触发:触发类型[变化],消息[D500变为0].
2026-03-18 16:10:47 --INFO -- 电芯拍照事件触发:触发类型[变化],消息[D500变为4].
2026-03-18 16:10:47 --INFO -- Read D531 is 25
2026-03-18 16:10:47 --INFO -- 查找模板计时:31.5332
2026-03-18 16:10:47 --INFO -- 转机械坐标:像素坐标[1483.463,1568.442],拍照机械坐标[-342.8252868652344,1505.716796875],转换定位机械坐标[-65.94522887137725,1541.1038431008965]
2026-03-18 16:10:48 --INFO -- 复位事件触发:触发类型[变化],消息[D500变为0].
2026-03-18 16:10:54 --INFO -- 电芯拍照事件触发:触发类型[变化],消息[D500变为4].
2026-03-18 16:10:54 --INFO -- Read D531 is 26
2026-03-18 16:10:54 --INFO -- 查找模板计时:20.1813
2026-03-18 16:10:55 --INFO -- 复位事件触发:触发类型[变化],消息[D500变为0].
2026-03-18 16:11:23 --INFO -- 转机械坐标:像素坐标[2022,1451],拍照机械坐标[61.042747497558594,1973.1435546875],转换定位机械坐标[349.6220510365059,1959.250740734816]
2026-03-18 16:11:49 --INFO -- 初始化PLC事件触发:触发类型[变化],消息[D500变为1].
2026-03-18 16:11:54 --INFO -- 复位事件触发:触发类型[变化],消息[D500变为0].
2026-03-18 16:12:12 --INFO -- 初始化PLC事件触发:触发类型[变化],消息[D500变为1].
2026-03-18 16:12:17 --INFO -- 复位事件触发:触发类型[变化],消息[D500变为0].
2026-03-18 16:12:25 --INFO -- 测距事件触发:触发类型[变化],消息[D500变为9].
2026-03-18 16:12:26 --INFO -- 复位事件触发:触发类型[变化],消息[D500变为0].
2026-03-18 16:12:33 --INFO -- 测距事件触发:触发类型[变化],消息[D500变为9].
2026-03-18 16:12:34 --INFO -- 复位事件触发:触发类型[变化],消息[D500变为0].
2026-03-18 16:12:41 --INFO -- 测距事件触发:触发类型[变化],消息[D500变为9].
2026-03-18 16:12:42 --INFO -- 复位事件触发:触发类型[变化],消息[D500变为0].
2026-03-18 16:12:49 --INFO -- 测距事件触发:触发类型[变化],消息[D500变为9].
2026-03-18 16:12:50 --INFO -- 复位事件触发:触发类型[变化],消息[D500变为0].
2026-03-18 16:12:58 --INFO -- 方向识别拍照事件触发:触发类型[变化],消息[D500变为2].
2026-03-18 16:12:58 --INFO -- 查找模板计时:249.7202
2026-03-18 16:12:59 --INFO -- 复位事件触发:触发类型[变化],消息[D500变为0].
2026-03-18 16:13:01 --INFO -- 方向识别拍照事件触发:触发类型[变化],消息[D500变为2].
2026-03-18 16:13:02 --INFO -- 查找模板计时:236.74
2026-03-18 16:13:02 --INFO -- 复位事件触发:触发类型[变化],消息[D500变为0].
2026-03-18 16:13:17 --INFO -- Mark点拍照事件触发:触发类型[变化],消息[D500变为3].
2026-03-18 16:13:17 --INFO -- Read D530 is 1
2026-03-18 16:13:17 --INFO -- 查找模板计时:41.0423
2026-03-18 16:13:17 --INFO -- 转机械坐标:像素坐标[1938.095,1505.968],拍照机械坐标[-343.00390625,2387.352294921875],转换定位机械坐标[-59.615152114597436,2381.0861714624925]
2026-03-18 16:13:18 --INFO -- 复位事件触发:触发类型[变化],消息[D500变为0].
2026-03-18 16:13:30 --INFO -- Mark点拍照事件触发:触发类型[变化],消息[D500变为3].
2026-03-18 16:13:30 --INFO -- Read D530 is 2
2026-03-18 16:13:30 --INFO -- 查找模板计时:67.628
2026-03-18 16:13:30 --INFO -- 转机械坐标:像素坐标[2011.514,1648.844],拍照机械坐标[497.0418701171875,2384.241943359375],转换定位机械坐标[767.4334852452505,2371.0356434907817]
2026-03-18 16:13:31 --INFO -- 复位事件触发:触发类型[变化],消息[D500变为0].
2026-03-18 16:13:45 --INFO -- Mark点拍照事件触发:触发类型[变化],消息[D500变为3].
2026-03-18 16:13:45 --INFO -- Read D530 is 3
2026-03-18 16:13:45 --INFO -- 查找模板计时:42.9294
2026-03-18 16:13:45 --INFO -- 转机械坐标:像素坐标[1971.166,1570.571],拍照机械坐标[475.590087890625,1436.6939697265625],转换定位机械坐标[753.1018244606076,1427.3013564722446]
2026-03-18 16:13:46 --INFO -- 复位事件触发:触发类型[变化],消息[D500变为0].
2026-03-18 16:14:01 --INFO -- 写三轴坐标事件触发:触发类型[变化],消息[D500变为5].
2026-03-18 16:14:01 --INFO -- [Mark点间标定]首坐标表[1:38.21707491950144,2398.645739898526;2:767.2719988491142,2370.606509965287;3:752.9493696259237,1427.4304060677653],次坐标列表[1:-59.615152114597436,2381.0861714624925;2:767.4334852452505,2371.0356434907817;3:753.1018244606076,1427.3013564722446].
2026-03-18 16:14:01 --INFO -- [Mark点间标定]标定信息：[平移X:-98.09597142745054;平移Y:-19.023356075791472;X当量:1.1346023937157121;Y当量:1.0002190583966284;旋转角度:1.246521134010823;倾斜角度:-1.1302157219588749;RMS:3.025722022712086E-13]误差：0,列误差：2.2737367544323206E-13.
2026-03-18 16:14:01 --WARN -- 坐标解析执行失败:当前Mark点对比标准Mark点间距大于设定值[3]:97.5157887231419、0.558255906940758、47.22064236382903返回参数:写三轴坐标.PLC写入结果:2
2026-03-18 16:14:02 --INFO -- 复位事件触发:触发类型[变化],消息[D500变为0].
2026-03-18 16:18:30 --INFO -- 打开[测距仪]成功:.
2026-03-18 16:18:30 --INFO -- Read D530 is 0
2026-03-18 16:18:31 --INFO -- 查找模板计时:119.069
2026-03-18 16:18:31 --INFO -- 转机械坐标:像素坐标[2004.864,669.008],拍照机械坐标[-342.9662780761719,2387.381103515625],转换定位机械坐标[17.40174978979053,2376.153348272419]
2026-03-18 16:20:28 --INFO -- 查找模板计时:36.0892
2026-03-18 16:20:58 --INFO -- 初始化PLC事件触发:触发类型[变化],消息[D500变为1].
2026-03-18 16:21:03 --INFO -- 复位事件触发:触发类型[变化],消息[D500变为0].
2026-03-18 16:21:12 --INFO -- 测距事件触发:触发类型[变化],消息[D500变为9].
2026-03-18 16:21:13 --INFO -- 复位事件触发:触发类型[变化],消息[D500变为0].
2026-03-18 16:21:20 --INFO -- 测距事件触发:触发类型[变化],消息[D500变为9].
2026-03-18 16:21:21 --INFO -- 复位事件触发:触发类型[变化],消息[D500变为0].
2026-03-18 16:21:28 --INFO -- 测距事件触发:触发类型[变化],消息[D500变为9].
2026-03-18 16:21:30 --INFO -- 复位事件触发:触发类型[变化],消息[D500变为0].
2026-03-18 16:21:36 --INFO -- 测距事件触发:触发类型[变化],消息[D500变为9].
2026-03-18 16:21:37 --INFO -- 复位事件触发:触发类型[变化],消息[D500变为0].
2026-03-18 16:21:45 --INFO -- 方向识别拍照事件触发:触发类型[变化],消息[D500变为2].
2026-03-18 16:21:45 --INFO -- 查找模板计时:235.6932
2026-03-18 16:21:46 --INFO -- 复位事件触发:触发类型[变化],消息[D500变为0].
2026-03-18 16:21:48 --INFO -- 方向识别拍照事件触发:触发类型[变化],消息[D500变为2].
2026-03-18 16:21:49 --INFO -- 查找模板计时:267.5461
2026-03-18 16:21:49 --INFO -- 复位事件触发:触发类型[变化],消息[D500变为0].
2026-03-18 16:22:04 --INFO -- Mark点拍照事件触发:触发类型[变化],消息[D500变为3].
2026-03-18 16:22:04 --INFO -- Read D530 is 1
2026-03-18 16:22:04 --INFO -- 查找模板计时:42.2469
2026-03-18 16:22:04 --INFO -- 转机械坐标:像素坐标[1938.193,1506.304],拍照机械坐标[-343.00506591796875,2387.3447265625],转换定位机械坐标[-59.64700364933924,2381.0691364808463]
2026-03-18 16:22:05 --INFO -- 复位事件触发:触发类型[变化],消息[D500变为0].
2026-03-18 16:22:17 --INFO -- Mark点拍照事件触发:触发类型[变化],消息[D500变为3].
2026-03-18 16:22:17 --INFO -- Read D530 is 2
2026-03-18 16:22:18 --INFO -- 查找模板计时:39.5829
2026-03-18 16:22:18 --INFO -- 转机械坐标:像素坐标[2011.052,1648.568],拍照机械坐标[497.0388488769531,2384.234619140625],转换定位机械坐标[767.4550281098291,2371.0711214687735]
2026-03-18 16:22:18 --INFO -- 复位事件触发:触发类型[变化],消息[D500变为0].
2026-03-18 16:22:32 --INFO -- Mark点拍照事件触发:触发类型[变化],消息[D500变为3].
2026-03-18 16:22:32 --INFO -- Read D530 is 3
2026-03-18 16:22:32 --INFO -- 查找模板计时:42.8789
2026-03-18 16:22:32 --INFO -- 转机械坐标:像素坐标[1969.929,1571.228],拍照机械坐标[475.59478759765625,1436.694091796875],转换定位机械坐标[753.0440874809716,1427.4141319525627]
2026-03-18 16:22:33 --INFO -- 复位事件触发:触发类型[变化],消息[D500变为0].
2026-03-18 16:23:14 --INFO -- 写三轴坐标事件触发:触发类型[变化],消息[D500变为5].
2026-03-18 16:23:14 --INFO -- [Mark点间标定]首坐标表[1:-59.64700364933924,2381.0691364808463;2:767.2719988491142,2370.606509965287;3:752.9493696259237,1427.4304060677653],次坐标列表[1:-59.64700364933924,2381.0691364808463;2:767.4550281098291,2371.0711214687735;3:753.0440874809716,1427.4141319525627].
2026-03-18 16:23:14 --INFO -- [Mark点间标定]标定信息：[平移X:-0.20162939300481525;平移Y:-1.1595701602976842;X当量:1.0002226421265814;Y当量:1.0005012333678485;旋转角度:0.03254823793107405;倾斜角度:-0.037716789012664134;RMS:9.603285838349171E-14]误差：4.547473508864641E-13,列误差：4.263256414560601E-14.
2026-03-18 16:23:15 --INFO -- 复位事件触发:触发类型[变化],消息[D500变为0].
2026-03-18 16:29:53 --INFO -- 初始化PLC事件触发:触发类型[变化],消息[D500变为1].
2026-03-18 16:29:58 --INFO -- 复位事件触发:触发类型[变化],消息[D500变为0].
2026-03-18 16:30:04 --INFO -- 测距事件触发:触发类型[变化],消息[D500变为9].
2026-03-18 16:30:05 --INFO -- 复位事件触发:触发类型[变化],消息[D500变为0].
2026-03-18 16:30:11 --INFO -- 测距事件触发:触发类型[变化],消息[D500变为9].
2026-03-18 16:30:12 --INFO -- 复位事件触发:触发类型[变化],消息[D500变为0].
2026-03-18 16:30:18 --INFO -- 测距事件触发:触发类型[变化],消息[D500变为9].
2026-03-18 16:30:19 --INFO -- 复位事件触发:触发类型[变化],消息[D500变为0].
2026-03-18 16:30:24 --INFO -- 测距事件触发:触发类型[变化],消息[D500变为9].
2026-03-18 16:30:25 --INFO -- 复位事件触发:触发类型[变化],消息[D500变为0].
2026-03-18 16:30:33 --INFO -- 方向识别拍照事件触发:触发类型[变化],消息[D500变为2].
2026-03-18 16:30:34 --INFO -- 查找模板计时:237.3818
2026-03-18 16:30:34 --INFO -- 复位事件触发:触发类型[变化],消息[D500变为0].
2026-03-18 16:30:36 --INFO -- 方向识别拍照事件触发:触发类型[变化],消息[D500变为2].
2026-03-18 16:30:37 --INFO -- 查找模板计时:256.6431
2026-03-18 16:30:37 --INFO -- 复位事件触发:触发类型[变化],消息[D500变为0].
2026-03-18 16:30:51 --INFO -- Mark点拍照事件触发:触发类型[变化],消息[D500变为3].
2026-03-18 16:30:51 --INFO -- Read D530 is 1
2026-03-18 16:30:52 --INFO -- 查找模板计时:38.1367
2026-03-18 16:30:52 --INFO -- 转机械坐标:像素坐标[1938.727,1505.87],拍照机械坐标[-342.9986572265625,2387.357177734375],转换定位机械坐标[-59.59983086516348,2381.0331663035295]
2026-03-18 16:30:52 --INFO -- 复位事件触发:触发类型[变化],消息[D500变为0].
2026-03-18 16:31:02 --INFO -- Mark点拍照事件触发:触发类型[变化],消息[D500变为3].
2026-03-18 16:31:02 --INFO -- Read D530 is 2
2026-03-18 16:31:02 --INFO -- 查找模板计时:28.7044
2026-03-18 16:31:02 --INFO -- 转机械坐标:像素坐标[2011.01,1649.445],拍照机械坐标[497.0335998535156,2384.228759765625],转换定位机械坐标[767.3691645686032,2371.0678937475213]
2026-03-18 16:31:03 --INFO -- 复位事件触发:触发类型[变化],消息[D500变为0].
2026-03-18 16:31:13 --INFO -- Mark点拍照事件触发:触发类型[变化],消息[D500变为3].
2026-03-18 16:31:13 --INFO -- Read D530 is 3
2026-03-18 16:31:13 --INFO -- 查找模板计时:39.1228
2026-03-18 16:31:13 --INFO -- 转机械坐标:像素坐标[1970.087,1570.924],拍照机械坐标[475.6017150878906,1436.6959228515625],转换定位机械坐标[753.0792021804044,1427.4018812385648]
2026-03-18 16:31:14 --INFO -- 复位事件触发:触发类型[变化],消息[D500变为0].
2026-03-18 16:31:28 --INFO -- 写三轴坐标事件触发:触发类型[变化],消息[D500变为5].
2026-03-18 16:31:28 --INFO -- [Mark点间标定]首坐标表[1:-59.64700364933924,2381.0691364808463;2:767.2719988491142,2370.606509965287;3:752.9493696259237,1427.4304060677653],次坐标列表[1:-59.59983086516348,2381.0331663035295;2:767.3691645686032,2371.0678937475213;3:753.0792021804044,1427.4018812385648].
2026-03-18 16:31:28 --INFO -- [Mark点间标定]标定信息：[平移X:0.13538990893090191;平移Y:-1.214514758454364;X当量:1.0000601918873715;Y当量:1.0005101935286944;旋转角度:0.03482855442013861;倾斜角度:-0.03279294765991548;RMS:1.659285912877995E-13]误差：0,列误差：1.1368683772161603E-13.
2026-03-18 16:31:29 --INFO -- 复位事件触发:触发类型[变化],消息[D500变为0].
2026-03-18 16:33:29 --INFO -- 打开[测距仪]成功:.
2026-03-18 16:33:29 --INFO -- [Mark点间标定]首坐标表[1:-59.64700364933924,2381.0691364808463;2:767.2719988491142,2370.606509965287;3:752.9493696259237,1427.4304060677653],次坐标列表[1:-59.59983086516348,2381.0331663035295;2:767.3691645686032,2371.0678937475213;3:753.0792021804044,1427.4018812385648].
2026-03-18 16:33:29 --INFO -- [Mark点间标定]标定信息：[平移X:0.13538990893090191;平移Y:-1.214514758454364;X当量:1.0000601918873715;Y当量:1.0005101935286944;旋转角度:0.03482855442013861;倾斜角度:-0.03279294765991548;RMS:1.659285912877995E-13]误差：0,列误差：1.1368683772161603E-13.
2026-03-18 16:33:36 --INFO -- 打开[测距仪]成功:.
2026-03-18 16:33:36 --INFO -- [Mark点间标定]首坐标表[1:-59.64700364933924,2381.0691364808463;2:767.2719988491142,2370.606509965287;3:752.9493696259237,1427.4304060677653],次坐标列表[1:-59.59983086516348,2381.0331663035295;2:767.3691645686032,2371.0678937475213;3:753.0792021804044,1427.4018812385648].
2026-03-18 16:33:36 --INFO -- [Mark点间标定]标定信息：[平移X:0.13538990893090191;平移Y:-1.214514758454364;X当量:1.0000601918873715;Y当量:1.0005101935286944;旋转角度:0.03482855442013861;倾斜角度:-0.03279294765991548;RMS:1.659285912877995E-13]误差：0,列误差：1.1368683772161603E-13.
2026-03-18 16:35:14 --INFO -- 初始化PLC事件触发:触发类型[变化],消息[D500变为1].
2026-03-18 16:35:19 --INFO -- 复位事件触发:触发类型[变化],消息[D500变为0].
2026-03-18 16:35:40 --INFO -- 测距事件触发:触发类型[变化],消息[D500变为9].
2026-03-18 16:35:41 --INFO -- 复位事件触发:触发类型[变化],消息[D500变为0].
2026-03-18 16:35:51 --INFO -- 测距事件触发:触发类型[变化],消息[D500变为9].
2026-03-18 16:35:52 --INFO -- 复位事件触发:触发类型[变化],消息[D500变为0].
2026-03-18 16:36:03 --INFO -- 测距事件触发:触发类型[变化],消息[D500变为9].
2026-03-18 16:36:03 --INFO -- 复位事件触发:触发类型[变化],消息[D500变为0].
2026-03-18 16:36:13 --INFO -- 测距事件触发:触发类型[变化],消息[D500变为9].
2026-03-18 16:36:14 --INFO -- 复位事件触发:触发类型[变化],消息[D500变为0].
2026-03-18 16:36:25 --INFO -- 方向识别拍照事件触发:触发类型[变化],消息[D500变为2].
2026-03-18 16:36:26 --INFO -- 查找模板计时:239.5814
2026-03-18 16:36:26 --INFO -- 复位事件触发:触发类型[变化],消息[D500变为0].
2026-03-18 16:36:29 --INFO -- 方向识别拍照事件触发:触发类型[变化],消息[D500变为2].
2026-03-18 16:36:30 --INFO -- 查找模板计时:243.1575
2026-03-18 16:36:30 --INFO -- 复位事件触发:触发类型[变化],消息[D500变为0].
2026-03-18 16:36:52 --INFO -- Mark点拍照事件触发:触发类型[变化],消息[D500变为3].
2026-03-18 16:36:52 --INFO -- Read D530 is 1
2026-03-18 16:36:53 --INFO -- 查找模板计时:37.6871
2026-03-18 16:36:53 --INFO -- 转机械坐标:像素坐标[1938.643,1506.069],拍照机械坐标[-343.00738525390625,2387.342041015625],转换定位机械坐标[-59.626977436321965,2381.0254639069462]
2026-03-18 16:36:53 --INFO -- 复位事件触发:触发类型[变化],消息[D500变为0].
2026-03-18 16:37:11 --INFO -- Mark点拍照事件触发:触发类型[变化],消息[D500变为3].
2026-03-18 16:37:11 --INFO -- Read D530 is 2
2026-03-18 16:37:11 --INFO -- 查找模板计时:41.1525
2026-03-18 16:37:11 --INFO -- 转机械坐标:像素坐标[2011.158,1648.841],拍照机械坐标[497.0289306640625,2384.227783203125],转换定位机械坐标[767.4202174904667,2371.054172375443]
2026-03-18 16:37:12 --INFO -- 复位事件触发:触发类型[变化],消息[D500变为0].
2026-03-18 16:37:32 --INFO -- Mark点拍照事件触发:触发类型[变化],消息[D500变为3].
2026-03-18 16:37:32 --INFO -- Read D530 is 3
2026-03-18 16:37:32 --INFO -- 查找模板计时:39.6811
2026-03-18 16:37:32 --INFO -- 转机械坐标:像素坐标[1971.173,1571.587],拍照机械坐标[475.6163024902344,1436.7000732421875],转换定位机械坐标[753.0347419558339,1427.3053988188585]
2026-03-18 16:37:33 --INFO -- 复位事件触发:触发类型[变化],消息[D500变为0].
2026-03-18 16:37:56 --INFO -- 写三轴坐标事件触发:触发类型[变化],消息[D500变为5].
2026-03-18 16:37:56 --INFO -- [Mark点间标定]首坐标表[1:-59.64700364933924,2381.0691364808463;2:767.2719988491142,2370.606509965287;3:752.9493696259237,1427.4304060677653],次坐标列表[1:-59.626977436321965,2381.0254639069462;2:767.4202174904667,2371.054172375443;3:753.0347419558339,1427.3053988188585].
2026-03-18 16:37:56 --INFO -- [Mark点间标定]标定信息：[平移X:-0.12370074253859696;平移Y:-1.4317401332174837;X当量:1.0001560183143932;Y当量:1.0005980358006556;旋转角度:0.034471907250596345;倾斜角度:-0.038151886545222814;RMS:2.7090849260147193E-13]误差：4.547473508864641E-13,列误差：1.1368683772161603E-13.
2026-03-18 16:37:57 --INFO -- 复位事件触发:触发类型[变化],消息[D500变为0].
2026-03-18 16:46:26 --INFO -- 初始化PLC事件触发:触发类型[变化],消息[D500变为1].
2026-03-18 16:46:31 --INFO -- 复位事件触发:触发类型[变化],消息[D500变为0].
2026-03-18 16:46:38 --INFO -- 测距事件触发:触发类型[变化],消息[D500变为9].
2026-03-18 16:46:39 --INFO -- 复位事件触发:触发类型[变化],消息[D500变为0].
2026-03-18 16:46:45 --INFO -- 测距事件触发:触发类型[变化],消息[D500变为9].
2026-03-18 16:46:46 --INFO -- 复位事件触发:触发类型[变化],消息[D500变为0].
2026-03-18 16:46:53 --INFO -- 测距事件触发:触发类型[变化],消息[D500变为9].
2026-03-18 16:46:54 --INFO -- 复位事件触发:触发类型[变化],消息[D500变为0].
2026-03-18 16:47:00 --INFO -- 测距事件触发:触发类型[变化],消息[D500变为9].
2026-03-18 16:47:01 --INFO -- 复位事件触发:触发类型[变化],消息[D500变为0].
2026-03-18 16:47:07 --INFO -- 方向识别拍照事件触发:触发类型[变化],消息[D500变为2].
2026-03-18 16:47:08 --INFO -- 查找模板计时:233.484
2026-03-18 16:47:08 --INFO -- 复位事件触发:触发类型[变化],消息[D500变为0].
2026-03-18 16:47:10 --INFO -- 方向识别拍照事件触发:触发类型[变化],消息[D500变为2].
2026-03-18 16:47:11 --INFO -- 查找模板计时:351.6531
2026-03-18 16:47:11 --WARN -- 方向判断执行失败:返回参数:方向识别拍照.写入方向:0;方向识别拍照.写入结果:2;全局.电池角度:-90
2026-03-18 16:47:35 --INFO -- 复位事件触发:触发类型[变化],消息[D500变为0].
2026-03-18 16:47:47 --INFO -- 初始化PLC事件触发:触发类型[变化],消息[D500变为1].
2026-03-18 16:47:52 --INFO -- 复位事件触发:触发类型[变化],消息[D500变为0].
2026-03-18 16:48:00 --INFO -- 测距事件触发:触发类型[变化],消息[D500变为9].
2026-03-18 16:48:01 --INFO -- 复位事件触发:触发类型[变化],消息[D500变为0].
2026-03-18 16:48:07 --INFO -- 测距事件触发:触发类型[变化],消息[D500变为9].
2026-03-18 16:48:08 --INFO -- 复位事件触发:触发类型[变化],消息[D500变为0].
2026-03-18 16:48:14 --INFO -- 测距事件触发:触发类型[变化],消息[D500变为9].
2026-03-18 16:48:15 --INFO -- 复位事件触发:触发类型[变化],消息[D500变为0].
2026-03-18 16:48:21 --INFO -- 测距事件触发:触发类型[变化],消息[D500变为9].
2026-03-18 16:48:22 --INFO -- 复位事件触发:触发类型[变化],消息[D500变为0].
2026-03-18 16:48:29 --INFO -- 方向识别拍照事件触发:触发类型[变化],消息[D500变为2].
2026-03-18 16:48:29 --INFO -- 查找模板计时:255.1311
2026-03-18 16:48:30 --INFO -- 复位事件触发:触发类型[变化],消息[D500变为0].
2026-03-18 16:48:32 --INFO -- 方向识别拍照事件触发:触发类型[变化],消息[D500变为2].
2026-03-18 16:48:32 --INFO -- 查找模板计时:280.9877
2026-03-18 16:48:33 --INFO -- 复位事件触发:触发类型[变化],消息[D500变为0].
2026-03-18 16:48:45 --INFO -- Mark点拍照事件触发:触发类型[变化],消息[D500变为3].
2026-03-18 16:48:45 --INFO -- Read D530 is 1
2026-03-18 16:48:46 --INFO -- 查找模板计时:31.0417
2026-03-18 16:48:46 --INFO -- 转机械坐标:像素坐标[1938.614,1505.682],拍照机械坐标[-343.0086364746094,2387.3388671875],转换定位机械坐标[-59.592735940895636,2381.0254929193406]
2026-03-18 16:48:46 --INFO -- 复位事件触发:触发类型[变化],消息[D500变为0].
2026-03-18 16:48:56 --INFO -- Mark点拍照事件触发:触发类型[变化],消息[D500变为3].
2026-03-18 16:48:56 --INFO -- Read D530 is 2
2026-03-18 16:48:57 --INFO -- 查找模板计时:38.9977
2026-03-18 16:48:57 --INFO -- 转机械坐标:像素坐标[2010.276,1650.381],拍照机械坐标[497.0356140136719,2384.23486328125],转换定位机械坐标[767.2839719597467,2371.1400800212423]
2026-03-18 16:48:57 --INFO -- 复位事件触发:触发类型[变化],消息[D500变为0].
2026-03-18 16:49:09 --INFO -- Mark点拍照事件触发:触发类型[变化],消息[D500变为3].
2026-03-18 16:49:09 --INFO -- Read D530 is 3
2026-03-18 16:49:09 --INFO -- 查找模板计时:37.017
2026-03-18 16:49:09 --INFO -- 转机械坐标:像素坐标[1971.138,1570.917],拍照机械坐标[475.5871276855469,1436.6907958984375],转换定位机械坐标[753.0670402816346,1427.3002702946362]
2026-03-18 16:49:10 --INFO -- 复位事件触发:触发类型[变化],消息[D500变为0].
2026-03-18 16:49:27 --INFO -- 写三轴坐标事件触发:触发类型[变化],消息[D500变为5].
2026-03-18 16:49:27 --INFO -- [Mark点间标定]首坐标表[1:-59.64700364933924,2381.0691364808463;2:767.2719988491142,2370.606509965287;3:752.9493696259237,1427.4304060677653],次坐标列表[1:-59.592735940895636,2381.0254929193406;2:767.2839719597467,2371.1400800212423;3:753.0670402816346,1427.3002702946362].
2026-03-18 16:49:27 --INFO -- [Mark点间标定]标定信息：[平移X:0.3160684977522009;平移Y:-1.651469211526792;X当量:0.999947694770305;Y当量:1.00069296547146;旋转角度:0.040498601290456404;倾斜角度:-0.03412785954632235;RMS:2.7847474288855413E-13]误差：0,列误差：1.0658141036401503E-13.
2026-03-18 16:49:28 --INFO -- 复位事件触发:触发类型[变化],消息[D500变为0].
2026-03-18 17:22:03 --ERROR-- 机器人异常，重连设备中。。。:Line[0],Message[Unable to read data from the transport connection: 由于连接方在一段时间后没有正确答复或连接的主机没有反应，连接尝试失败。.],Location[   at System.Net.Sockets.NetworkStream.Read(Byte[] buffer, Int32 offset, Int32 count)
   at Modbus.IO.TcpClientAdapter.Read(Byte[] buffer, Int32 offset, Int32 size) in C:\项目\类库\ReferenceLib\NModbus4\IO\TcpClientAdapter.cs:line 48
   at Modbus.IO.ModbusIpTransport.ReadRequestResponse(IStreamResource streamResource) in C:\项目\类库\ReferenceLib\NModbus4\IO\ModbusIpTransport.cs:line 36
   at Modbus.IO.ModbusIpTransport.ReadResponse[T]() in C:\项目\类库\ReferenceLib\NModbus4\IO\ModbusIpTransport.cs:line 140
   at Modbus.IO.ModbusTransport.UnicastMessage[T](IModbusMessage message) in C:\项目\类库\ReferenceLib\NModbus4\IO\ModbusTransport.cs:line 135
   at Modbus.Device.ModbusMaster.WriteMultipleRegisters(Byte slaveAddress, UInt16 startAddress, UInt16[] data) in C:\项目\类库\ReferenceLib\NModbus4\Device\ModbusMaster.cs:line 256
   at Driver.PLC.Modbus.PlcModbus.WriteEntity[T](String name, T[] ts)
   at Device.PlcPortBase.Write[T](String name, T[] ts) in F:\项目\Libraries\Class\Device\007 Plc\PlcPortBase.cs:line 352
   at Driver.PLC.Modbus.PlcModbus.MonitoringIo()]
2026-03-18 17:22:13 --ERROR-- 打开机器人异常:Line[0],Message[TcpClientPort Open failed. Details:连接失败，请检查该IP地址是否能Ping通],Location[   at Device.PortTcpClient.Open() in F:\项目\Libraries\Class\Device\000 Base\Connecor\PortTcpClient.cs:line 124
   at Driver.PLC.Modbus.PlcModbus.Open(String& msg)]

 ----------------------application shutdown--------------------------

----------------------application startup--------------------------
2026-03-18 17:26:55 --INFO -- 打开[相机1(DA0014462)]成功. 
2026-03-18 17:26:55 --INFO -- 打开[测距仪]成功:.
2026-03-18 17:26:55 --INFO -- 打开[机器人]成功:.
2026-03-18 17:29:35 --ERROR-- 机器人异常，重连设备中。。。:Line[0],Message[Unable to read data from the transport connection: 由于连接方在一段时间后没有正确答复或连接的主机没有反应，连接尝试失败。.],Location[   at System.Net.Sockets.NetworkStream.Read(Byte[] buffer, Int32 offset, Int32 count)
   at Modbus.IO.TcpClientAdapter.Read(Byte[] buffer, Int32 offset, Int32 size) in C:\项目\类库\ReferenceLib\NModbus4\IO\TcpClientAdapter.cs:line 48
   at Modbus.IO.ModbusIpTransport.ReadRequestResponse(IStreamResource streamResource) in C:\项目\类库\ReferenceLib\NModbus4\IO\ModbusIpTransport.cs:line 36
   at Modbus.IO.ModbusIpTransport.ReadResponse[T]() in C:\项目\类库\ReferenceLib\NModbus4\IO\ModbusIpTransport.cs:line 140
   at Modbus.IO.ModbusTransport.UnicastMessage[T](IModbusMessage message) in C:\项目\类库\ReferenceLib\NModbus4\IO\ModbusTransport.cs:line 135
   at Modbus.Device.ModbusMaster.WriteMultipleRegisters(Byte slaveAddress, UInt16 startAddress, UInt16[] data) in C:\项目\类库\ReferenceLib\NModbus4\Device\ModbusMaster.cs:line 256
   at Driver.PLC.Modbus.PlcModbus.WriteEntity[T](String name, T[] ts)
   at Device.PlcPortBase.Write[T](String name, T[] ts) in F:\项目\Libraries\Class\Device\007 Plc\PlcPortBase.cs:line 352
   at Driver.PLC.Modbus.PlcModbus.MonitoringIo()]
2026-03-18 17:29:46 --ERROR-- 打开机器人异常:Line[0],Message[TcpClientPort Open failed. Details:连接失败，请检查该IP地址是否能Ping通],Location[   at Device.PortTcpClient.Open() in F:\项目\Libraries\Class\Device\000 Base\Connecor\PortTcpClient.cs:line 124
   at Driver.PLC.Modbus.PlcModbus.Open(String& msg)]
