
----------------------application startup--------------------------

 ----------------------application shutdown--------------------------

----------------------application startup--------------------------
2026-01-30 09:52:13 --INFO -- 打开[相机1(DA0014462)]成功. 
2026-01-30 09:53:34 --ERROR-- Stop Grabbing Fail!Tip:-2147483130
2026-01-30 09:53:35 --INFO -- 打开[相机1(DA0014462)]成功. 
2026-01-30 09:53:37 --INFO -- 打开[相机1(DA0014462)]成功. 
2026-01-30 10:22:27 --INFO -- 打开[机器人]成功:.
2026-01-30 10:32:13 --INFO -- 图像采集Stop continuous operation
2026-01-30 10:32:51 --WARN -- 模板图像路径不存在!
2026-01-30 10:32:54 --WARN -- 模板图像路径不存在!
2026-01-30 10:32:54 --WARN -- 模板图像路径不存在!
2026-01-30 10:32:54 --ERROR-- Plugin.Matching.ToolMatching:HalconDotNet.HOperatorException: HALCON error #4056: Image data management: object-ID is NULL (0) in operator reduce_domain
   at HalconDotNet.HalconAPI.PostCall(IntPtr proc, Int32 procResult)
   at HalconDotNet.HObjectBase.Store(IntPtr proc, Int32 parIndex)
   at HalconDotNet.HImage.ReduceDomain(HRegion region)
   at Plugin.Matching.ToolMatching.LearnModle()
2026-01-30 10:33:56 --ERROR-- 创建模板特征少，请调小对比度设置！
2026-01-30 10:35:46 --INFO -- 查找模板计时:16.6539
2026-01-30 10:36:00 --INFO -- 查找模板计时:11.3007
2026-01-30 10:36:13 --INFO -- 查找模板计时:11.6195
2026-01-30 10:40:32 --INFO -- 查找模板计时:15.5086
2026-01-30 11:01:19 --INFO -- 图像采集Stop continuous operation
2026-01-30 11:01:26 --INFO -- 查找模板计时:12.453
2026-01-30 11:05:42 --INFO -- 查找模板计时:11.6261
2026-01-30 11:10:54 --INFO -- 图像采集Stop continuous operation
2026-01-30 11:10:55 --INFO -- 图像采集Stop continuous operation
2026-01-30 11:11:06 --INFO -- 查找模板计时:11.747
2026-01-30 11:14:15 --INFO -- 图像采集Stop continuous operation
2026-01-30 11:14:21 --INFO -- 查找模板计时:11.8757
2026-01-30 11:16:31 --INFO -- 图像采集Stop continuous operation
2026-01-30 11:16:36 --INFO -- 查找模板计时:11.6658
2026-01-30 11:18:43 --INFO -- 图像采集Stop continuous operation
2026-01-30 11:19:35 --INFO -- 查找模板计时:15.5698
2026-01-30 11:20:58 --INFO -- 图像采集Stop continuous operation
2026-01-30 11:21:06 --INFO -- 查找模板计时:11.8205
2026-01-30 11:22:39 --INFO -- 图像采集Stop continuous operation
2026-01-30 11:22:44 --INFO -- 查找模板计时:11.7538
2026-01-30 11:25:10 --INFO -- 图像采集Stop continuous operation
2026-01-30 11:25:16 --INFO -- 查找模板计时:14.4613
2026-01-30 11:26:39 --INFO -- 图像采集Stop continuous operation
2026-01-30 11:26:43 --INFO -- 查找模板计时:14.4293
2026-01-30 12:55:37 --INFO -- 图像采集Stop continuous operation
2026-01-30 12:55:42 --INFO -- 查找模板计时:14.0226
2026-01-30 12:57:50 --INFO -- 行误差：0.47760418426400975,列误差：0.38823214101978465.
2026-01-30 12:59:17 --INFO -- 图像采集Stop continuous operation
2026-01-30 12:59:22 --INFO -- 查找模板计时:14.0151
2026-01-30 13:01:15 --INFO -- 图像采集Stop continuous operation
2026-01-30 13:04:18 --INFO -- 图像采集Stop continuous operation
2026-01-30 13:04:26 --INFO -- 查找模板计时:11.1285
2026-01-30 13:07:18 --INFO -- 图像采集Stop continuous operation
2026-01-30 13:07:24 --INFO -- 查找模板计时:20.2875
2026-01-30 13:10:38 --INFO -- 图像采集Stop continuous operation
2026-01-30 13:10:46 --INFO -- 查找模板计时:14.1122
2026-01-30 13:11:14 --INFO -- 查找模板计时:14.3301
2026-01-30 13:11:50 --INFO -- 查找模板计时:11.5544
2026-01-30 13:11:58 --INFO -- 查找模板计时:14.2554
2026-01-30 13:12:28 --INFO -- 查找模板计时:11.5884
2026-01-30 13:12:37 --INFO -- 查找模板计时:14.6003
2026-01-30 13:14:53 --INFO -- 图像采集Stop continuous operation
2026-01-30 13:15:00 --INFO -- 查找模板计时:10.9069
2026-01-30 13:16:49 --INFO -- 行误差：0.47760418426400975,列误差：0.38823214101978465.
