
----------------------application startup--------------------------
2026-03-12 14:07:42 --INFO -- 打开[相机1(DA0014462)]成功. 
2026-03-12 14:07:42 --INFO -- 打开[机器人]成功:.
2026-03-12 14:55:22 --INFO -- 初始化PLC事件触发:触发类型[变化],消息[D500变为1].
2026-03-12 14:55:27 --INFO -- 复位事件触发:触发类型[变化],消息[D500变为0].
2026-03-12 14:56:33 --INFO -- 图像采集Stop continuous operation
2026-03-12 15:00:06 --ERROR-- Plugin.Matching.ToolMatching:HalconDotNet.HOperatorException: HALCON error #3111: At least one input object has an empty region in operator create_ncc_model
   at HalconDotNet.HalconAPI.PostCall(IntPtr proc, Int32 procResult)
   at HalconDotNet.HNCCModel.CreateNccModel(HImage template, HTuple numLevels, Double angleStart, Double angleExtent, HTuple angleStep, String metric)
   at Plugin.Matching.ToolMatching.LearnModle()
2026-03-12 15:00:10 --ERROR-- Plugin.Matching.ToolMatching:HalconDotNet.HOperatorException: HALCON error #3111: At least one input object has an empty region in operator create_ncc_model
   at HalconDotNet.HalconAPI.PostCall(IntPtr proc, Int32 procResult)
   at HalconDotNet.HNCCModel.CreateNccModel(HImage template, HTuple numLevels, Double angleStart, Double angleExtent, HTuple angleStep, String metric)
   at Plugin.Matching.ToolMatching.LearnModle()
2026-03-12 15:00:53 --INFO -- 查找模板计时:108.2675
2026-03-12 15:04:48 --INFO -- 查找模板计时:134.6531
2026-03-12 15:05:04 --INFO -- 查找模板计时:142.6187
2026-03-12 15:08:06 --INFO -- 查找模板计时:190.325
2026-03-12 15:10:58 --INFO -- 初始化PLC事件触发:触发类型[变化],消息[D500变为1].
2026-03-12 15:11:03 --INFO -- 复位事件触发:触发类型[变化],消息[D500变为0].
2026-03-12 15:14:27 --INFO -- 方向识别拍照事件触发:触发类型[变化],消息[D500变为2].
2026-03-12 15:14:28 --INFO -- 查找模板计时:185.8879
2026-03-12 15:14:34 --INFO -- 复位事件触发:触发类型[变化],消息[D500变为0].
2026-03-12 15:14:36 --INFO -- 方向识别拍照事件触发:触发类型[变化],消息[D500变为2].
2026-03-12 15:14:37 --INFO -- 查找模板计时:166.0678
2026-03-12 15:14:41 --INFO -- 复位事件触发:触发类型[变化],消息[D500变为0].
2026-03-12 15:15:37 --INFO -- 查找模板计时:114.3087
2026-03-12 15:15:49 --INFO -- 查找模板计时:147.2876
2026-03-12 15:28:02 --INFO -- 初始化PLC事件触发:触发类型[变化],消息[D500变为1].
2026-03-12 15:28:07 --INFO -- 复位事件触发:触发类型[变化],消息[D500变为0].
2026-03-12 15:31:09 --INFO -- 方向识别拍照事件触发:触发类型[变化],消息[D500变为2].
2026-03-12 15:31:09 --INFO -- 查找模板计时:187.7722
2026-03-12 15:31:11 --INFO -- 复位事件触发:触发类型[变化],消息[D500变为0].
2026-03-12 15:31:13 --INFO -- 方向识别拍照事件触发:触发类型[变化],消息[D500变为2].
2026-03-12 15:31:13 --INFO -- 查找模板计时:171.8078
2026-03-12 15:31:18 --INFO -- 复位事件触发:触发类型[变化],消息[D500变为0].
2026-03-12 15:31:48 --INFO -- Mark点拍照事件触发:触发类型[变化],消息[D500变为3].
2026-03-12 15:31:48 --INFO -- 查找模板计时:139.7482
2026-03-12 15:31:48 --INFO -- 转机械坐标:像素坐标[2008.594,1508.466],拍照机械坐标[-1323.74755859375,1479.31103515625],转换定位机械坐标[-1318.981140072841,1758.7890069316088]
2026-03-12 15:58:20 --INFO -- 初始化PLC事件触发:触发类型[变化],消息[D500变为1].
2026-03-12 15:58:25 --INFO -- 复位事件触发:触发类型[变化],消息[D500变为0].
2026-03-12 16:01:08 --INFO -- 方向识别拍照事件触发:触发类型[变化],消息[D500变为2].
2026-03-12 16:01:09 --INFO -- 查找模板计时:188.4894
2026-03-12 16:01:10 --INFO -- 复位事件触发:触发类型[变化],消息[D500变为0].
2026-03-12 16:01:12 --INFO -- 方向识别拍照事件触发:触发类型[变化],消息[D500变为2].
2026-03-12 16:01:12 --INFO -- 查找模板计时:165.5595
2026-03-12 16:01:17 --INFO -- 复位事件触发:触发类型[变化],消息[D500变为0].
2026-03-12 16:02:35 --INFO -- Mark点拍照事件触发:触发类型[变化],消息[D500变为3].
2026-03-12 16:02:35 --INFO -- 查找模板计时:195.0076
2026-03-12 16:02:35 --INFO -- 转机械坐标:像素坐标[2004.153,1503.223],拍照机械坐标[-1323.4888916015625,1479.0205078125],转换定位机械坐标[-1319.1406190103041,1758.9830044212522]
2026-03-12 16:02:40 --INFO -- 复位事件触发:触发类型[变化],消息[D500变为0].
2026-03-12 16:03:42 --INFO -- Mark点拍照事件触发:触发类型[变化],消息[D500变为3].
2026-03-12 16:03:43 --INFO -- 查找模板计时:246.1425
2026-03-12 16:03:43 --INFO -- 转机械坐标:像素坐标[2086.2,1539.808],拍照机械坐标[-396.058837890625,1479.372314453125],转换定位机械坐标[-384.046217363174,1755.9887917499143]
2026-03-12 16:03:47 --INFO -- 复位事件触发:触发类型[变化],消息[D500变为0].
2026-03-12 16:04:22 --INFO -- Mark点拍照事件触发:触发类型[变化],消息[D500变为3].
2026-03-12 16:04:22 --INFO -- 查找模板计时:214.6533
2026-03-12 16:04:22 --INFO -- 转机械坐标:像素坐标[1705.157,2183.756],拍照机械坐标[-390.689208984375,627.1137084960938],转换定位机械坐标[-413.4497701049957,843.5866801316176]
2026-03-12 16:04:27 --INFO -- 复位事件触发:触发类型[变化],消息[D500变为0].
2026-03-12 16:05:33 --INFO -- 电芯拍照事件触发:触发类型[变化],消息[D500变为4].
2026-03-12 16:05:33 --INFO -- 查找模板计时:190.197
2026-03-12 16:05:33 --INFO -- 转机械坐标:像素坐标[2021.681,1509.72],拍照机械坐标[-1248.43359375,1478.7012939453125],转换定位机械坐标[-1242.4492898984645,1758.0716064815877]
2026-03-12 16:05:38 --INFO -- 复位事件触发:触发类型[变化],消息[D500变为0].
2026-03-12 16:05:41 --INFO -- 电芯拍照事件触发:触发类型[变化],消息[D500变为4].
2026-03-12 16:05:42 --INFO -- 查找模板计时:158.234
2026-03-12 16:05:50 --INFO -- 复位事件触发:触发类型[变化],消息[D500变为0].
2026-03-12 16:06:10 --INFO -- 转机械坐标:像素坐标[1988,1533],拍照机械坐标[-1167.7987060546875,1478.8837890625],转换定位机械坐标[-1164.9220195428068,1756.0661747825586]
2026-03-12 16:15:45 --INFO -- 初始化PLC事件触发:触发类型[变化],消息[D500变为1].
2026-03-12 16:30:13 --INFO -- 方向识别拍照事件触发:触发类型[变化],消息[D500变为2].
2026-03-12 16:30:13 --INFO -- 查找模板计时:176.774
2026-03-12 16:30:15 --INFO -- 复位事件触发:触发类型[变化],消息[D500变为0].
2026-03-12 16:30:16 --INFO -- 方向识别拍照事件触发:触发类型[变化],消息[D500变为2].
2026-03-12 16:30:17 --INFO -- 查找模板计时:169.0495
2026-03-12 16:30:21 --INFO -- 复位事件触发:触发类型[变化],消息[D500变为0].
2026-03-12 16:30:51 --INFO -- Mark点拍照事件触发:触发类型[变化],消息[D500变为3].
2026-03-12 16:30:52 --INFO -- 查找模板计时:195.7165
2026-03-12 16:30:52 --INFO -- 转机械坐标:像素坐标[2007.901,1508.254],拍照机械坐标[-1323.7491455078125,1479.3028564453125],转换定位机械坐标[-1319.0473650335878,1758.8000686243904]
2026-03-12 16:30:56 --INFO -- 复位事件触发:触发类型[变化],消息[D500变为0].
2026-03-12 16:31:34 --INFO -- Mark点拍照事件触发:触发类型[变化],消息[D500变为3].
2026-03-12 16:31:34 --INFO -- 查找模板计时:243.3778
2026-03-12 16:31:34 --INFO -- 转机械坐标:像素坐标[2289.798,1434.337],拍照机械坐标[-396.1171875,1479.5928955078125],转换定位机械坐标[-365.28376637263426,1766.156763458882]
2026-03-12 16:31:39 --INFO -- 复位事件触发:触发类型[变化],消息[D500变为0].
2026-03-12 16:32:17 --INFO -- Mark点拍照事件触发:触发类型[变化],消息[D500变为3].
2026-03-12 16:32:17 --INFO -- 查找模板计时:235.5763
2026-03-12 16:32:17 --INFO -- 转机械坐标:像素坐标[1705.46,2184.716],拍照机械坐标[-390.6987609863281,627.1346435546875],转换定位机械坐标[-413.4301848763924,843.5185490227391]
2026-03-12 16:32:42 --INFO -- 查找模板计时:205.8718
2026-03-12 16:54:31 --INFO -- 初始化PLC事件触发:触发类型[变化],消息[D500变为1].
2026-03-12 16:54:36 --INFO -- 复位事件触发:触发类型[变化],消息[D500变为0].
2026-03-12 16:58:46 --INFO -- 方向识别拍照事件触发:触发类型[变化],消息[D500变为2].
2026-03-12 16:58:46 --INFO -- 查找模板计时:172.2417
2026-03-12 17:01:21 --INFO -- 复位事件触发:触发类型[变化],消息[D500变为0].
2026-03-12 17:01:22 --INFO -- 方向识别拍照事件触发:触发类型[变化],消息[D500变为2].
2026-03-12 17:01:23 --INFO -- 查找模板计时:179.3345
2026-03-12 17:01:27 --INFO -- 复位事件触发:触发类型[变化],消息[D500变为0].
2026-03-12 17:01:51 --INFO -- 图像采集Stop continuous operation
2026-03-12 17:02:03 --INFO -- 查找模板计时:190.0773
2026-03-12 17:03:03 --INFO -- 图像采集Stop continuous operation
2026-03-12 17:03:03 --INFO -- 图像采集Stop continuous operation
2026-03-12 17:03:03 --INFO -- 图像采集Stop continuous operation
2026-03-12 17:06:10 --INFO -- 方向识别拍照事件触发:触发类型[变化],消息[D500变为2].
2026-03-12 17:06:10 --INFO -- 查找模板计时:188.5946
2026-03-12 17:06:12 --INFO -- 复位事件触发:触发类型[变化],消息[D500变为0].
2026-03-12 17:06:18 --INFO -- 方向识别拍照事件触发:触发类型[变化],消息[D500变为2].
2026-03-12 17:06:18 --INFO -- 查找模板计时:192.0511
2026-03-12 17:06:23 --INFO -- 复位事件触发:触发类型[变化],消息[D500变为0].
2026-03-12 17:06:28 --INFO -- 图像采集Stop continuous operation
2026-03-12 17:07:54 --INFO -- 查找模板计时:152.9885
2026-03-12 17:08:01 --INFO -- 查找模板计时:118.2656
2026-03-12 17:08:23 --INFO -- 方向识别拍照事件触发:触发类型[变化],消息[D500变为2].
2026-03-12 17:08:24 --INFO -- 查找模板计时:179.9157
2026-03-12 17:08:25 --INFO -- 复位事件触发:触发类型[变化],消息[D500变为0].
2026-03-12 17:08:31 --INFO -- 方向识别拍照事件触发:触发类型[变化],消息[D500变为2].
2026-03-12 17:08:31 --INFO -- 查找模板计时:185.5359
2026-03-12 17:08:36 --INFO -- 复位事件触发:触发类型[变化],消息[D500变为0].
2026-03-12 17:13:04 --INFO -- 初始化PLC事件触发:触发类型[变化],消息[D500变为1].
2026-03-12 17:13:09 --INFO -- 复位事件触发:触发类型[变化],消息[D500变为0].
2026-03-12 17:14:11 --INFO -- 方向识别拍照事件触发:触发类型[变化],消息[D500变为2].
2026-03-12 17:14:12 --INFO -- 查找模板计时:178.5857
2026-03-12 17:14:13 --INFO -- 复位事件触发:触发类型[变化],消息[D500变为0].
2026-03-12 17:14:14 --INFO -- 方向识别拍照事件触发:触发类型[变化],消息[D500变为2].
2026-03-12 17:14:15 --INFO -- 查找模板计时:180.9385
2026-03-12 17:14:19 --INFO -- 复位事件触发:触发类型[变化],消息[D500变为0].
2026-03-12 17:14:35 --INFO -- Mark点拍照事件触发:触发类型[变化],消息[D500变为3].
2026-03-12 17:14:35 --INFO -- 查找模板计时:232.0905
2026-03-12 17:14:35 --INFO -- 转机械坐标:像素坐标[1715.837,1794.64],拍照机械坐标[-1328.79736328125,625.4658203125],转换定位机械坐标[-1350.9578939976413,878.13124573749]
2026-03-12 17:20:06 --INFO -- 复位事件触发:触发类型[变化],消息[D500变为0].
2026-03-12 17:20:17 --INFO -- Mark点拍照事件触发:触发类型[变化],消息[D500变为3].
2026-03-12 17:20:18 --INFO -- 查找模板计时:187.6108
2026-03-12 17:20:18 --INFO -- 转机械坐标:像素坐标[2047.236,1519.878],拍照机械坐标[-1328.87109375,1472.0262451171875],转换定位机械坐标[-1320.5008410168948,1750.4694175827567]
2026-03-12 17:20:54 --INFO -- 复位事件触发:触发类型[变化],消息[D500变为0].
2026-03-12 17:21:07 --INFO -- Mark点拍照事件触发:触发类型[变化],消息[D500变为3].
2026-03-12 17:21:07 --INFO -- 查找模板计时:252.6256
2026-03-12 17:21:07 --INFO -- 转机械坐标:像素坐标[2007.438,1556.463],拍照机械坐标[-390.01806640625,1472.225830078125],转换定位机械坐标[-385.3106597603168,1747.239615741579]
2026-03-12 17:27:23 --ERROR-- 机器人异常，重连设备中。。。:Line[397],Message[Unable to read data from the transport connection: 由于连接方在一段时间后没有正确答复或连接的主机没有反应，连接尝试失败。.],Location[   at System.Net.Sockets.NetworkStream.Read(Byte[] buffer, Int32 offset, Int32 count)
   at Modbus.IO.TcpClientAdapter.Read(Byte[] buffer, Int32 offset, Int32 size) in C:\项目\类库\ReferenceLib\NModbus4\IO\TcpClientAdapter.cs:line 48
   at Modbus.IO.ModbusIpTransport.ReadRequestResponse(IStreamResource streamResource) in C:\项目\类库\ReferenceLib\NModbus4\IO\ModbusIpTransport.cs:line 36
   at Modbus.IO.ModbusIpTransport.ReadResponse[T]() in C:\项目\类库\ReferenceLib\NModbus4\IO\ModbusIpTransport.cs:line 140
   at Modbus.IO.ModbusTransport.UnicastMessage[T](IModbusMessage message) in C:\项目\类库\ReferenceLib\NModbus4\IO\ModbusTransport.cs:line 135
   at Modbus.Device.ModbusMaster.WriteMultipleRegisters(Byte slaveAddress, UInt16 startAddress, UInt16[] data) in C:\项目\类库\ReferenceLib\NModbus4\Device\ModbusMaster.cs:line 256
   at Driver.PLC.Modbus.PlcModbus.WriteEntity[T](String name, T[] ts)
   at Device.PlcPortBase.Write[T](String name, T[] ts) in F:\项目\Libraries\Class\Device\010 Mes\MesHttpBase.cs:line 20
   at Driver.PLC.Modbus.PlcModbus.MonitoringIo()]
2026-03-12 17:27:33 --ERROR-- 打开机器人异常:Line[397],Message[TcpClientPort Open failed. Details:连接失败，请检查该IP地址是否能Ping通],Location[   at Device.PortTcpClient.Open() in F:\项目\Libraries\Class\Device\000 Base\Connecor\PortTcpServer.cs:line 31
   at Driver.PLC.Modbus.PlcModbus.Open(String& msg)]

 ----------------------application shutdown--------------------------
