
----------------------application startup--------------------------
2026-04-15 13:47:42 --INFO -- 停止项目成功！
2026-04-15 13:47:45 --INFO -- 初始化成功!

----------------------application startup--------------------------
2026-04-15 14:23:54 --INFO -- 停止项目成功！
2026-04-15 14:23:56 --INFO -- 初始化成功!
2026-04-15 14:28:29 --INFO -- 保存项目成功！
2026-04-15 15:06:12 --INFO -- 停止项目成功！
2026-04-15 15:11:32 --FATAL-- Line[113],Message[A Task's exception(s) were not observed either by Waiting on the Task or accessing its Exception property. As a result, the unobserved exception was rethrown by the finalizer thread. (调用线程无法访问此对象，因为另一个线程拥有该对象。)],Location[]
2026-04-15 15:12:33 --FATAL-- Line[113],Message[A Task's exception(s) were not observed either by Waiting on the Task or accessing its Exception property. As a result, the unobserved exception was rethrown by the finalizer thread. (调用线程无法访问此对象，因为另一个线程拥有该对象。)],Location[]
2026-04-15 15:12:39 --INFO -- 保存项目成功！

 ----------------------application shutdown--------------------------

----------------------application startup--------------------------
2026-04-15 15:13:21 --INFO -- 停止项目成功！
2026-04-15 15:13:24 --INFO -- 初始化成功!
2026-04-15 15:16:27 --INFO -- 停止项目成功！
2026-04-15 15:16:29 --FATAL-- Line[113],Message[A Task's exception(s) were not observed either by Waiting on the Task or accessing its Exception property. As a result, the unobserved exception was rethrown by the finalizer thread. (调用线程无法访问此对象，因为另一个线程拥有该对象。)],Location[]
2026-04-15 15:16:31 --WARN -- 写三轴坐标校验工具异常,提示：写三轴坐标工具[加工坐标转换]属性[偏移补偿]The link value is empty！！
2026-04-15 15:16:31 --WARN -- 写三轴坐标初始化失败！
2026-04-15 15:16:31 --INFO -- 停止项目成功！
2026-04-15 15:16:57 --INFO -- 停止项目成功！
2026-04-15 15:16:59 --WARN -- 写三轴坐标校验工具异常,提示：写三轴坐标工具[加工坐标转换]属性[偏移补偿]The link value is empty！！
2026-04-15 15:16:59 --WARN -- 写三轴坐标初始化失败！
2026-04-15 15:16:59 --INFO -- 停止项目成功！
2026-04-15 15:19:24 --INFO -- 停止项目成功！
2026-04-15 15:19:25 --WARN -- 写三轴坐标校验工具异常,提示：写三轴坐标工具[加工坐标转换]属性[偏移补偿]The link value is empty！！
2026-04-15 15:19:25 --WARN -- 写三轴坐标初始化失败！
2026-04-15 15:19:25 --INFO -- 停止项目成功！
2026-04-15 15:19:32 --WARN -- 写三轴坐标校验工具异常,提示：写三轴坐标工具[加工坐标转换]属性[偏移补偿]The link value is empty！！
2026-04-15 15:19:32 --WARN -- 写三轴坐标初始化失败！
2026-04-15 15:19:32 --INFO -- 停止项目成功！
2026-04-15 15:19:43 --WARN -- 写三轴坐标校验工具异常,提示：写三轴坐标工具[加工坐标转换]属性[偏移补偿]The link value is empty！！
2026-04-15 15:19:43 --WARN -- 写三轴坐标初始化失败！
2026-04-15 15:19:43 --INFO -- 停止项目成功！
2026-04-15 15:21:00 --WARN -- 写三轴坐标校验工具异常,提示：写三轴坐标工具[加工坐标转换]属性[偏移补偿]The link value is empty！！
2026-04-15 15:21:00 --WARN -- 写三轴坐标初始化失败！
2026-04-15 15:21:00 --INFO -- 停止项目成功！
2026-04-15 15:21:03 --INFO -- 停止项目成功！
2026-04-15 15:21:07 --WARN -- 写三轴坐标校验工具异常,提示：写三轴坐标工具[加工坐标转换]属性[偏移补偿]The link value is empty！！
2026-04-15 15:21:07 --WARN -- 写三轴坐标初始化失败！
2026-04-15 15:21:07 --INFO -- 停止项目成功！
2026-04-15 15:21:21 --INFO -- 停止项目成功！
2026-04-15 15:21:22 --WARN -- 写三轴坐标校验工具异常,提示：写三轴坐标工具[加工坐标转换]属性[偏移补偿]The link value is empty！！
2026-04-15 15:21:22 --WARN -- 写三轴坐标初始化失败！
2026-04-15 15:21:22 --INFO -- 停止项目成功！
2026-04-15 15:21:57 --INFO -- 停止项目成功！
2026-04-15 15:22:02 --WARN -- 写三轴坐标校验工具异常,提示：写三轴坐标工具[加工坐标转换]属性[偏移补偿]The link value is empty！！
2026-04-15 15:22:02 --WARN -- 写三轴坐标初始化失败！
2026-04-15 15:22:02 --INFO -- 停止项目成功！
2026-04-15 15:22:37 --WARN -- 写三轴坐标校验工具异常,提示：写三轴坐标工具[加工坐标转换]属性[偏移补偿]The link value is empty！！
2026-04-15 15:22:37 --WARN -- 写三轴坐标初始化失败！
2026-04-15 15:22:37 --INFO -- 停止项目成功！
2026-04-15 15:32:41 --INFO -- 保存项目成功！
2026-04-15 15:49:02 --WARN -- 写三轴坐标校验工具异常,提示：写三轴坐标工具[加工坐标转换]属性[偏移补偿]The link value is empty！！
2026-04-15 15:49:02 --WARN -- 写三轴坐标初始化失败！
2026-04-15 15:49:02 --INFO -- 停止项目成功！
2026-04-15 15:50:33 --INFO -- 停止项目成功！
2026-04-15 15:50:36 --WARN -- 写三轴坐标校验工具异常,提示：写三轴坐标工具[加工坐标转换]属性[偏移补偿]The link value is empty！！
2026-04-15 15:50:36 --WARN -- 写三轴坐标初始化失败！
2026-04-15 15:50:36 --INFO -- 停止项目成功！
2026-04-15 15:54:35 --WARN -- 写三轴坐标校验工具异常,提示：写三轴坐标工具[加工坐标转换]属性[偏移补偿]The link value is empty！！
2026-04-15 15:54:35 --WARN -- 写三轴坐标初始化失败！
2026-04-15 15:54:35 --INFO -- 停止项目成功！
2026-04-15 15:54:46 --INFO -- 停止项目成功！
2026-04-15 15:54:50 --WARN -- 写三轴坐标校验工具异常,提示：写三轴坐标工具[加工坐标转换]属性[偏移补偿]The link value is empty！！
2026-04-15 15:54:50 --WARN -- 写三轴坐标初始化失败！
2026-04-15 15:54:50 --INFO -- 停止项目成功！
2026-04-15 15:54:53 --WARN -- 写三轴坐标校验工具异常,提示：写三轴坐标工具[加工坐标转换]属性[偏移补偿]The link value is empty！！
2026-04-15 15:54:53 --WARN -- 写三轴坐标初始化失败！
2026-04-15 15:54:53 --INFO -- 停止项目成功！
2026-04-15 15:54:59 --WARN -- 写三轴坐标校验工具异常,提示：写三轴坐标工具[加工坐标转换]属性[偏移补偿]The link value is empty！！
2026-04-15 15:54:59 --WARN -- 写三轴坐标校验工具异常,提示：写三轴坐标工具[加工坐标转换]属性[偏移补偿]The link value is empty！！
2026-04-15 15:56:33 --WARN -- 写三轴坐标校验工具异常,提示：写三轴坐标工具[加工坐标转换]属性[偏移补偿]The link value is empty！！
2026-04-15 15:56:33 --WARN -- 写三轴坐标初始化失败！
2026-04-15 15:56:33 --INFO -- 停止项目成功！

 ----------------------application shutdown--------------------------

----------------------application startup--------------------------
2026-04-15 16:22:39 --INFO -- 停止项目成功！
2026-04-15 16:22:42 --INFO -- 初始化成功!
2026-04-15 16:26:19 --WARN -- 写三轴坐标校验工具异常,提示：写三轴坐标工具[加工坐标转换]属性[偏移补偿]The link value is empty！！
2026-04-15 16:26:19 --WARN -- 写三轴坐标初始化失败！
2026-04-15 16:26:19 --INFO -- 停止项目成功！
2026-04-15 16:26:24 --INFO -- 停止项目成功！
2026-04-15 16:26:26 --WARN -- 写三轴坐标校验工具异常,提示：写三轴坐标工具[加工坐标转换]属性[偏移补偿]The link value is empty！！
2026-04-15 16:26:26 --WARN -- 写三轴坐标初始化失败！
2026-04-15 16:26:26 --INFO -- 停止项目成功！
2026-04-15 16:27:47 --WARN -- 写三轴坐标校验工具异常,提示：写三轴坐标工具[加工坐标转换]属性[偏移补偿]The link value is empty！！
2026-04-15 16:27:47 --WARN -- 写三轴坐标初始化失败！
2026-04-15 16:27:47 --INFO -- 停止项目成功！
2026-04-15 16:28:31 --WARN -- 写三轴坐标校验工具异常,提示：写三轴坐标工具[加工坐标转换]属性[偏移补偿]The link value is empty！！
2026-04-15 16:28:31 --WARN -- 写三轴坐标初始化失败！
2026-04-15 16:28:31 --INFO -- 停止项目成功！
2026-04-15 16:29:36 --WARN -- 写三轴坐标校验工具异常,提示：写三轴坐标工具[加工坐标转换]属性[偏移补偿]The link value is empty！！
2026-04-15 16:29:36 --WARN -- 写三轴坐标初始化失败！
2026-04-15 16:29:36 --INFO -- 停止项目成功！

 ----------------------application shutdown--------------------------

----------------------application startup--------------------------
2026-04-15 16:39:23 --INFO -- 停止项目成功！
2026-04-15 16:39:26 --INFO -- 初始化成功!
2026-04-15 16:39:34 --WARN -- 写三轴坐标校验工具异常,提示：写三轴坐标工具[加工坐标转换]属性[偏移补偿]The link value is empty！！
2026-04-15 16:39:34 --WARN -- 写三轴坐标初始化失败！
2026-04-15 16:39:34 --INFO -- 停止项目成功！

 ----------------------application shutdown--------------------------

----------------------application startup--------------------------
2026-04-15 16:47:53 --INFO -- 停止项目成功！
2026-04-15 16:47:56 --INFO -- 初始化成功!
2026-04-15 16:48:39 --ERROR-- 未能找到[数据服务器]的值！
2026-04-15 16:48:39 --ERROR-- 未能找到[数据服务器]的值！
2026-04-15 16:48:40 --ERROR-- 未能找到[数据服务器]的值！
2026-04-15 16:48:40 --INFO -- 启动项目成功！
2026-04-15 16:49:34 --ERROR-- 未能找到[数据服务器]的值！
2026-04-15 16:49:34 --ERROR-- 未能找到[数据服务器]的值！
2026-04-15 16:49:34 --ERROR-- 未能找到[数据服务器]的值！
2026-04-15 16:49:39 --INFO -- 保存项目成功！
2026-04-15 16:49:40 --INFO -- 停止项目成功！
2026-04-15 16:49:42 --INFO -- 启动项目成功！
2026-04-15 16:49:44 --INFO -- 保存项目成功！
2026-04-15 16:52:36 --INFO -- 停止项目成功！
2026-04-15 16:52:39 --INFO -- 启动项目成功！
2026-04-15 17:01:52 --INFO -- 停止项目成功！
2026-04-15 17:01:57 --INFO -- 启动项目成功！
