
----------------------application startup--------------------------
2026-03-11 09:54:55 --INFO -- 停止项目成功！
2026-03-11 09:55:08 --INFO -- 初始化成功!
2026-03-11 09:55:13 --INFO -- 停止项目成功！
2026-03-11 09:55:16 --INFO -- 启动项目成功！

 ----------------------application shutdown--------------------------

----------------------application startup--------------------------
2026-03-11 13:35:34 --INFO -- 停止项目成功！
2026-03-11 13:35:47 --INFO -- 初始化成功!

 ----------------------application shutdown--------------------------

----------------------application startup--------------------------
2026-03-11 13:37:25 --INFO -- 停止项目成功！
2026-03-11 13:37:38 --INFO -- 初始化成功!

 ----------------------application shutdown--------------------------

----------------------application startup--------------------------
2026-03-11 13:39:48 --INFO -- 停止项目成功！
2026-03-11 13:40:00 --INFO -- 初始化成功!
2026-03-11 13:40:20 --INFO -- 启动项目成功！
2026-03-11 13:40:20 --ERROR-- 打开设备失败:No device, please select
2026-03-11 13:40:22 --INFO -- 停止项目成功！
2026-03-11 13:42:28 --INFO -- 启动项目成功！
2026-03-11 16:37:19 --FATAL-- Line[113],Message[A Task's exception(s) were not observed either by Waiting on the Task or accessing its Exception property. As a result, the unobserved exception was rethrown by the finalizer thread. (调用线程无法访问此对象，因为另一个线程拥有该对象。)],Location[]
2026-03-11 16:55:07 --INFO -- 保存项目成功！
2026-03-11 17:34:51 --INFO -- 保存项目成功！
2026-03-11 17:34:51 --INFO -- 保存项目成功！
2026-03-11 18:11:57 --INFO -- 保存项目成功！

 ----------------------application shutdown--------------------------
