
----------------------application startup--------------------------
2026-03-18 09:57:04 --INFO -- 停止项目成功！
2026-03-18 09:57:19 --INFO -- 初始化成功!
2026-03-18 09:57:40 --DEBUG-- 清理内存[1506.3MB]耗时155.2032ms,408743828
2026-03-18 10:03:20 --INFO -- 停止项目成功！
2026-03-18 10:03:20 --INFO -- 停止项目成功！
2026-03-18 10:03:21 --INFO -- 停止项目成功！
2026-03-18 10:03:24 --INFO -- 初始化成功!
2026-03-18 10:03:24 --INFO -- 保存系统配置成功！
2026-03-18 10:03:53 --INFO -- 启动项目成功！
2026-03-18 10:03:54 --ERROR-- 打开设备失败:No device, please select
2026-03-18 10:22:15 --FATAL-- Line[113],Message[A Task's exception(s) were not observed either by Waiting on the Task or accessing its Exception property. As a result, the unobserved exception was rethrown by the finalizer thread. (调用线程无法访问此对象，因为另一个线程拥有该对象。)],Location[]
2026-03-18 10:33:47 --INFO -- 保存项目成功！
2026-03-18 10:39:30 --INFO -- 保存项目成功！
2026-03-18 10:39:33 --INFO -- 保存项目成功！
2026-03-18 10:39:57 --INFO -- 保存项目成功！
2026-03-18 10:41:42 --INFO -- 保存项目成功！
2026-03-18 10:52:50 --INFO -- 保存项目成功！
2026-03-18 10:56:49 --INFO -- 保存项目成功！
2026-03-18 11:14:57 --INFO -- 保存项目成功！
2026-03-18 11:15:05 --INFO -- 保存项目成功！
2026-03-18 14:30:19 --INFO -- 停止项目成功！
2026-03-18 14:30:20 --INFO -- 启动项目成功！
2026-03-18 14:30:22 --FATAL-- Line[113],Message[A Task's exception(s) were not observed either by Waiting on the Task or accessing its Exception property. As a result, the unobserved exception was rethrown by the finalizer thread. (调用线程无法访问此对象，因为另一个线程拥有该对象。)],Location[]
2026-03-18 14:45:37 --INFO -- 保存项目成功！
2026-03-18 15:05:00 --INFO -- 保存项目成功！
2026-03-18 15:05:49 --INFO -- 保存项目成功！
2026-03-18 15:06:21 --INFO -- 保存项目成功！
2026-03-18 15:06:24 --INFO -- 保存项目成功！

 ----------------------application shutdown--------------------------

----------------------application startup--------------------------
2026-03-18 15:07:05 --INFO -- 停止项目成功！
2026-03-18 15:07:08 --INFO -- 初始化成功!
2026-03-18 15:07:17 --INFO -- 保存项目成功！
2026-03-18 15:07:20 --INFO -- 启动项目成功！
2026-03-18 15:10:47 --INFO -- 保存项目成功！
2026-03-18 15:48:30 --INFO -- 保存项目成功！
2026-03-18 15:48:31 --INFO -- 保存项目成功！
2026-03-18 16:11:29 --INFO -- 保存项目成功！
2026-03-18 16:11:35 --INFO -- 保存项目成功！
2026-03-18 16:20:42 --INFO -- 保存项目成功！
2026-03-18 16:22:35 --INFO -- 保存项目成功！
2026-03-18 16:22:58 --INFO -- 保存项目成功！
2026-03-18 16:24:43 --INFO -- 保存项目成功！
2026-03-18 16:33:40 --INFO -- 保存项目成功！
2026-03-18 16:33:58 --INFO -- 保存项目成功！
2026-03-18 17:22:04 --INFO -- 保存项目成功！

 ----------------------application shutdown--------------------------

----------------------application startup--------------------------
2026-03-18 17:26:47 --INFO -- 停止项目成功！
2026-03-18 17:26:50 --INFO -- 初始化成功!
2026-03-18 17:26:54 --INFO -- 启动项目成功！
