
----------------------application startup--------------------------
2026-04-17 14:27:13 --INFO -- 停止项目成功！
2026-04-17 14:27:16 --INFO -- 初始化成功!
2026-04-17 14:59:46 --DEBUG-- 清理内存[1502.2MB]耗时143.6602ms,0

----------------------application startup--------------------------
2026-04-17 16:09:57 --INFO -- 停止项目成功！
2026-04-17 16:10:00 --INFO -- 初始化成功!
2026-04-17 16:11:18 --INFO -- 停止项目成功！
2026-04-17 16:11:18 --INFO -- 停止项目成功！
2026-04-17 16:11:19 --INFO -- 停止项目成功！
2026-04-17 16:11:21 --INFO -- 初始化成功!
2026-04-17 16:11:22 --INFO -- 保存系统配置成功！
2026-04-17 16:12:09 --INFO -- 保存项目成功！
2026-04-17 16:12:10 --INFO -- 保存项目成功！
2026-04-17 16:14:08 --INFO -- 保存项目成功！
2026-04-17 16:29:49 --INFO -- 保存项目成功！
2026-04-17 17:13:29 --INFO -- 保存项目成功！
2026-04-17 17:24:29 --DEBUG-- 清理内存[1500.9MB]耗时127.8499ms,0
2026-04-17 17:34:34 --INFO -- 保存项目成功！
2026-04-17 17:34:35 --INFO -- 保存项目成功！
2026-04-17 17:34:35 --INFO -- 保存项目成功！
2026-04-17 17:34:35 --INFO -- 保存项目成功！
2026-04-17 17:34:35 --INFO -- 保存项目成功！
2026-04-17 17:35:18 --INFO -- 保存项目成功！
2026-04-17 17:35:18 --INFO -- 保存项目成功！
2026-04-17 17:35:26 --INFO -- 保存项目成功！

 ----------------------application shutdown--------------------------

----------------------application startup--------------------------
2026-04-17 18:05:07 --INFO -- 停止项目成功！
2026-04-17 18:05:10 --INFO -- 初始化成功!
2026-04-17 18:34:02 --DEBUG-- 清理内存[1508.1MB]耗时126.9946ms,0
2026-04-17 18:36:32 --INFO -- 保存项目成功！
2026-04-17 18:36:35 --INFO -- 保存项目成功！
2026-04-17 18:36:35 --INFO -- 保存项目成功！
2026-04-17 18:37:10 --INFO -- 保存项目成功！
2026-04-17 18:37:10 --INFO -- 保存项目成功！
2026-04-17 18:42:55 --INFO -- 停止项目成功！

 ----------------------application shutdown--------------------------
