
----------------------application startup--------------------------
2026-03-23 08:56:45 --INFO -- 停止项目成功！
2026-03-23 08:56:47 --INFO -- 启动项目成功！
2026-03-23 09:16:16 --ERROR-- Name[启动器.事件接收消息],Type[System.String],不存在列表中，请联系软件项目工程师！
2026-03-23 09:18:07 --ERROR-- Name[启动器.事件接收消息],Type[System.String],不存在列表中，请联系软件项目工程师！
2026-03-23 13:24:39 --INFO -- 保存项目成功！
2026-03-23 13:31:26 --INFO -- 保存项目成功！
2026-03-23 13:35:51 --INFO -- 保存项目成功！
2026-03-23 13:41:01 --INFO -- 保存项目成功！
2026-03-23 13:44:21 --INFO -- 保存项目成功！
2026-03-23 13:45:25 --INFO -- 保存项目成功！
2026-03-23 13:46:03 --INFO -- 保存项目成功！
2026-03-23 13:47:59 --DEBUG-- 清理内存[1500.2MB]耗时145.4336ms,0
2026-03-23 14:19:24 --INFO -- 保存项目成功！
2026-03-23 14:32:20 --INFO -- 保存项目成功！
2026-03-23 14:40:44 --DEBUG-- 清理内存[1500.4MB]耗时145.9399ms,0
2026-03-23 14:59:43 --ERROR-- Name[启动器.事件接收消息],Type[System.String],不存在列表中，请联系软件项目工程师！
2026-03-23 15:00:21 --INFO -- 保存项目成功！
2026-03-23 15:00:25 --INFO -- 保存项目成功！
2026-03-23 15:00:37 --INFO -- 保存项目成功！
2026-03-23 15:00:43 --INFO -- 保存项目成功！
2026-03-23 15:01:59 --ERROR-- Name[启动器.事件接收消息],Type[System.String],不存在列表中，请联系软件项目工程师！
2026-03-23 15:16:05 --ERROR-- Name[启动器.事件接收消息],Type[System.String],不存在列表中，请联系软件项目工程师！
2026-03-23 15:30:04 --INFO -- 保存项目成功！
2026-03-23 15:38:37 --FATAL-- Line[113],Message[A Task's exception(s) were not observed either by Waiting on the Task or accessing its Exception property. As a result, the unobserved exception was rethrown by the finalizer thread. (调用线程无法访问此对象，因为另一个线程拥有该对象。)],Location[]
2026-03-23 15:42:39 --INFO -- 保存项目成功！
2026-03-23 15:42:44 --INFO -- 保存项目成功！
2026-03-23 15:44:13 --INFO -- 保存项目成功！
2026-03-23 15:44:29 --DEBUG-- 清理内存[1519.6MB]耗时155.5331ms,0
2026-03-23 15:45:36 --INFO -- 保存项目成功！
2026-03-23 15:45:45 --INFO -- 保存项目成功！
2026-03-23 15:45:52 --INFO -- 保存项目成功！
2026-03-23 15:51:58 --INFO -- 保存项目成功！
2026-03-23 15:52:51 --ERROR-- Name[启动器.事件接收消息],Type[System.String],不存在列表中，请联系软件项目工程师！
2026-03-23 17:00:43 --ERROR-- Name[启动器.事件接收消息],Type[System.String],不存在列表中，请联系软件项目工程师！
2026-03-23 17:06:34 --INFO -- 保存项目成功！
2026-03-23 17:07:14 --ERROR-- Name[启动器.事件接收消息],Type[System.String],不存在列表中，请联系软件项目工程师！

 ----------------------application shutdown--------------------------
